0 0
1 0 1426.4 294.473 294.835
1 1 1096.49 217.213 217.543
1 2 942.383 203.749 204.122
1 3 824.52 173.515 173.846
1 4 705.255 151.342 151.647
1 5 544.158 118.281 118.526
1 6 434.721 98.5759 98.785
1 7 307.14 72.0903 72.2473
1 8 219.752 50.1588 50.225
1 9 167.706 39.6184 39.6552
1 10 125.992 30.1487 30.164
1 11 83.1018 21.5661 21.5401
1 12 57.2482 12.8293 12.6784
1 13 48.5936 11.6015 11.5457
1 14 34.7697 8.83288 8.77248
1 15 128.025 37.9379 37.9965
2 0 1153.29 220.533 220.851
2 1 875.896 159.318 159.577
2 2 740.541 145.327 145.605
2 3 645.082 125.768 126.022
2 4 541.471 109.537 109.763
2 5 417.29 85.5895 85.7619
2 6 332.95 71.5048 71.6482
2 7 231.33 51.2712 51.3306
2 8 161.028 33.6019 33.6217
2 9 123.115 28.1056 28.1139
2 10 87.6131 19.5961 19.5805
2 11 58.6556 14.3172 14.2547
2 12 40.0295 8.64217 8.47814
2 13 36.0799 8.21792 8.1298
2 14 21.9506 5.08076 4.93204
2 15 74.5037 19.2575 19.2631
3 0 273.111 73.8269 73.9845
3 1 220.593 57.8444 57.9653
3 2 201.841 58.4267 58.5167
3 3 179.438 47.768 47.8241
3 4 163.785 41.8446 41.8843
3 5 126.868 32.7263 32.7638
3 6 101.771 27.1097 27.1368
3 7 75.8102 20.9531 20.9168
3 8 58.7239 16.6471 16.6033
3 9 44.5904 11.5989 11.5412
3 10 38.3785 10.6406 10.5836
3 11 24.4462 7.36294 7.28543
3 12 17.2186 4.35905 4.20031
3 13 12.5137 3.49913 3.41589
3 14 12.8191 3.92 3.84044
3 15 53.5217 18.7675 18.7334
4 0 1341.21 274.629 274.991
4 1 673.333 143.502 143.785
4 2 478.6 111.864 112.108
4 3 362.753 81.9135 82.0933
4 4 264.835 61.2287 61.3105
4 5 183.318 45.2896 45.3812
4 6 124.955 28.9724 29.0081
4 7 83.0235 21.0969 21.078
4 8 47.9101 11.848 11.7899
4 9 37.6856 9.23742 9.07906
4 10 31.6915 8.51494 8.43788
4 11 16.4395 5.52721 5.4366
4 12 9.52745 2.33525 2.17295
4 13 10.8339 2.97827 2.87957
4 14 9.83519 2.76784 2.62072
4 15 32.315 10.7916 10.7318
5 0 85.1818 19.8984 19.8448
5 1 423.157 73.617 73.7577
5 2 463.782 91.8728 92.0136
5 3 461.767 91.5635 91.753
5 4 440.42 90.1899 90.3368
5 5 360.84 73.0058 73.1445
5 6 309.765 69.6385 69.7769
5 7 224.116 51.1077 51.1693
5 8 171.842 38.4007 38.4351
5 9 130.02 30.5645 30.5761
5 10 94.3001 21.7353 21.7262
5 11 66.6623 16.1462 16.1035
5 12 47.7207 10.6581 10.5055
5 13 37.7597 8.74001 8.66611
5 14 24.9345 6.21972 6.15175
5 15 95.7104 27.2322 27.2646
6 0 1086.13 206.611 206.919
6 1 521.236 101.688 101.889
6 2 360.46 74.6606 74.8141
6 3 262.669 53.3961 53.5026
6 4 186.38 41.5297 41.5611
6 5 126.273 29.2834 29.33
6 6 86.0493 18.9051 18.7431
6 7 54.5382 12.5869 12.4159
6 8 32.1754 7.91082 7.83041
6 9 23.3449 5.61738 5.44151
6 10 16.9967 4.31253 4.22704
6 11 10.68 4.00805 3.90799
6 12 5.59607 1.33974 1.17397
6 13 6.73348 1.88839 1.77154
6 14 4.76289 1.27884 1.13029
6 15 17.2002 5.39847 5.3095
7 0 67.1535 13.9988 13.9321
7 1 354.66 57.5857 57.6881
7 2 380.081 70.6994 70.7911
7 3 382.413 72.3794 72.5195
7 4 355.09 68.1047 68.2018
7 5 291.017 56.3727 56.4319
7 6 246.901 52.835 52.9051
7 7 176.792 38.8808 38.9147
7 8 128.852 25.9313 25.7913
7 9 99.7703 22.6968 22.6724
7 10 70.6164 15.3819 15.3534
7 11 47.9756 10.5073 10.3467
7 12 34.4334 7.4668 7.30417
7 13 29.3464 6.51577 6.35825
7 14 17.1877 3.94961 3.80175
7 15 57.3035 13.9594 13.9536
8 0 255.083 67.9301 68.0718
8 1 152.096 41.8188 41.8957
8 2 118.141 37.2626 37.2942
8 3 100.084 28.5818 28.5907
8 4 78.4545 19.795 19.7494
8 5 57.0451 16.0948 16.0512
8 6 38.9062 10.3232 10.265
8 7 28.4853 8.72059 8.66208
8 8 15.7346 4.12975 3.95947
8 9 14.3407 3.78898 3.63756
8 10 14.6948 4.29672 4.21085
8 11 5.75954 1.67324 1.52861
8 12 3.93138 1.14736 0.998978
8 13 4.10039 1.25197 1.10803
8 14 5.07229 1.63427 1.49044
8 15 15.1148 5.56678 5.42234
9 0 18.0283 6.024 5.91265
9 1 68.4971 16.1146 16.0696
9 2 83.7008 21.2322 21.2225
9 3 79.3539 19.3858 19.2334
9 4 85.3302 22.1429 22.1349
9 5 69.823 16.7243 16.7126
9 6 62.8644 16.8759 16.8718
9 7 47.3248 12.3236 12.2547
9 8 42.9892 12.6926 12.6438
9 9 30.2497 7.97144 7.90366
9 10 23.6837 6.44185 6.37271
9 11 18.6867 5.83807 5.75681
9 12 13.2873 3.363 3.20133
9 13 8.41329 2.41697 2.30786
9 14 7.74676 2.44299 2.35
9 15 38.4069 13.3608 13.3111
