0 0
1 0 0 0.151737 0
1 1 10.9909 2.90734 2.80671
1 2 273.241 76.9469 77.1183
1 3 705.598 175.856 176.241
1 4 823.611 190.462 190.849
1 5 806.15 166.703 167.021
1 6 752.95 163.839 164.164
1 7 601.721 119.458 119.693
1 8 558.866 116.577 116.819
1 9 455.895 100.251 100.464
1 10 364.724 88.5758 88.7754
1 11 300.976 76.5662 76.6934
1 12 227.111 58.7848 58.8667
1 13 186.208 47.5506 47.6076
1 14 146.83 35.7133 35.7685
1 15 110.79 31.0766 31.0723
1 16 89.3278 23.5509 23.54
1 17 72.8938 20.3992 20.3504
1 18 64.3242 18.5122 18.3933
1 19 44.1635 12.884 12.8321
1 20 37.0773 11.7248 11.5647
1 21 26.2096 8.33866 8.26613
1 22 20.0932 6.45248 6.30261
1 23 16.8578 4.80408 4.63126
1 24 12.2386 4.08545 4.0023
1 25 70.2524 23.3367 23.3311
2 0 0 0.151737 0
2 1 8.90314 2.47886 2.37035
2 2 213.857 56.5774 56.6932
2 3 548.801 126.997 127.278
2 4 643.679 134.986 135.265
2 5 635.012 120.105 120.338
2 6 591.982 120.429 120.673
2 7 460.188 83.8477 84.0064
2 8 417.293 80.4778 80.6003
2 9 349.958 72.8923 73.0339
2 10 284.659 66.7768 66.9218
2 11 226.63 55.9493 56.0218
2 12 163.332 38.9816 39.015
2 13 135.167 32.9674 32.9875
2 14 108.081 25.4544 25.4803
2 15 79.3757 20.9848 20.9408
2 16 69.2125 17.9336 17.8776
2 17 56.932 15.9408 15.8698
2 18 47.0268 13.0724 12.9545
2 19 31.8798 9.41201 9.27037
2 20 28.2984 9.0151 8.84284
2 21 18.8262 6.18638 6.08272
2 22 12.6398 4.27099 4.11011
2 23 12.1717 3.6831 3.52613
2 24 4.21729 0.955652 0.796176
2 25 36.8277 11.5519 11.3955
3 0 0 0.151737 0
3 1 2.08781 0.583206 0.436362
3 2 59.3848 20.4634 20.4251
3 3 156.797 48.8986 48.9625
3 4 179.931 55.4996 55.5843
3 5 171.138 46.6286 46.6828
3 6 160.968 43.4446 43.4909
3 7 141.534 35.6626 35.6863
3 8 141.574 36.1905 36.2188
3 9 105.938 27.3948 27.43
3 10 80.0648 21.8916 21.8535
3 11 74.346 20.7099 20.6716
3 12 63.7794 19.8929 19.8517
3 13 51.0409 14.6557 14.6201
3 14 38.7494 10.4381 10.2882
3 15 31.4146 10.1929 10.1314
3 16 20.1152 5.81069 5.6624
3 17 15.9618 4.6374 4.48064
3 18 17.2974 5.58643 5.43874
3 19 12.2837 3.65703 3.56173
3 20 8.77889 2.88085 2.72182
3 21 7.38348 2.34096 2.18341
3 22 7.45332 2.35268 2.1925
3 23 4.68612 1.26952 1.10513
3 24 8.02136 3.29013 3.20612
3 25 33.4247 11.9975 11.9356
4 0 0 0.151737 0
4 1 10.9909 2.90734 2.80671
4 2 260.589 74.6321 74.7971
4 3 600.892 147.484 147.808
4 4 609.423 140.622 140.93
4 5 507.284 108.961 109.186
4 6 411.904 92.7476 92.9165
4 7 287.985 61.3125 61.4395
4 8 248.813 54.063 54.1731
4 9 184.516 40.2681 40.3389
4 10 148.592 39.7238 39.801
4 11 112.394 28.7673 28.6493
4 12 82.6841 20.8599 20.8157
4 13 62.5422 17.4636 17.438
4 14 47.8984 12.6558 12.6404
4 15 31.9685 9.35018 9.19321
4 16 23.0498 5.87292 5.77242
4 17 19.6075 6.44828 6.36556
4 18 13.7986 3.64728 3.48383
4 19 12.4272 3.37502 3.19888
4 20 8.96018 2.66887 2.5087
4 21 5.77981 1.77963 1.60996
4 22 4.92398 1.41239 1.24873
4 23 5.63415 2.01443 1.84477
4 24 4.10838 1.34212 1.19713
4 25 22.6931 8.24293 8.0836
5 0 0 0.151737 0
5 1 0 0.151737 0
5 2 12.6521 2.48153 2.32127
5 3 104.706 28.4365 28.4329
5 4 214.188 49.8273 49.9184
5 5 298.867 57.7724 57.8356
5 6 341.047 71.1059 71.2472
5 7 313.737 58.1871 58.2533
5 8 310.053 62.5608 62.6461
5 9 271.379 60.0141 60.125
5 10 216.132 48.9065 48.9744
5 11 188.581 47.9973 48.0441
5 12 144.427 38.0149 38.051
5 13 123.666 30.1602 30.1696
5 14 98.9316 23.2671 23.1281
5 15 78.8218 21.9029 21.8791
5 16 66.278 17.8965 17.7676
5 17 53.2863 14.1347 13.9849
5 18 50.5256 15.0196 14.9095
5 19 31.7363 9.69228 9.63321
5 20 28.1172 9.22184 9.05596
5 21 20.4298 6.74156 6.65617
5 22 15.1692 5.19832 5.05388
5 23 11.2237 2.95568 2.78649
5 24 8.13027 2.90327 2.80517
5 25 47.5593 15.2777 15.2475
6 0 0 0.151737 0
6 1 8.90314 2.47886 2.37035
6 2 203.347 54.6388 54.7492
6 3 473.423 110.886 111.13
6 4 468.946 95.2673 95.4722
6 5 392.623 76.8123 76.9631
6 6 309.538 61.9351 62.0253
6 7 205.535 39.2766 39.3455
6 8 175.028 35.4054 35.42
6 9 136.874 28.6126 28.4976
6 10 111.645 29.0704 29.1169
6 11 81.1702 20.6695 20.5387
6 12 54.906 13.2619 13.0858
6 13 42.6838 12.035 11.9775
6 14 32.2199 8.46541 8.40006
6 15 18.9928 4.69436 4.51535
6 16 17.1911 4.43978 4.33891
6 17 14.5843 4.79903 4.68539
6 18 8.22991 2.1422 1.96746
6 19 8.26667 2.25203 2.08578
6 20 6.13677 1.68335 1.52176
6 21 3.54909 1.17223 1.00021
6 22 2.79885 0.974363 0.815927
6 23 4.10517 1.68117 1.51359
6 24 1.19494 0.393077 0.247323
6 25 14.0041 5.88635 5.71746
7 0 0 0.151737 0
7 1 0 0.151737 0
7 2 10.5096 2.10057 1.94397
7 3 75.3778 16.1893 16.1487
7 4 174.733 39.729 39.7924
7 5 242.389 43.3509 43.3755
7 6 282.445 58.5365 58.6475
7 7 254.654 44.6285 44.661
7 8 242.264 45.1643 45.1804
7 9 213.084 44.4918 44.5363
7 10 173.015 37.7683 37.8049
7 11 145.459 35.4725 35.4831
7 12 108.426 25.9281 25.9292
7 13 92.4833 21.1194 21.0101
7 14 75.8607 17.2381 17.0802
7 15 60.3829 16.4754 16.4255
7 16 52.0214 13.6849 13.5387
7 17 42.3478 11.3297 11.1844
7 18 38.7969 11.1096 10.9871
7 19 23.6131 7.32764 7.18459
7 20 22.1617 7.49823 7.32108
7 21 15.2771 5.1843 5.08251
7 22 9.84099 3.4496 3.29418
7 23 8.06654 2.16911 2.01255
7 24 3.02235 0.70024 0.548853
7 25 22.8236 5.85151 5.67806
8 0 0 0.151737 0
8 1 2.08781 0.583206 0.436362
8 2 57.2423 20.0851 20.0478
8 3 127.469 36.6478 36.6783
8 4 140.477 45.4022 45.4583
8 5 114.661 32.2069 32.2226
8 6 102.366 30.872 30.8913
8 7 82.4505 22.1077 22.094
8 8 73.7846 18.7743 18.7531
8 9 47.6426 11.8863 11.8412
8 10 36.9472 10.7603 10.6841
8 11 31.2241 8.29209 8.11056
8 12 27.7781 7.81089 7.72989
8 13 19.8584 5.60208 5.46057
8 14 15.6785 4.40925 4.2403
8 15 12.9757 4.81988 4.67786
8 16 5.8587 1.58534 1.43351
8 17 5.02325 1.81548 1.68018
8 18 5.56873 1.67475 1.51636
8 19 4.16052 1.2694 1.1131
8 20 2.8234 1.14948 0.986941
8 21 2.23072 0.758738 0.609751
8 22 2.12513 0.58523 0.432804
8 23 1.52898 0.482285 0.331184
8 24 2.91344 1.09525 0.949807
8 25 8.68899 2.52359 2.36613
9 0 0 0.151737 0
9 1 0 0.151737 0
9 2 2.14255 0.538972 0.377297
9 3 29.3278 12.3461 12.2842
9 4 39.4545 10.198 10.1261
9 5 56.4776 14.4906 14.4601
9 6 58.6025 12.6602 12.5996
9 7 59.083 13.7341 13.5923
9 8 67.789 17.4871 17.4657
9 9 58.2949 15.5963 15.5887
9 10 43.1176 11.2265 11.1695
9 11 43.1219 12.6101 12.5611
9 12 36.0013 12.19 12.1218
9 13 31.1825 9.22918 9.15951
9 14 23.0709 6.19414 6.04789
9 15 18.4389 5.53868 5.45356
9 16 14.2565 4.37314 4.22889
9 17 10.9385 2.96178 2.80046
9 18 11.7287 4.07858 3.92238
9 19 8.12314 2.54272 2.44863
9 20 5.95549 1.8878 1.73488
9 21 5.15275 1.73781 1.57366
9 22 5.32819 1.91491 1.7597
9 23 3.15714 0.929113 0.773946
9 24 5.10792 2.3722 2.25632
9 25 24.7357 9.63813 9.56943
