0 0
1 0 169.265 8.94879 8.93819
1 1 159.408 7.42714 7.41833
1 2 69.2507 3.55692 3.55076
1 3 21.9922 1.30475 1.29767
1 4 12.0877 0.654954 0.649143
1 5 8.83581 0.495491 0.48933
1 6 4.9298 0.329593 0.327878
1 7 3.81746 0.244394 0.242386
1 8 2.90544 0.152959 0.153314
1 9 1.84761 0.128064 0.0801907
1 10 1.29421 0.100508 0.0516126
1 11 1.42653 0.113475 0.0665538
1 12 1.52887 0.104434 0.102574
1 13 0.938597 0.0972347 0.0443593
1 14 0.71194 0.0691961 0.0268078
1 15 8.43471 0.685978 0.673212
2 0 44.2614 3.07487 3.06489
2 1 44.3547 3.03587 3.02617
2 2 21.6281 1.50317 1.49353
2 3 8.02669 0.562009 0.552509
2 4 3.95156 0.239191 0.236288
2 5 2.71544 0.16635 0.159447
2 6 1.56834 0.10351 0.100959
2 7 1.10004 0.0861586 0.0834443
2 8 0.949765 0.0797156 0.0759891
2 9 0.597185 0.0593445 0.0561959
2 10 0.418583 0.0612038 0.0213814
2 11 0.507209 0.0553413 0.0519737
2 12 0.280656 0.0454634 0.0157332
2 13 0.203504 0.0369319 0.0104035
2 14 0.253377 0.0548029 0.00849537
2 15 2.66955 0.18376 0.134474
