0 0
1 0 849.1 344.022 343.573
1 1 2855.5 1078.33 1076.67
1 2 3128.55 1135.37 1133.47
1 3 2170 883.697 882.574
1 4 1551.63 734.679 733.826
1 5 1112.26 487.635 487.043
1 6 857.407 485.425 484.661
1 7 575.882 289.961 290.018
1 8 440.662 223.223 223.407
1 9 308.137 202.284 202.411
1 10 203.118 112.79 112.33
1 11 132.573 100.403 100.111
1 12 74.5824 41.4535 41.0913
1 13 44.4504 29.2176 28.8856
1 14 21.7508 9.2317 8.77194
1 15 6.03818 2.01424 1.68902
1 16 4.96454 1.61748 1.22947
1 17 4.6291 1.76641 1.45246
2 0 2400.01 1099.85 1098.46
2 1 5056.79 2059.08 2054.46
2 2 4646.25 1950.27 1946.3
2 3 3176.63 1571.74 1573.87
2 4 2182.29 1290.69 1293.05
2 5 1517.55 957.389 959.583
2 6 1009.99 648.191 649.568
2 7 682.908 449.854 450.769
2 8 483.271 358.936 359.789
2 9 287.104 176.618 176.808
2 10 199.871 147.372 147.446
2 11 110.023 69.7321 69.6305
2 12 57.4558 37.1976 37.027
2 13 31.2083 20.9497 20.7049
2 14 13.8625 7.7484 7.43643
2 15 9.9821 10.7454 10.4053
2 16 3.7447 1.51781 1.24381
2 17 7.92015 4.1 3.82158
3 0 2487.46 1012.75 1011.38
3 1 5987.56 2432.05 2425.71
3 2 5594.89 2285.4 2279.81
3 3 4086.72 1786.73 1783.55
3 4 2923.71 1254.01 1252.21
3 5 2040.72 954.759 953.622
3 6 1392.25 715.228 714.375
3 7 905.7 445.132 444.511
3 8 575.62 275.654 275.141
3 9 372.885 200.899 200.706
3 10 243.818 107.493 107.097
3 11 162.735 70.0553 69.7059
3 12 105.41 61.5383 60.9151
3 13 80.1182 65.546 65.253
3 14 44.2764 17.7957 17.3593
3 15 26.5083 7.53289 7.0728
3 16 25.1685 12.2761 11.8819
3 17 29.3717 10.0629 9.53201
4 0 7675.79 3463.19 3452.91
4 1 13117.1 6187.91 6158.63
4 2 11071.9 5407.02 5386
4 3 7744.24 3993.74 3983.15
4 4 5179.05 2795.63 2797.26
4 5 3451.23 2057.8 2055.09
4 6 2141.94 1246.84 1249.38
4 7 1309.75 764.853 766.311
4 8 862.806 553.839 555.192
4 9 569.248 435.24 436.071
4 10 331.935 169.266 169.405
4 11 220.923 137.64 137.641
4 12 143.643 98.2644 98.1619
4 13 90.3853 64.3066 64.1268
4 14 53.7923 31.3612 31.1096
4 15 27.5949 13.6645 13.3181
4 16 29.4158 30.9218 30.6194
4 17 42.5119 45.1102 44.8042
