0 0
1 0 126.301 29.2258 29.1166
1 1 139.077 29.4014 29.3092
1 2 76.9498 18.8154 18.6491
1 3 32.6186 9.69312 8.92146
1 4 18.4657 4.46586 3.92391
1 5 15.3761 4.94738 4.83454
1 6 8.69046 2.2395 1.81247
1 7 5.8868 1.58557 1.23651
1 8 7.32494 3.9173 3.76306
1 9 4.99306 1.42893 1.082
1 10 3.77255 1.08599 0.747181
1 11 2.96634 0.947008 0.681112
1 12 34.3398 10.1307 10.0666
2 0 92.2714 22.7475 22.6257
2 1 187.934 46.2215 46.2652
2 2 146.52 31.1923 31.0653
2 3 85.0371 18.6445 18.4784
2 4 46.486 12.6292 12.6298
2 5 26.1762 6.50661 6.30131
2 6 20.0561 5.77172 5.61487
2 7 9.97512 2.70281 2.57564
2 8 14.5237 5.75952 5.64775
2 9 4.492 1.4871 1.07064
2 10 6.59086 2.85576 2.66199
2 11 4.32912 1.42005 1.22915
2 12 29.4814 8.39942 8.24288
3 0 70.9855 15.4053 15.3113
3 1 165.305 35.1072 35.0126
3 2 164.089 31.556 30.8539
3 3 125.199 24.4375 24.359
3 4 79.6076 16.7919 16.6199
3 5 43.3967 8.94421 8.86046
3 6 27.4996 6.31607 5.74284
3 7 18.5096 5.14991 4.67535
3 8 14.4264 3.58449 3.15354
3 9 9.05533 2.2272 1.8319
3 10 6.94448 1.77187 1.55551
3 11 5.10815 1.47769 1.03951
3 12 36.8686 8.98809 8.88143
4 0 72.3756 19.3467 19.3362
4 1 147.576 32.6517 32.5506
4 2 162.57 31.5035 31.4241
4 3 135.242 23.8647 23.5562
4 4 98.7961 20.1696 20.0851
4 5 66.8438 12.1583 11.6045
4 6 44.5289 9.82606 9.458
4 7 23.5752 4.73408 4.52405
4 8 19.8458 4.40193 4.25962
4 9 11.0352 2.32428 1.96988
4 10 11.3558 2.76811 2.41261
4 11 8.8448 2.21261 1.86155
4 12 76.8304 20.0972 20.1205
5 0 90.2126 18.9124 18.8238
5 1 238.703 43.9516 44.0384
5 2 138.599 25.5322 25.4452
5 3 71.9425 18.2176 18.1193
5 4 41.4127 11.4196 11.3201
5 5 25.6586 7.49184 7.37962
5 6 15.4082 4.3772 3.94578
5 7 12.58 3.51007 3.38524
5 8 8.67699 2.46382 2.10844
5 9 9.48944 2.76422 2.39402
5 10 5.92777 1.52438 1.1762
5 11 6.42762 1.79321 1.46386
5 12 59.4463 14.9771 14.9287
6 0 66.974 16.3182 16.2987
6 1 178.97 41.624 41.5108
6 2 153.777 27.8027 27.7335
6 3 91.6985 18.0152 17.8452
6 4 53.0777 12.1354 12.1033
6 5 28.3806 7.59005 7.47854
6 6 14.1864 4.81112 4.40158
6 7 9.59637 2.76134 2.63389
6 8 3.79768 1.01754 0.704735
6 9 3.67173 1.15206 0.842439
6 10 3.74415 1.2736 0.953247
6 11 3.78428 1.31622 1.02014
6 12 32.5147 9.72767 9.37043
7 0 41.2426 9.60167 9.47662
7 1 99.5928 22.1574 22.0021
7 2 110.171 21.4016 21.0046
7 3 82.0353 13.0141 12.6706
7 4 64.1492 11.3058 11.2074
7 5 38.669 13.9103 13.8176
7 6 22.0813 5.8676 5.7506
7 7 12.5705 3.39443 3.06169
7 8 8.35192 2.17599 1.84485
7 9 4.67086 1.4159 1.09389
7 10 5.09271 1.4888 1.05934
7 11 5.21941 1.99759 1.6663
7 12 28.6932 8.99479 8.82614
8 0 30.394 7.56476 7.43295
8 1 80.5826 17.7695 17.6004
8 2 85.7345 19.1026 19.003
8 3 72.7202 14.3441 14.2222
8 4 57.7586 10.7811 10.681
8 5 43.199 9.15044 8.80796
8 6 27.1862 6.32972 5.97899
8 7 14.9722 3.53567 3.20781
8 8 12.5482 3.14195 2.8137
8 9 8.92802 2.19922 1.87229
8 10 7.71258 2.04258 1.71195
8 11 5.84073 1.97949 1.65083
8 12 47.3411 10.4065 10.053
9 0 41.3889 10.8082 10.6161
9 1 53.061 17.2272 17.0209
9 2 29.9467 10.9963 10.7389
9 3 20.3612 8.67605 8.47346
9 4 8.61289 2.62101 2.19113
9 5 5.50179 1.86812 1.51733
9 6 4.76515 1.8245 1.49543
9 7 3.43661 1.30041 0.940292
9 8 1.61409 0.661698 0.355715
9 9 3.50392 1.30473 1.14557
9 10 1.35233 0.689927 0.436495
9 11 1.12542 0.592379 0.316068
9 12 18.8822 5.79223 5.69414
10 0 24.8526 6.82686 6.0524
10 1 45.1193 12.2731 12.0855
10 2 41.2562 11.5269 11.3746
10 3 26.6067 8.13419 8.0888
10 4 18.3869 6.6896 6.54023
10 5 9.22815 3.06934 2.63788
10 6 3.57992 1.37442 1.0822
10 7 4.24317 1.46475 1.35792
10 8 1.44266 0.681655 0.373449
10 9 1.78286 0.793259 0.463067
10 10 1.18537 0.610097 0.35403
10 11 0.833238 0.475616 0.220777
10 12 10.323 3.64188 3.50974
11 0 20.7804 6.02149 5.24768
11 1 45.7029 12.111 12.0534
11 2 43.5561 11.1873 10.9966
11 3 44.9689 14.6475 14.5973
11 4 23.5038 5.77927 5.33386
11 5 18.6804 5.29737 5.15771
11 6 9.28962 2.6817 2.55397
11 7 4.85993 1.44096 1.11493
11 8 5.07054 1.76009 1.39363
11 9 4.43809 1.66341 1.5215
11 10 2.42786 0.982567 0.692866
11 11 1.41687 0.694701 0.438314
11 12 12.5631 3.79639 3.65152
12 0 19.5846 9.67852 9.25557
12 1 51.4056 14.7471 14.5855
12 2 57.2189 19.3935 19.2979
12 3 45.638 10.7261 10.6645
12 4 35.9971 10.7756 10.6738
12 5 29.9752 7.94135 7.89573
12 6 11.8057 2.8642 2.42542
12 7 11.4155 3.00517 2.63128
12 8 8.05155 2.36907 1.98827
12 9 3.3207 2.14673 1.81216
12 10 3.5223 1.1137 0.767907
12 11 2.61046 0.876428 0.567931
12 12 31.5081 8.97371 8.55062
13 0 22.8665 6.31669 6.20095
13 1 61.9022 18.2302 18.2477
13 2 34.0497 8.50156 8.07877
13 3 16.154 4.07878 4.02092
13 4 11.9723 4.2341 4.1098
13 5 6.3125 2.3826 2.19049
13 6 6.89177 2.93279 2.7371
13 7 3.23638 1.10128 0.812882
13 8 3.09375 1.11373 0.772101
13 9 1.92235 0.727472 0.473346
13 10 2.55172 1.12981 0.978606
13 11 1.53766 0.605629 0.342333
13 12 13.0513 3.51181 3.15557
14 0 17.1135 5.74087 5.62216
14 1 45.3384 13.4721 13.3789
14 2 31.5452 7.66099 7.55007
14 3 27.7519 7.33751 7.19221
14 4 13.3216 3.64961 3.49261
14 5 8.06154 2.35208 1.79153
14 6 8.1871 3.30966 3.11933
14 7 1.48631 0.533857 0.279204
14 8 1.07102 0.490264 0.228709
14 9 0.682294 0.393394 0.156479
14 10 0.947549 0.437278 0.175655
14 11 0.951513 0.619681 0.350916
14 12 6.92879 2.38343 2.23144
15 0 12.4891 4.36937 4.15971
15 1 35.6612 11.4138 11.2805
15 2 27.3519 6.67046 6.09773
15 3 24.4364 5.94686 5.58042
15 4 17.5363 4.2106 3.841
15 5 10.2791 2.52027 2.18835
15 6 5.832 1.49642 1.30626
15 7 3.88594 1.24212 0.922584
15 8 3.90673 1.30707 0.981884
15 9 2.76955 0.973014 0.686322
15 10 1.20285 0.525352 0.261428
15 11 1.60961 0.691497 0.3717
15 12 5.56354 1.91335 1.55876
16 0 6.05432 1.8074 1.48143
16 1 24.1517 6.64736 6.28202
16 2 22.4161 7.9718 7.60805
16 3 24.2676 7.61622 7.26731
16 4 22.5045 7.37479 7.25332
16 5 11.6639 3.01075 2.61243
16 6 9.25991 2.60651 2.23316
16 7 5.11154 1.78342 1.41308
16 8 3.42758 1.4019 1.10024
16 9 3.70538 1.66263 1.32806
16 10 4.65587 1.87697 1.54486
16 11 2.64908 0.998481 0.699239
16 12 19.3775 7.96917 7.61829
