0 0
1 0 11.7699 6.9076 6.76372
1 1 25.8654 8.78186 8.68632
1 2 70.9473 23.2863 23.195
1 3 587.526 151.985 152.283
1 4 525.42 138.824 139.145
1 5 570.669 149.634 149.95
1 6 694.42 188.358 188.778
1 7 670.391 174.583 174.931
1 8 624.074 160.536 160.876
1 9 573.515 149.813 150.153
1 10 510.487 131.564 131.84
1 11 441.855 113.205 113.423
1 12 363.191 106.857 107.089
1 13 327.05 87.0327 87.1789
1 14 260.255 67.888 67.9159
1 15 204.327 50.688 50.7348
1 16 173.419 43.3921 43.3532
1 17 150.803 39.4779 39.4932
1 18 127.151 33.1777 33.1888
1 19 95.9774 24.9532 24.8749
1 20 85.9768 22.6179 22.6163
1 21 75.1902 19.5555 19.5064
1 22 55.6367 15.6693 15.6146
1 23 42.8356 10.7177 10.5821
1 24 38.8873 10.5098 10.4487
1 25 215.563 59.044 59.1313
2 0 2.28645 0.767207 0.622425
2 1 9.28288 3.5578 3.40388
2 2 18.1333 9.56067 9.43225
2 3 225.844 59.063 59.0658
2 4 207.119 51.5336 51.5165
2 5 220.7 55.0005 54.9985
2 6 264.041 72.3052 72.4321
2 7 257.632 64.1759 64.2557
2 8 228.724 56.7864 56.854
2 9 207.477 52.5685 52.5541
2 10 183.003 45.1658 45.1175
2 11 156.278 39.8641 39.8795
2 12 127.666 31.7814 31.7176
2 13 120.843 31.0438 31.0196
2 14 85.7081 20.9201 20.81
2 15 74.1535 18.5633 18.4431
2 16 59.9101 14.7564 14.6241
2 17 56.6841 14.501 14.3673
2 18 41.9841 10.4897 10.3508
2 19 30.5135 8.0229 7.9037
2 20 28.0493 7.1164 6.98055
2 21 24.6156 6.55476 6.45995
2 22 13.2187 3.28322 3.13594
2 23 13.7419 3.56028 3.40013
2 24 10.698 2.8855 2.73884
2 25 48.0123 12.4953 12.3662
3 0 9.48346 6.29389 6.14129
3 1 16.5825 5.38412 5.28244
3 2 52.814 13.8828 13.7627
3 3 361.683 93.0462 93.2169
3 4 318.301 87.4633 87.6283
3 5 349.969 94.7716 94.9516
3 6 430.378 116.098 116.346
3 7 412.759 110.46 110.676
3 8 395.35 103.804 104.022
3 9 366.038 97.3956 97.599
3 10 327.484 86.5613 86.7223
3 11 285.577 73.4225 73.5435
3 12 235.526 75.2219 75.3711
3 13 206.208 56.0943 56.1593
3 14 174.547 47.1192 47.1058
3 15 130.174 32.2935 32.2917
3 16 113.509 28.8018 28.7291
3 17 94.1189 25.1515 25.1259
3 18 85.1671 22.8566 22.8381
3 19 65.4639 17.0798 16.9712
3 20 57.9275 15.6573 15.6358
3 21 50.5746 13.1808 13.0465
3 22 42.418 12.551 12.4787
3 23 29.0937 7.315 7.18202
3 24 28.1893 7.77887 7.70989
3 25 167.551 46.7342 46.7652
4 0 10.788 6.71414 6.57089
4 1 24.2048 8.35777 8.26272
4 2 66.8522 22.0945 21.9993
4 3 565.678 146.401 146.69
4 4 334.258 88.3095 88.4891
4 5 208.067 52.9215 53.0036
4 6 260.719 75.7469 75.9158
4 7 244.568 61.3321 61.3958
4 8 182.903 47.428 47.482
4 9 167.296 43.3068 43.3674
4 10 128.429 31.9976 31.9846
4 11 111.426 28.9375 28.9257
4 12 79.8288 20.1853 20.0732
4 13 65.525 18.1981 18.0861
4 14 52.2393 13.1737 13.0418
4 15 38.6892 9.67562 9.54806
4 16 31.4843 8.17355 8.05129
4 17 28.2571 7.43424 7.35019
4 18 23.3311 6.06706 5.90511
4 19 16.6266 4.26573 4.13966
4 20 14.9095 3.77878 3.63281
4 21 10.5172 2.92915 2.77664
4 22 10.5262 3.08012 2.93333
4 23 7.55623 2.26552 2.11822
4 24 6.82228 1.96151 1.82083
4 25 27.0016 7.82065 7.73365
5 0 0.981886 0.335548 0.192822
5 1 1.66055 0.573132 0.423602
5 2 4.09513 1.34212 1.19565
5 3 21.8485 5.74133 5.59316
5 4 191.162 50.6055 50.6557
5 5 362.602 96.8259 96.9464
5 6 433.701 112.71 112.862
5 7 425.823 113.308 113.536
5 8 441.171 113.17 113.394
5 9 406.219 106.563 106.786
5 10 382.058 99.6498 99.8552
5 11 330.429 84.3462 84.4972
5 12 283.363 86.872 87.0154
5 13 261.525 68.997 69.0928
5 14 208.016 54.8646 54.874
5 15 165.638 41.1818 41.1868
5 16 141.935 35.3644 35.3019
5 17 122.546 32.2298 32.143
5 18 103.82 27.2873 27.2837
5 19 79.3508 20.832 20.7353
5 20 71.0674 18.9963 18.9835
5 21 64.673 16.7943 16.7298
5 22 45.1106 12.7451 12.6813
5 23 35.2794 8.60607 8.46392
5 24 32.0651 8.7075 8.62791
5 25 188.562 51.347 51.3977
6 0 2.28645 0.767207 0.622425
6 1 9.08786 3.51713 3.36585
6 2 17.7433 9.48504 9.35618
6 3 220.575 57.7878 57.7868
6 4 133.03 32.9378 32.8573
6 5 76.1958 19.2796 19.1716
6 6 90.6856 28.3251 28.3075
6 7 90.5988 22.3278 22.2198
6 8 62.5048 15.6131 15.5419
6 9 55.0655 14.2309 14.0994
6 10 40.5421 10.0531 9.89952
6 11 38.4336 10.2905 10.2177
6 12 24.3285 6.14756 6.01187
6 13 18.6188 4.5707 4.42712
6 14 13.9394 3.53184 3.37867
6 15 12.6959 3.49887 3.34175
6 16 10.1729 2.68571 2.53819
6 17 8.74094 2.2223 2.06521
6 18 6.35276 1.73836 1.58967
6 19 5.31853 1.44673 1.29885
6 20 5.42795 1.5004 1.3486
6 21 4.24974 1.22737 1.07835
6 22 2.98854 0.922922 0.773353
6 23 1.94748 0.732827 0.57765
6 24 0.731918 0.341018 0.192452
6 25 4.47218 1.1843 1.02716
7 0 0 0.151737 0
7 1 0.195025 0.159636 0.0380347
7 2 0.39005 0.204222 0.0760694
7 3 5.26912 1.43341 1.27901
7 4 74.0893 18.7544 18.6592
7 5 144.505 35.884 35.8268
7 6 173.356 44.1489 44.1246
7 7 167.033 42.0327 42.036
7 8 166.219 41.3594 41.3121
7 9 152.411 38.5103 38.4547
7 10 142.461 35.2762 35.218
7 11 117.844 29.7443 29.6618
7 12 103.337 25.783 25.7057
7 13 102.224 26.63 26.5925
7 14 71.7687 17.5439 17.4313
7 15 61.4576 15.2274 15.1014
7 16 49.7373 12.2281 12.0859
7 17 47.9432 12.4329 12.3021
7 18 35.6314 8.90128 8.76109
7 19 25.195 6.73108 6.60485
7 20 22.6214 5.76859 5.63195
7 21 20.3658 5.47994 5.3816
7 22 10.2301 2.50906 2.36259
7 23 11.7945 2.98411 2.82248
7 24 9.9661 2.69361 2.54639
7 25 43.5401 11.466 11.339
8 0 8.50158 6.10224 5.94847
8 1 15.117 4.99998 4.89687
8 2 49.1089 12.7666 12.6431
8 3 345.103 88.7577 88.9027
8 4 201.228 55.5647 55.6318
8 5 131.871 33.8302 33.832
8 6 170.033 47.5382 47.6083
8 7 153.969 39.1729 39.176
8 8 120.399 31.9271 31.9401
8 9 112.231 29.2493 29.268
8 10 87.8867 22.1211 22.0851
8 11 72.9922 18.8138 18.708
8 12 55.5002 14.1793 14.0614
8 13 46.9062 13.7846 13.659
8 14 38.2998 9.79188 9.66317
8 15 25.9933 6.33451 6.20631
8 16 21.3115 5.65084 5.51311
8 17 19.5162 5.37214 5.28498
8 18 16.9783 4.47779 4.31544
8 19 11.3081 2.97268 2.84081
8 20 9.48152 2.43339 2.28421
8 21 6.26745 1.85427 1.69829
8 22 7.53764 2.30602 2.15998
8 23 5.60876 1.68948 1.54057
8 24 6.09036 1.76968 1.62837
8 25 22.5294 6.79846 6.70649
9 0 0.981886 0.335548 0.192822
9 1 1.46553 0.533955 0.385567
9 2 3.70508 1.26714 1.11958
9 3 16.5794 4.458 4.31414
9 4 117.073 32.0086 31.9964
9 5 218.098 61.0999 61.1196
9 6 260.345 68.7008 68.7374
9 7 258.789 71.3852 71.4998
9 8 274.951 71.9558 72.0818
9 9 253.807 68.2271 68.331
9 10 239.597 64.5348 64.6372
9 11 212.585 54.761 54.8355
9 12 180.025 61.2329 61.3097
9 13 159.301 42.4732 42.5003
9 14 136.247 37.475 37.4427
9 15 104.181 26.123 26.0854
9 16 92.1973 23.3017 23.216
9 17 74.6027 19.9597 19.8409
9 18 68.1888 18.5527 18.5226
9 19 54.1558 14.2526 14.1304
9 20 48.446 13.3805 13.3516
9 21 44.3071 11.4821 11.3482
9 22 34.8804 10.3979 10.3187
9 23 23.4849 5.77919 5.64144
9 24 22.099 6.16801 6.08152
9 25 145.021 40.0565 40.0587
