0 0
1 0 398.315 100.174 100.021
1 1 734.77 183.914 183.698
1 2 651.113 150.558 150.38
1 3 471.734 112.384 112.233
1 4 296.167 67.7578 67.6384
1 5 186.804 44.1134 43.9964
1 6 112.385 26.279 26.1683
1 7 68.4223 15.8038 15.6976
1 8 50.1198 15.479 15.2923
1 9 35.4489 8.70239 8.58484
1 10 29.9845 8.29609 8.1482
1 11 22.6714 6.22108 6.07725
1 12 191.473 53.1001 52.9408
2 0 155.166 39.8419 39.7067
2 1 514.938 116.744 116.597
2 2 394.659 86.3408 86.2188
2 3 255.462 59.0192 58.9016
2 4 165.787 40.2996 40.1773
2 5 86.9769 31.2998 31.0436
2 6 48.2511 13.2721 13.1237
2 7 30.8517 9.87859 9.68144
2 8 19.9171 5.65521 5.50246
2 9 14.2493 3.57047 3.45297
2 10 13.6548 3.72524 3.58716
2 11 13.0687 4.35901 4.15663
2 12 127.681 37.4782 37.3045
3 0 109.8 39.9627 39.6991
3 1 193.713 62.897 62.6811
3 2 162.029 54.8963 54.6641
3 3 134.503 42.3872 42.1872
3 4 85.0567 25.2827 25.1071
3 5 58.0964 17.1956 17.0232
3 6 29.5354 8.5459 8.38453
3 7 22.7826 6.21241 6.0703
3 8 16.0809 4.99136 4.81219
3 9 11.9242 5.573 5.19356
3 10 7.10133 2.56394 2.3457
3 11 7.85551 2.68413 2.48411
3 12 68.2645 25.3949 25.1232
4 0 27.1323 7.83891 7.67857
4 1 106.343 33.1426 32.9485
4 2 88.169 25.8434 25.6724
4 3 67.4465 22.0386 21.8282
4 4 41.2792 13.2986 13.0969
4 5 21.4579 5.79767 5.65849
4 6 16.9546 5.27194 5.0915
4 7 8.52382 3.1215 2.89135
4 8 6.37455 1.98196 1.81907
4 9 4.44354 1.58227 1.38731
4 10 5.02615 2.16417 1.88334
4 11 2.4682 0.913201 0.735565
4 12 28.8078 10.4139 10.1647
