0.03 0
1 0 95.4271 26.1309 26.1395
1 1 369.164 98.501 98.7046
1 2 713.506 182.06 182.432
1 3 1026.99 263.716 264.206
1 4 1155.46 325.95 326.578
1 5 951.524 246.697 247.189
1 6 738.027 194.517 194.939
1 7 561.124 146.277 146.577
1 8 452.795 119.646 119.873
1 9 344.938 90.2135 90.385
1 10 282.054 74.0392 74.1697
1 11 180.71 45.613 45.5921
1 12 144.65 36.4139 36.4176
1 13 107.4 27.8892 27.8108
1 14 88.7362 27.0988 27.0246
1 15 68.8073 18.412 18.3557
1 16 60.0231 15.5275 15.4695
1 17 39.9827 12.6323 12.5129
1 18 31.6914 7.92165 7.79328
1 19 29.8765 12.7638 12.6533
1 20 20.5662 5.40019 5.2598
1 21 14.332 3.75329 3.60944
1 22 10.7264 2.69324 2.54864
1 23 11.4358 7.59288 7.45198
1 24 5.47375 1.61326 1.46686
1 25 22.0813 5.88106 5.7465
2 0 26.7498 6.95728 6.79797
2 1 109.053 28.2807 28.2797
2 2 278.418 68.3823 68.4016
2 3 405.756 99.6286 99.7237
2 4 427.243 109.826 110.032
2 5 350.097 87.9853 88.0732
2 6 259.969 67.227 67.3066
2 7 194.108 47.9712 47.954
2 8 161.081 42.7812 42.7344
2 9 116.593 29.9433 29.8856
2 10 96.6481 25.2774 25.2337
2 11 64.5434 15.9743 15.8636
2 12 50.9143 12.7202 12.6004
2 13 44.6873 11.6434 11.5156
2 14 35.2248 13.8843 13.7689
2 15 23.6164 6.04428 5.90873
2 16 21.5093 5.4967 5.35942
2 17 13.0987 3.53557 3.39331
2 18 9.39453 2.38172 2.2355
2 19 9.51158 7.61605 7.46718
2 20 6.77242 1.96769 1.81626
2 21 3.03587 0.837084 0.693818
2 22 2.29719 0.645429 0.498717
2 23 2.3426 0.8085 0.655706
2 24 0.786861 0.291858 0.154788
2 25 3.02837 0.93352 0.780605
3 0 68.6773 19.3689 19.3415
3 1 260.111 70.2941 70.4249
3 2 435.088 113.79 114.031
3 3 621.234 164.135 164.482
3 4 728.218 216.057 216.546
3 5 601.427 158.76 159.116
3 6 478.058 127.361 127.633
3 7 367.016 98.4298 98.6233
3 8 291.714 77.0132 77.139
3 9 228.345 60.4176 60.4994
3 10 185.406 48.8736 48.936
3 11 116.167 29.7889 29.7284
3 12 93.7359 23.8484 23.8171
3 13 62.713 16.3982 16.2951
3 14 53.5114 13.3687 13.2557
3 15 45.1909 12.5209 12.4469
3 16 38.5138 10.1848 10.11
3 17 26.884 9.24794 9.11956
3 18 22.2969 5.69333 5.55778
3 19 20.3649 5.31648 5.18616
3 20 13.7937 3.58687 3.44354
3 21 11.2961 3.06176 2.91562
3 22 8.42919 2.19609 2.04992
3 23 9.09315 6.94538 6.79627
3 24 4.68688 1.45962 1.31207
3 25 19.0529 5.10009 4.9659
4 0 31.6658 8.13129 7.98616
4 1 103.097 26.1515 26.1406
4 2 212.301 55.7971 55.8857
4 3 357.322 92.6977 92.8853
4 4 416.812 111.407 111.662
4 5 354.938 94.2745 94.4895
4 6 273.504 70.7468 70.8786
4 7 205.27 56.5186 56.5799
4 8 163.974 43.269 43.2928
4 9 143.154 38.6575 38.6751
4 10 110.79 29.3231 29.3297
4 11 71.8089 17.9694 17.8677
4 12 60.819 15.3988 15.2832
4 13 43.5763 11.8559 11.7365
4 14 35.6335 13.6435 13.5224
4 15 26.2943 6.76734 6.63267
4 16 29.2273 7.71929 7.59503
4 17 15.3006 3.78712 3.64198
4 18 15.6434 3.93506 3.79408
4 19 13.2963 8.43412 8.30345
4 20 9.39572 2.63398 2.48471
4 21 5.85368 1.55087 1.4012
4 22 4.96293 1.27258 1.12503
4 23 3.71284 1.0759 0.923935
4 24 1.32375 0.453836 0.309206
4 25 10.7741 2.82137 2.68001
5 0 63.7613 18.167 18.1533
5 1 266.067 72.4277 72.564
5 2 501.205 126.281 126.547
5 3 669.668 171.051 171.321
5 4 738.649 214.47 214.916
5 5 596.586 152.384 152.7
5 6 464.523 123.811 124.061
5 7 355.854 89.8997 89.9974
5 8 288.821 76.4715 76.5806
5 9 201.784 51.7136 51.7099
5 10 171.264 44.821 44.84
5 11 108.901 27.8016 27.7244
5 12 83.8313 21.1792 21.1344
5 13 63.824 16.1874 16.0743
5 14 53.1027 13.6102 13.5022
5 15 42.513 11.8024 11.723
5 16 30.7957 7.96582 7.87444
5 17 24.6821 8.9989 8.87089
5 18 16.048 4.1397 3.99921
5 19 16.5802 4.48952 4.34989
5 20 11.1705 2.92041 2.77509
5 21 8.47833 2.35453 2.20824
5 22 5.76344 1.57152 1.42361
5 23 7.72291 6.68271 6.52804
5 24 4.14999 1.30872 1.15766
5 25 11.3071 3.21043 3.06649
6 0 9.58849 2.38977 2.22338
6 1 33.984 8.46081 8.31452
6 2 62.1813 15.7805 15.6587
6 3 131.605 32.9416 32.8482
6 4 148.027 38.1392 38.1596
6 5 129.873 32.935 32.8747
6 6 95.7109 26.1293 26.0867
6 7 71.8478 17.9261 17.8107
6 8 58.9479 16.2495 16.1209
6 9 51.6374 13.8445 13.7383
6 10 36.518 9.14573 9.00683
6 11 25.2004 6.29084 6.15231
6 12 21.6945 5.52682 5.38695
6 13 19.3775 5.26161 5.12156
6 14 13.8076 8.24151 8.10201
6 15 8.73378 2.35692 2.21089
6 16 10.8068 2.85533 2.70975
6 17 6.72336 1.80282 1.65686
6 18 6.02017 1.57481 1.42663
6 19 4.38309 6.35652 6.11802
6 20 3.72261 1.08223 0.927815
6 21 1.5154 0.490332 0.345916
6 22 1.31868 0.453708 0.307219
6 23 0.930324 0.377939 0.231812
6 24 0.196715 0.160946 0.0386969
6 25 1.41769 0.46501 0.317352
7 0 17.1613 4.72837 4.57459
7 1 75.0693 19.9913 19.9651
7 2 216.237 52.7478 52.7428
7 3 274.151 66.8658 66.8755
7 4 279.216 71.7601 71.8719
7 5 220.223 55.1973 55.1985
7 6 164.258 41.2709 41.22
7 7 122.26 30.2094 30.1433
7 8 102.133 26.692 26.6135
7 9 64.9558 16.2537 16.1473
7 10 60.1301 16.2905 16.2269
7 11 39.343 9.83749 9.71134
7 12 29.2199 7.35062 7.21347
7 13 25.3098 6.53489 6.39406
7 14 21.4173 5.80346 5.66687
7 15 14.8827 3.84034 3.69784
7 16 10.7025 2.79535 2.64968
7 17 6.37534 1.88407 1.73645
7 18 3.37436 0.958013 0.808877
7 19 5.1285 1.49803 1.34915
7 20 3.04981 1.03511 0.888443
7 21 1.52047 0.49054 0.347902
7 22 0.978505 0.330452 0.191498
7 23 1.41227 0.578667 0.423894
7 24 0.590146 0.250306 0.116091
7 25 1.61068 0.613796 0.463253
8 0 22.0773 5.89633 5.76277
8 1 69.1131 17.8608 17.826
8 2 150.12 40.1995 40.227
8 3 225.717 59.9328 60.0371
8 4 268.785 73.3418 73.5025
8 5 225.065 61.5037 61.6149
8 6 177.793 44.7454 44.792
8 7 133.423 38.7641 38.7692
8 8 105.027 27.1928 27.1719
8 9 91.5163 24.9591 24.9368
8 10 74.2722 20.3405 20.3229
8 11 46.6084 11.8307 11.7154
8 12 39.1245 10.0256 9.8962
8 13 24.1988 6.74771 6.61493
8 14 21.826 5.56068 5.42039
8 15 17.5605 4.56345 4.42178
8 16 18.4205 5.0171 4.88528
8 17 8.57723 2.13369 1.98512
8 18 9.62323 2.51281 2.36745
8 19 8.91321 2.32227 2.18543
8 20 5.6731 1.70681 1.5569
8 21 4.33828 1.20574 1.05528
8 22 3.64425 0.965338 0.81781
8 23 2.78252 0.844193 0.692124
8 24 1.12704 0.41558 0.270509
8 25 9.35643 2.50239 2.36266
9 0 46.6 13.6218 13.5788
9 1 190.998 52.5159 52.5989
9 2 284.968 73.6774 73.8039
9 3 395.517 104.308 104.445
9 4 459.434 142.738 143.044
9 5 376.363 97.3171 97.5012
9 6 300.265 82.6966 82.8409
9 7 233.594 59.8364 59.8541
9 8 186.687 49.9309 49.9671
9 9 136.829 35.6181 35.5626
9 10 111.134 28.6953 28.6131
9 11 69.5581 18.1158 18.0131
9 12 54.6114 13.9867 13.9209
9 13 38.5142 9.80645 9.6802
9 14 31.6854 7.96126 7.83531
9 15 27.6304 8.1156 8.02514
9 16 20.0933 5.32472 5.22477
9 17 18.3068 7.26773 7.13444
9 18 12.6736 3.33337 3.19033
9 19 11.4517 3.14463 3.00073
9 20 8.12065 2.03291 1.88665
9 21 6.95786 2.00793 1.86034
9 22 4.78494 1.38099 1.23211
9 23 6.31064 6.27314 6.10415
9 24 3.55984 1.19185 1.04157
9 25 9.69646 2.74857 2.60324
