0.03 0
1 0 13.0081 4.77381 4.63401
1 1 3074.05 1245.04 1246.39
1 2 7509.59 3173.53 3168.83
1 3 9002.63 3896.19 3887.39
1 4 9494.88 4081.41 4070.79
1 5 9648.29 4233.8 4222.61
1 6 9699.63 4187.72 4176.36
1 7 9717.08 4305.56 4294.46
1 8 9621.24 4195.14 4184.34
1 9 9676.74 4153.51 4142.54
1 10 9618.29 4160.27 4149.41
1 11 9547.36 4046.57 4035.65
1 12 10106.5 4262.69 4249.6
1 13 9615.14 4262.73 4252.26
1 14 9614.83 4287.35 4276.77
1 15 9891.55 4385.19 4373.37
1 16 9856.06 4501.03 4489.83
1 17 9898.1 4328.71 4316.85
1 18 10129.5 4457.84 4445.48
1 19 10388.2 4596.66 4583.44
1 20 10602.1 4645.09 4630.42
1 21 10944.6 4879.19 4863.59
1 22 10848.4 4792.67 4777.32
1 23 10169 4556.56 4544.49
1 24 7046.07 3077.79 3074.42
1 25 21.0803 8.50208 8.42149
1 26 43.8342 15.3082 15.305
2 0 5.65527 1.48359 1.32981
2 1 281.812 107.994 108.228
2 2 1709.04 643.445 644.607
2 3 2505.1 987.94 989.325
2 4 3271.86 1302.35 1303.54
2 5 3733.77 1506.97 1507.96
2 6 3935.96 1531.57 1532.27
2 7 4057.11 1612.67 1613.34
2 8 4111.52 1681.32 1682.14
2 9 4182.55 1598.99 1599.26
2 10 4206.06 1619.2 1619.52
2 11 4174.84 1688.61 1689.26
2 12 4412.51 1752.87 1753.16
2 13 4296.14 1760.2 1760.83
2 14 4190.7 1721.79 1722.44
2 15 4242.6 1690.96 1691.45
2 16 4161.51 1725.32 1726.04
2 17 4121.71 1699.43 1700.29
2 18 4146.59 1705.87 1706.6
2 19 4195.19 1756.05 1756.84
2 20 4103.12 1718.14 1719.05
2 21 3875.35 1654.15 1655.34
2 22 3286.52 1406.86 1408.31
2 23 2572.31 1108.96 1110.61
2 24 773.26 319.452 320.232
2 25 5.88283 1.86398 1.71837
2 26 20.8632 6.91505 6.88442
3 0 7.35285 3.44539 3.3042
3 1 2792.24 1136.76 1138.17
3 2 5800.55 2525.11 2524.23
3 3 6497.53 2900.12 2898.07
3 4 6223.02 2768.74 2767.25
3 5 5914.52 2715.45 2714.65
3 6 5763.67 2644.62 2644.1
3 7 5659.97 2681.26 2681.12
3 8 5509.72 2502.47 2502.2
3 9 5494.19 2543.33 2543.28
3 10 5412.23 2529.81 2529.88
3 11 5372.52 2346.7 2346.39
3 12 5694.03 2497.17 2496.43
3 13 5319 2491.12 2491.43
3 14 5424.13 2554.11 2554.33
3 15 5648.94 2681.97 2681.92
3 16 5694.56 2763.76 2763.79
3 17 5776.4 2617.19 2616.56
3 18 5982.87 2739.75 2738.88
3 19 6192.99 2827.85 2826.6
3 20 6499.02 2913.34 2911.38
3 21 7069.21 3211.38 3208.26
3 22 7561.9 3373.24 3369.01
3 23 7596.69 3438.09 3433.88
3 24 6272.81 2755.94 2754.19
3 25 15.1974 6.79401 6.70312
3 26 22.971 8.54474 8.42057
