0 0
1 0 2434 544.016 544.149
1 1 678.991 140.884 141.171
1 2 620.896 133.349 133.623
1 3 538.944 110.806 111.033
1 4 475.62 97.3398 97.5412
1 5 416.297 87.9561 88.1405
1 6 358.67 76.5744 76.6924
1 7 281.326 58.7253 58.7868
1 8 227.77 47.2814 47.3731
1 9 186.35 37.8972 37.9601
1 10 175.054 37.2103 37.2318
1 11 161.722 43.3468 43.4309
1 12 129.151 31.0213 31.0129
1 13 103.005 22.8549 22.8726
1 14 87.191 19.6156 19.4393
1 15 64.1003 12.8811 12.8192
1 16 52.4651 11.4581 11.3878
1 17 52.3673 12.8102 12.7591
1 18 47.8878 11.0645 10.996
1 19 43.0655 11.0282 10.9831
1 20 32.8437 6.77162 6.59407
1 21 27.0692 6.22161 6.06465
1 22 24.7539 7.08003 7.00145
1 23 15.3421 3.89915 3.7995
1 24 238.929 62.7287 62.8568
2 0 1903.46 397.996 398.259
2 1 510.282 97.2694 97.4746
2 2 464.004 91.4444 91.595
2 3 409.582 73.7991 73.9456
2 4 362.235 67.1753 67.308
2 5 318.887 61.5907 61.7119
2 6 271.543 51.8646 51.9172
2 7 223.208 44.3001 44.3284
2 8 183.921 36.6609 36.7248
2 9 147.681 27.1323 27.1663
2 10 142.299 28.3211 28.3225
2 11 128.02 33.5252 33.5852
2 12 99.2598 21.0924 21.0576
2 13 82.0751 17.2543 17.2522
2 14 71.0527 15.2864 15.0985
2 15 52.1368 9.9481 9.87708
2 16 41.161 8.65015 8.5728
2 17 40.7578 8.82553 8.76214
2 18 40.6822 9.22721 9.15287
2 19 32.8434 7.23039 7.06817
2 20 27.0633 5.39251 5.19722
2 21 21.9285 4.70225 4.54085
2 22 19.9622 5.72795 5.63821
2 23 12.659 3.20409 3.09708
2 24 182.048 45.8838 45.9651
3 0 530.536 145.562 145.89
3 1 168.709 43.6471 43.6959
3 2 156.892 41.9861 42.0284
3 3 129.362 37.0798 37.0872
3 4 113.385 30.2413 30.2332
3 5 97.4096 26.4308 26.4286
3 6 87.127 24.7919 24.7752
3 7 58.1179 14.5115 14.4584
3 8 43.849 10.7086 10.6483
3 9 38.6689 10.8352 10.7937
3 10 32.7553 8.97996 8.90928
3 11 33.7027 9.90973 9.84564
3 12 29.8914 10.0207 9.95527
3 13 20.9303 5.69418 5.62045
3 14 16.1383 4.48499 4.34084
3 15 11.9635 3.04397 2.94209
3 16 11.304 2.98119 2.81499
3 17 11.6095 4.08731 3.99692
3 18 7.20567 1.98059 1.8431
3 19 10.2221 3.99712 3.91498
3 20 5.78043 1.54286 1.39685
3 21 5.14067 1.66304 1.52381
3 22 4.79163 1.47737 1.36324
3 23 2.6831 0.857041 0.702418
3 24 56.8809 16.9187 16.8917
4 0 1709.46 381.198 381.6
4 1 277.231 59.9579 60.0391
4 2 257.234 55.1765 55.2821
4 3 235.594 56.1951 56.3156
4 4 203.513 42.1972 42.2651
4 5 185.89 42.0323 42.1021
4 6 167.158 40.1011 40.1439
4 7 127.817 27.1379 27.1333
4 8 106.199 23.432 23.4214
4 9 79.509 16.2769 16.2806
4 10 75.4296 15.3736 15.3384
4 11 66.9509 16.7173 16.6863
4 12 57.3071 12.9368 12.8817
4 13 45.2645 11.0385 11.0225
4 14 39.8659 10.3235 10.1704
4 15 26.7815 5.75213 5.64108
4 16 24.4715 5.96944 5.87665
4 17 24.8072 7.56266 7.48585
4 18 19.7133 5.23253 5.14478
4 19 15.4385 3.51247 3.35514
4 20 15.2249 3.386 3.20116
4 21 11.4678 2.817 2.66757
4 22 11.6474 3.30332 3.20551
4 23 4.86453 1.25934 1.11345
4 24 121.265 34.3389 34.3904
5 0 724.539 162.222 162.549
5 1 401.76 80.964 81.1314
5 2 363.662 78.2187 78.3414
5 3 303.351 54.6506 54.7172
5 4 272.107 55.2035 55.2761
5 5 230.407 45.9789 46.0384
5 6 191.511 36.547 36.5484
5 7 153.509 31.6641 31.6535
5 8 121.571 23.955 23.9517
5 9 106.841 21.697 21.6795
5 10 99.6245 21.9102 21.8934
5 11 94.7715 26.7129 26.7446
5 12 71.8441 18.1898 18.1312
5 13 57.741 11.9048 11.8501
5 14 47.3251 9.44467 9.26891
5 15 37.3187 7.3398 7.17809
5 16 27.9935 5.68399 5.51114
5 17 27.5601 5.44375 5.27321
5 18 28.1745 6.01275 5.85119
5 19 27.627 7.69484 7.628
5 20 17.6188 3.57334 3.39291
5 21 15.6014 3.55497 3.39708
5 22 13.1064 3.90482 3.79594
5 23 10.4776 2.79966 2.68605
5 24 117.664 28.4398 28.4664
6 0 1333.35 276.952 277.329
6 1 197.344 39.4038 39.429
6 2 182.095 34.8782 34.8939
6 3 165.972 33.6439 33.7015
6 4 148.776 27.7456 27.7732
6 5 131.58 25.6719 25.4857
6 6 118.955 24.1878 24.1587
6 7 96.8239 19.3324 19.3099
6 8 83.2419 17.8909 17.862
6 9 59.0569 10.8988 10.7119
6 10 61.3374 11.764 11.6871
6 11 51.0066 12.6162 12.5785
6 12 43.9318 9.1594 9.09258
6 13 35.8323 8.29665 8.24358
6 14 31.5315 8.0643 7.90386
6 15 22.2125 4.54515 4.43363
6 16 19.5644 4.68431 4.59394
6 17 18.551 4.9345 4.84974
6 18 16.9923 4.56845 4.4785
6 19 12.633 2.76 2.5928
6 20 11.1759 2.3192 2.12134
6 21 8.64916 1.98564 1.82288
6 22 8.37095 2.30058 2.12757
6 23 4.10554 1.08355 0.937544
6 24 83.0143 22.5049 22.5215
7 0 570.111 120.681 120.93
7 1 312.938 57.9369 58.0455
7 2 281.909 56.6255 56.7011
7 3 243.61 40.2129 40.2441
7 4 213.459 39.5012 39.5349
7 5 187.307 36.193 36.2262
7 6 152.588 27.7818 27.7585
7 7 126.384 25.0458 25.0184
7 8 100.679 18.881 18.8628
7 9 88.6244 16.4838 16.4545
7 10 80.9614 16.681 16.6355
7 11 77.0131 20.992 21.0068
7 12 55.328 12.034 11.9651
7 13 46.2428 9.07078 9.00862
7 14 39.5212 7.37671 7.19462
7 15 29.9244 5.61041 5.44344
7 16 21.5966 4.13317 3.97886
7 17 22.2068 4.08012 3.9124
7 18 23.6899 4.83937 4.67437
7 19 20.2104 4.6282 4.47537
7 20 15.8874 3.25116 3.07588
7 21 13.2794 2.87746 2.71797
7 22 11.5913 3.61888 3.51064
7 23 8.55346 2.27781 2.15954
7 24 99.0335 23.4286 23.4436
8 0 376.108 104.036 104.271
8 1 79.8864 20.6284 20.6101
8 2 75.1384 20.4027 20.3882
8 3 69.6218 22.6478 22.6141
8 4 54.7371 14.5477 14.4919
8 5 54.3101 16.6633 16.6164
8 6 48.2033 16.0242 15.9852
8 7 30.9934 7.97353 7.82334
8 8 22.9571 5.73225 5.55941
8 9 20.4521 5.62418 5.56871
8 10 14.0922 3.79347 3.65131
8 11 15.9443 4.27493 4.10783
8 12 13.3753 3.87671 3.7891
8 13 9.43213 2.92213 2.77895
8 14 8.33442 2.40965 2.26655
8 15 4.5691 1.32734 1.20744
8 16 4.90708 1.44165 1.2827
8 17 6.25616 2.73883 2.63611
8 18 2.72109 0.820654 0.666281
8 19 2.80549 0.898352 0.762341
8 20 4.04902 1.22581 1.07982
8 21 2.81861 0.986875 0.844691
8 22 3.2765 1.19253 1.07793
8 23 0.758991 0.316758 0.175907
8 24 38.2503 11.9064 11.8689
9 0 154.428 41.5467 41.6188
9 1 88.8223 23.1076 23.0859
9 2 81.7532 21.6727 21.6402
9 3 59.7404 14.5197 14.4731
9 4 58.6483 15.7954 15.7413
9 5 43.0996 9.85535 9.81221
9 6 38.9237 8.86496 8.78996
9 7 27.1245 6.72738 6.6351
9 8 20.8919 5.17128 5.08889
9 9 18.2168 5.32088 5.22502
9 10 18.6631 5.33456 5.25797
9 11 17.7584 5.80674 5.73781
9 12 16.5161 6.24558 6.16617
9 13 11.4982 2.93839 2.8415
9 14 7.80384 2.22595 2.07429
9 15 7.39435 1.89346 1.73465
9 16 6.39697 1.69163 1.53228
9 17 5.35334 1.52099 1.3608
9 18 4.48458 1.31379 1.17682
9 19 7.41663 3.25551 3.15264
9 20 1.73141 0.464775 0.317033
9 21 2.32206 0.834583 0.679115
9 22 1.51514 0.434728 0.285303
9 23 1.92411 0.680165 0.526511
9 24 18.6306 5.17424 5.02278
