0 0
1 0 5.22041 0.347504 0.339054
1 1 4.65405 0.290257 0.282857
1 2 4.06687 0.253846 0.251667
1 3 2.85424 0.216867 0.206401
1 4 4.1896 0.25096 0.251573
1 5 3.60818 0.221425 0.218222
1 6 3.21248 0.227339 0.178073
1 7 3.93415 0.278813 0.269422
1 8 5.02764 0.372434 0.362049
1 9 4.50462 0.294162 0.239709
1 10 6.39654 0.434897 0.43236
1 11 7.08394 0.498743 0.489185
1 12 7.79807 0.519129 0.510533
1 13 10.0825 0.706581 0.69699
1 14 13.0461 0.955959 0.945407
1 15 16.692 1.44026 1.4256
1 16 23.01 1.42591 1.41819
1 17 25.0983 1.38762 1.38142
1 18 38.9249 2.36008 2.35246
1 19 59.0046 3.73022 3.7216
1 20 0 0.0290603 0
2 0 9.07719 0.531386 0.524675
2 1 7.45621 0.473981 0.399575
2 2 6.39564 0.409312 0.340597
2 3 6.06855 0.359897 0.357142
2 4 8.04717 0.64315 0.644922
2 5 7.26826 0.519122 0.516844
2 6 7.37515 0.448132 0.449324
2 7 6.75569 0.390954 0.389216
2 8 7.96898 0.516349 0.51499
2 9 9.75445 0.70267 0.700956
2 10 9.20675 0.547936 0.496511
2 11 10.8191 0.92822 0.913912
2 12 11.4789 0.876479 0.878932
2 13 10.6182 0.622477 0.624172
2 14 13.5958 0.925633 0.92461
2 15 15.0668 1.05006 1.04941
2 16 19.2278 1.19447 1.19426
2 17 19.4541 1.16259 1.15544
2 18 23.5431 1.32208 1.32225
2 19 34.6351 2.03847 2.03135
2 20 0 0.0290603 0
