0 0
1 0 62.1165 14.1759 13.9953
1 1 49.3459 13.4469 13.263
1 2 47.6499 9.3762 9.33569
1 3 44.7603 10.9506 10.8331
1 4 48.344 9.87024 9.80639
1 5 45.8371 9.96345 9.9562
1 6 37.9425 8.20986 7.83715
1 7 50.8615 13.6816 13.5394
1 8 60.3855 14.0512 13.8701
1 9 59.7919 12.1986 11.7712
1 10 68.2453 17.5966 17.6123
1 11 85.173 19.4404 19.336
1 12 106.253 23.3371 23.2394
1 13 128.963 30.7768 30.6608
1 14 154.09 35.7722 35.6609
1 15 210.119 48.8667 48.7513
1 16 253.836 50.2672 50.1779
1 17 307.551 57.4904 57.4045
1 18 447.052 86.016 85.908
1 19 677.529 129.191 129.041
1 20 0 0.250592 0
2 0 103.816 20.7278 20.5686
2 1 90.803 17.7484 17.0003
2 2 77.6514 15.6476 15.2478
2 3 78.3494 14.1563 14.0465
2 4 79.5425 16.57 16.4548
2 5 86.9989 19.2216 19.2421
2 6 77.7662 13.7121 13.6605
2 7 85.8649 17.2664 17.1864
2 8 94.4547 19.8903 19.8184
2 9 105.869 23.7577 23.6772
2 10 113.658 22.938 22.6253
2 11 127.545 32.2963 32.1662
2 12 126.009 26.562 26.4777
2 13 133.993 23.9194 23.8984
2 14 149.756 30.332 30.3843
2 15 179.684 39.7886 39.8675
2 16 213.29 43.6075 43.5853
2 17 231.493 41.5648 41.4681
2 18 288.237 52.535 52.5355
2 19 397.836 75.1732 75.075
2 20 0 0.250592 0
3 0 25.7318 7.16956 6.39516
3 1 21.9503 6.72431 6.51848
3 2 18.5999 5.75893 5.73806
3 3 17.6138 5.586 5.39808
3 4 19.7788 6.1798 6.0299
3 5 19.4478 8.16128 8.01551
3 6 15.8943 4.69388 4.57255
3 7 13.1759 4.27125 4.24542
3 8 21.5606 6.37537 6.23897
3 9 26.7861 8.72916 8.59975
3 10 30.9145 9.86009 9.85203
3 11 26.2674 8.18767 8.17442
3 12 30.8246 8.21051 8.19764
3 13 31.1765 9.07684 8.93664
3 14 40.0633 10.5827 10.0511
3 15 47.3358 12.7287 12.5868
3 16 73.2786 19.7009 19.5575
3 17 99.4984 26.6226 26.4792
3 18 140.605 39.7363 39.5744
3 19 242.929 67.5703 67.4061
3 20 0 0.250592 0
4 0 32.7294 9.01738 8.91034
4 1 17.8284 4.51328 4.1439
4 2 18.1445 4.70135 4.26957
4 3 17.7223 5.47726 5.29749
4 4 14.0622 3.49427 3.06722
4 5 20.3653 6.18556 6.06894
4 6 17.4698 4.43858 4.31721
4 7 20.9558 6.47275 6.35697
4 8 18.672 4.56544 4.19626
4 9 24.9785 8.49347 8.29243
4 10 24.0081 5.98272 5.61629
4 11 24.6186 5.8163 5.69961
4 12 28.2772 9.09211 8.98459
4 13 34.1914 9.73899 9.69885
4 14 39.576 9.44205 9.24603
4 15 40.1632 10.9271 10.7931
4 16 60.0306 16.2496 16.1655
4 17 63.2096 14.9866 14.8084
4 18 75.5388 18.0007 17.9866
4 19 129.027 36.8997 36.7346
4 20 0 0.250592 0
