0 0
1 0 72.0253 14.3234 14.1439
1 1 60.4291 14.8581 14.6792
1 2 58.9022 11.3685 11.3095
1 3 54.6428 11.9463 11.8516
1 4 58.8192 11.8516 11.794
1 5 57.6688 12.4753 12.4756
1 6 50.3071 10.7218 9.95263
1 7 60.9789 14.8336 14.7164
1 8 76.2137 16.887 16.7152
1 9 76.4165 15.5802 15.4746
1 10 86.4089 20.1749 20.1983
1 11 104.702 25.7672 25.6452
1 12 127.533 26.5676 26.4785
1 13 149.602 30.8502 30.7617
1 14 188.338 39.7448 39.65
1 15 261.382 57.8848 57.7753
1 16 327.297 65.5037 65.4054
1 17 390.691 71.9389 71.8452
1 18 562.579 104.393 104.271
1 19 859.96 158.794 158.601
1 20 0 0.250592 0
2 0 88.1322 16.8861 16.7149
2 1 77.795 15.1056 14.3491
2 2 66.399 13.6803 13.2741
2 3 66.2177 11.8048 11.6877
2 4 67.5491 13.522 13.3975
2 5 69.3926 13.0157 13.0177
2 6 65.4016 11.675 11.545
2 7 71.5735 13.7763 13.4341
2 8 75.1833 14.7563 14.6686
2 9 83.4702 16.3718 16.2688
2 10 94.0583 19.354 19.0297
2 11 100.317 20.8915 20.917
2 12 102.805 22.1014 22.0037
2 13 106.061 19.0338 19.0228
2 14 105.884 20.2905 20.2201
2 15 124.572 28.3569 28.3735
2 16 134.054 24.7299 24.6527
2 17 148.76 27.331 27.1926
2 18 162.761 28.2662 27.8925
2 19 203.939 38.2145 38.1648
2 20 0 0.250592 0
3 0 32.5708 8.95445 8.1817
3 1 22.7821 6.12569 5.91881
3 2 19.9557 5.21222 5.18996
3 3 22.2571 7.02819 6.83923
3 4 20.1085 5.39888 5.24737
3 5 19.4769 7.38318 7.23577
3 6 19.8225 5.97374 5.85645
3 7 15.1131 4.10232 4.07645
3 8 25.3572 7.31156 7.17828
3 9 29.4134 9.14975 9.02195
3 10 32.3789 8.8063 8.7952
3 11 30.9763 9.5698 9.56087
3 12 34.9893 9.41982 9.41061
3 13 37.4062 10.442 10.379
3 14 51.8972 13.6213 13.0985
3 15 60.3272 16.0261 15.8868
3 16 89.6532 22.9517 22.8206
3 17 121.619 31.6096 31.473
3 18 174.223 48.4099 48.2512
3 19 293.648 77.8943 77.7393
3 20 0 0.250592 0
4 0 23.9655 6.00512 5.88879
4 1 15.0718 3.87868 3.50857
4 2 15.2704 4.18023 3.74799
4 3 11.1542 2.80733 2.62133
4 4 11.8077 3.04105 2.61475
4 5 16.4865 4.50018 4.37866
4 6 13.5416 3.40351 3.03331
4 7 15.1689 4.17851 4.05592
4 8 14.8754 3.61276 3.25695
4 9 18.9082 5.71669 5.56554
4 10 19.1006 4.7374 4.36843
4 11 19.9097 4.68204 4.31316
4 12 20.2629 5.42005 5.30161
4 13 24.112 5.90298 5.78644
4 14 27.7422 6.43356 6.19862
4 15 25.247 6.40619 6.25814
4 16 38.2881 9.46789 9.36266
4 17 39.1643 8.71977 8.57957
4 18 40.4021 8.28407 8.24012
4 19 70.2852 21.6802 21.3562
4 20 0 0.250592 0
