0 0
1 0 17.7955 6.27537 6.19143
1 1 100.05 26.8196 26.8251
1 2 266.064 65.142 65.239
1 3 542.517 119.116 119.376
1 4 803.735 170.511 170.84
1 5 832.047 176.098 176.429
1 6 815.598 177.205 177.543
1 7 673.471 143.919 144.203
1 8 550.629 105.568 105.779
1 9 474.757 95.3528 95.5437
1 10 385.442 74.0677 74.2223
1 11 324.001 68.975 69.1213
1 12 269.906 51.5867 51.6505
1 13 220.261 42.1816 42.2202
1 14 168.665 33.0357 33.0544
1 15 148.127 28.8247 28.8081
1 16 119.544 21.8845 21.7088
1 17 94.9121 20.2696 20.2459
1 18 85.401 17.1331 17.1296
1 19 62.0226 12.0213 11.9615
1 20 42.4687 7.59338 7.42252
1 21 38.4357 7.31882 7.15941
1 22 34.6403 7.32514 7.23969
1 23 28.9883 5.63197 5.48512
1 24 234.826 60.1886 60.2817
2 0 12.3171 3.91792 3.81868
2 1 72.9794 18.477 18.4574
2 2 190.49 42.406 42.4402
2 3 415.756 84.2084 84.393
2 4 634.131 127.595 127.848
2 5 651.151 128.22 128.465
2 6 640.281 128.603 128.851
2 7 527.967 103.336 103.54
2 8 434.477 77.0082 77.1609
2 9 377.085 70.0092 70.1439
2 10 299.627 52.7972 52.864
2 11 255.739 52.5669 52.6708
2 12 211.025 37.9065 37.9321
2 13 170.451 30.2325 30.2369
2 14 129.708 23.8687 23.8453
2 15 116.647 21.5815 21.5466
2 16 92.8703 16.1797 16.0174
2 17 74.9165 15.1368 15.0809
2 18 64.8606 12.141 12.001
2 19 47.2864 8.31081 8.22836
2 20 33.6049 5.81082 5.62023
2 21 30.3061 5.73157 5.56983
2 22 27.1069 5.50597 5.32856
2 23 22.2469 4.06448 3.90513
2 24 166.482 40.3696 40.2393
3 0 5.47848 2.52351 2.37274
3 1 27.0704 8.43069 8.36777
3 2 75.5741 22.8095 22.7988
3 3 126.762 34.958 34.9827
3 4 169.604 42.9472 42.9921
3 5 180.896 47.9039 47.9644
3 6 175.317 48.6284 48.6926
3 7 145.504 40.6212 40.6631
3 8 116.152 28.7372 28.6179
3 9 97.6719 25.3992 25.3998
3 10 85.815 21.3674 21.3582
3 11 68.2619 16.4787 16.4504
3 12 58.8807 13.7791 13.7185
3 13 49.8106 12.0215 11.9834
3 14 38.9577 9.40312 9.20908
3 15 31.4796 7.3525 7.26141
3 16 26.6739 5.86414 5.69135
3 17 19.9956 5.22477 5.16501
3 18 20.5405 5.2141 5.12864
3 19 14.7362 3.83587 3.73314
3 20 8.8638 1.96386 1.80228
3 21 8.12958 1.75625 1.58959
3 22 7.53334 2.02515 1.91113
3 23 6.74132 1.73417 1.57999
3 24 68.344 20.0866 20.0425
4 0 8.43511 3.28835 3.19373
4 1 49.6865 13.7957 13.7615
4 2 143.703 38.5037 38.5344
4 3 314.849 71.3116 71.4571
4 4 493.747 112.125 112.331
4 5 525.197 118.771 119.028
4 6 533.019 120.094 120.347
4 7 456.06 103.683 103.903
4 8 373.88 72.6615 72.8105
4 9 328.186 65.2997 65.4262
4 10 270.781 53.3383 53.4416
4 11 223.44 47.6742 47.7723
4 12 190.2 35.8341 35.8607
4 13 153.368 28.9287 28.9353
4 14 123.526 25.2688 25.2317
4 15 107.084 20.5918 20.5352
4 16 88.5803 15.9896 15.8263
4 17 69.7482 15.578 15.5399
4 18 65.4838 12.9328 12.9147
4 19 47.3847 9.2336 9.16514
4 20 34.4679 6.29242 6.1161
4 21 28.0226 5.21556 5.03665
4 22 25.7416 5.34835 5.25932
4 23 19.319 3.53628 3.37517
4 24 163.354 37.0751 36.9542
5 0 9.36044 3.09527 2.99769
5 1 50.3633 13.1166 13.0636
5 2 122.361 26.7038 26.7047
5 3 227.669 47.8636 47.9186
5 4 309.988 58.4006 58.5097
5 5 306.851 57.3292 57.4014
5 6 282.579 57.0953 57.1965
5 7 217.411 40.2684 40.3003
5 8 176.749 32.9443 32.9682
5 9 146.571 30.105 30.1175
5 10 114.661 20.9379 20.7806
5 11 100.561 21.3779 21.349
5 12 79.7054 15.8322 15.7898
5 13 66.8927 13.4156 13.2849
5 14 45.1394 7.96858 7.82268
5 15 41.0431 8.33629 8.2729
5 16 30.9639 6.04404 5.88245
5 17 25.1639 4.80571 4.70594
5 18 19.9173 4.37776 4.21493
5 19 14.6379 2.92333 2.79637
5 20 8.00082 1.47508 1.30641
5 21 10.4131 2.28184 2.12276
5 22 8.89873 2.14029 1.98037
5 23 9.66924 2.26939 2.10995
5 24 71.472 23.3291 23.3275
6 0 4.4546 1.38006 1.27573
6 1 34.5848 8.97954 8.93052
6 2 96.1065 23.5834 23.5701
6 3 233.892 48.7318 48.8144
6 4 381.475 81.3694 81.5013
6 5 397.52 83.2012 83.3766
6 6 410.495 84.0418 84.2102
6 7 350.398 71.965 72.1086
6 8 289.473 51.1288 51.2256
6 9 257.631 47.4746 47.5561
6 10 207.629 37.0351 37.0624
6 11 172.556 34.7644 34.8216
6 12 145.883 25.8566 25.7431
6 13 118.102 20.6138 20.578
6 14 93.4854 18.0756 18.0223
6 15 83.4008 15.0054 14.9356
6 16 68.1793 11.7368 11.5824
6 17 54.4247 11.7777 11.695
6 18 49.2197 9.12907 8.97946
6 19 35.4574 6.32433 6.23791
6 20 26.9352 4.77406 4.57874
6 21 21.1832 3.86145 3.6817
6 22 20.0316 3.9386 3.75573
6 23 15.6947 2.77652 2.60768
6 24 114.794 24.506 24.3467
7 0 7.86246 2.63966 2.54296
7 1 38.3945 9.59073 9.52685
7 2 94.3832 18.8925 18.8702
7 3 181.864 35.5805 35.5786
7 4 252.657 46.2667 46.3469
7 5 253.631 45.0438 45.0881
7 6 229.786 44.5729 44.6406
7 7 177.57 31.4202 31.4315
7 8 145.004 25.9312 25.9352
7 9 119.454 22.6131 22.5878
7 10 91.9981 15.9742 15.8017
7 11 83.1836 17.8875 17.8493
7 12 65.1416 12.2608 12.189
7 13 52.3487 9.79752 9.65885
7 14 36.2222 5.98416 5.823
7 15 33.2466 6.67966 6.61102
7 16 24.691 4.59417 4.43501
7 17 20.4919 3.55592 3.38582
7 18 15.6409 3.18094 3.02152
7 19 11.8289 2.16333 1.99045
7 20 6.66974 1.20388 1.04149
7 21 9.12288 2.03565 1.88813
7 22 7.07535 1.72946 1.57283
7 23 6.55223 1.45946 1.29745
7 24 51.6879 16.0449 15.8925
8 0 3.98051 2.08473 1.91801
8 1 15.1017 4.91439 4.83102
8 2 47.5966 14.997 14.9643
8 3 80.9569 22.6549 22.6427
8 4 112.272 30.814 30.8292
8 5 127.677 35.624 35.6511
8 6 122.524 36.1088 36.1367
8 7 105.662 31.7778 31.7943
8 8 84.4071 21.7263 21.5849
8 9 70.5547 17.8921 17.8701
8 10 63.1519 16.402 16.3793
8 11 50.8844 12.9893 12.9507
8 12 44.3169 10.1819 10.1177
8 13 35.2666 8.40662 8.35734
8 14 30.0405 7.39836 7.2094
8 15 23.6831 5.69597 5.59953
8 16 20.401 4.41329 4.24391
8 17 15.3235 3.99445 3.84489
8 18 16.2641 4.03974 3.93523
8 19 11.9273 3.10244 2.92723
8 20 7.53272 1.7017 1.53736
8 21 6.83938 1.52185 1.35495
8 22 5.70996 1.62164 1.50359
8 23 3.62431 0.923779 0.767488
8 24 48.5599 12.7731 12.6075
9 0 1.49798 0.607031 0.454738
9 1 11.9687 3.63171 3.53675
9 2 27.9775 7.8997 7.8345
9 3 45.805 12.3785 12.34
9 4 57.3318 12.2983 12.1628
9 5 53.2194 12.3647 12.3133
9 6 52.7933 12.5932 12.5559
9 7 39.8415 8.93399 8.8688
9 8 31.7449 7.18171 7.03301
9 9 27.1172 7.61592 7.52972
9 10 22.6631 5.13524 4.97899
9 11 17.3774 3.67004 3.49971
9 12 14.5638 3.69619 3.60081
9 13 14.544 3.77938 3.62602
9 14 8.91713 2.1663 1.99967
9 15 7.79652 1.81644 1.66188
9 16 6.27296 1.60891 1.44744
9 17 4.67201 1.43974 1.32012
9 18 4.27643 1.34896 1.19341
9 19 2.80894 0.93299 0.805918
9 20 1.33108 0.408904 0.264924
9 21 1.2902 0.379404 0.234633
9 22 1.82338 0.555556 0.407539
9 23 3.11701 0.958773 0.8125
9 24 19.7841 7.50331 7.43497
