0.03 0
1 0 2886.19 249.641 248.227
1 1 340.933 24.7614 24.731
1 2 280.286 20.3774 20.3533
1 3 228.017 16.832 16.8121
1 4 199.518 16.5744 16.5537
1 5 161.625 13.2262 13.2082
1 6 139.088 12.3524 12.3332
1 7 120.832 10.1097 10.0931
1 8 103.237 8.75043 8.73419
1 9 90.7918 7.3244 7.30994
1 10 80.9215 8.21287 8.19117
1 11 76.0151 7.5101 7.48962
1 12 66.5357 6.05103 6.03375
1 13 61.5384 6.69652 6.7088
1 14 54.515 5.28969 5.30446
1 15 51.8338 4.37465 4.35998
1 16 44.7191 3.82533 3.83595
1 17 43.1848 4.52704 4.53309
1 18 886.413 95.7192 95.5631
