0 0
1 0 710.843 168.104 167.907
1 1 224.89 46.1318 46.0392
1 2 238.052 55.9465 55.8896
1 3 230.43 52.1432 52.138
1 4 231.091 49.0364 49.1047
1 5 211.305 43.2931 43.2018
1 6 204.61 43.385 43.2882
1 7 185.372 42.2207 42.1242
1 8 172.247 40.0818 40.0202
1 9 151.764 34.027 34.0548
1 10 130.53 29.3053 29.2357
1 11 117.438 25.486 25.5051
1 12 107.523 23.2696 23.1737
1 13 89.3295 18.535 18.4067
1 14 75.1318 15.6832 15.6565
1 15 67.1514 15.7824 15.4527
1 16 60.312 12.889 12.8233
1 17 52.5189 11.9972 11.8985
1 18 43.9233 9.72495 9.59629
1 19 41.5575 9.369 9.25786
1 20 35.3202 8.65402 8.55798
1 21 31.4075 6.73554 6.68051
1 22 33.4637 8.54714 8.50163
1 23 30.1686 7.80486 7.65167
1 24 24.8178 6.48788 6.37473
1 25 319.803 77.9879 77.8518
2 0 457.072 109.979 109.828
2 1 249.236 44.6435 44.6588
2 2 268.306 52.5034 52.5465
2 3 242.452 48.047 48.0293
2 4 234.042 43.889 43.8599
2 5 210.956 40.5669 40.611
2 6 204.981 42.3506 42.3438
2 7 162.675 30.6337 30.5697
2 8 141.248 26.4805 26.428
2 9 143.639 31.4602 31.4462
2 10 105.435 19.6933 19.5116
2 11 104.705 21.6421 21.5927
2 12 85.8468 16.0016 15.875
2 13 91.9003 22.1776 22.0207
2 14 76.8717 16.1274 16.0192
2 15 55.7351 10.1762 10.103
2 16 50.2983 11.3154 11.1917
2 17 41.549 8.14065 7.9024
2 18 45.9381 9.52795 9.43584
2 19 40.006 10.0697 10.031
2 20 28.015 5.84394 5.74854
2 21 32.261 12.2955 12.0478
2 22 30.492 8.03379 7.93083
2 23 20.0657 4.01469 3.80447
2 24 19.8332 5.15202 4.92288
2 25 300.037 74.1284 74.2648
