0 0
1 0 104.345 28.9954 28.6998
1 1 257.258 69.6326 69.6858
1 2 215.341 58.7314 58.4496
1 3 131.82 34.7503 34.6605
1 4 93.0882 26.5973 26.2304
1 5 55.0213 14.0054 13.7061
1 6 37.7069 9.67384 9.36098
1 7 26.9446 11.9679 11.6574
1 8 17.8497 5.18191 4.85584
1 9 12.8557 3.48687 3.15841
1 10 7.00989 7.11541 6.73481
1 11 4.50609 1.38768 1.08128
1 12 2.39078 0.903508 0.615392
1 13 0.786861 0.375038 0.154788
1 14 1.12535 0.529342 0.269846
1 15 0.195025 0.214703 0.0380347
1 16 0 0.249966 0
1 17 0 0.249966 0
2 0 301.958 81.8954 82.0001
2 1 519.406 135.521 135.523
2 2 370.286 96.675 96.7628
2 3 222.664 58.2848 58.1232
2 4 136.896 35.1974 34.9369
2 5 91.5304 24.6019 24.4805
2 6 49.7226 12.4305 12.1263
2 7 38.3189 11.2928 10.9841
2 8 22.6902 6.01439 5.69084
2 9 10.1668 2.89506 2.58296
2 10 7.91609 2.37184 2.04326
2 11 4.54511 1.49279 1.23571
2 12 2.19575 0.838254 0.577357
2 13 0.785171 0.385629 0.154126
2 14 0.393431 0.278734 0.0773939
2 15 0.340178 0.359182 0.115721
2 16 0.536893 0.388946 0.154418
2 17 0.340178 0.359182 0.115721
3 0 238.846 65.8177 65.8487
3 1 445.052 122.164 121.98
3 2 384.409 103.922 103.751
3 3 238.235 65.8155 65.7916
3 4 165.307 45.042 45.0447
3 5 110.142 30.3584 30.3177
3 6 63.3389 16.211 15.9188
3 7 37.327 9.93177 9.59064
3 8 31.1429 8.55282 8.11328
3 9 18.7313 4.83676 4.51061
3 10 13.6123 3.66833 3.29791
3 11 8.85814 2.67073 2.34156
3 12 6.18356 1.87445 1.51221
3 13 2.49559 0.810515 0.538076
3 14 4.46498 1.50489 1.2072
3 15 2.59426 0.918248 0.656738
3 16 1.51202 0.608303 0.344591
3 17 0.785171 0.385629 0.154126
4 0 504.557 140.114 140.283
4 1 790.645 232.971 233.424
4 2 629.278 167.51 167.785
4 3 422.059 112.458 112.641
4 4 267.846 71.0366 71.0237
4 5 163.793 42.5047 42.2953
4 6 94.0898 24.826 24.7085
4 7 56.3439 14.2934 13.9951
4 8 40.9293 11.7966 11.6346
4 9 29.4368 10.2163 9.90293
4 10 19.9288 5.39953 5.07438
4 11 13.8097 3.72833 3.40011
4 12 10.0235 7.37253 7.02809
4 13 6.0459 2.104 1.77429
4 14 4.1483 1.45495 1.15699
4 15 1.32037 0.569566 0.307881
4 16 2.03034 0.828831 0.560344
4 17 1.85727 0.724409 0.462299
