0 0
1 0 0.0279 0.0439888 0.000778409
1 1 157.293 36.6106 36.6696
1 2 959.429 214.838 215.242
1 3 1244.09 251.802 252.16
1 4 1267.01 253.498 253.835
1 5 1013.73 193.297 193.59
1 6 815.905 163.724 164.026
1 7 557.554 119.585 119.838
1 8 400.618 91.3169 91.4576
1 9 273.253 65.1771 65.2808
1 10 189.338 41.9463 42.0186
1 11 117.943 26.7813 26.7799
1 12 90.8062 21.4032 21.3723
1 13 64.7511 15.171 15.1575
1 14 51.1853 12.053 11.8664
1 15 131.366 36.3569 36.3873
2 0 0.0279 0.0439888 0.000778409
2 1 151.628 35.7177 35.7743
2 2 790.02 180.117 180.479
2 3 805.786 167.705 168.022
2 4 670.921 139.48 139.723
2 5 472.008 94.7184 94.9171
2 6 325.08 66.6769 66.82
2 7 208.923 49.5542 49.6572
2 8 134.428 29.8404 29.7104
2 9 86.3344 20.4577 20.4365
2 10 61.3744 14.8012 14.7953
2 11 31.3074 8.28765 8.12778
2 12 25.5493 6.43373 6.34616
2 13 15.3363 3.76972 3.60139
2 14 15.9342 4.23413 4.06867
2 15 41.9262 13.0227 12.8556
3 0 0 0.151737 0
3 1 5.66548 1.05187 0.895246
3 2 169.409 34.7545 34.7624
3 3 438.307 83.9691 84.138
3 4 596.093 113.889 114.113
3 5 541.721 98.5282 98.6725
3 6 490.825 97.0102 97.2061
3 7 348.631 70.0386 70.1806
3 8 266.19 61.6661 61.7472
3 9 186.918 44.7896 44.8443
3 10 127.963 27.3491 27.2233
3 11 86.6357 18.6731 18.6522
3 12 65.2569 15.1683 15.0261
3 13 49.4148 11.5782 11.5562
3 14 35.2512 7.9729 7.79773
3 15 89.4395 23.539 23.5316
4 0 0 0.151737 0
4 1 82.3824 36.7951 36.7594
4 2 3032.22 1357.34 1359.09
4 3 8024.46 3709.47 3704.25
4 4 12377.8 5994.01 5973.05
4 5 14499.4 7026.71 6995.56
4 6 14858.7 7347.07 7313.62
4 7 13937 6998.25 6970.05
4 8 11898.1 5768.75 5750.39
4 9 9601.85 4503.94 4493.87
4 10 7576.56 3628.62 3624.89
4 11 5694.57 2691.71 2691.53
4 12 4131.18 1963.34 1964.87
4 13 2965.14 1351.08 1352.86
4 14 2066.96 883.039 884.598
4 15 5892.39 2459.13 2457.73
5 0 0 0.151737 0
5 1 82.3824 36.7951 36.7594
5 2 2418.81 1056.56 1058.23
5 3 4184.16 1813.67 1814.66
5 4 5143.58 2152.81 2152.57
5 5 5249.61 2222.12 2221.8
5 6 4911.19 2098.03 2098.18
5 7 4379.34 1942.71 1943.72
5 8 3584.99 1528.92 1530.24
5 9 2796.85 1124.88 1126.23
5 10 2186.13 950.883 952.516
5 11 1657.23 742.897 744.402
5 12 1176.39 538.344 539.598
5 13 844.561 382.88 383.824
5 14 606.044 238.64 239.237
5 15 1708.51 650.898 652.101
6 0 0 0.151737 0
6 1 0 0.151737 0
6 2 613.408 300.177 300.863
6 3 3840.3 1887.74 1889.59
6 4 7234.22 3822.29 3820.48
6 5 9249.81 4780.94 4773.76
6 6 9947.47 5224.87 5215.45
6 7 9557.71 5034.16 5026.33
6 8 8313.12 4225.01 4220.15
6 9 6804.99 3369.12 3367.64
6 10 5390.42 2671.68 2672.37
6 11 4037.34 1945.39 1947.13
6 12 2954.79 1423.22 1425.27
6 13 2120.58 967.302 969.041
6 14 1460.92 644 645.362
6 15 4183.88 1804.65 1805.63
