0 0
1 0 165.932 34.6802 34.5638
1 1 140.149 30.36 30.2633
1 2 125.301 24.6026 24.5835
1 3 123.11 24.964 24.8796
1 4 127.887 26.275 26.2612
1 5 132.836 29.1493 29.1983
1 6 115.709 21.569 21.4976
1 7 136.726 30.8301 30.7257
1 8 154.84 33.8075 33.6885
1 9 165.661 35.4934 35.4484
1 10 181.903 40.1575 40.2375
1 11 212.718 51.6273 51.5022
1 12 232.263 49.8181 49.7172
1 13 262.956 54.6572 54.5592
1 14 303.846 66.1555 66.0451
1 15 389.803 88.7482 88.6188
1 16 467.125 93.881 93.7632
1 17 539.044 98.9892 98.8725
1 18 735.289 138.606 138.443
1 19 1075.37 204.383 204.116
1 20 0 0.250592 0
2 0 58.4612 15.4432 15.3055
2 1 39.7787 10.8545 10.6624
2 2 36.7443 10.015 10.0076
2 3 35.3361 10.8791 10.6956
2 4 33.841 9.16399 9.09712
2 5 39.8131 14.2093 14.0844
2 6 33.3641 8.99679 8.88976
2 7 34.1317 10.6081 10.6024
2 8 40.2326 10.5578 10.4352
2 9 51.7646 17.0656 16.8922
2 10 54.9226 15.4591 15.4683
2 11 50.886 13.8696 13.874
2 12 59.1018 17.1679 17.1822
2 13 65.3679 18.6729 18.6355
2 14 79.6394 19.4612 19.2972
2 15 87.499 23.5241 23.3799
2 16 133.309 35.8698 35.723
2 17 162.708 41.421 41.2876
2 18 216.144 57.7109 57.561
2 19 371.957 104.321 104.141
2 20 0 0.250592 0
