0 0
1 0 130.685 27.7896 27.8291
1 1 150.716 29.6728 29.68
1 2 83.1999 19.0479 19.0068
1 3 34.6002 9.1369 8.9859
1 4 19.0366 3.94012 3.76729
1 5 15.7407 4.88221 4.78949
1 6 9.38168 2.10864 1.94272
1 7 6.10566 1.39757 1.22641
1 8 7.60689 3.85419 3.7574
1 9 4.96159 1.20423 1.03713
1 10 4.2004 1.00556 0.850829
1 11 3.31344 0.946902 0.794882
1 12 35.9044 10.0286 9.99897
2 0 97.7866 23.123 23.1005
2 1 194.771 45.1848 45.2566
2 2 149.573 29.7171 29.6985
2 3 91.1152 18.8675 18.8167
2 4 50.0036 12.5553 12.5173
2 5 28.7574 6.89795 6.82562
2 6 20.4537 5.56719 5.48162
2 7 10.5794 2.64397 2.53889
2 8 14.6928 5.70158 5.62258
2 9 4.79875 1.2218 1.07159
2 10 6.54726 2.65622 2.53984
2 11 4.23385 1.29692 1.17674
2 12 30.1113 8.09911 8.07943
3 0 75.9664 15.7246 15.6859
3 1 173.588 35.1263 35.1385
3 2 167.285 29.7084 29.5577
3 3 134.812 24.6978 24.6556
3 4 89.9044 17.6506 17.6026
3 5 48.6438 9.56032 9.49664
3 6 29.2863 6.02917 5.88423
3 7 18.8513 4.65475 4.4858
3 8 14.5008 3.09797 2.93756
3 9 9.02257 1.80723 1.63642
3 10 7.2161 1.70408 1.58661
3 11 5.24205 1.17532 1.01511
3 12 37.7783 8.49557 8.43185
4 0 75.9792 19.6047 19.6089
4 1 153.481 31.1705 31.2218
4 2 166.944 29.7416 29.7384
4 3 144.102 23.2832 23.1682
4 4 112.114 19.4827 19.4607
4 5 75.1861 12.6999 12.4892
4 6 45.3496 8.38703 8.20286
4 7 24.1169 4.45282 4.32006
4 8 19.9186 3.92638 3.81609
4 9 11.2308 2.07807 1.89588
4 10 11.5279 2.45729 2.29109
4 11 9.82808 2.15166 1.98095
4 12 75.3545 17.9298 17.9382
5 0 112.302 22.2196 22.2301
5 1 314.83 54.9193 54.9967
5 2 175.218 31.4614 31.4718
5 3 82.0796 19.6563 19.6167
5 4 45.7722 12 11.93
5 5 26.7853 7.09935 7.03323
5 6 15.4902 3.8641 3.70786
5 7 13.159 3.5127 3.42718
5 8 8.86541 2.22032 2.06449
5 9 9.1739 2.24628 2.08093
5 10 6.36095 1.39644 1.23543
5 11 7.08485 1.79207 1.63092
5 12 63.142 14.8442 14.8076
6 0 78.9018 17.8818 17.8753
6 1 226.344 47.2164 47.2738
6 2 195.653 34.2303 34.2496
6 3 115.383 21.0741 21.0362
6 4 63.6573 13.3504 13.3033
6 5 31.882 7.73197 7.67023
6 6 15.681 4.84528 4.67684
6 7 10.4178 2.71887 2.62173
6 8 4.30725 0.934278 0.768823
6 9 3.89526 1.02787 0.883322
6 10 4.15551 1.20666 1.05976
6 11 3.73896 1.11751 0.960394
6 12 36.7479 10.0383 9.89075
7 0 47.5471 9.73838 9.67657
7 1 121.108 24.8684 24.8579
7 2 134.877 24.4392 24.319
7 3 106.095 16.6429 16.4881
7 4 76.6471 12.5865 12.5276
7 5 43.8491 14.1327 14.0765
7 6 23.1794 5.58414 5.48543
7 7 13.0484 3.30448 3.15612
7 8 7.71345 1.60728 1.44941
7 9 4.38501 0.790956 0.628898
7 10 5.40099 1.22287 1.07367
7 11 4.99674 1.19253 1.0244
7 12 31.997 8.71953 8.63311
8 0 34.812 7.60058 7.53399
8 1 95.4174 18.7687 18.699
8 2 99.7001 19.1505 19.1202
8 3 85.0083 14.4054 14.3339
8 4 68.3559 11.5098 11.4375
8 5 47.017 8.26843 8.08952
8 6 26.0453 4.87872 4.70677
8 7 13.8891 2.42025 2.249
8 8 10.3618 1.76176 1.59165
8 9 8.73719 1.60299 1.43654
8 10 7.84008 1.82127 1.66523
8 11 4.99322 1.08715 0.925928
8 12 48.5989 9.45868 9.28995
9 0 42.9857 10.838 10.771
9 1 55.0736 17.102 17.078
9 2 31.0076 10.9585 10.9034
9 3 21.2672 8.50005 8.43671
9 4 9.03979 2.40803 2.25701
9 5 5.73586 1.70592 1.56192
9 6 4.77007 1.63793 1.48837
9 7 3.43006 1.07221 0.925243
9 8 1.70646 0.534264 0.379049
9 9 3.6503 1.29773 1.19008
9 10 1.36568 0.587213 0.437134
9 11 1.12469 0.467143 0.316027
9 12 19.7728 6.10563 6.03249
10 0 25.387 6.18431 6.0221
10 1 47.4198 12.2779 12.2259
10 2 43.8646 11.8589 11.8219
10 3 27.2512 8.14826 8.10013
10 4 18.7081 6.48408 6.39448
10 5 9.6052 2.74508 2.5857
10 6 3.76927 1.26254 1.11728
10 7 4.18389 1.40005 1.2902
10 8 1.52265 0.556394 0.407009
10 9 2.1208 0.732559 0.578362
10 10 1.19612 0.508967 0.354514
10 11 0.759818 0.340698 0.193231
10 12 10.8626 3.74821 3.66486
11 0 22.3074 5.78855 5.63012
11 1 47.0045 12.1266 12.0839
11 2 44.8419 10.9166 10.8553
11 3 47.5573 15.4001 15.3723
11 4 24.7051 5.50664 5.33866
11 5 19.2939 5.32261 5.25059
11 6 10.1108 2.84984 2.75131
11 7 4.75424 1.10905 0.957213
11 8 5.20242 1.58249 1.4367
11 9 4.38637 1.60376 1.49598
11 10 2.4992 0.868147 0.715755
11 11 1.4088 0.584442 0.437465
11 12 12.4111 3.60184 3.51586
12 0 20.5544 9.67333 9.51393
12 1 51.95 14.3939 14.3593
12 2 58.0322 18.7449 18.7047
12 3 47.6735 10.9874 10.9382
12 4 37.0694 10.5101 10.4483
12 5 31.9849 8.26459 8.19579
12 6 12.1774 2.54256 2.36111
12 7 11.8626 2.81607 2.64625
12 8 7.98448 1.93044 1.76322
12 9 3.50017 2.0183 1.82644
12 10 3.38856 0.853197 0.704699
12 11 3.24576 0.833986 0.670231
12 12 30.5107 7.76775 7.61872
13 0 24.6711 6.59628 6.52935
13 1 69.8114 19.6203 19.6054
13 2 37.9547 8.88456 8.71885
13 3 17.8583 4.51163 4.43859
13 4 12.4916 4.16455 4.07999
13 5 5.85414 1.75292 1.63822
13 6 7.08011 2.85574 2.73885
13 7 3.00315 0.875918 0.723011
13 8 3.40607 1.04041 0.886417
13 9 1.9487 0.626799 0.474315
13 10 2.55172 1.09727 0.978606
13 11 1.69146 0.539566 0.392251
13 12 14.2609 3.68727 3.5273
14 0 19.3784 6.32651 6.26078
14 1 49.7065 13.0582 13.011
14 2 36.782 8.5137 8.45007
14 3 32.4126 8.21692 8.12832
14 4 15.2629 3.83293 3.75451
14 5 8.94109 2.13477 1.98489
14 6 8.2602 3.1488 3.04005
14 7 1.58024 0.433255 0.283191
14 8 1.09742 0.36914 0.225571
14 9 0.702131 0.296464 0.155737
14 10 1.10207 0.372409 0.224017
14 11 0.943059 0.528103 0.350373
14 12 7.19836 2.39242 2.28297
15 0 12.9087 4.25782 4.15339
15 1 37.7245 11.3832 11.326
15 2 31.9822 7.28674 7.12916
15 3 28.6483 6.25461 6.09391
15 4 19.4347 4.21705 4.0593
15 5 11.9308 2.67195 2.52006
15 6 6.67208 1.64444 1.52629
15 7 4.24842 1.20864 1.04246
15 8 3.62802 1.00408 0.853907
15 9 2.85446 0.847608 0.696311
15 10 1.32964 0.430026 0.280617
15 11 1.88034 0.576626 0.425988
15 12 4.94868 1.19288 1.03436
16 0 6.0603 1.36124 1.19413
16 1 25.252 6.55024 6.41077
16 2 25.3488 8.31011 8.15817
16 3 27.5591 8.07564 7.91086
16 4 24.9906 7.7528 7.689
16 5 11.4607 2.22531 2.04815
16 6 9.24486 2.23061 2.05939
16 7 4.99182 1.33613 1.1745
16 8 2.73407 0.70262 0.5502
16 9 3.49658 0.908309 0.747376
16 10 4.35296 1.23741 1.07653
16 11 2.90074 0.902946 0.7486
16 12 18.524 6.36237 6.18411
