0 0
1 0 184.344 46.8399 46.9326
1 1 230.649 56.912 57.0229
1 2 227.442 56.6116 56.6908
1 3 228.092 57.1129 57.2308
1 4 237.968 59.2743 59.3521
1 5 230.678 53.9727 54.0349
1 6 227.184 57.2425 57.3633
1 7 261.708 71.9874 72.1459
1 8 230.956 51.9843 52.0849
1 9 217.652 47.301 47.3518
1 10 235.227 57.2471 57.3594
1 11 209.061 47.7766 47.8617
1 12 227.396 50.3157 50.4069
1 13 252.526 64.7398 64.8773
1 14 239.122 50.7039 50.8143
1 15 224.052 48.1023 48.1515
1 16 228.783 50.8217 50.9127
1 17 217.598 47.0827 47.1674
1 18 221.93 51.6505 51.7462
1 19 234.604 57.7746 57.8925
1 20 264.821 64.8469 64.9846
1 21 229.814 53.2558 53.3772
1 22 208.33 44.8729 44.91
1 23 230.049 52.9446 53.0493
1 24 218.32 46.2186 46.2636
1 25 227.855 50.6315 50.7356
1 26 224.731 50.9493 51.0482
1 27 219.723 46.475 46.5255
1 28 215.416 48.547 48.6339
1 29 166.151 38.5003 38.4925
1 30 4.61795 1.33519 1.19001
1 31 0 0.151737 0
1 32 0 0.151737 0
2 0 119.04 27.3619 27.4028
2 1 175.426 40.1036 40.1678
2 2 174.923 41.0661 41.1017
2 3 168.6 39.0103 39.0771
2 4 187.262 43.9971 44.0407
2 5 175.145 36.4963 36.5089
2 6 174.414 39.0812 39.1508
2 7 186.641 43.3173 43.3961
2 8 173.441 35.8019 35.6693
2 9 174.664 36.5437 36.5635
2 10 183.096 42.8483 42.893
2 11 164.901 35.9234 35.7681
2 12 179.707 36.5706 36.6242
2 13 205.018 51.9446 52.0479
2 14 188.336 37.9809 38.0597
2 15 175.96 34.0655 34.075
2 16 186.439 39.4353 39.4953
2 17 179.506 37.6553 37.6912
2 18 178.649 40.4265 40.4917
2 19 182.081 41.4868 41.5603
2 20 183.716 40.2302 40.3001
2 21 174.207 39.1002 39.1833
2 22 164.987 32.7205 32.7266
2 23 184.331 39.8796 39.9482
2 24 173.605 34.7552 34.7683
2 25 183.618 39.2513 39.3254
2 26 177.867 39.3551 39.4224
2 27 172.968 35.3353 35.3541
2 28 145.354 29.6481 29.6762
2 29 86.9945 19.0664 18.8817
2 30 2.3387 0.675196 0.532706
2 31 0 0.151737 0
2 32 0 0.151737 0
3 0 65.3038 19.5504 19.5298
3 1 55.2224 16.88 16.8551
3 2 52.5188 15.6179 15.5891
3 3 59.4921 18.1746 18.1537
3 4 50.7059 15.3389 15.3114
3 5 55.5332 17.5527 17.5259
3 6 52.7703 18.2361 18.2125
3 7 75.0672 28.7411 28.7498
3 8 57.5149 16.4564 16.4156
3 9 42.988 10.8527 10.7883
3 10 52.1312 14.5003 14.4665
3 11 44.1601 12.1501 12.0936
3 12 47.6892 13.8204 13.7827
3 13 47.508 12.8869 12.8295
3 14 50.7865 12.8594 12.7546
3 15 48.0921 14.1121 14.0765
3 16 42.3438 11.4797 11.4174
3 17 38.0922 9.52389 9.47626
3 18 43.2811 11.4082 11.2545
3 19 52.5227 16.3793 16.3322
3 20 81.1051 24.6614 24.6846
3 21 55.6071 14.2328 14.1939
3 22 43.3428 12.251 12.1834
3 23 45.7181 13.1412 13.101
3 24 44.7148 11.5387 11.4953
3 25 44.2366 11.454 11.4102
3 26 46.8639 11.6897 11.6258
3 27 46.7547 11.2319 11.1714
3 28 70.0629 18.9898 18.9577
3 29 79.1561 19.6454 19.6107
3 30 2.27925 0.800636 0.657304
3 31 0 0.151737 0
3 32 0 0.151737 0
4 0 103.159 27.3047 27.3418
4 1 126.192 28.5004 28.5314
4 2 133.851 33.4447 33.4646
4 3 124.66 30.0155 30.0201
4 4 132.304 34.3399 34.3516
4 5 134.506 34.0204 34.0341
4 6 121.654 33.1634 33.2169
4 7 142.941 39.8436 39.9126
4 8 125.57 29.1615 29.2017
4 9 107.22 23.2739 23.2629
4 10 116.044 28.046 28.0502
4 11 112.594 26.2346 26.2559
4 12 120.17 27.2347 27.2693
4 13 133.413 34.1512 34.2058
4 14 135.084 29.4782 29.5192
4 15 115.55 24.39 24.3835
4 16 119.85 25.6859 25.6991
4 17 114.201 25.7854 25.7676
4 18 117.678 28.5293 28.51
4 19 122.014 29.612 29.6175
4 20 162.752 40.8663 40.9437
4 21 126.73 31.3381 31.3807
4 22 110.891 25.3807 25.349
4 23 128.758 29.4476 29.4771
4 24 121.187 26.8564 26.847
4 25 129.57 30.3017 30.3115
4 26 126.975 29.5237 29.5649
4 27 123.196 26.4789 26.4777
4 28 124.764 26.791 26.7833
4 29 111.304 27.2974 27.2671
4 30 2.84276 0.929292 0.789856
4 31 0 0.151737 0
4 32 0 0.151737 0
5 0 81.1852 19.7379 19.5908
5 1 104.457 28.4881 28.4914
5 2 93.5903 23.2604 23.2262
5 3 103.433 27.1829 27.2107
5 4 105.664 25.01 25.0005
5 5 96.1729 20.0535 20.0008
5 6 105.531 24.1327 24.1465
5 7 118.767 32.1877 32.2333
5 8 105.387 23.0137 22.8832
5 9 110.432 24.1032 24.0889
5 10 119.183 29.2978 29.3092
5 11 96.4664 21.7352 21.6058
5 12 107.227 23.1688 23.1376
5 13 119.113 30.665 30.6715
5 14 104.038 21.3465 21.2951
5 15 108.502 23.7938 23.768
5 16 108.933 25.2409 25.2136
5 17 103.397 21.3932 21.3999
5 18 104.252 23.2492 23.2362
5 19 112.59 28.2369 28.2749
5 20 102.069 24.0476 24.0409
5 21 103.084 22.006 21.9965
5 22 97.4393 19.5794 19.561
5 23 101.291 23.579 23.5722
5 24 97.1329 19.5524 19.4166
5 25 98.285 20.4379 20.4241
5 26 97.7555 21.5264 21.4833
5 27 96.5272 20.0854 20.0478
5 28 90.6529 21.8668 21.8506
5 29 54.8465 11.3658 11.2254
5 30 1.77519 0.551244 0.400154
5 31 0 0.151737 0
5 32 0 0.151737 0
6 0 71.6091 17.468 17.4738
6 1 97.3533 20.5424 20.5503
6 2 102.876 24.7522 24.7466
6 3 88.5832 18.8975 18.869
6 4 103.994 25.4629 25.4302
6 5 100.736 22.7983 22.7852
6 6 91.0609 20.532 20.5442
6 7 96.3567 20.0905 20.1016
6 8 91.8421 19.4725 19.2893
6 9 83.2204 17.2151 17.0612
6 10 86.315 19.8048 19.7633
6 11 86.005 18.2874 18.1016
6 12 90.86 18.5443 18.3957
6 13 105.567 26.0781 26.1094
6 14 105.754 22.6335 22.6548
6 15 89.7143 17.3413 17.3121
6 16 96.0535 19.8801 19.8555
6 17 94.7836 20.7069 20.6738
6 18 93.8263 22.4587 22.4212
6 19 92.9244 21.2272 21.209
6 20 111.618 25.9199 25.9542
6 21 91.5458 22.0018 22.0169
6 22 86.6961 18.0187 17.9729
6 23 100.722 21.1843 21.1874
6 24 95.1065 19.8645 19.8341
6 25 105.611 24.4622 24.4598
6 26 96.5588 21.7913 21.8024
6 27 97.2886 20.4951 20.4763
6 28 83.8514 17.4631 17.2984
6 29 55.017 12.7619 12.5787
6 30 1.1996 0.39112 0.248326
6 31 0 0.151737 0
6 32 0 0.151737 0
7 0 47.4308 10.1084 9.92898
7 1 78.0731 19.6392 19.6175
7 2 72.0473 16.4102 16.3551
7 3 80.0171 20.2011 20.2081
7 4 83.2685 18.638 18.6105
7 5 74.4088 13.8041 13.7237
7 6 83.3533 18.6091 18.6066
7 7 90.284 23.2826 23.2944
7 8 81.5994 16.5269 16.3801
7 9 91.4436 19.5289 19.5022
7 10 96.7808 23.1365 23.1296
7 11 78.8957 17.7891 17.6665
7 12 88.8472 18.2715 18.2285
7 13 99.4509 25.9434 25.9385
7 14 82.5816 15.4712 15.405
7 15 86.2457 16.8239 16.7628
7 16 90.386 19.6782 19.6398
7 17 84.7225 17.0541 17.0174
7 18 84.8231 18.0984 18.0705
7 19 89.157 20.3368 20.3512
7 20 72.0982 14.4813 14.3459
7 21 82.6615 17.3512 17.1663
7 22 78.2912 14.7844 14.7537
7 23 83.6084 18.7818 18.7609
7 24 78.4986 15.0869 14.9342
7 25 78.0078 14.9162 14.8657
7 26 81.3082 17.6709 17.62
7 27 75.6798 14.9286 14.8778
7 28 61.5022 12.4343 12.3779
7 29 31.9776 6.45628 6.30304
7 30 1.1391 0.430929 0.28438
7 31 0 0.151737 0
7 32 0 0.151737 0
8 0 31.5495 9.93262 9.86802
8 1 28.8387 8.05236 7.98115
8 2 30.9758 8.86499 8.718
8 3 36.0765 11.2219 11.1512
8 4 28.3105 8.96917 8.9214
8 5 33.7691 11.2911 11.2488
8 6 30.5931 12.7099 12.6727
8 7 46.5844 19.847 19.811
8 8 33.7276 9.98182 9.91249
8 9 23.9995 6.27639 6.20166
8 10 29.7288 8.33982 8.28691
8 11 26.5894 8.2206 8.15428
8 12 29.3098 8.94269 8.87362
8 13 27.8455 8.16545 8.09649
8 14 29.3302 7.06661 6.86442
8 15 25.836 7.1536 7.07137
8 16 23.7964 6.00332 5.84354
8 17 19.4179 5.18792 5.09379
8 18 23.8521 6.24137 6.08879
8 19 29.0895 8.48772 8.4085
8 20 51.1346 15.0223 14.9895
8 21 35.1844 9.43472 9.36375
8 22 24.1947 7.45567 7.37616
8 23 28.0358 8.34127 8.28975
8 24 26.0806 7.09631 7.01287
8 25 23.9594 5.92719 5.85171
8 26 30.4166 7.93935 7.76246
8 27 25.9072 6.08927 6.00139
8 28 40.9121 9.53888 9.48499
8 29 56.2871 14.7383 14.6884
8 30 1.64316 0.68538 0.54153
8 31 0 0.151737 0
8 32 0 0.151737 0
9 0 33.7543 9.81053 9.66183
9 1 26.3837 8.93924 8.87395
9 2 21.543 6.96046 6.87112
9 3 23.4156 7.05426 7.00251
9 4 22.3954 6.4723 6.39003
9 5 21.7641 6.35262 6.27708
9 6 22.1772 5.61105 5.53986
9 7 28.4828 8.99863 8.93884
9 8 23.7873 6.65048 6.50308
9 9 18.9885 4.67206 4.58666
9 10 22.4025 6.28078 6.17955
9 11 17.5707 4.10176 3.93934
9 12 18.3794 5.05906 4.90908
9 13 19.6625 4.83036 4.73296
9 14 21.4563 5.98635 5.89014
9 15 22.2561 7.07335 7.00516
9 16 18.5474 5.67064 5.57386
9 17 18.6743 4.53927 4.38247
9 18 19.429 5.32844 5.1657
9 19 23.4333 8.00296 7.92371
9 20 29.9706 9.7536 9.69503
9 21 20.4227 4.91976 4.83019
9 22 19.1482 4.96344 4.80726
9 23 17.6823 4.91074 4.81129
9 24 18.6342 4.64674 4.48238
9 25 20.2772 5.6627 5.55847
9 26 16.4473 3.95445 3.86331
9 27 20.8475 5.23865 5.16996
9 28 29.1508 9.61151 9.47269
9 29 22.869 5.06587 4.92236
9 30 0.636089 0.249848 0.115774
9 31 0 0.151737 0
9 32 0 0.151737 0
