0.03 0
1 0 169.406 45.4479 45.5407
1 1 224.5 63.9804 64.1183
1 2 252.101 70.2174 70.3724
1 3 260.693 66.696 66.8331
1 4 277.556 70.9679 71.1345
1 5 330.757 86.1255 86.319
1 6 358.919 89.9455 90.1458
1 7 351.642 86.8563 87.0474
1 8 427.829 92.2702 92.4601
1 9 554.311 120.531 120.781
1 10 618.169 120.461 120.702
1 11 687.804 138.96 139.237
1 12 602.711 135.695 135.984
1 13 366.987 75.5702 75.7212
1 14 214.412 49.5565 49.6523
1 15 145.066 33.1903 33.2016
1 16 106.413 24.1858 24.211
1 17 85.5882 21.4355 21.3985
1 18 65.8145 14.9214 14.8879
1 19 66.7795 15.6914 15.4738
1 20 63.3101 16.8262 16.8257
1 21 52.359 13.5849 13.5678
1 22 41.0808 13.7097 13.5619
1 23 42.5382 10.8955 10.8086
1 24 33.261 10.1165 9.9655
1 25 31.5228 7.32675 7.23447
1 26 35.5753 9.04544 8.9636
1 27 23.5512 5.93363 5.75292
1 28 27.2458 6.45522 6.30805
1 29 26.127 6.64388 6.55272
1 30 21.854 5.73763 5.58488
1 31 19.3068 5.55244 5.37243
1 32 16.4546 4.41202 4.23993
1 33 14.4119 4.23793 4.05542
1 34 163.044 43.1073 43.1578
2 0 124.079 31.2654 31.3179
2 1 173.03 48.8303 48.9262
2 2 189.609 51.3625 51.4649
2 3 198.707 49.4596 49.551
2 4 208.247 49.2954 49.4032
2 5 235.75 56.3252 56.4395
2 6 238.127 51.1532 51.2513
2 7 247.779 56.852 56.9667
2 8 322.425 64.9559 65.0823
2 9 419.065 83.6074 83.775
2 10 488.236 87.6549 87.8288
2 11 557.084 105.882 106.101
2 12 488.901 104.067 104.245
2 13 300.872 56.777 56.8813
2 14 166.299 36.9938 37.0551
2 15 112.837 24.8111 24.8037
2 16 82.9402 17.381 17.3553
2 17 63.2714 13.6586 13.6013
2 18 51.7113 11.7407 11.6795
2 19 52.8054 11.7839 11.598
2 20 51.1911 13.7431 13.7022
2 21 37.3106 9.03452 8.86558
2 22 30.7144 6.86659 6.70722
2 23 32.2988 8.22401 8.12209
2 24 24.7536 7.8625 7.70401
2 25 23.9877 5.54607 5.44219
2 26 27.2419 6.5972 6.51275
2 27 18.5918 4.89416 4.73296
2 28 21.7599 5.16641 5.02666
2 29 18.0487 4.67926 4.58173
2 30 17.5939 4.60228 4.44599
2 31 14.5163 4.54401 4.35664
2 32 12.1967 3.12289 2.9577
2 33 10.0832 2.40485 2.22414
2 34 122.886 31.7424 31.6425
3 0 45.3265 14.273 14.2228
3 1 51.4698 15.2175 15.192
3 2 62.4919 18.9259 18.9074
3 3 61.9863 17.3092 17.2821
3 4 69.3092 21.7444 21.7313
3 5 95.0079 29.8623 29.8796
3 6 120.792 38.8581 38.8945
3 7 103.864 30.048 30.0807
3 8 105.404 27.3995 27.3778
3 9 135.246 36.949 37.0057
3 10 129.933 32.8609 32.8734
3 11 130.72 33.0983 33.1362
3 12 113.81 31.6984 31.739
3 13 66.1155 18.882 18.8399
3 14 48.1132 12.6584 12.5972
3 15 32.2295 8.48692 8.39792
3 16 23.4733 6.93633 6.85568
3 17 22.3169 7.86456 7.79717
3 18 14.1032 3.35733 3.20837
3 19 13.9741 4.03633 3.8757
3 20 12.119 3.29529 3.12353
3 21 15.0483 4.79301 4.7022
3 22 10.3664 7.02128 6.85465
3 23 10.2394 2.85146 2.68656
3 24 8.50743 2.41166 2.2615
3 25 7.53509 1.95421 1.79228
3 26 8.33344 2.61185 2.45085
3 27 4.95943 1.18057 1.01997
3 28 5.48586 1.43813 1.28139
3 29 8.07831 2.1411 1.97099
3 30 4.26008 1.30163 1.13888
3 31 4.79047 1.17553 1.01579
3 32 4.25785 1.42851 1.28223
3 33 4.32874 1.9991 1.83128
3 34 40.1585 11.5769 11.5152
4 0 76.4794 22.386 22.4065
4 1 119.844 34.8951 34.9527
4 2 132.07 36.156 36.2228
4 3 159.153 42.3538 42.3956
4 4 156.555 39.9298 39.9677
4 5 189.272 48.56 48.6569
4 6 205.775 52.4453 52.5041
4 7 185.03 48.3782 48.4735
4 8 229.398 51.8381 51.933
4 9 288.958 64.1218 64.2524
4 10 309.703 64.795 64.9265
4 11 342.782 74.7402 74.8981
4 12 317.427 69.9604 70.1027
4 13 219.965 47.832 47.9134
4 14 132.795 28.6051 28.6393
4 15 90.1171 19.8633 19.8367
4 16 64.7337 13.4612 13.4564
4 17 54.0976 11.7483 11.6875
4 18 43.4911 9.71234 9.64681
4 19 43.1601 9.64273 9.45
4 20 40.13 10.454 10.4044
4 21 33.9975 8.58276 8.5483
4 22 28.8319 10.9839 10.8325
4 23 26.0684 6.99858 6.90768
4 24 19.0769 4.86897 4.70563
4 25 18.1724 3.92809 3.74179
4 26 22.6032 5.83194 5.74669
4 27 12.0603 3.21706 3.03999
4 28 15.2945 3.58658 3.43691
4 29 17.2113 4.55691 4.46299
4 30 12.8786 3.19909 3.04417
4 31 11.2628 3.34687 3.15597
4 32 10.2103 2.77041 2.60229
4 33 9.25256 2.05803 1.88181
4 34 91.6037 23.5386 23.4134
5 0 92.9266 23.1156 23.1342
5 1 104.655 29.1617 29.1656
5 2 120.032 34.105 34.1496
5 3 101.541 24.4429 24.4375
5 4 121.001 31.1249 31.1668
5 5 141.486 37.6276 37.6621
5 6 153.144 37.5847 37.6418
5 7 166.612 38.515 38.5738
5 8 198.431 40.4665 40.5271
5 9 265.353 56.4213 56.5284
5 10 308.466 55.677 55.7757
5 11 345.022 64.2052 64.3391
5 12 285.285 65.7784 65.8815
5 13 147.022 27.7855 27.8078
5 14 81.6174 21.0498 21.0129
5 15 54.9491 13.5205 13.3649
5 16 41.6798 10.834 10.7546
5 17 31.4906 9.80274 9.71094
5 18 22.3234 5.41938 5.24108
5 19 23.6194 6.18064 6.02375
5 20 23.1801 6.57447 6.42128
5 21 18.3615 5.18651 5.01949
5 22 12.2489 2.9081 2.72936
5 23 16.4699 4.07082 3.90097
5 24 14.1841 5.40357 5.25987
5 25 13.3504 3.5998 3.49268
5 26 12.9721 3.39224 3.21691
5 27 11.4909 2.89041 2.71294
5 28 11.9513 3.04062 2.87114
5 29 8.91565 2.25634 2.08973
5 30 8.97536 2.71652 2.54071
5 31 8.04401 2.3814 2.21646
5 32 6.24428 1.79914 1.63764
5 33 5.15938 2.35925 2.17361
5 34 71.4405 19.7564 19.7444
6 0 48.6376 13.2548 13.2478
6 1 88.0528 25.1874 25.182
6 2 94.3028 23.7857 23.8166
6 3 121.992 31.3614 31.3713
6 4 114.011 26.7824 26.7821
6 5 136.358 32.3793 32.431
6 6 134.089 30.0371 29.8319
6 7 125.357 30.9333 30.9785
6 8 171.689 36.2039 36.2558
6 9 214.651 44.2444 44.2898
6 10 235.891 45.811 45.891
6 11 272.456 57.1761 57.2902
6 12 251.612 50.6507 50.7054
6 13 178.237 34.3715 34.4151
6 14 102.099 20.28 20.076
6 15 70.2406 14.7728 14.7368
6 16 49.3442 9.51711 9.47001
6 17 39.9103 8.21476 8.1433
6 18 33.8054 7.43971 7.35052
6 19 34.916 7.54088 7.35472
6 20 32.8967 8.75358 8.69781
6 21 22.9242 4.94741 4.79044
6 22 21.2809 4.85796 4.6926
6 23 18.8305 4.9626 4.85621
6 24 13.356 3.47512 3.31447
6 25 14.0852 3.01646 2.84175
6 26 17.3311 4.13853 4.05158
6 27 9.18964 2.61881 2.45036
6 28 12.5613 3.00379 2.85647
6 29 12.2098 3.47144 3.37527
6 30 10.7488 2.67248 2.51613
6 31 9.1163 2.97238 2.77948
6 32 6.65583 1.60778 1.43744
6 33 6.47175 1.3207 1.14665
6 34 70.5854 18.2167 18.0746
7 0 75.4419 18.0666 18.0701
7 1 84.9769 23.7565 23.7442
7 2 95.3067 27.623 27.6484
7 3 76.7154 18.2034 18.1797
7 4 94.2359 22.604 22.6211
7 5 99.3912 24.0338 24.0084
7 6 104.039 21.4136 21.4195
7 7 122.422 26.0137 25.9882
7 8 150.736 28.8302 28.8265
7 9 204.415 39.4243 39.4852
7 10 252.346 41.9173 41.9378
7 11 284.628 48.715 48.8108
7 12 237.289 53.4697 53.5397
7 13 122.635 22.459 22.4662
7 14 64.1994 17.0374 16.9792
7 15 42.5961 10.2361 10.0669
7 16 33.5961 8.03522 7.88529
7 17 23.361 5.62478 5.45799
7 18 17.9059 4.49968 4.329
7 19 17.8894 4.39564 4.24333
7 20 18.2944 5.16589 5.00436
7 21 14.3864 4.23667 4.07514
7 22 9.43346 2.19539 2.01462
7 23 13.4683 3.43569 3.26588
7 24 11.3976 4.54532 4.38954
7 25 9.90253 2.71835 2.60044
7 26 9.91076 2.63365 2.46116
7 27 9.40215 2.44412 2.2826
7 28 9.19859 2.33447 2.17019
7 29 5.83883 1.38157 1.20646
7 30 6.84503 2.09906 1.92987
7 31 5.4 1.74239 1.57716
7 32 5.54088 1.67758 1.52026
7 33 3.61145 1.25027 1.07749
7 34 52.3003 13.6953 13.5679
8 0 27.8418 9.29649 9.15877
8 1 31.7914 9.82821 9.77063
8 2 37.767 12.4433 12.4062
8 3 37.1609 11.0794 11.0243
8 4 42.5438 13.2243 13.1856
8 5 52.9136 16.2754 16.2259
8 6 71.6862 22.6828 22.6722
8 7 59.6733 17.5204 17.495
8 8 57.7092 15.7408 15.6772
8 9 74.3073 19.9537 19.9626
8 10 73.812 19.0602 19.0355
8 11 70.326 17.6397 17.6079
8 12 65.8149 19.3933 19.3972
8 13 41.728 13.5672 13.4983
8 14 30.6953 8.62639 8.56338
8 15 19.8765 5.19624 5.09997
8 16 15.3895 4.08137 3.98638
8 17 14.1873 3.69722 3.54422
8 18 9.68574 2.44849 2.29629
8 19 8.24408 2.24088 2.09528
8 20 7.23324 1.87454 1.70661
8 21 11.0732 3.85257 3.75786
8 22 7.55099 6.32127 6.1399
8 23 7.2378 2.19743 2.05147
8 24 5.72091 1.5434 1.39117
8 25 4.08721 1.07008 0.900044
8 26 5.2721 1.8496 1.6951
8 27 2.87066 0.739865 0.589627
8 28 2.73318 0.732519 0.580437
8 29 5.00149 1.2565 1.08772
8 30 2.12975 0.679311 0.528041
8 31 2.14647 0.525081 0.376489
8 32 3.55446 1.31251 1.16486
8 33 2.78081 0.894733 0.735164
8 34 21.0183 5.50671 5.33876
9 0 17.4847 5.16947 5.06406
9 1 19.6784 5.56763 5.42138
9 2 24.7249 6.67833 6.50123
9 3 24.8254 6.34193 6.25778
9 4 26.7654 8.60784 8.54569
9 5 42.0943 13.7053 13.6537
9 6 49.1054 16.2638 16.2223
9 7 44.1902 12.6257 12.5857
9 8 47.6951 11.7618 11.7006
9 9 60.9385 17.0806 17.0431
9 10 56.1207 13.8734 13.8379
9 11 60.3939 15.5608 15.5283
9 12 47.9952 12.3914 12.3417
9 13 24.3874 5.49559 5.3416
9 14 17.4179 4.20579 4.03378
9 15 12.353 3.46035 3.29795
9 16 8.08373 2.96932 2.8693
9 17 8.12959 4.36138 4.25295
9 18 4.41748 1.07774 0.912083
9 19 5.72998 1.94666 1.78042
9 20 4.88572 1.57086 1.41692
9 21 3.97507 1.10709 0.944343
9 22 2.81542 0.864274 0.714749
9 23 3.0016 0.801163 0.63509
9 24 2.78652 1.01866 0.87033
9 25 3.44788 1.04368 0.892232
9 26 3.06134 0.911894 0.755747
9 27 2.08878 0.589933 0.430339
9 28 2.75269 0.851815 0.700956
9 29 3.07682 1.03691 0.883272
9 30 2.13033 0.766008 0.610843
9 31 2.64401 0.795931 0.639297
9 32 0.703398 0.249302 0.117377
9 33 1.54793 1.32559 1.09612
9 34 19.1402 6.24285 6.17648
