0 0
1 0 382.245 87.0255 86.8971
1 1 672.219 141.619 141.453
1 2 566.525 108.217 108.089
1 3 404.592 75.8157 75.7177
1 4 269.7 53.3824 53.2917
1 5 168.372 33.7653 33.6803
1 6 104.069 21.6004 21.513
1 7 59.8813 12.6628 12.6636
1 8 56.1612 16.236 16.0716
1 9 30.5503 6.36314 5.82803
1 10 29.3543 7.48693 7.28423
1 11 22.3403 5.02641 4.94689
1 12 181.778 45.9012 45.7686
2 0 273.418 57.5325 57.4314
2 1 761.308 147.273 147.1
2 2 603.983 109.269 109.141
2 3 389.292 71.989 71.9731
2 4 253.189 49.1448 49.2175
2 5 148.786 36.8648 36.8434
2 6 80.8796 18.9292 18.7635
2 7 50.7041 11.6903 11.5925
2 8 31.0111 6.22627 5.861
2 9 26.9843 5.66399 5.29732
2 10 23.6459 5.4768 5.03097
2 11 20.4788 4.82972 4.49954
2 12 178.919 42.7191 42.7534
3 0 111.236 32.1379 31.9704
3 1 201.072 55.8768 55.7162
3 2 177.967 52.6631 52.4836
3 3 143.4 42.9797 42.7979
3 4 89.723 24.7015 24.5503
3 5 66.1039 17.6817 17.5401
3 6 31.0424 8.02434 7.82355
3 7 23.8399 5.89205 5.74248
3 8 16.4875 4.46164 4.01442
3 9 13.5739 5.20474 5.08853
3 10 8.39376 2.57337 2.21055
3 11 6.24628 1.9944 1.56928
3 12 73.8775 21.4864 21.3188
4 0 62.7113 18.1951 18.0963
4 1 182.371 50.5349 50.3765
4 2 131.845 32.5746 32.4503
4 3 106.955 26.8766 26.8642
4 4 71.8727 19.6903 19.5415
4 5 38.3874 8.39702 8.30315
4 6 31.2866 9.53759 9.39861
4 7 14.0107 3.75907 3.32786
4 8 11.2773 3.03047 2.66026
4 9 9.0853 2.47769 2.10866
4 10 9.08595 2.75646 2.53927
4 11 7.33146 2.28381 1.9147
4 12 44.5494 13.2245 13.1305
