0.03 0
1 0 0 0.177491 0
1 1 84.0635 22.382 22.2407
1 2 119.383 32.5134 32.5908
1 3 136.306 36.7279 36.5805
1 4 138.722 33.993 33.9616
1 5 148.909 36.8397 36.7142
1 6 177.98 43.6917 43.5663
1 7 183.105 44.9307 44.8421
1 8 169.431 42.7509 42.6193
1 9 194.62 42.4861 42.5368
1 10 260.665 56.9918 57.0815
1 11 266.392 52.5723 52.6491
1 12 310.462 61.9683 61.8723
1 13 313.532 65.8238 65.8542
1 14 272.796 55.2984 55.3825
1 15 182.484 38.8598 38.9
1 16 118.267 24.3203 24.2338
1 17 87.2526 18.1391 18.1099
1 18 65.1611 12.7533 12.6389
1 19 50.9759 10.3717 10.2742
1 20 42.0705 8.62886 8.38093
1 21 37.9808 7.85615 7.76376
1 22 41.295 10.2075 10.0768
1 23 28.2276 5.661 5.49214
1 24 31.6904 7.82501 7.77476
1 25 24.646 9.71065 9.47115
1 26 26.124 6.76551 6.65381
1 27 17.049 4.07041 3.86719
1 28 14.3254 2.88681 2.65894
1 29 194.63 41.4194 41.3202
2 0 0 0.177491 0
2 1 83.8615 23.6395 23.601
2 2 110.368 29.5851 29.5997
2 3 99.6787 24.171 24.1158
2 4 104.34 24.5548 24.4705
2 5 118.611 28.3464 28.3572
2 6 142.036 36.4772 36.4577
2 7 149.076 31.9172 31.9574
2 8 169.502 36.2144 36.258
2 9 195.473 37.8172 37.8097
2 10 270.125 56.9857 57.0417
2 11 314.59 53.3682 53.441
2 12 355.254 59.1611 59.147
2 13 362.564 65.4831 65.3956
2 14 268.828 59.4749 59.4911
2 15 138.742 25.082 25.0857
2 16 78.7374 19.8338 19.7719
2 17 51.1529 10.3296 10.1196
2 18 35.1427 6.92684 6.73467
2 19 29.5492 7.08425 6.94229
2 20 23.031 6.97694 6.71699
2 21 18.8501 3.62473 3.40945
2 22 19.4864 4.83146 4.6096
2 23 15.2389 3.55215 3.35561
2 24 13.9772 3.17818 2.98179
2 25 10.6541 2.45204 2.25631
2 26 10.6147 2.45419 2.23052
2 27 14.0992 4.79422 4.56979
2 28 10.3542 2.89774 2.77511
2 29 126.687 29.4945 29.45
