0 0
1 0 3143.01 846.761 846.764
1 1 3796.76 1024.43 1023.84
1 2 1469.86 382.066 382.659
1 3 367.698 96.8142 97.0103
1 4 84.9991 21.3328 21.2274
1 5 32.9034 10.308 10.2448
2 0 1091.59 291.537 292.095
2 1 1381.2 345.154 345.691
2 2 526.118 131.053 131.222
2 3 125.93 32.8128 32.8261
2 4 27.0486 6.60643 6.47234
2 5 8.11508 1.98088 1.8239
3 0 2051.42 554.067 554.669
3 1 2415.55 677.609 678.154
3 2 943.74 250.949 251.437
3 3 241.768 64.0706 64.1842
3 4 57.9505 14.8713 14.755
3 5 24.7883 8.49022 8.42093
4 0 3143.01 846.761 846.764
4 1 0 0.151737 0
4 2 0 0.151737 0
4 3 0 0.151737 0
4 4 0 0.151737 0
4 5 0 0.151737 0
5 0 0 0.151737 0
5 1 3796.76 1024.43 1023.84
5 2 1469.86 382.066 382.659
5 3 367.698 96.8142 97.0103
5 4 84.9991 21.3328 21.2274
5 5 32.9034 10.308 10.2448
6 0 1091.59 291.537 292.095
6 1 0 0.151737 0
6 2 0 0.151737 0
6 3 0 0.151737 0
6 4 0 0.151737 0
6 5 0 0.151737 0
7 0 0 0.151737 0
7 1 1381.2 345.154 345.691
7 2 526.118 131.053 131.222
7 3 125.93 32.8128 32.8261
7 4 27.0486 6.60643 6.47234
7 5 8.11508 1.98088 1.8239
8 0 2051.42 554.067 554.669
8 1 0 0.151737 0
8 2 0 0.151737 0
8 3 0 0.151737 0
8 4 0 0.151737 0
8 5 0 0.151737 0
9 0 0 0.151737 0
9 1 2415.55 677.609 678.154
9 2 943.74 250.949 251.437
9 3 241.768 64.0706 64.1842
9 4 57.9505 14.8713 14.755
9 5 24.7883 8.49022 8.42093
