0.03 0
1 0 63.7824 21.5085 21.4976
1 1 413.195 107.654 107.894
1 2 1229.05 286.498 286.965
1 3 1563.53 341.383 341.785
1 4 1213.11 261.104 261.503
1 5 847.033 170.021 170.329
1 6 625.537 124.534 124.748
1 7 425.485 82.3374 82.5003
1 8 269.512 52.9905 53.0819
1 9 181.569 35.2545 35.2833
1 10 125.381 29.5718 29.5852
1 11 80.9386 17.741 17.5607
1 12 54.0702 10.7244 10.5587
1 13 37.2471 6.92985 6.74253
1 14 28.1116 5.6963 5.51864
1 15 20.8145 4.23561 4.05101
1 16 11.9839 3.44071 3.26199
1 17 13.1509 2.96177 2.79559
1 18 7.10825 1.49904 1.33406
1 19 5.12581 1.16996 1.01389
1 20 48.8652 15.1559 15.1073
2 0 47.5435 15.2033 15.1731
2 1 298.097 70.3072 70.4514
2 2 952.901 208.983 209.365
2 3 1226.09 249.38 249.739
2 4 956.809 185.87 186.171
2 5 653.187 117.719 117.941
2 6 486.353 91.4327 91.5831
2 7 331.167 59.6847 59.7639
2 8 206.683 38.5143 38.5734
2 9 143.745 26.3968 26.2582
2 10 96.4425 23.1969 23.0759
2 11 60.0992 10.9528 10.7664
2 12 43.4027 8.51298 8.35655
2 13 28.1643 4.93151 4.74279
2 14 21.2541 3.97093 3.78109
2 15 14.933 2.93358 2.76038
2 16 7.0126 1.21842 1.0429
2 17 8.61982 1.85643 1.68549
2 18 5.56337 1.20234 1.03838
2 19 4.07717 0.999106 0.84611
2 20 29.3399 8.90735 8.72222
3 0 16.2389 6.47635 6.32452
3 1 115.098 37.4071 37.4424
3 2 276.144 77.4622 77.5996
3 3 337.438 91.869 92.0459
3 4 256.3 75.1899 75.3322
3 5 193.846 52.2857 52.3878
3 6 139.184 33.1465 33.1647
3 7 94.3187 22.7453 22.7364
3 8 62.8289 14.5466 14.5084
3 9 37.8237 9.09079 9.02506
3 10 28.939 6.60172 6.50936
3 11 20.8394 6.98874 6.79434
3 12 10.6675 2.37021 2.20219
3 13 9.08286 2.16615 1.99974
3 14 6.85754 1.895 1.73755
3 15 5.88153 1.45274 1.29063
3 16 4.97125 2.39309 2.21909
3 17 4.53103 1.27681 1.1101
3 18 1.54488 0.437231 0.295677
3 19 1.04864 0.307573 0.167778
3 20 19.5254 6.46769 6.38504
4 0 24.3146 9.67176 9.62367
4 1 177.124 47.5064 47.5952
4 2 607.824 153.486 153.823
4 3 810.596 188.343 188.721
4 4 663.111 147.36 147.659
4 5 477.317 99.7818 99.9897
4 6 346.648 71.7828 71.9012
4 7 233.023 44.848 44.8947
4 8 148.373 28.6127 28.6365
4 9 105.353 20.8312 20.8184
4 10 69.0928 13.2086 13.1564
4 11 44.4228 8.65444 8.45934
4 12 29.8852 6.02381 5.86471
4 13 19.4353 3.53776 3.33898
4 14 13.7747 2.98635 2.8056
4 15 10.0642 2.0163 1.84131
4 16 4.47551 0.935862 0.771736
4 17 7.46736 1.87762 1.71021
4 18 4.01975 0.830616 0.667927
4 19 2.08817 0.521009 0.368966
4 20 22.5927 7.91291 7.74519
5 0 39.4678 11.9307 11.8739
5 1 236.071 60.2145 60.2986
5 2 621.222 132.87 133.142
5 3 752.938 152.778 153.065
5 4 549.998 113.616 113.844
5 5 369.716 70.2049 70.3389
5 6 278.889 52.783 52.8466
5 7 192.462 37.5729 37.6056
5 8 121.139 24.4493 24.4454
5 9 76.2158 14.5096 14.4649
5 10 56.2886 16.5505 16.4288
5 11 36.5159 9.25536 9.10135
5 12 24.185 4.85123 4.69402
5 13 17.8118 3.56153 3.40355
5 14 14.337 2.87354 2.71305
5 15 10.7503 2.38564 2.2097
5 16 7.50834 2.67003 2.49025
5 17 5.68349 1.24857 1.08538
5 18 3.0885 0.818272 0.66613
5 19 3.03764 0.797829 0.644922
5 20 26.2725 7.44264 7.36207
6 0 15.2841 5.33173 5.25853
6 1 116.3 28.2254 28.2589
6 2 458.449 110.262 110.505
6 3 616.417 132.198 132.473
6 4 505.838 98.432 98.6262
6 5 360.299 66.2757 66.4033
6 6 265.511 51.7528 51.8203
6 7 177.164 31.5465 31.5377
6 8 110.425 19.9232 19.7669
6 9 84.0204 16.0805 15.9253
6 10 52.7215 9.6241 9.47414
6 11 33.1438 6.20523 6.00356
6 12 23.254 4.7142 4.56628
6 13 14.0997 2.33612 2.15127
6 14 10.1302 2.01946 1.83015
6 15 7.2091 1.36772 1.19468
6 16 2.35738 0.443007 0.29931
6 17 5.10718 1.28043 1.11782
6 18 2.89875 0.648069 0.490305
6 19 1.61228 0.437327 0.289726
6 20 16.1353 6.12328 5.93608
7 0 32.2594 9.97596 9.91457
7 1 181.798 42.1593 42.1926
7 2 494.453 98.6634 98.8603
7 3 609.677 117.05 117.266
7 4 450.97 87.3728 87.5448
7 5 292.887 51.5061 51.5374
7 6 220.842 39.7287 39.7628
7 7 154.003 28.2199 28.2262
7 8 96.2578 18.8271 18.8065
7 9 59.7247 10.4776 10.3329
7 10 43.721 13.7327 13.6017
7 11 26.9554 4.91916 4.76279
7 12 20.1487 3.96152 3.79027
7 13 14.0646 2.75483 2.59152
7 14 11.1239 2.11961 1.95095
7 15 7.72391 1.73044 1.5657
7 16 4.65522 0.915916 0.743588
7 17 3.51264 0.724016 0.567664
7 18 2.66462 0.701801 0.548074
7 19 2.46489 0.701209 0.556384
7 20 13.2045 2.95929 2.78614
8 0 9.0305 4.51399 4.36514
8 1 60.8243 19.3716 19.3363
8 2 149.375 43.2711 43.318
8 3 194.178 56.162 56.2478
8 4 157.273 48.963 49.0328
8 5 117.017 33.5653 33.5864
8 6 81.1367 20.0965 20.0809
8 7 55.8594 13.4108 13.357
8 8 37.9475 8.93986 8.86959
8 9 21.3326 4.98077 4.89302
8 10 16.3713 3.8009 3.68226
8 11 11.2789 2.63225 2.45579
8 12 6.63112 1.45847 1.29843
8 13 5.33563 1.34716 1.18771
8 14 3.64444 1.12624 0.975452
8 15 2.85513 0.794696 0.646631
8 16 2.11813 0.6267 0.472426
8 17 2.36018 0.743246 0.592386
8 18 1.121 0.31358 0.177621
8 19 0.475883 0.205027 0.0792399
8 20 6.45735 1.97494 1.80911
9 0 7.20842 2.117 1.95938
9 1 54.2732 18.1229 18.106
9 2 126.769 34.2701 34.2816
9 3 143.26 35.7921 35.7982
9 4 99.0275 26.2946 26.2995
9 5 76.8284 18.7945 18.8014
9 6 58.0476 13.2327 13.0839
9 7 38.4593 9.43878 9.37936
9 8 24.8813 5.73246 5.63885
9 9 16.4911 4.21465 4.13204
9 10 12.5677 2.98355 2.8271
9 11 9.56046 4.50184 4.33855
9 12 4.03633 1.05955 0.903755
9 13 3.74723 0.96781 0.812034
9 14 3.2131 0.917744 0.762097
9 15 3.0264 0.806183 0.643996
9 16 2.85312 1.94079 1.74666
9 17 2.17085 0.672906 0.517714
9 18 0.423878 0.26814 0.118056
9 19 0.572758 0.216581 0.0885376
9 20 13.068 4.65847 4.57593
