0 0
1 0 2.00614 0.513388 0.355164
1 1 29.0102 10.9713 10.9306
1 2 55.6518 15.3824 15.3531
1 3 106.819 30.4751 30.4849
1 4 172.481 45.2777 45.3233
1 5 276.81 69.7553 69.9053
1 6 363.082 88.1314 88.3264
1 7 423.873 95.9612 96.1322
1 8 449.262 106.7 106.93
1 9 453.135 101.468 101.683
1 10 437.069 100.113 100.325
1 11 439.514 109.382 109.622
1 12 379.251 88.4779 88.6676
1 13 315.778 72.1689 72.2835
1 14 290.947 58.7901 58.881
1 15 266.21 59.1396 59.2533
1 16 254.32 58.9757 59.0652
1 17 208.012 44.3657 44.4406
1 18 181.394 36.5976 36.5974
1 19 178.446 45.7791 45.859
1 20 149.719 31.2599 31.2683
1 21 140.385 30.2926 30.2761
1 22 113.093 23.3144 23.3037
1 23 109.349 26.1193 25.9944
1 24 79.0491 16.1487 16.1018
1 25 78.9186 17.6891 17.6419
1 26 79.2657 17.5708 17.5085
1 27 64.4391 13.5557 13.3998
1 28 53.7665 11.1808 11.1166
1 29 53.7265 13.693 13.6286
1 30 51.261 11.3729 11.2392
1 31 41.5668 8.9673 8.91802
1 32 40.7779 9.99016 9.91202
1 33 27.9475 5.63925 5.44613
1 34 24.1329 5.76749 5.59902
1 35 26.7449 6.89223 6.74327
1 36 22.0599 4.90598 4.7346
1 37 22.3605 5.28249 5.18561
1 38 22.0735 5.16625 4.99743
1 39 18.1449 4.26685 4.1057
1 40 277.251 79.4865 79.6346
2 0 1.57166 0.411313 0.259788
2 1 21.8216 8.0591 8.00712
2 2 41.8455 11.2994 11.2575
2 3 70.2783 17.7159 17.668
2 4 124.516 30.4195 30.4219
2 5 200.891 44.655 44.731
2 6 280.537 64.1642 64.298
2 7 325.679 69.5692 69.673
2 8 351.432 80.4882 80.6556
2 9 348.306 71.481 71.6216
2 10 339.948 74.8358 74.9874
2 11 339.006 76.5559 76.7147
2 12 293.573 63.9474 64.0422
2 13 243.472 49.5956 49.6499
2 14 227.816 43.2868 43.3361
2 15 210.108 42.5947 42.6572
2 16 186.522 36.9974 37.0259
2 17 163.311 33.9346 33.9541
2 18 142.486 27.9626 27.9374
2 19 136.085 34.438 34.4858
2 20 117.755 23.12 22.9868
2 21 102.018 20.0675 20.022
2 22 88.5991 17.7314 17.7044
2 23 82.8499 18.198 18.0577
2 24 58.4041 10.9728 10.8706
2 25 63.637 14.3222 14.2645
2 26 60.6864 13.134 12.9826
2 27 49.3075 10.1448 9.99615
2 28 39.8697 7.6074 7.42859
2 29 43.8907 11.2652 11.2016
2 30 39.296 8.20449 8.06098
2 31 30.0921 5.6949 5.52099
2 32 31.6619 7.65543 7.56998
2 33 21.5772 4.24437 4.05515
2 34 18.2601 4.08777 3.91399
2 35 20.4877 5.22869 5.08006
2 36 18.0064 4.05011 3.88412
2 37 16.7157 3.68164 3.51585
2 38 18.1391 4.02959 3.85462
2 39 13.8157 2.97192 2.80527
2 40 200.675 55.277 55.1916
3 0 0.434485 0.232682 0.0953757
3 1 7.18866 3.07102 2.92349
3 2 13.8062 4.17939 4.09564
3 3 36.5402 12.8507 12.8169
3 4 47.9652 14.9537 14.9014
3 5 75.9187 25.1791 25.1742
3 6 82.545 24.0313 24.0285
3 7 98.1942 26.4592 26.4591
3 8 97.8299 26.2725 26.2743
3 9 104.829 30.0525 30.0617
3 10 97.1214 25.341 25.3375
3 11 100.508 32.8886 32.907
3 12 85.6778 24.6285 24.6254
3 13 72.3063 22.6615 22.6336
3 14 63.1311 15.7054 15.5449
3 15 56.1021 16.6222 16.5962
3 16 67.798 22.0782 22.0394
3 17 44.7011 10.626 10.4865
3 18 38.9074 8.81802 8.65998
3 19 42.3607 11.4187 11.3732
3 20 31.9641 8.3694 8.28143
3 21 38.3672 10.313 10.2541
3 22 24.4944 5.68315 5.5993
3 23 26.4988 8.10158 7.93668
3 24 20.645 5.41391 5.23116
3 25 15.2816 3.48963 3.37734
3 26 18.5792 4.62381 4.52593
3 27 15.1316 3.57524 3.40366
3 28 13.8968 3.77373 3.68796
3 29 9.83584 2.58081 2.42693
3 30 11.965 3.33181 3.1782
3 31 11.4747 3.4759 3.39703
3 32 9.11592 2.45516 2.34204
3 33 6.37034 1.56812 1.39098
3 34 5.87272 1.8415 1.68502
3 35 6.25725 1.82461 1.66322
3 36 4.05343 1.01791 0.850476
3 37 5.64477 1.78863 1.66977
3 38 3.93439 1.29768 1.14282
3 39 4.32922 1.44975 1.30043
3 40 76.5754 24.474 24.443
4 0 0.689817 0.276663 0.137261
4 1 11.8313 5.03499 4.94309
4 2 23.3503 7.05853 7.00486
4 3 44.1555 13.8549 13.816
4 4 75.5339 21.713 21.6986
4 5 136.85 35.8607 35.9179
4 6 194.557 51.8552 51.9559
4 7 216.325 49.0424 49.0979
4 8 247.362 64.0522 64.1858
4 9 254.174 61.2449 61.367
4 10 244.223 54.7957 54.8978
4 11 252.347 66.1144 66.2511
4 12 222.73 55.1781 55.2909
4 13 186.821 43.1471 43.1894
4 14 175.613 37.2892 37.3236
4 15 154.26 33.0669 33.1099
4 16 146.819 33.7176 33.7137
4 17 121.293 26.6227 26.6207
4 18 100.084 19.8166 19.6404
4 19 104.901 28.4673 28.5035
4 20 87.4227 19.2243 19.2037
4 21 75.2301 14.5174 14.3542
4 22 60.62 12.2918 12.2322
4 23 60.9466 12.966 12.806
4 24 43.3434 9.08815 8.98714
4 25 42.6264 8.95489 8.86565
4 26 43.2628 9.6136 9.53267
4 27 33.2415 6.68474 6.51304
4 28 29.8981 6.2137 6.04292
4 29 31.1891 9.21913 9.13145
4 30 30.0663 6.74238 6.58984
4 31 24.976 5.40496 5.32929
4 32 20.9464 4.40222 4.22032
4 33 17.9305 3.58167 3.38149
4 34 15.7195 4.40617 4.23117
4 35 14.9701 3.6465 3.48592
4 36 11.9825 2.54629 2.37471
4 37 13.2794 3.10611 3.00693
4 38 12.8312 2.77572 2.60273
4 39 9.30473 1.9913 1.82615
4 40 135.754 34.9767 34.8643
5 0 1.31632 0.364046 0.217903
5 1 17.1789 6.05909 5.98752
5 2 32.3015 8.50859 8.34828
5 3 62.663 16.7087 16.6688
5 4 96.9474 23.6397 23.6247
5 5 139.96 33.9719 33.9873
5 6 168.525 36.3753 36.3705
5 7 207.549 46.9847 47.0342
5 8 201.9 42.68 42.7441
5 9 198.962 40.2565 40.3163
5 10 192.847 45.3573 45.4271
5 11 187.168 43.3032 43.3706
5 12 156.521 33.3842 33.3767
5 13 128.958 29.1048 29.0941
5 14 115.333 21.5637 21.5575
5 15 111.95 26.1438 26.1434
5 16 107.501 25.367 25.3515
5 17 86.72 17.9593 17.8198
5 18 81.3095 16.9976 16.957
5 19 73.545 17.3823 17.3555
5 20 62.2965 12.2063 12.0645
5 21 65.155 15.9686 15.9219
5 22 52.4735 11.2033 11.0715
5 23 48.4021 13.3241 13.1884
5 24 35.7056 7.26822 7.11465
5 25 36.2921 8.85158 8.77623
5 26 36.0028 8.12894 7.97583
5 27 31.1975 7.03203 6.88677
5 28 23.8684 5.18337 5.07363
5 29 22.5374 4.66711 4.49712
5 30 21.1947 4.80439 4.64935
5 31 16.5908 3.75722 3.58873
5 32 19.8315 5.79597 5.6917
5 33 10.0171 2.22951 2.06464
5 34 8.41332 1.53012 1.36785
5 35 11.7749 3.41238 3.25735
5 36 10.0774 2.51948 2.35989
5 37 9.08111 2.34183 2.17868
5 38 9.24232 2.56265 2.3947
5 39 8.84021 2.44092 2.27955
5 40 141.496 44.7096 44.7703
6 0 0.450358 0.207705 0.0799199
6 1 7.09384 2.80164 2.69716
6 2 16.7828 4.97042 4.91281
6 3 27.0554 7.72074 7.54529
6 4 49.6407 13.5561 13.4972
6 5 96.3147 22.3801 22.3911
6 6 148.385 38.2492 38.312
6 7 165.283 35.2617 35.2784
6 8 188.411 48.6158 48.7074
6 9 189.941 40.8229 40.8887
6 10 183.486 38.3031 38.3605
6 11 190.484 43.2744 43.3472
6 12 173.507 41.2406 41.2831
6 13 138.086 26.3857 26.3795
6 14 135.107 26.9501 26.9543
6 15 119.047 22.6242 22.6057
6 16 105.673 21.0555 21.0174
6 17 94.1235 19.8249 19.7839
6 18 77.0864 14.3528 14.1593
6 19 77.9077 20.993 21.0071
6 20 66.0764 13.2221 13.0726
6 21 53.4295 9.52893 9.3574
6 22 47.3724 9.22837 9.15932
6 23 46.0323 9.3539 9.18249
6 24 31.9574 6.03698 5.91901
6 25 32.5092 6.88208 6.69121
6 26 32.0552 6.82257 6.66578
6 27 25.1555 5.00544 4.82313
6 28 23.4868 4.73124 4.55266
6 29 24.5567 7.56631 7.48333
6 30 22.6467 4.81031 4.65197
6 31 17.9826 3.38176 3.19829
6 32 16.2819 3.30995 3.13252
6 33 12.7057 2.34959 2.16084
6 34 11.7013 3.13614 2.95639
6 35 11.4389 2.78411 2.62005
6 36 9.18524 1.96284 1.79673
6 37 9.84764 2.15215 1.98435
6 38 10.5117 2.20627 2.03018
6 39 7.91073 1.75119 1.58943
6 40 99.1865 25.41 25.2654
7 0 1.1213 0.321046 0.179868
7 1 14.7277 5.38313 5.30996
7 2 25.0627 6.50302 6.34469
7 3 43.2229 10.1826 10.1227
7 4 74.8755 16.9599 16.9247
7 5 104.576 22.3786 22.34
7 6 132.152 26.0125 25.986
7 7 160.396 34.3809 34.3946
7 8 163.02 31.9137 31.9482
7 9 158.366 30.699 30.7329
7 10 156.462 36.607 36.6269
7 11 148.522 33.3281 33.3675
7 12 120.066 22.7916 22.7592
7 13 105.386 23.2983 23.2704
7 14 92.7087 16.4058 16.3818
7 15 91.062 20.0698 20.0514
7 16 80.8487 16.052 16.0084
7 17 69.188 14.3151 14.1701
7 18 65.3999 13.8287 13.7781
7 19 58.1778 13.529 13.4786
7 20 51.6787 10.0494 9.91428
7 21 48.5884 10.7236 10.6646
7 22 41.2267 8.68228 8.54509
7 23 36.8176 9.02575 8.87521
7 24 26.4467 5.12992 4.95162
7 25 31.1278 7.65075 7.57333
7 26 28.6313 6.46884 6.31679
7 27 24.1519 5.31784 5.17302
7 28 16.3829 3.05039 2.87593
7 29 19.334 3.88792 3.71831
7 30 16.6493 3.56664 3.40901
7 31 12.1095 2.48182 2.32269
7 32 15.3801 4.5502 4.43747
7 33 8.87151 2.05968 1.89431
7 34 6.5588 1.11453 0.957607
7 35 9.04883 2.60783 2.46
7 36 8.82119 2.24736 2.08739
7 37 6.86805 1.69147 1.5315
7 38 7.62741 1.9931 1.82444
7 39 5.90499 1.37894 1.21584
7 40 101.489 30.0517 29.9262
8 0 0.23946 0.195988 0.057341
8 1 4.7375 2.39778 2.24593
8 2 6.56751 2.18588 2.09205
8 3 17.1001 6.34746 6.27074
8 4 25.8933 8.28223 8.2014
8 5 40.5355 13.5894 13.5269
8 6 46.1713 13.6767 13.644
8 7 51.042 13.8751 13.8195
8 8 58.9503 15.5051 15.4784
8 9 64.233 20.5155 20.4783
8 10 60.7367 16.5844 16.5373
8 11 61.863 22.9157 22.9039
8 12 49.2227 14.0396 14.0078
8 13 48.7343 16.8504 16.8099
8 14 40.5063 10.5348 10.3693
8 15 35.2136 10.5491 10.5042
8 16 41.1455 12.7622 12.6963
8 17 27.1691 6.96959 6.83681
8 18 22.9978 5.62868 5.48107
8 19 26.9935 7.5506 7.49636
8 20 21.3463 6.2195 6.13117
8 21 21.8007 5.15796 4.99685
8 22 13.2477 3.1714 3.07292
8 23 14.9144 3.77806 3.62352
8 24 11.3861 3.24597 3.06813
8 25 10.1172 2.28668 2.17444
8 26 11.2077 2.98347 2.86689
8 27 8.08597 1.85838 1.68991
8 28 6.41134 1.65102 1.49027
8 29 6.63249 1.80425 1.64812
8 30 7.41962 2.09129 1.93786
8 31 6.99345 2.22866 2.131
8 32 4.6645 1.2454 1.0878
8 33 5.22479 1.39047 1.22065
8 34 4.0182 1.44099 1.27478
8 35 3.53122 1.0242 0.865869
8 36 2.79727 0.740497 0.577979
8 37 3.43172 1.14823 1.02258
8 38 2.31947 0.718943 0.57255
8 39 1.39401 0.379459 0.236719
8 40 36.5679 9.76349 9.59885
9 0 0.195025 0.159636 0.0380347
9 1 2.45116 0.825996 0.677567
9 2 7.23874 2.15717 2.00359
9 3 19.4401 6.61266 6.54614
9 4 22.072 6.76821 6.69998
9 5 35.3832 11.6839 11.6474
9 6 36.3737 10.4461 10.3845
9 7 47.1522 12.7033 12.6397
9 8 38.8796 10.8528 10.7959
9 9 40.596 9.62851 9.58342
9 10 36.3847 8.84697 8.80024
9 11 38.6451 10.0639 10.0031
9 12 36.4551 10.6809 10.6176
9 13 23.572 5.99099 5.82371
9 14 22.6248 5.33442 5.17565
9 15 20.8884 6.16909 6.092
9 16 26.6525 9.41326 9.34308
9 17 17.532 3.80246 3.6497
9 18 15.9097 3.36132 3.17891
9 19 15.3673 4.03211 3.87685
9 20 10.6178 2.3276 2.15027
9 21 16.5666 5.34064 5.25728
9 22 11.2468 2.69192 2.52638
9 23 11.5844 4.47428 4.31316
9 24 9.2589 2.32709 2.16303
9 25 5.16437 1.34912 1.2029
9 26 7.37157 1.82023 1.65904
9 27 7.04562 1.88188 1.71375
9 28 7.48543 2.30651 2.19769
9 29 3.20334 0.928042 0.778814
9 30 4.5454 1.39771 1.24034
9 31 4.4813 1.42804 1.26603
9 32 4.45142 1.37744 1.25423
9 33 1.14555 0.311589 0.170328
9 34 1.85452 0.561222 0.410241
9 35 2.72602 0.964463 0.797346
9 36 1.25616 0.417999 0.272497
9 37 2.21305 0.802198 0.647185
9 38 1.61491 0.741286 0.570266
9 39 2.93521 1.21295 1.06371
9 40 40.0075 14.8964 14.8441
