0.03 0
1 0 21.6452 8.73806 8.66144
1 1 100.374 26.9246 26.9304
1 2 275.606 71.2402 71.354
1 3 556.316 127.845 128.126
1 4 817.101 179.546 179.894
1 5 849.288 187.133 187.484
1 6 838.696 191.99 192.363
1 7 698.087 159.765 160.093
1 8 550.223 105.403 105.613
1 9 482.781 100.383 100.589
1 10 393.466 79.0981 79.2675
1 11 329.369 72.5055 72.661
1 12 275.68 55.2812 55.3556
1 13 220.261 42.1816 42.2202
1 14 168.665 33.0357 33.0544
1 15 149.645 29.8913 29.8777
1 16 119.544 21.8845 21.7088
1 17 96.8369 21.501 21.4809
1 18 85.401 17.1331 17.1296
1 19 63.9474 13.2525 13.1965
1 20 42.4687 7.59338 7.42252
1 21 38.4357 7.31882 7.15941
1 22 34.6403 7.32514 7.23969
1 23 28.9883 5.63197 5.48512
1 24 236.344 61.2553 61.3514
2 0 16.1667 6.38109 6.2887
2 1 73.3038 18.5818 18.5626
2 2 196.589 46.2056 46.2505
2 3 419.93 86.7779 86.9682
2 4 644.461 134.493 134.762
2 5 664.543 136.785 137.05
2 6 659.529 140.92 141.201
2 7 542.959 113.028 113.255
2 8 434.477 77.0082 77.1609
2 9 379.01 71.2424 71.3789
2 10 301.876 54.1323 54.2043
2 11 261.107 56.0964 56.2105
2 12 212.95 39.1371 39.1671
2 13 170.451 30.2325 30.2369
2 14 129.708 23.8687 23.8453
2 15 118.166 22.6484 22.6163
2 16 92.8703 16.1797 16.0174
2 17 76.8414 16.3679 16.3159
2 18 64.8606 12.141 12.001
2 19 49.2112 9.54216 9.46337
2 20 33.6049 5.81082 5.62023
2 21 30.3061 5.73157 5.56983
2 22 27.1069 5.50597 5.32856
2 23 22.2469 4.06448 3.90513
2 24 166.482 40.3696 40.2393
3 0 5.47848 2.52351 2.37274
3 1 27.0704 8.43069 8.36777
3 2 79.0171 25.1074 25.1035
3 3 136.386 41.1151 41.1577
3 4 172.641 45.08 45.1314
3 5 184.746 50.3671 50.4345
3 6 179.167 51.0911 51.1627
3 7 155.128 46.778 46.8381
3 8 115.745 28.5725 28.4526
3 9 103.771 29.1979 29.2101
3 10 91.5895 25.0614 25.0633
3 11 68.2619 16.4787 16.4504
3 12 62.7304 16.2416 16.1885
3 13 49.8106 12.0215 11.9834
3 14 38.9577 9.40312 9.20908
3 15 31.4796 7.3525 7.26141
3 16 26.6739 5.86414 5.69135
3 17 19.9956 5.22477 5.16501
3 18 20.5405 5.2141 5.12864
3 19 14.7362 3.83587 3.73314
3 20 8.8638 1.96386 1.80228
3 21 8.12958 1.75625 1.58959
3 22 7.53334 2.02515 1.91113
3 23 6.74132 1.73417 1.57999
3 24 69.8622 21.1533 21.1122
4 0 8.15236 3.90746 3.78902
4 1 39.903 11.3468 11.3049
4 2 111.105 32.4635 32.4808
4 3 255.805 63.0174 63.1478
4 4 400.811 94.2655 94.4338
4 5 435.624 105.717 105.953
4 6 437.8 103.378 103.598
4 7 385.758 92.2185 92.4179
4 8 307.37 60.8176 60.9409
4 9 267.537 54.3947 54.4982
4 10 219.723 46.3762 46.4295
4 11 182.212 41.7657 41.8437
4 12 153.196 30.2892 30.3031
4 13 121.088 23.6225 23.595
4 14 94.0405 18.5252 18.4758
4 15 81.228 15.4428 15.3702
4 16 66.3856 11.9808 11.8046
4 17 56.0095 13.8693 13.8059
4 18 49.555 9.83453 9.80688
4 19 37.2547 7.19359 7.01731
4 20 26.2548 4.84538 4.6617
4 21 21.8922 4.14937 3.96732
4 22 20.2499 4.34547 4.25316
4 23 15.8332 2.96537 2.80268
4 24 115.318 26.2016 26.0625
5 0 13.4929 4.9658 4.87242
5 1 60.4712 15.6722 15.6255
5 2 164.501 38.8435 38.8732
5 3 300.511 64.8881 64.9781
5 4 416.29 85.2903 85.4599
5 5 413.665 81.3758 81.5316
5 6 400.896 88.5817 88.7651
5 7 312.329 67.5697 67.6751
5 8 242.853 44.6195 44.6725
5 9 215.244 46.0389 46.0908
5 10 173.743 32.8213 32.838
5 11 147.157 30.805 30.8172
5 12 122.484 25.0686 25.0525
5 13 99.1734 18.7537 18.6252
5 14 74.6248 14.7196 14.5786
5 15 68.4173 14.5574 14.5076
5 16 53.1586 10.0531 9.90416
5 17 40.8274 7.77052 7.67494
5 18 35.846 7.47027 7.32274
5 19 26.6927 6.28609 6.1792
5 20 16.2139 2.92238 2.76082
5 21 16.5435 3.35013 3.19209
5 22 14.3904 3.14602 2.98653
5 23 13.155 2.84205 2.68244
5 24 121.027 35.256 35.289
6 0 5.19667 2.25046 2.12134
6 1 27.1127 7.37565 7.32141
6 2 70.9001 19.1096 19.0867
6 3 184.41 40.8201 40.8838
6 4 311.193 70.4602 70.5707
6 5 328.089 74.7232 74.8829
6 6 333.19 70.6923 70.8322
6 7 290.241 61.3848 61.5045
6 8 235.877 42.4269 42.5026
6 9 204.554 37.4459 37.4687
6 10 164.961 30.6799 30.6898
6 11 141.135 31.0893 31.137
6 12 114.235 20.3919 20.2652
6 13 93.7215 17.1204 17.074
6 14 71.3048 12.8945 12.8279
6 15 61.1434 10.8157 10.6381
6 16 51.7407 8.98507 8.80757
6 17 44.5448 11.0317 10.9502
6 18 37.7935 7.04424 6.8879
6 19 27.545 4.76368 4.59428
6 20 20.0103 3.57075 3.37813
6 21 16.4285 3.0652 2.8889
6 22 15.7895 3.18392 2.99659
6 23 12.5451 2.24301 2.07778
6 24 82.4466 18.4175 18.2514
7 0 10.9701 4.25939 4.16735
7 1 46.1911 11.3014 11.2412
7 2 125.688 27.1681 27.1638
7 3 235.519 46.0731 46.0844
7 4 333.268 64.073 64.1916
7 5 336.454 62.0598 62.1668
7 6 326.339 70.2309 70.3686
7 7 252.718 51.6816 51.7503
7 8 198.601 34.6325 34.6583
7 9 174.456 33.8929 33.9102
7 10 136.915 23.6618 23.5145
7 11 119.972 25.0915 25.0735
7 12 98.7151 18.9354 18.9018
7 13 76.7291 13.2984 13.1629
7 14 58.4028 11.169 11.0174
7 15 57.0223 12.0359 11.9782
7 16 41.1296 7.35983 7.20986
7 17 32.2966 5.54195 5.36563
7 18 27.067 5.26083 5.11307
7 19 21.6662 4.9842 4.86909
7 20 13.5946 2.40265 2.24211
7 21 13.8776 2.8299 2.68093
7 22 11.3174 2.49588 2.33197
7 23 9.70181 1.99439 1.82735
7 24 84.0355 22.1378 21.9879
8 0 2.95569 1.84298 1.66767
8 1 12.7903 4.06506 3.98347
8 2 40.2045 13.4496 13.3941
8 3 71.3947 22.2777 22.264
8 4 89.6184 23.869 23.8631
8 5 107.535 31.0558 31.0697
8 6 104.61 32.748 32.7662
8 7 95.517 30.8958 30.9134
8 8 71.4933 18.5782 18.4383
8 9 62.9832 17.0541 17.0294
8 10 54.762 15.7788 15.7397
8 11 41.077 10.7507 10.7067
8 12 38.9612 10.1027 10.0379
8 13 27.3663 6.58821 6.52108
8 14 22.7357 5.82961 5.64789
8 15 20.0846 4.82845 4.7321
8 16 14.6449 3.16988 2.99705
8 17 11.4647 3.01902 2.85569
8 18 11.7615 3.02288 2.91898
8 19 9.70965 2.59354 2.42303
8 20 6.24455 1.44813 1.28358
8 21 5.46374 1.24424 1.07842
8 22 4.46037 1.37651 1.25657
8 23 3.28809 0.878657 0.724899
8 24 32.8711 7.98101 7.81111
9 0 2.5228 0.855109 0.705068
9 1 14.2801 4.48147 4.3843
9 2 38.8127 11.7626 11.7094
9 3 64.9915 18.9104 18.8937
9 4 83.0222 21.2961 21.2683
9 5 77.2109 19.3814 19.3648
9 6 74.5565 18.416 18.3965
9 7 59.6107 15.9756 15.9247
9 8 44.2521 10.1597 10.0143
9 9 40.7877 12.2414 12.1806
9 10 36.8275 9.38474 9.32352
9 11 27.1849 5.93021 5.74374
9 12 23.7692 6.23303 6.15063
9 13 22.4443 5.61626 5.46228
9 14 16.222 3.72287 3.56119
9 15 11.395 2.68329 2.52931
9 16 12.029 2.86692 2.6943
9 17 8.53083 2.41529 2.30931
9 18 8.779 2.38276 2.20966
9 19 5.02658 1.43501 1.31012
9 20 2.61925 0.674423 0.518707
9 21 2.66585 0.669112 0.511169
9 22 3.07297 0.805541 0.654559
9 23 3.45322 1.00314 0.855089
9 24 36.9911 13.3581 13.301
