0 0
1 0 176.571 48.8449 48.9482
1 1 230.081 65.772 65.915
1 2 265.668 75.7271 75.8912
1 3 264.698 69.5476 69.6576
1 4 278.496 67.6862 67.7867
1 5 326.47 86.2672 86.4609
1 6 345.044 82.9886 83.1642
1 7 363.76 87.6138 87.8052
1 8 427.692 95.4177 95.6182
1 9 541.554 114.397 114.598
1 10 618.066 121.63 121.873
1 11 671.778 136.09 136.367
1 12 596.521 134.916 135.198
1 13 372.039 78.6057 78.7697
1 14 212.817 47.5668 47.651
1 15 151.549 34.8251 34.8407
1 16 106.241 25.3137 25.3422
1 17 83.7996 18.9808 18.9368
1 18 71.162 16.181 16.1313
1 19 69.571 18.8544 18.8299
1 20 61.9077 16.6614 16.6544
1 21 47.0771 11.0684 10.91
1 22 46.1412 16.7535 16.7511
1 23 42.3396 10.5421 10.4809
1 24 33.1324 8.14522 7.97817
1 25 32.6642 7.92117 7.84793
1 26 30.5373 7.0725 6.96547
1 27 26.7484 7.22604 7.02708
1 28 25.9156 5.98799 5.82168
1 29 26.6911 6.43087 6.3179
1 30 19.0257 4.50433 4.33321
1 31 20.7776 5.8616 5.6921
1 32 13.4768 3.42878 3.24525
1 33 15.6565 4.50707 4.32169
1 34 163.436 42.9917 43.0415
2 0 129.74 34.1996 34.2608
2 1 178.139 50.6945 50.7954
2 2 201.227 56.3314 56.4423
2 3 199.291 49.5611 49.6161
2 4 210.271 47.7093 47.7544
2 5 227.808 54.8951 55.0058
2 6 234.995 50.8119 50.8679
2 7 262.344 57.6766 57.7927
2 8 315.48 64.845 64.971
2 9 409.147 78.7095 78.8315
2 10 490.929 90.0108 90.1914
2 11 548.384 105.167 105.386
2 12 480.814 101.407 101.614
2 13 301.896 58.2631 58.3766
2 14 167.486 35.3477 35.3943
2 15 115.88 25.9031 25.8993
2 16 83.3978 18.5172 18.4949
2 17 62.1658 13.5604 13.503
2 18 56.4521 12.6923 12.6168
2 19 50.7212 11.6526 11.6061
2 20 49.4496 13.2167 13.1602
2 21 35.3964 8.27771 8.10644
2 22 32.6794 8.24944 8.07955
2 23 33.2454 8.5617 8.48348
2 24 25.036 6.03614 5.85851
2 25 23.921 5.48533 5.40638
2 26 23.9941 5.49901 5.38037
2 27 20.5254 5.73309 5.55482
2 28 20.2252 4.68567 4.52431
2 29 18.2546 4.18741 4.06692
2 30 14.2174 3.27824 3.10805
2 31 15.5052 4.6513 4.4702
2 32 11.0165 2.65203 2.47409
2 33 11.3963 2.72439 2.54134
2 34 123.521 31.828 31.7169
3 0 46.8307 14.7361 14.6874
3 1 51.9421 15.1446 15.1196
3 2 64.4408 19.4825 19.4489
3 3 65.4071 20.0618 20.0415
3 4 68.2252 20.0709 20.0322
3 5 98.6618 31.4396 31.4552
3 6 110.05 32.2506 32.2963
3 7 101.416 29.9801 30.0125
3 8 112.211 30.6374 30.6472
3 9 132.407 35.7488 35.7668
3 10 127.137 31.6733 31.6821
3 11 123.394 30.9692 30.9811
3 12 115.707 33.5343 33.5835
3 13 70.143 20.4325 20.3931
3 14 45.3302 12.3122 12.2568
3 15 35.6693 9.01353 8.94145
3 16 22.8427 6.91565 6.84726
3 17 21.6338 5.50412 5.43375
3 18 14.7099 3.67849 3.51451
3 19 18.8498 7.38333 7.22372
3 20 12.4581 3.65854 3.49427
3 21 11.6806 2.96927 2.80357
3 22 13.4618 8.77497 8.6715
3 23 9.09424 2.17547 1.9974
3 24 8.0964 2.2866 2.11966
3 25 8.74319 2.5978 2.44155
3 26 6.5432 1.74224 1.5851
3 27 6.22301 1.6383 1.47225
3 28 5.69036 1.4493 1.29736
3 29 8.43657 2.43455 2.25097
3 30 4.80835 1.39059 1.22516
3 31 5.27238 1.37779 1.2219
3 32 2.46031 0.922826 0.771163
3 33 4.26019 1.94324 1.78034
3 34 39.915 11.3848 11.3246
4 0 79.0769 23.5985 23.6226
4 1 120.918 34.9425 35.0062
4 2 150.888 43.1826 43.2638
4 3 160.891 44.4337 44.4822
4 4 160.315 37.9438 37.973
4 5 183.201 47.3025 47.3967
4 6 196.706 48.5591 48.6134
4 7 195.396 49.0773 49.1696
4 8 227.67 52.6411 52.7422
4 9 278.404 59.605 59.6836
4 10 307.662 64.6277 64.7604
4 11 332.097 71.353 71.4971
4 12 313.98 70.3875 70.5313
4 13 216.701 48.7357 48.8232
4 14 136 29.8244 29.8624
4 15 92.571 20.3251 20.2998
4 16 67.9124 15.8541 15.8563
4 17 52.7805 11.2419 11.1799
4 18 46.8848 10.4274 10.3645
4 19 44.7541 10.3573 10.3083
4 20 38.9122 10.2824 10.2306
4 21 29.2332 6.39759 6.23
4 22 32.4143 12.7489 12.7076
4 23 25.6574 6.77679 6.70591
4 24 19.7808 4.70062 4.51448
4 25 18.9899 4.42448 4.26175
4 26 19.9933 4.61766 4.51085
4 27 15.0913 4.34369 4.16704
4 28 15.0676 3.48589 3.31165
4 29 16.3335 3.91899 3.79431
4 30 11.0591 2.21043 2.03691
4 31 11.258 3.08467 2.9067
4 32 7.81507 2.04134 1.87475
4 33 9.18454 2.04834 1.87913
4 34 93.8606 23.8146 23.679
5 0 97.4938 25.3006 25.3256
5 1 109.163 30.9011 30.9088
5 2 114.78 32.6164 32.6274
5 3 103.807 25.2007 25.1754
5 4 118.181 29.81 29.8137
5 5 143.269 38.9974 39.0643
5 6 148.338 34.5059 34.5508
5 7 168.364 38.6097 38.6356
5 8 200.022 42.8085 42.876
5 9 263.15 54.8484 54.9147
5 10 310.404 57.0044 57.1132
5 11 339.682 64.7397 64.8696
5 12 282.541 64.5378 64.6664
5 13 155.338 29.916 29.9465
5 14 76.8165 17.8277 17.7886
5 15 58.9779 14.6836 14.5409
5 16 38.3282 9.56924 9.48593
5 17 31.0191 7.84824 7.75684
5 18 24.2772 5.93601 5.76678
5 19 24.8169 8.67694 8.52152
5 20 22.9955 6.55904 6.42383
5 21 17.8439 4.84345 4.68001
5 22 13.7269 4.2064 4.04348
5 23 16.6822 3.94481 3.77497
5 24 13.3516 3.609 3.46369
5 25 13.6742 3.69301 3.58619
5 26 10.544 2.63691 2.45462
5 27 11.6571 3.04229 2.86003
5 28 10.8479 2.68022 2.51002
5 29 10.3577 2.68937 2.52359
5 30 7.96658 2.46466 2.29629
5 31 9.51957 2.94524 2.7854
5 32 5.66173 1.53557 1.3705
5 33 6.47198 2.6235 2.44256
5 34 69.575 19.3759 19.3625
6 0 50.0683 14.1313 14.127
6 1 89.2679 25.3996 25.4353
6 2 110.001 29.8033 29.8455
6 3 119.631 30.6648 30.6729
6 4 119.448 26.5029 26.4985
6 5 128.56 30.5878 30.6341
6 6 131.517 29.4096 29.4087
6 7 137.623 31.2925 31.3346
6 8 166.59 36.6467 36.7034
6 9 207.86 41.0153 41.0199
6 10 236.7 47.0016 47.0878
6 11 263.277 54.3205 54.4213
6 12 247.746 49.7649 49.8175
6 13 174.988 35.1307 35.1805
6 14 105.41 20.9544 20.781
6 15 70.1527 14.6453 14.6107
6 16 52.6793 11.7358 11.6954
6 17 38.5367 7.77945 7.70687
6 18 37.1244 8.03096 7.92897
6 19 33.1873 7.37834 7.30046
6 20 30.6735 8.10435 8.03171
6 21 21.5817 4.53203 4.36264
6 22 21.5088 4.84429 4.67023
6 23 19.6632 5.46011 5.36379
6 24 14.5714 3.46871 3.27687
6 25 13.5568 2.84783 2.68117
6 26 15.4669 3.50674 3.39279
6 27 11.6382 3.47875 3.30648
6 28 11.4203 2.71805 2.55454
6 29 12.0047 2.9159 2.79409
6 30 8.57358 1.63341 1.46289
6 31 9.54108 2.7312 2.55435
6 32 5.81642 1.35571 1.1818
6 33 6.66731 1.39452 1.23294
6 34 72.8429 18.5767 18.4247
7 0 79.6717 20.1241 20.1338
7 1 88.8712 25.369 25.3601
7 2 91.2257 26.6039 26.5968
7 3 79.6595 18.9846 18.9432
7 4 90.823 21.2781 21.256
7 5 99.2487 24.3519 24.3717
7 6 103.478 21.4779 21.4592
7 7 124.721 26.4823 26.4581
7 8 148.89 28.2726 28.2675
7 9 201.287 37.7895 37.8117
7 10 254.229 43.0745 43.1036
7 11 285.108 50.8695 50.9643
7 12 233.068 51.7019 51.7968
7 13 126.908 23.1849 23.1961
7 14 62.0759 14.674 14.6133
7 15 45.7268 11.4336 11.2886
7 16 30.7185 6.95861 6.79956
7 17 23.6291 5.96616 5.79616
7 18 19.3277 4.86369 4.68784
7 19 17.5339 4.46853 4.30568
7 20 18.7762 5.26955 5.12847
7 21 13.8147 3.90721 3.7438
7 22 11.1705 3.57316 3.40932
7 23 13.5822 3.28599 3.11969
7 24 10.4646 2.73492 2.58164
7 25 10.3642 2.84512 2.72522
7 26 8.52724 2.17084 1.98758
7 27 8.8872 2.41645 2.24834
7 28 8.80489 2.13909 1.96977
7 29 6.24984 1.44788 1.27284
7 30 5.64379 1.81202 1.64516
7 31 5.96412 2.08154 1.91585
7 32 5.20007 1.45236 1.29229
7 33 4.72902 1.48292 1.3084
7 34 50.6776 13.4267 13.2922
8 0 29.0086 9.63844 9.49563
8 1 31.6504 9.62634 9.57087
8 2 40.8865 13.4657 13.4183
8 3 41.2598 13.8638 13.8093
8 4 40.867 11.5369 11.4745
8 5 54.6412 16.7908 16.7626
8 6 65.1891 19.2267 19.2047
8 7 57.7724 17.8306 17.835
8 8 61.0793 16.1045 16.0387
8 9 70.5439 18.6925 18.6637
8 10 70.9627 17.7022 17.6725
8 11 68.8202 17.105 17.0759
8 12 66.2339 20.7028 20.7138
8 13 41.713 13.7056 13.6427
8 14 30.5896 9.14722 9.08146
8 15 22.4183 5.76779 5.68911
8 16 15.233 4.24726 4.1609
8 17 14.2438 3.63493 3.47307
8 18 9.76036 2.59692 2.43557
8 19 11.5668 3.15385 3.00788
8 20 8.23868 2.36083 2.1989
8 21 7.65151 2.03554 1.86736
8 22 10.9055 8.14433 8.03734
8 23 5.99423 1.49568 1.34212
8 24 5.20946 1.39616 1.23761
8 25 5.43319 1.74248 1.58058
8 26 4.52642 1.27625 1.11806
8 27 3.45309 1.01378 0.86056
8 28 3.64731 0.91177 0.757114
8 29 4.32873 1.18097 1.00022
8 30 2.48556 0.726881 0.574026
8 31 1.71693 0.496734 0.35235
8 32 1.99865 0.847402 0.692953
8 33 2.51723 0.800685 0.64619
8 34 21.0177 5.42249 5.25434
9 0 17.8221 5.2968 5.19178
9 1 20.2917 5.69977 5.54874
9 2 23.5542 6.20132 6.03059
9 3 24.1473 6.3161 6.23222
9 4 27.3582 8.6205 8.55772
9 5 44.0206 14.7222 14.6926
9 6 44.8605 13.1024 13.0916
9 7 43.6437 12.2401 12.1775
9 8 51.1322 14.6402 14.6085
9 9 61.8633 17.1475 17.1031
9 10 56.1747 14.0446 14.0096
9 11 54.5739 13.9517 13.9053
9 12 49.4734 12.9015 12.8697
9 13 28.43 6.91528 6.75043
9 14 14.7406 3.34111 3.17529
9 15 13.251 3.41434 3.25233
9 16 7.60969 2.78848 2.68637
9 17 7.38998 2.06526 1.96068
9 18 4.94952 1.24014 1.07894
9 19 7.28304 4.3948 4.21584
9 20 4.21937 1.44129 1.29537
9 21 4.02913 1.09865 0.936203
9 22 2.55636 0.783521 0.634158
9 23 3.10001 0.824096 0.655278
9 24 2.88693 1.03107 0.882047
9 25 3.31 1.01571 0.860969
9 26 2.01679 0.618463 0.467037
9 27 2.76991 0.772538 0.611691
9 28 2.04305 0.692955 0.54025
9 29 4.10783 1.40165 1.25075
9 30 2.32279 0.810704 0.651129
9 31 3.55545 1.02964 0.869549
9 32 0.461659 0.204311 0.0782098
9 33 1.74295 1.3432 1.13416
9 34 18.8974 6.14041 6.07023
