0 0
1 0 463 97.8313 98.0317
1 1 842.426 173.008 173.327
1 2 733.691 137.854 138.104
1 3 508.462 92.4277 92.6058
1 4 339.832 63.3311 63.4554
1 5 213.816 41.1681 41.2364
1 6 127.154 24.8247 24.8083
1 7 75.2452 15.423 15.4275
1 8 62.682 15.07 15.0662
1 9 40.1551 7.53543 7.33569
1 10 35.7192 7.73953 7.68692
1 11 28.2751 6.18885 6.10767
1 12 212.547 47.9143 48.0058
2 0 173.331 34.245 34.2884
2 1 569.07 101.489 101.673
2 2 431.467 74.1417 74.2838
2 3 277.523 49.7252 49.7808
2 4 178.448 34.3525 34.3762
2 5 96.3462 24.3112 24.294
2 6 53.8635 12.8652 12.81
2 7 34.9223 8.66875 8.59765
2 8 21.4354 4.62822 4.47174
2 9 15.7256 3.40406 3.22978
2 10 15.6051 3.51785 3.38052
2 11 15.1561 3.56209 3.40165
2 12 133.614 30.3828 30.419
3 0 133.599 37.2455 37.2761
3 1 248.865 67.3994 67.515
3 2 203.362 55.4212 55.5037
3 3 164.745 43.9928 44.0426
3 4 108.728 27.9824 28.0151
3 5 80.2901 20.9449 20.925
3 6 38.1913 9.41424 9.33295
3 7 29.2294 6.95688 6.86653
3 8 20.3243 5.17574 5.01631
3 9 16.705 5.83344 5.74113
3 10 10.8327 2.88644 2.71502
3 11 10.8994 2.93509 2.78381
3 12 88.4863 25.7999 25.8251
4 0 34.8795 9.15576 9.09373
4 1 122.01 30.092 30.1056
4 2 97.3162 23.4249 23.2881
4 3 73.933 18.0057 17.9663
4 4 45.2747 11.1275 11.0661
4 5 24.5164 5.03004 4.86028
4 6 20.4504 5.51767 5.44501
4 7 8.82502 2.3451 2.17553
4 8 7.36394 1.80341 1.65108
4 9 5.95455 1.58213 1.42348
4 10 6.95329 2.17004 2.05685
4 11 3.05523 0.904371 0.750351
4 12 30.0029 8.1004 8.0356
