0.03 0
1 0 0 0.151737 0
1 1 12.9949 3.41013 3.31119
1 2 328.098 89.9622 90.1708
1 3 636.983 147.195 147.507
1 4 627.957 136.668 136.954
1 5 538.217 109.105 109.329
1 6 443.232 95.8621 96.0246
1 7 334.275 69.5156 69.6619
1 8 250.143 52.149 52.2566
1 9 176.986 38.102 38.1668
1 10 128.51 32.0007 32.0417
1 11 84.6124 18.3736 18.2077
1 12 62.2314 15.579 15.5246
1 13 48.9385 11.7245 11.5705
1 14 34.2959 9.08295 9.03184
1 15 19.6433 4.46694 4.29846
1 16 20.9473 6.26409 6.17487
1 17 13.7132 3.34707 3.17963
1 18 10.7771 2.57026 2.40773
1 19 9.44901 2.63854 2.48738
1 20 38.9968 12.2548 12.0852
2 0 0 0.151737 0
2 1 0.0279 0.0439888 0.000778409
2 2 22.0389 3.99273 3.82518
2 3 159.83 36.4882 36.5015
2 4 318.707 66.4817 66.6116
2 5 428.064 84.5 84.6312
2 6 436.783 81.7855 81.9433
2 7 398.491 75.6905 75.7936
2 8 375.406 76.2134 76.3686
2 9 288.291 58.1421 58.2553
2 10 234.272 55.853 55.9438
2 11 181.946 40.9931 41.0197
2 12 137.64 32.843 32.8639
2 13 107.572 24.3365 24.3147
2 14 73.187 14.8204 14.6864
2 15 57.5947 13.354 13.2913
2 16 47.6037 10.7974 10.653
2 17 37.4451 8.87743 8.72268
2 18 27.8314 6.48869 6.41048
2 19 21.0503 4.50502 4.34108
2 20 89.8164 26.5443 26.5458
