0 0
1 0 1.67021 0.529101 0.357606
1 1 33.1427 7.82848 7.60541
1 2 89.0059 18.9064 18.5142
1 3 147.354 32.167 31.4655
1 4 168.097 36.5997 36.634
1 5 159.743 29.2017 29.1303
1 6 165.805 30.257 30.2727
1 7 169.073 32.6371 32.6602
1 8 160.192 31.6368 31.5547
1 9 168.586 32.5671 32.4879
1 10 164.502 31.3191 31.1916
1 11 158.906 31.7713 31.6873
1 12 170.762 38.316 38.2108
1 13 157.591 30.3777 30.2475
1 14 157.366 31.4916 31.4272
1 15 179.171 37.6038 37.5105
1 16 176.558 43.5753 43.4488
1 17 171.397 39.3998 39.4426
1 18 182.325 42.6261 42.5309
1 19 194.944 50.9983 50.8555
1 20 204.504 52.0998 51.9634
1 21 213.411 62.3188 62.428
1 22 188.063 49.2077 49.2797
1 23 157.035 43.7149 43.8066
1 24 70.2459 22.6545 22.5877
1 25 4.44638 1.43795 1.25752
1 26 2.77299 0.832741 0.658755
2 0 0.904971 0.446957 0.270917
2 1 27.8026 6.45247 6.25642
2 2 68.5154 15.03 14.8245
2 3 111.553 24.3635 24.147
2 4 136.969 27.9099 27.8804
2 5 144.035 28.1561 27.848
2 6 161.436 28.6289 28.3229
2 7 165.388 32.3503 32.2919
2 8 160.039 30.2713 30.2063
2 9 169.448 36.728 36.6174
2 10 169.364 34.3464 34.3741
2 11 170.803 32.2057 32.2407
2 12 168.177 30.8883 30.9058
2 13 174.968 35.8793 35.8786
2 14 168.992 34.5359 34.4813
2 15 166.166 32.2461 32.2048
2 16 167.383 35.7225 35.7147
2 17 172.121 38.1405 38.1795
2 18 172.269 42.3158 42.3699
2 19 161.645 32.5897 32.6481
2 20 155.88 34.8622 34.8917
2 21 148.561 31.9175 31.9121
2 22 150.529 39.8476 39.8484
2 23 97.3566 24.4755 24.3906
2 24 51.3707 13.6695 13.6401
2 25 0.196715 0.175435 0.0386969
2 26 0.98155 0.37615 0.212635
