0 0
1 0 56.389 3.73884 3.72948
1 1 120.266 7.7242 7.71339
1 2 98.7929 6.16285 6.15333
1 3 66.0209 3.83597 3.82842
1 4 45.7874 2.90234 2.89393
1 5 28.5843 1.84936 1.84089
1 6 14.7586 1.01632 1.00695
1 7 10.0342 0.690606 0.68886
1 8 8.27083 0.579922 0.570385
1 9 4.79513 0.332686 0.26448
1 10 4.91529 0.332153 0.329291
1 11 4.23267 0.25779 0.258425
1 12 3.0526 0.253062 0.250826
1 13 2.16229 0.151598 0.149053
1 14 1.73678 0.139731 0.0910826
1 15 22.4231 1.6438 1.63308
2 0 14.5875 1.04753 1.03736
2 1 32.1967 2.3974 2.3862
2 2 25.9552 1.93725 1.92609
2 3 19.7463 1.45216 1.44141
2 4 13.3219 1.05083 1.03862
2 5 9.07135 0.643065 0.633289
2 6 5.51278 0.427493 0.416085
2 7 3.64355 0.23543 0.236
2 8 1.71763 0.137226 0.0857684
2 9 1.79774 0.15791 0.154362
2 10 1.61173 0.122933 0.113082
2 11 0.798542 0.0853147 0.0406806
2 12 1.13976 0.0907901 0.0886785
2 13 0.621231 0.0754132 0.0322863
2 14 0.68179 0.066063 0.0628684
2 15 6.41161 0.433485 0.424692
