0 0
1 0 181.176 45.5717 45.6645
1 1 235.821 62.578 62.7103
1 2 268.399 69.4689 69.6146
1 3 276.585 67.4248 67.5275
1 4 298.931 68.8871 68.9887
1 5 338.14 78.988 79.1591
1 6 371.709 82.5712 82.7426
1 7 387.014 80.5746 80.7435
1 8 472.165 95.8564 96.05
1 9 604.279 114.957 115.147
1 10 712.612 128.832 129.069
1 11 766.086 139.808 140.063
1 12 657.337 130.409 130.663
1 13 410.644 81.3949 81.562
1 14 232.262 48.9082 48.9953
1 15 160.54 32.8958 32.9057
1 16 111.319 23.1608 23.183
1 17 90.5617 18.689 18.6443
1 18 75.0472 15.4344 15.3826
1 19 72.0917 17.8641 17.8367
1 20 62.7342 13.7973 13.7819
1 21 48.6375 10.2412 10.0807
1 22 47.4122 15.857 15.852
1 23 44.0556 9.53283 9.46875
1 24 35.0604 7.79493 7.62718
1 25 34.4533 7.59721 7.52321
1 26 32.7007 7.23715 7.13074
1 27 25.8581 5.54749 5.34443
1 28 27.8291 6.14505 5.97942
1 29 27.5148 6.22035 6.10693
1 30 20.4564 4.4251 4.25409
1 31 19.5812 4.25996 4.08683
1 32 14.3006 3.26337 3.07996
1 33 15.388 3.19481 3.0075
1 34 155.603 35.6767 35.7051
2 0 132.794 30.7517 30.8022
2 1 182.318 47.1175 47.2083
2 2 202.569 50.5813 50.6753
2 3 209.845 48.1466 48.1963
2 4 226.659 48.2408 48.2872
2 5 240.567 51.7068 51.8072
2 6 260.857 53.3173 53.3788
2 7 285.479 55.0821 55.188
2 8 355.367 67.1573 67.2853
2 9 465.642 80.8034 80.9208
2 10 576.875 97.5458 97.7279
2 11 636.724 109.953 110.162
2 12 540.87 100.192 100.383
2 13 336.68 60.7413 60.8583
2 14 185.62 37.1942 37.2455
2 15 122.574 23.4469 23.436
2 16 90.0566 17.6855 17.6607
2 17 67.9212 13.1133 13.0548
2 18 59.6762 11.734 11.656
2 19 52.7836 10.8244 10.7756
2 20 50.6172 10.907 10.8437
2 21 36.4337 7.34903 7.17541
2 22 35.2116 8.36055 8.1913
2 23 34.5894 7.44742 7.36618
2 24 26.6825 5.69051 5.51229
2 25 25.9032 5.54916 5.47056
2 26 25.8132 5.58711 5.4689
2 27 19.4047 4.00148 3.81942
2 28 21.8526 4.74009 4.57915
2 29 19.4523 4.20975 4.08953
2 30 15.4287 3.22037 3.05042
2 31 14.2596 3.03932 2.8556
2 32 11.9998 2.6891 2.51158
2 33 11.9152 2.3655 2.18251
2 34 118.07 26.5053 26.3784
3 0 48.3822 14.9104 14.8624
3 1 53.5024 15.5258 15.502
3 2 65.83 18.9744 18.9393
3 3 66.7397 19.3535 19.3312
3 4 72.2723 20.7381 20.7014
3 5 97.5732 27.3485 27.3519
3 6 110.853 29.3268 29.3637
3 7 101.535 25.5364 25.5555
3 8 116.798 28.7606 28.7647
3 9 138.637 34.2128 34.2259
3 10 135.737 31.3335 31.3412
3 11 129.361 29.8919 29.9008
3 12 116.467 30.2407 30.2799
3 13 73.9635 20.7419 20.7037
3 14 46.6423 11.8066 11.7497
3 15 37.9655 9.5402 9.46973
3 16 21.2621 5.59448 5.5223
3 17 22.6405 5.65931 5.58949
3 18 15.371 3.89007 3.72664
3 19 19.3081 7.22074 7.06105
3 20 12.1169 3.10308 2.93818
3 21 12.2037 3.0707 2.90532
3 22 12.2006 7.76764 7.66067
3 23 9.46618 2.28052 2.10257
3 24 8.37781 2.2815 2.11489
3 25 8.55012 2.20869 2.05265
3 26 6.88746 1.81878 1.66184
3 27 6.45336 1.69096 1.525
3 28 5.97649 1.55229 1.40027
3 29 8.06256 2.20091 2.0174
3 30 5.02771 1.36834 1.20367
3 31 5.3216 1.38709 1.23123
3 32 2.30086 0.713869 0.568377
3 33 3.4728 0.978043 0.824983
3 34 37.5334 9.39291 9.32678
4 0 95.8217 25.9384 25.9694
4 1 151.013 40.2892 40.3652
4 2 183.339 45.181 45.2667
4 3 190.776 45.9732 46.025
4 4 204.198 44.8508 44.8875
4 5 229.195 53.5928 53.7022
4 6 253.748 58.5556 58.6331
4 7 248.756 54.6784 54.7843
4 8 300.575 64.9146 65.0391
4 9 367.608 74.2062 74.319
4 10 407.371 77.8071 77.9649
4 11 441.124 87.1015 87.2803
4 12 410.296 81.7548 81.9178
4 13 287.13 58.4442 58.5592
4 14 181.69 39.2077 39.2719
4 15 128.622 25.9178 25.9073
4 16 90.2962 19.0782 19.0902
4 17 69.4282 13.7818 13.7279
4 18 59.6876 11.8606 11.7978
4 19 55.837 12.1039 12.0599
4 20 50.5005 10.8352 10.7858
4 21 38.4799 7.88259 7.71994
4 22 37.5051 12.7739 12.7328
4 23 34.1301 7.14386 7.07373
4 24 27.4143 5.7686 5.60017
4 25 26.904 5.82086 5.74597
4 26 25.9974 5.69418 5.58291
4 27 19.5401 4.07926 3.89807
4 28 22.6412 4.87807 4.71233
4 29 22.3087 4.9569 4.83954
4 30 15.8644 3.16272 2.99484
4 31 14.4392 2.95935 2.78254
4 32 11.7314 2.66034 2.48272
4 33 12.4584 2.55562 2.37828
4 34 120.836 26.9829 26.8575
5 0 85.3544 19.6896 19.6951
5 1 84.8074 22.3603 22.3451
5 2 85.0603 24.3555 24.348
5 3 85.8083 21.5363 21.5026
5 4 94.7327 24.1079 24.1011
5 5 108.946 25.4336 25.4569
5 6 117.961 24.0958 24.1094
5 7 138.258 25.9571 25.9592
5 8 171.59 31.0242 31.0109
5 9 236.671 40.7923 40.8277
5 10 305.241 51.013 51.1042
5 11 324.962 52.7163 52.7827
5 12 247.042 48.6913 48.7448
5 13 123.514 22.9929 23.0028
5 14 50.5719 9.85916 9.7234
5 15 31.9178 7.14959 6.99845
5 16 21.0225 4.25389 4.09284
5 17 21.1335 5.01181 4.91634
5 18 15.3596 3.74612 3.58486
5 19 16.2547 5.94376 5.77676
5 20 12.2337 3.14551 2.99613
5 21 10.1575 2.52493 2.36079
5 22 9.90714 3.27275 3.11917
5 23 9.92549 2.56276 2.39502
5 24 7.6461 2.18128 2.02701
5 25 7.54925 1.95343 1.77724
5 26 6.70334 1.7128 1.54782
5 27 6.31797 1.62179 1.44635
5 28 5.1879 1.42128 1.26709
5 29 5.20613 1.42964 1.26739
5 30 4.59203 1.41841 1.25925
5 31 5.14199 1.46214 1.30428
5 32 2.56924 0.753748 0.597241
5 33 2.92962 0.795447 0.629214
5 34 34.767 8.89218 8.84761
6 0 62.2934 15.1432 15.142
6 1 111.925 28.7381 28.7808
6 2 134.525 30.7263 30.771
6 3 144.794 31.8916 31.9028
6 4 152.755 30.843 30.8396
6 5 166.138 36.4858 36.5484
6 6 176.666 36.5349 36.552
6 7 180.901 36.4119 36.4677
6 8 220.627 43.8667 43.9364
6 9 277.07 51.2276 51.2596
6 10 316.949 56.6708 56.7784
6 11 353.873 66.6166 66.7485
6 12 328.404 58.9181 58.9893
6 13 232.094 42.1059 42.1765
6 14 143.761 29.5356 29.5683
6 15 98.3681 18.3591 18.3327
6 16 72.1448 14.3214 14.2891
6 17 52.1744 9.75637 9.69026
6 18 47.3576 8.95114 8.84472
6 19 40.9779 8.16612 8.08824
6 20 40.8028 8.5687 8.49822
6 21 29.2418 5.70897 5.53579
6 22 27.1068 5.7432 5.57209
6 23 27.1405 5.65901 5.56209
6 24 20.4746 4.10643 3.92935
6 25 20.4927 4.30078 4.22114
6 26 20.6736 4.44466 4.32651
6 27 15.2295 3.02306 2.8513
6 28 17.0048 3.58369 3.42778
6 29 16.5165 3.60732 3.48522
6 30 12.1744 2.35731 2.19095
6 31 10.285 2.09727 1.92119
6 32 9.43052 2.08105 1.91434
6 33 9.37561 1.79833 1.62937
6 34 93.2588 20.5708 20.4258
7 0 70.5004 15.6666 15.6602
7 1 70.3932 18.4545 18.4275
7 2 68.0446 19.9255 19.9043
7 3 65.0507 16.3432 16.2936
7 4 73.9037 17.4745 17.4476
7 5 74.429 15.2941 15.2588
7 6 84.1905 16.8533 16.8268
7 7 104.578 18.7591 18.7202
7 8 134.74 23.3844 23.3488
7 9 188.572 29.6548 29.6611
7 10 259.926 40.9268 40.9495
7 11 282.851 43.3708 43.4137
7 12 212.466 41.3592 41.3935
7 13 104.587 18.6844 18.6818
7 14 41.859 7.82438 7.67729
7 15 24.2062 5.25882 5.10331
7 16 17.9118 3.54397 3.3716
7 17 15.7467 3.52751 3.36452
7 18 12.3187 2.97355 2.81128
7 19 11.8057 2.83567 2.68737
7 20 9.81438 2.5031 2.34548
7 21 7.19192 1.8028 1.63962
7 22 8.10482 2.77511 2.61921
7 23 7.4489 1.96528 1.80409
7 24 6.20791 1.73826 1.58294
7 25 5.41042 1.41774 1.24942
7 26 5.13966 1.31027 1.14239
7 27 4.17522 1.13131 0.968128
7 28 4.84773 1.30912 1.15137
7 29 2.93575 0.764637 0.604311
7 30 3.25429 1.01879 0.859475
7 31 3.97459 1.09751 0.934409
7 32 2.56924 0.753748 0.597241
7 33 2.53957 0.712417 0.553145
7 34 24.811 6.10169 5.95254
8 0 33.5282 10.9813 10.8275
8 1 39.0882 11.6177 11.5844
8 2 48.8143 14.5427 14.4957
8 3 45.9821 14.1773 14.1222
8 4 51.4433 14.1044 14.0479
8 5 63.0564 17.1812 17.1538
8 6 77.082 22.0945 22.0811
8 7 67.8551 18.3106 18.3166
8 8 79.9482 21.1189 21.1027
8 9 90.5379 23.0761 23.0594
8 10 90.4222 21.2067 21.1865
8 11 87.2512 20.5509 20.5318
8 12 81.8919 22.9107 22.9286
8 13 55.0366 16.4299 16.3826
8 14 37.9293 9.76697 9.70363
8 15 30.254 7.65104 7.57459
8 16 18.1514 4.87476 4.80106
8 17 17.2537 4.19765 4.03768
8 18 12.3301 3.11269 2.95305
8 19 14.8591 4.11478 3.97166
8 20 9.69763 2.45272 2.28753
8 21 9.23813 2.35136 2.18415
8 22 10.3983 7.27214 7.16071
8 23 6.98959 1.67178 1.51164
8 24 6.93962 1.82883 1.67082
8 25 6.41129 1.67834 1.52482
8 26 5.32378 1.4172 1.25641
8 27 4.31061 1.20297 1.04678
8 28 5.63631 1.4365 1.28455
8 29 5.79218 1.5381 1.35432
8 30 3.68997 0.963456 0.80389
8 31 4.1542 1.02142 0.861354
8 32 2.30086 0.713869 0.568377
8 33 3.08275 0.902308 0.748914
8 34 27.5774 6.60141 6.43172
9 0 14.854 4.13934 4.0349
9 1 14.4142 4.07826 3.91763
9 2 17.0157 4.61939 4.44364
9 3 20.7576 5.31368 5.20902
9 4 20.829 6.71899 6.6535
9 5 34.5168 10.2418 10.1981
9 6 33.7706 7.44045 7.28259
9 7 33.6803 7.31035 7.23898
9 8 36.8502 7.7405 7.66207
9 9 48.0991 11.2207 11.1665
9 10 45.3148 10.1996 10.1547
9 11 42.1103 9.42822 9.36905
9 12 34.575 7.49889 7.35128
9 13 18.9269 4.47725 4.32103
9 14 8.71299 2.19266 2.04611
9 15 7.71158 2.04371 1.89514
9 16 3.11071 0.872046 0.721243
9 17 5.38679 1.66276 1.55182
9 18 3.04096 0.927284 0.773586
9 19 4.44904 3.2908 3.0894
9 20 2.41931 0.797339 0.650647
9 21 2.96559 0.87318 0.721169
9 22 1.80232 0.646985 0.499963
9 23 2.47659 0.752389 0.590934
9 24 1.43819 0.600271 0.444072
9 25 2.13883 0.682578 0.527824
9 26 1.56367 0.557356 0.405435
9 27 2.14275 0.63481 0.478224
9 28 0.340178 0.287213 0.115721
9 29 2.27038 0.81776 0.66308
9 30 1.33774 0.551751 0.399779
9 31 1.16739 0.521495 0.369873
9 32 0 0.151737 0
9 33 0.39005 0.205606 0.0760694
9 34 9.956 2.96794 2.89506
