0 0
1 0 80.7336 16.4454 16.4197
1 1 255.512 53.9087 54.0214
1 2 376.425 76.3232 76.4804
1 3 479.237 100.187 100.392
1 4 503.434 105.709 105.889
1 5 517.782 112.771 113.008
1 6 494.73 97.4765 97.6862
1 7 486.889 97.1016 97.3025
1 8 455.063 94.0336 94.2382
1 9 424.179 91.5283 91.7174
1 10 404.64 84.2489 84.4191
1 11 376.054 80.5276 80.6977
1 12 320.281 66.6548 66.7481
1 13 285.995 58.3051 58.423
1 14 300.335 68.8719 69.0271
1 15 270.67 58.4551 58.5721
1 16 239.105 53.899 53.9684
1 17 225.354 45.094 45.17
1 18 213.524 43.365 43.4334
1 19 210.616 43.7086 43.7901
1 20 167.338 34.7497 34.7375
1 21 136.632 34.6897 34.7418
1 22 80.6848 18.27 18.244
1 23 29.0901 6.65917 6.55338
1 24 0 0.151737 0
2 0 61.1048 11.6705 11.6302
2 1 193.676 38.3556 38.4262
2 2 282.584 53.1942 53.2947
2 3 356.255 68.9294 69.063
2 4 378.22 69.8418 69.9382
2 5 397.734 79.0705 79.2328
2 6 375.44 67.4375 67.5811
2 7 376.576 70.561 70.7001
2 8 355.844 69.3099 69.4594
2 9 329.466 66.3786 66.5066
2 10 317.335 62.167 62.2842
2 11 299.214 59.4799 59.5972
2 12 261.188 52.4111 52.4764
2 13 233.563 44.6576 44.7303
2 14 241.707 52.9857 53.099
2 15 216.523 44.5589 44.6396
2 16 190.041 40.1467 40.1774
2 17 186.516 35.7468 35.8
2 18 172.183 33.1595 33.1995
2 19 167.577 33.284 33.337
2 20 126.362 23.4592 23.4138
2 21 101.387 21.8018 21.8167
2 22 58.9271 11.8186 11.6334
2 23 20.0909 4.27502 4.16746
2 24 0 0.151737 0
3 0 19.6288 4.87099 4.78952
3 1 61.8362 15.6281 15.5953
3 2 93.8419 23.1674 23.1857
3 3 122.982 31.2868 31.329
3 4 125.214 35.9228 35.9506
3 5 120.049 33.7186 33.7757
3 6 119.29 30.0959 30.105
3 7 110.313 26.6065 26.6023
3 8 99.219 24.7843 24.7788
3 9 94.7135 25.2143 25.2108
3 10 87.3049 22.1432 22.1349
3 11 76.8396 21.1359 21.1005
3 12 59.0931 14.3084 14.2717
3 13 52.4311 13.7329 13.6927
3 14 58.6287 15.9561 15.9282
3 15 54.1463 13.9822 13.9326
3 16 49.0639 13.9593 13.791
3 17 38.8387 9.43651 9.36998
3 18 41.3403 10.2743 10.234
3 19 43.0395 10.4971 10.4531
3 20 40.9767 11.3849 11.3237
3 21 35.2454 13.0707 12.9252
3 22 21.7577 6.67049 6.61056
3 23 8.99923 2.55113 2.38592
3 24 0 0.151737 0
4 0 60.8716 12.7142 12.6604
4 1 192.672 40.942 41.0202
4 2 281.113 57.3546 57.4675
4 3 345.263 72.6494 72.7943
4 4 360.189 75.947 76.0725
4 5 366.634 78.6358 78.8035
4 6 347.894 71.8632 72.0231
4 7 322.253 66.1852 66.3194
4 8 295.346 63.3907 63.5225
4 9 266.25 60.066 60.188
4 10 238.272 50.131 50.224
4 11 228.825 50.9102 51.0089
4 12 191.523 41.5288 41.5711
4 13 167.556 35.4352 35.4528
4 14 178.777 44.2975 44.3766
4 15 164.735 38.0141 38.0783
4 16 144.186 31.9155 31.9307
4 17 141.669 29.0717 29.1111
4 18 135.134 28.1149 28.1416
4 19 134.651 29.0216 29.0609
4 20 108.993 23.0413 23.0041
4 21 89.8491 23.3438 23.3563
4 22 54.249 11.9874 11.9472
4 23 20.3594 4.73008 4.621
4 24 0 0.151737 0
5 0 19.8621 3.9231 3.75935
5 1 62.8406 13.0794 13.0012
5 2 95.3128 19.0482 19.0129
5 3 133.974 27.5941 27.5977
5 4 143.245 29.9335 29.8164
5 5 151.148 34.3648 34.205
5 6 146.836 25.6635 25.6631
5 7 164.636 30.9447 30.983
5 8 159.717 30.7116 30.7156
5 9 157.929 31.5122 31.5294
5 10 166.368 34.1665 34.195
5 11 147.229 29.6932 29.6888
5 12 128.757 25.1984 25.1769
5 13 118.438 22.9477 22.9702
5 14 121.559 24.6841 24.6506
5 15 105.935 20.5138 20.4939
5 16 94.9188 22.0448 22.0377
5 17 83.6854 16.1085 16.0588
5 18 78.3898 15.3301 15.2918
5 19 75.9659 14.7603 14.7292
5 20 58.3454 11.7899 11.7334
5 21 46.7829 11.4427 11.3855
5 22 26.4358 6.38428 6.29684
5 23 8.73071 2.08676 1.93238
5 24 0 0.151737 0
6 0 45.2362 8.858 8.7923
6 1 142.335 28.6238 28.6678
6 2 208.645 38.965 39.0294
6 3 249.098 47.2178 47.2968
6 4 266.533 48.6746 48.7278
6 5 276.887 52.1314 52.2323
6 6 259.047 48.6267 48.7285
6 7 242.856 46.2725 46.356
6 8 228.148 46.3441 46.4328
6 9 202.902 42.2122 42.2867
6 10 187.199 37.737 37.796
6 11 179.771 37.3148 37.3762
6 12 155.176 32.0339 32.0544
6 13 131.164 25.2925 25.2824
6 14 141.53 33.9661 34.0163
6 15 127.136 27.7724 27.8072
6 16 111.876 24.1169 24.1096
6 17 115.55 22.62 22.6406
6 18 107.427 21.3219 21.3286
6 19 105.939 21.8554 21.8407
6 20 80.1619 14.888 14.8109
6 21 65.5889 13.0071 12.9887
6 22 39.0663 7.81918 7.6497
6 23 13.7315 3.06437 2.94566
6 24 0 0.151737 0
7 0 15.8686 3.01674 2.83791
7 1 51.341 9.85183 9.75835
7 2 73.9388 14.313 14.2653
7 3 107.157 21.7794 21.7661
7 4 111.687 21.3466 21.2104
7 5 120.847 27.1401 27.0005
7 6 116.393 18.8726 18.8526
7 7 133.72 24.3621 24.3442
7 8 127.696 23.0618 23.0266
7 9 126.564 24.2237 24.2199
7 10 130.136 24.6119 24.4881
7 11 119.443 22.2616 22.2209
7 12 106.011 20.4555 20.422
7 13 102.399 19.462 19.4479
7 14 100.177 19.1331 19.0827
7 15 89.3873 16.8632 16.8323
7 16 78.1646 16.1129 16.0679
7 17 70.9657 13.2298 13.1594
7 18 64.7562 12.0525 11.8709
7 19 61.6377 11.5373 11.4963
7 20 46.1997 8.69385 8.60289
7 21 35.7977 8.90517 8.82794
7 22 19.8609 4.15953 3.98374
7 23 6.35934 1.37025 1.2218
7 24 0 0.151737 0
8 0 15.6354 3.95141 3.86807
8 1 50.3366 12.3908 12.3524
8 2 72.4678 18.4314 18.4381
8 3 96.1651 25.5003 25.4974
8 4 93.6564 27.3639 27.3447
8 5 89.7476 26.5412 26.5711
8 6 88.8464 23.3054 23.2945
8 7 79.397 19.9863 19.9635
8 8 67.1977 17.1181 17.0897
8 9 63.3482 17.9444 17.9013
8 10 51.0731 12.464 12.428
8 11 49.0537 13.6911 13.6326
8 12 36.3471 9.56449 9.51676
8 13 36.3919 10.2192 10.1704
8 14 37.2468 10.4055 10.3603
8 15 37.5984 10.3448 10.271
8 16 32.3096 7.99597 7.82113
8 17 26.1189 6.54437 6.47051
8 18 27.7067 6.96211 6.81304
8 19 28.7113 7.29168 7.22019
8 20 28.8309 8.26246 8.1932
8 21 24.2602 10.5201 10.3676
8 22 15.1828 4.38368 4.29747
8 23 6.62786 1.83785 1.67534
8 24 0 0.151737 0
9 0 3.99345 1.06729 0.921445
9 1 11.4996 3.35738 3.2429
9 2 21.3741 4.89899 4.74758
9 3 26.8172 5.98401 5.83155
9 4 31.5575 8.73224 8.60592
9 5 30.3012 7.35773 7.20456
9 6 30.4438 6.87632 6.81049
9 7 30.9164 6.79227 6.63885
9 8 32.0212 7.84404 7.68902
9 9 31.3653 7.37861 7.30951
9 10 36.2318 9.76496 9.70691
9 11 27.7859 7.56165 7.46787
9 12 22.746 4.9073 4.75491
9 13 16.0392 3.67534 3.5223
9 14 21.3818 5.63871 5.56788
9 15 16.5479 3.82847 3.66154
9 16 16.7543 6.11651 5.96983
9 17 12.7198 3.05121 2.89947
9 18 13.6335 3.52139 3.42091
9 19 14.3282 3.39822 3.23293
9 20 12.1458 3.22597 3.1305
9 21 10.9852 2.70928 2.55754
9 22 6.57494 2.41954 2.3131
9 23 2.37137 0.869201 0.710578
9 24 0 0.151737 0
