0 0
1 0 0 0.249966 0
1 1 0 0.249966 0
1 2 0 0.249966 0
1 3 4.44863 1.56494 1.25439
1 4 21.3153 5.95696 5.60448
1 5 57.6588 15.2492 14.8972
1 6 96.7972 29.5984 29.3041
1 7 113.379 29.8177 29.7752
1 8 126.368 34.4677 34.1898
1 9 123.158 31.8781 31.821
1 10 97.7513 25.1639 24.8959
1 11 92.142 30.6484 30.4004
1 12 65.0762 17.321 17.032
1 13 46.9803 12.8296 12.4525
1 14 36.9615 10.0613 9.74923
1 15 25.5116 7.85322 7.4946
1 16 18.9494 5.32747 5.00192
1 17 13.9003 8.72784 8.42889
1 18 7.76755 2.29247 1.96425
1 19 4.50271 1.38633 1.07995
1 20 5.22993 1.53761 1.27051
1 21 2.05398 0.774399 0.500996
1 22 1.41573 0.688252 0.425255
1 23 1.6073 0.729634 0.461929
1 24 1.41512 0.605681 0.354134
1 25 3.85461 1.30689 1.0003
2 0 0 0.249966 0
2 1 0 0.249966 0
2 2 0 0.249966 0
2 3 0.39174 0.277654 0.0767316
2 4 11.1531 3.31263 2.98343
2 5 47.2297 13.3099 13.0077
2 6 104.165 26.4154 26.1271
2 7 165.657 43.083 43.018
2 8 208.795 52.6381 52.46
2 9 220.481 55.8052 55.5937
2 10 213.075 55.274 55.0758
2 11 187.998 50.0075 49.793
2 12 164.562 42.9628 42.9597
2 13 134.937 37.0043 36.749
2 14 87.3904 25.6407 25.3777
2 15 68.1291 19.0858 18.7977
2 16 45.9081 13.6381 13.3367
2 17 35.2682 10.114 9.94935
2 18 30.8149 8.49168 8.13139
2 19 11.347 3.28727 2.95825
2 20 8.04676 2.31344 1.98537
2 21 9.59799 2.95573 2.63663
2 22 5.32859 1.68733 1.38918
2 23 4.93178 1.60848 1.31046
2 24 3.12777 1.10229 0.809831
2 25 12.3558 3.48636 3.15767
3 0 0 0.249966 0
3 1 0 0.249966 0
3 2 1.77103 0.886897 0.68525
3 3 21.3951 7.09998 6.9642
3 4 58.6556 19.701 19.5938
3 5 107.632 29.2754 28.9177
3 6 170.307 47.5453 47.3854
3 7 206.647 56.3834 56.388
3 8 208.232 56.4676 56.3138
3 9 192.472 48.9644 48.7324
3 10 172.568 46.3328 46.1999
3 11 140.843 38.2926 38.2166
3 12 109.03 28.8752 28.5164
3 13 88.1788 24.3057 24.3414
3 14 68.5092 19.2837 18.8924
3 15 50.159 13.6421 13.5282
3 16 31.6547 8.3311 8.00965
3 17 27.5412 7.14019 6.78061
3 18 22.8028 6.59041 6.41455
3 19 21.2006 5.77222 5.44357
3 20 14.6726 3.79362 3.4657
3 21 11.6625 3.44863 3.11955
3 22 7.76257 2.15112 1.82387
3 23 6.26507 1.75002 1.42501
3 24 6.85838 2.22417 1.89513
3 25 26.2171 7.97815 7.86729
4 0 0 0.249966 0
4 1 0 0.249966 0
4 2 0 0.249966 0
4 3 3.90956 1.28333 0.962632
4 4 25.2219 7.37877 7.0297
4 5 92.265 30.118 29.8246
4 6 179.304 47.0291 46.8054
4 7 283.642 76.9222 76.9837
4 8 339.087 90.2502 90.3593
4 9 337.648 88.1917 88.3121
4 10 323.729 101.338 101.26
4 11 289.214 77.3205 77.3954
4 12 237.679 65.8026 65.8344
4 13 196.676 54.7323 54.7634
4 14 150.753 39.4129 39.0876
4 15 119.929 34.1759 33.9113
4 16 100.878 32.9479 32.9148
4 17 78.2654 21.421 21.2924
4 18 61.1846 16.8784 16.7553
4 19 43.0512 11.4127 11.0761
4 20 38.9899 10.416 10.0615
4 21 26.6001 7.07418 6.75344
4 22 30.6699 9.87039 9.70432
4 23 21.3662 5.80699 5.45433
4 24 15.2353 4.29545 3.96779
4 25 62.8433 17.0909 16.9489
