0 0
1 0 79.4198 26.9461 26.562
1 1 218.501 62.5085 62.5618
1 2 220.308 57.3199 57.2705
1 3 170.307 46.7988 46.5983
1 4 104.097 27.5922 27.3075
1 5 70.1849 19.6362 19.5626
1 6 35.4337 10.2833 9.94267
1 7 16.8909 5.1371 4.81058
1 8 13.0554 4.11776 3.78892
1 9 10.5849 3.08898 2.75565
1 10 5.84786 2.57231 2.23545
1 11 3.57445 1.16701 0.848898
1 12 2.98092 1.0324 0.731483
1 13 3.77744 1.1171 0.815917
1 14 2.12314 0.898123 0.61577
1 15 11.1576 3.28021 2.95107
2 0 165.959 43.4188 43.1838
2 1 548.664 145.109 145.366
2 2 386.13 100.499 100.595
2 3 270.698 69.6941 69.5235
2 4 165.772 42.9682 42.7559
2 5 90.016 24.6618 24.3525
2 6 52.5152 14.3547 14.0271
2 7 30.4268 9.06382 8.74819
2 8 17.1767 4.91774 4.59118
2 9 11.9237 3.45433 3.12541
2 10 8.50643 2.66856 2.31183
2 11 6.92943 2.18578 1.85722
2 12 4.55994 1.7534 1.39794
2 13 2.76189 1.02408 0.752525
2 14 2.90413 1.28858 0.959623
2 15 15.7493 4.4922 4.13666
3 0 137.86 39.4032 39.3003
3 1 417.024 118.729 119.015
3 2 395.215 105.624 105.455
3 3 305.645 81.3249 81.4646
3 4 190.518 51.1254 50.9759
3 5 112.395 28.7976 28.5022
3 6 59.6008 15.331 14.9921
3 7 40.3716 11.0073 10.885
3 8 25.3539 7.10056 6.751
3 9 20.0821 5.97604 5.62323
3 10 11.4662 3.30405 2.94742
3 11 10.4559 3.12904 2.79973
3 12 9.17435 2.72195 2.39286
3 13 4.91431 1.65095 1.29931
3 14 4.08926 1.25909 0.939615
3 15 28.8726 7.93853 7.57666
4 0 317.588 90.6756 90.7746
4 1 898.268 243.779 244.146
4 2 673.518 194.509 194.858
4 3 464.027 124.068 124.278
4 4 290.563 80.5015 80.604
4 5 153.446 40.8544 40.8453
4 6 72.846 20.7864 20.4791
4 7 59.1487 18.562 18.2759
4 8 27.5656 7.39403 7.0455
4 9 19.8791 5.46501 5.13991
4 10 19.6972 5.70556 5.38074
4 11 10.6416 3.0752 2.71863
4 12 9.66516 2.91091 2.58155
4 13 7.9144 2.37117 2.0426
4 14 5.33618 1.72215 1.39596
4 15 28.037 7.25158 6.89234
