0 0
1 0 619.753 62.305 62.2197
1 1 707.766 70.5509 70.4462
1 2 726.544 69.498 69.3903
1 3 733.28 72.6871 72.5764
1 4 746.729 79.2604 79.1435
1 5 746.661 75.0019 74.8874
1 6 771.138 78.8758 78.7543
1 7 770.454 80.4461 80.3239
1 8 772.706 79.0173 78.8954
1 9 767.383 78.424 78.3035
1 10 781.818 79.2844 79.1605
1 11 779.443 76.4353 76.3133
1 12 769.509 77.8425 77.7219
1 13 779.183 81.4766 81.352
1 14 764.71 79.4491 79.3286
1 15 790.798 82.4276 82.3001
1 16 777.17 75.993 75.8718
1 17 782.069 80.3181 80.1936
1 18 761.76 76.2697 76.1515
1 19 763.583 76.2556 76.137
1 20 770.377 78.0595 77.9386
1 21 775.182 78.5499 78.4277
1 22 753.252 72.5015 72.387
1 23 697.014 70.0868 69.9843
1 24 378.297 38.0558 38.0111
1 25 9.93342 1.06375 1.06129
2 0 15.7449 0.951675 0.947084
2 1 20.9524 1.22935 1.22562
2 2 25.5743 1.79412 1.78424
2 3 24.2404 1.45043 1.45432
2 4 25.4327 1.65266 1.64415
2 5 24.0986 1.47619 1.46863
2 6 25.9454 1.57963 1.57213
2 7 27.4624 1.57615 1.56946
2 8 28.5035 1.8912 1.88231
2 9 27.3322 1.79136 1.79294
2 10 28.594 1.99408 1.98427
2 11 27.827 1.88251 1.87327
2 12 27.4312 1.68363 1.676
2 13 27.8997 1.81229 1.80376
2 14 27.1925 1.87344 1.87164
2 15 27.8856 1.99704 1.98672
2 16 28.8292 1.79788 1.78999
2 17 30.0083 2.01769 2.0232
2 18 28.815 2.1233 2.12223
2 19 30.3186 2.03204 2.02294
2 20 28.1561 1.87495 1.88006
2 21 31.1066 2.16892 2.15908
2 22 29.8362 1.98309 1.9885
2 23 24.9102 1.82734 1.82539
2 24 11.5126 0.76593 0.762641
2 25 1.01387 0.0903961 0.0855939
