0.03 0
1 0 10643.4 4715.34 4700.55
1 1 7827.32 3383.58 3378.48
1 2 7547.75 3322.68 3318.29
1 3 7608.45 3354.54 3350.05
1 4 7749.44 3479.35 3474.69
1 5 7696.29 3447.85 3443.13
1 6 7415.71 3181.43 3177.05
1 7 7781.88 3369.22 3364.03
1 8 7587.88 3334.43 3329.92
1 9 7614.99 3360.94 3356.46
1 10 7379.84 3166.06 3161.85
1 11 7310.47 3127.42 3123.33
1 12 7411.59 3238.33 3234.22
1 13 7335.41 3150.52 3146.44
1 14 7419.42 3203.85 3199.46
1 15 7544.22 3332.09 3327.99
1 16 7307.54 3122.45 3118.52
1 17 7342.27 3180.43 3176.45
1 18 7471.58 3278.3 3274.06
1 19 7265.71 3258.79 3255.33
1 20 8648.4 3734.31 3726.55
1 21 7502.74 3270.61 3266.44
1 22 7197.32 3089.18 3085.27
1 23 7040.73 3082.15 3078.99
1 24 7252.61 3205.87 3202.15
1 25 7184.88 3114.15 3110.41
1 26 7020.93 3100.54 3097.38
1 27 6970.47 3042.71 3039.7
1 28 7054.51 3117.84 3114.78
1 29 5894.45 2552.29 2551.09
1 30 218.469 88.9823 89.1778
1 31 0 0.151737 0
1 32 0 0.151737 0
2 0 2718.97 1206.9 1208.62
2 1 2930.15 1189.47 1190.85
2 2 2932.55 1195.11 1196.47
2 3 2983.36 1245.46 1246.95
2 4 3083.17 1335.45 1337.1
2 5 3205.23 1394.79 1396.32
2 6 3036.59 1213.45 1214.74
2 7 3078.98 1260.37 1261.75
2 8 3066.93 1303.89 1305.36
2 9 3081.9 1275.29 1276.73
2 10 3101.36 1303.33 1304.76
2 11 3056.86 1252.61 1253.98
2 12 3095.2 1234.59 1235.92
2 13 3060.86 1244.09 1245.42
2 14 3080.41 1319.7 1321.29
2 15 3086.93 1194.59 1195.71
2 16 3100.52 1295.5 1296.94
2 17 3050.07 1253.77 1255.17
2 18 3008.86 1296.18 1297.74
2 19 2846 1131.26 1132.61
2 20 3346.14 1389.48 1390.75
2 21 2757.68 1055.58 1056.85
2 22 2736.66 1108.06 1109.49
2 23 2621.78 1003.58 1004.85
2 24 2602.02 1008.85 1010.12
2 25 2540.8 944.208 945.389
2 26 2284.36 824.919 826.039
2 27 2075.04 736.107 737.199
2 28 1758.41 586.383 587.344
2 29 1012.74 395.032 395.933
2 30 25.3888 7.33006 7.18215
2 31 0 0.151737 0
2 32 0 0.151737 0
3 0 7924.42 3497.48 3491.93
3 1 4897.17 2187.22 2187.62
3 2 4615.2 2120.96 2121.83
3 3 4625.1 2102.18 2103.1
3 4 4666.27 2136.72 2137.58
3 5 4491.06 2045.79 2046.81
3 6 4379.12 1961.28 1962.31
3 7 4702.91 2101.59 2102.28
3 8 4520.94 2023.67 2024.56
3 9 4533.08 2078.81 2079.73
3 10 4278.48 1856.18 1857.1
3 11 4253.61 1868.37 1869.35
3 12 4316.39 1997.04 1998.3
3 13 4274.54 1899.92 1901.02
3 14 4339 1877.25 1878.17
3 15 4457.29 2131.01 2132.28
3 16 4207.02 1820.67 1821.57
3 17 4292.19 1920.27 1921.28
3 18 4462.72 1975.48 1976.33
3 19 4419.71 2121.31 2122.72
3 20 5302.27 2335.9 2335.8
3 21 4745.07 2208.72 2209.6
3 22 4460.66 1974.91 1975.78
3 23 4418.96 2072.95 2074.14
3 24 4650.59 2190.99 2192.03
3 25 4644.08 2164 2165.02
3 26 4736.57 2270.2 2271.35
3 27 4895.43 2301.68 2302.5
3 28 5296.11 2526.97 2527.44
3 29 4881.71 2154.7 2155.15
3 30 193.081 81.8211 81.9957
3 31 0 0.151737 0
3 32 0 0.151737 0
