0 0
1 0 2.67153 0.83346 0.682546
1 1 56.9397 12.9177 12.7544
1 2 145.514 33.0274 32.8707
1 3 234.123 52.7901 52.6327
1 4 283.384 63.7182 63.8503
1 5 280.072 56.4988 56.6085
1 6 305.862 60.78 60.8936
1 7 309.668 65.4001 65.5349
1 8 296.624 62.4587 62.5939
1 9 318.376 72.8249 72.98
1 10 304.263 63.7509 63.88
1 11 301.327 61.7871 61.9111
1 12 318.221 70.4349 70.5883
1 13 309.88 67.7569 67.8437
1 14 304.476 66.6225 66.7167
1 15 321.553 68.8145 68.9575
1 16 321.244 79.5823 79.7652
1 17 320.275 77.5005 77.6684
1 18 331.229 84.1702 84.3571
1 19 334.617 85.0159 85.2087
1 20 342.456 87.7406 87.9498
1 21 343.555 94.7442 94.9568
1 22 321.64 89.8559 90.0559
1 23 241.6 67.0483 67.1983
1 24 117.226 35.4875 35.5394
1 25 4.43807 1.35848 1.20846
1 26 3.265 0.928679 0.783332
2 0 2.02076 0.68587 0.534006
2 1 28.9293 6.76012 6.60227
2 2 74.2116 14.4196 14.2274
2 3 141.884 31.8869 31.7092
2 4 203.997 44.7273 44.8041
2 5 224.665 44.9028 44.939
2 6 257.547 49.0219 48.8119
2 7 253.895 48.8785 48.9685
2 8 249.852 49.3471 49.4493
2 9 269.507 57.6945 57.8043
2 10 265.887 53.1258 53.2277
2 11 251.561 48.4151 48.5047
2 12 276.617 60.5384 60.6676
2 13 268.722 57.2034 57.2624
2 14 256.238 53.2683 53.3306
2 15 270.461 55.6552 55.7653
2 16 267.947 62.8024 62.9424
2 17 255.925 56.7152 56.8293
2 18 263.374 63.9258 64.06
2 19 264.376 61.2166 61.3471
2 20 262.314 64.6637 64.8129
2 21 226.112 54.2871 54.3936
2 22 178.467 45.8379 45.922
2 23 112.662 29.0025 28.9886
2 24 48.3095 14.0886 14.0773
2 25 3.10079 1.04463 0.897136
2 26 2.52021 0.653155 0.503638
3 0 0.650777 0.292579 0.14854
3 1 28.0105 6.31172 6.15216
3 2 71.3022 18.8081 18.6433
3 3 92.2397 21.1443 20.9235
3 4 79.3864 19.0398 19.0462
3 5 55.4071 11.835 11.6695
3 6 48.3152 12.1541 12.0817
3 7 55.7729 16.6123 16.5664
3 8 46.7722 13.1978 13.1446
3 9 48.8693 15.2382 15.1756
3 10 38.3753 10.8266 10.6523
3 11 49.7654 13.4469 13.4064
3 12 41.6044 10.0761 9.92076
3 13 41.1578 10.646 10.5813
3 14 48.2378 13.4356 13.3861
3 15 51.0926 13.2347 13.1922
3 16 53.2965 16.8765 16.8228
3 17 64.3492 20.8559 20.8391
3 18 67.8551 20.3079 20.2971
3 19 70.2418 23.8745 23.8616
3 20 80.1425 23.1217 23.1368
3 21 117.443 40.5246 40.5632
3 22 143.173 44.0593 44.134
3 23 128.938 38.1385 38.2097
3 24 68.9166 21.4759 21.4621
3 25 1.33728 0.458018 0.311322
3 26 0.744786 0.445905 0.279693
4 0 1.76355 0.553894 0.403678
4 1 31.2002 7.18735 7.01595
4 2 85.4627 18.8221 18.6587
4 3 140.822 31.4389 31.2294
4 4 164.818 37.5078 37.5677
4 5 156.114 30.4775 30.4804
4 6 165.285 33.7826 33.8341
4 7 164.108 34.1148 34.1619
4 8 156.637 33.5717 33.6201
4 9 164.443 34.7905 34.8391
4 10 159.398 32.39 32.3634
4 11 151.682 31.7716 31.8165
4 12 168.358 39.8229 39.8991
4 13 152.422 31.1335 31.1145
4 14 153.984 33.321 33.3365
4 15 172.629 37.6283 37.6942
4 16 170.227 43.8901 43.9725
4 17 165.918 40.268 40.3316
4 18 178.457 43.5767 43.6236
4 19 190.905 52.3126 52.4248
4 20 201.724 53.6814 53.7894
4 21 210.998 64.1554 64.2915
4 22 186.99 51.6031 51.7018
4 23 155.489 44.5218 44.6134
4 24 68.7884 22.5757 22.5637
4 25 4.24135 1.31751 1.16976
4 26 2.54306 0.781138 0.631839
5 0 0.907982 0.433136 0.278869
5 1 25.7395 5.89208 5.73847
5 2 60.0511 14.3726 14.2119
5 3 93.3011 21.5493 21.4033
5 4 118.566 26.2859 26.2826
5 5 123.958 26.2931 26.1281
5 6 140.577 27.2408 27.0595
5 7 145.559 31.3935 31.373
5 8 139.987 28.9996 28.9738
5 9 153.933 38.1219 38.1409
5 10 144.865 31.4801 31.5165
5 11 149.645 30.0586 30.0946
5 12 149.863 30.6494 30.6893
5 13 157.458 36.6981 36.7292
5 14 150.492 33.3643 33.3802
5 15 148.924 31.2613 31.2633
5 16 151.017 35.7701 35.7928
5 17 154.357 37.2833 37.3368
5 18 152.773 40.673 40.7334
5 19 143.712 32.729 32.7839
5 20 140.733 34.0999 34.1604
5 21 132.557 30.6516 30.6653
5 22 134.65 38.32 38.3541
5 23 86.1115 22.6148 22.5849
5 24 48.4377 12.9902 12.9757
5 25 0.196715 0.160946 0.0386969
5 26 0.721934 0.289224 0.151492
6 0 1.11277 0.401249 0.255138
6 1 17.481 4.21467 4.04889
6 2 45.7062 9.57015 9.39034
6 3 84.0376 18.9848 18.8425
6 4 119.123 27.0323 27.0621
6 5 120.81 22.9314 22.8882
6 6 140.198 27.4869 27.2537
6 7 135.806 26.3832 26.1889
6 8 132.895 27.3579 27.3886
6 9 142.565 29.3905 29.4268
6 10 136.567 25.524 25.4773
6 11 125.187 24.1705 24.1935
6 12 143.931 33.6962 33.7556
6 13 128.951 25.2702 25.2364
6 14 127.068 26.1287 26.1232
6 15 145.971 30.9388 30.9858
6 16 137.441 32.7998 32.8476
6 17 134.101 30.572 30.6085
6 18 140.449 32.2965 32.2836
6 19 144.682 34.9941 35.0572
6 20 154.255 40.7779 40.8492
6 21 132.814 33.8763 33.923
6 22 98.2205 24.4361 24.4585
6 23 69.2996 18.3297 18.2909
6 24 29.0271 8.59369 8.53177
6 25 3.10079 1.04463 0.897136
6 26 1.79828 0.501824 0.352146
7 0 0.907982 0.433136 0.278869
7 1 11.4483 2.71896 2.55338
7 2 28.5054 5.01582 4.83706
7 3 57.8461 13.0301 12.8667
7 4 84.874 17.7893 17.742
7 5 103.855 22.2077 22.0508
7 6 117.349 21.7136 21.5582
7 7 118.089 22.8258 22.7796
7 8 116.957 22.107 22.0607
7 9 126.942 28.3809 28.3776
7 10 129.321 27.7304 27.7503
7 11 126.375 24.3203 24.3112
7 12 132.686 26.883 26.912
7 13 139.771 32.0082 32.0259
7 14 129.171 27.2083 27.2074
7 15 124.49 24.811 24.7795
7 16 130.507 30.0889 30.0948
7 17 121.824 26.253 26.2207
7 18 122.925 31.7416 31.7764
7 19 119.694 26.435 26.2899
7 20 108.059 23.9742 23.9638
7 21 93.2979 20.4845 20.4706
7 22 80.2463 21.4953 21.4634
7 23 43.3627 10.7578 10.6977
7 24 19.2824 5.60468 5.54554
7 25 0 0.151737 0
7 26 0.721934 0.289224 0.151492
8 0 0.650777 0.292579 0.14854
8 1 13.7192 3.12253 2.96706
8 2 39.7565 9.43775 9.2684
8 3 56.7847 12.6243 12.3869
8 4 45.6944 10.6633 10.5056
8 5 35.3037 7.78702 7.59217
8 6 25.0868 6.67789 6.58039
8 7 28.3028 8.06058 7.97301
8 8 23.7415 6.30203 6.23145
8 9 21.8782 5.49857 5.41235
8 10 22.8309 7.06572 6.88611
8 11 26.495 7.71713 7.62304
8 12 24.4272 6.29549 6.14344
8 13 23.4709 5.96557 5.87804
8 14 26.9165 7.36945 7.21329
8 15 26.6586 6.79043 6.7084
8 16 32.7858 11.1895 11.1249
8 17 31.8167 9.78774 9.72307
8 18 38.0077 11.3782 11.34
8 19 46.2231 17.3958 17.3676
8 20 47.4686 13.0124 12.9402
8 21 78.1837 30.3574 30.3686
8 22 88.7692 27.2161 27.2433
8 23 86.1894 26.2836 26.3225
8 24 39.7613 14.0699 14.032
8 25 1.14056 0.417646 0.272625
8 26 0.744786 0.445905 0.279693
9 0 0 0.151737 0
9 1 14.2912 3.33384 3.1851
9 2 31.5457 9.54553 9.37488
9 3 35.455 8.70822 8.53659
9 4 33.692 8.60206 8.54058
9 5 20.1034 4.2536 4.07734
9 6 23.2284 5.66492 5.50133
9 7 27.4701 8.67476 8.59336
9 8 23.0307 7.00406 6.91313
9 9 26.9911 9.85494 9.7633
9 10 15.5445 3.93071 3.76621
9 11 23.2704 5.93926 5.78337
9 12 17.1772 3.96261 3.77732
9 13 17.6869 4.85388 4.70329
9 14 21.3213 6.24065 6.17284
9 15 24.434 6.63607 6.48383
9 16 20.5107 5.79241 5.69795
9 17 32.5325 11.1585 11.116
9 18 29.8475 9.02597 8.95707
9 19 24.0187 6.56443 6.49401
9 20 32.6738 10.2205 10.1966
9 21 39.2595 10.256 10.1947
9 22 54.4037 16.915 16.8907
9 23 42.7488 11.9551 11.8873
9 24 29.1553 7.49514 7.43014
9 25 0.196715 0.160946 0.0386969
9 26 0 0.151737 0
