0.03 0
1 0 65.0171 4.38257 4.37273
1 1 30.4868 2.01111 2.00229
1 2 26.7086 1.80453 1.80438
1 3 25.5889 1.71235 1.70334
1 4 24.2256 1.53169 1.52365
1 5 21.8336 1.53752 1.54171
1 6 15.808 0.953344 0.948764
1 7 16.4666 1.06551 1.06125
1 8 14.579 0.921344 0.923735
1 9 12.774 0.810018 0.812091
1 10 8.73919 0.561245 0.553204
1 11 7.26842 0.454668 0.393037
1 12 7.80702 0.524004 0.51995
1 13 5.82876 0.438902 0.432645
1 14 4.12043 0.264028 0.212449
1 15 4.53043 0.342023 0.335456
1 16 3.97209 0.241151 0.234322
1 17 2.76438 0.32686 0.322239
1 18 26.9939 1.94618 1.93574
2 0 48.9191 3.25882 3.24952
2 1 34.2599 2.23479 2.24088
2 2 29.947 1.91932 1.92453
2 3 29.037 1.80481 1.79697
2 4 25.3547 1.87415 1.86321
2 5 20.0954 1.21512 1.21835
2 6 17.5264 1.16984 1.16956
2 7 14.4858 0.864053 0.861778
2 8 11.2909 0.714719 0.716515
2 9 10.618 0.661997 0.663638
2 10 8.57445 0.527605 0.526495
2 11 6.94949 0.463334 0.458882
2 12 5.52392 0.355981 0.351404
2 13 5.57443 0.481217 0.476138
2 14 3.21292 0.203078 0.197795
2 15 4 0.280158 0.275191
2 16 3.15913 0.206295 0.169869
2 17 2.28545 0.162644 0.124047
2 18 24.7111 1.61015 1.60161
