0 0
1 0 57.9996 13.9962 13.8148
1 1 45.9263 13.3687 13.1843
1 2 45.4876 9.72775 9.68823
1 3 42.0726 11.2301 11.0908
1 4 45.3229 9.67512 9.61046
1 5 42.0872 9.55853 9.55001
1 6 35.559 8.31932 7.94659
1 7 47.854 13.832 13.6684
1 8 57.5351 14.0369 13.8555
1 9 56.708 12.0977 11.6698
1 10 63.9892 17.3785 17.3933
1 11 81.6178 19.6553 19.5395
1 12 101.171 23.4059 23.298
1 13 123.767 30.6126 30.4885
1 14 147.397 35.9974 35.8751
1 15 202.287 50.199 50.0694
1 16 238.449 49.4369 49.3414
1 17 293.503 58.3444 58.2508
1 18 418.234 84.7658 84.654
1 19 648.586 135.883 135.724
1 20 0 0.250592 0
2 0 90.3093 19.3226 19.1588
2 1 75.8827 15.8657 15.1112
2 2 63.8776 13.4478 13.0407
2 3 62.5824 11.4131 11.2947
2 4 65.6735 15.2944 15.175
2 5 72.0559 17.1404 17.1547
2 6 62.3169 11.569 11.5106
2 7 70.0492 14.8338 14.746
2 8 76.0192 16.9594 16.8782
2 9 85.3177 20.359 20.2678
2 10 92.3684 20.134 19.8117
2 11 104.48 28.5472 28.3975
2 12 102.18 22.7439 22.648
2 13 108.028 21.0649 21.0356
2 14 123.355 27.4874 27.5319
2 15 146.592 35.4599 35.5274
2 16 183.276 41.1024 41.0736
2 17 192.235 36.5521 36.4412
2 18 245.941 49.5787 49.5737
2 19 364.475 79.4396 79.3222
2 20 0 0.250592 0
3 0 24.5332 6.89105 6.11666
3 1 21.5678 6.80773 6.60195
3 2 17.9985 5.72362 5.70257
3 3 17.1023 5.68575 5.4803
3 4 18.9941 6.02323 5.87273
3 5 19.1044 8.24223 8.09643
3 6 15.8219 4.73721 4.61592
3 7 12.7751 4.24173 4.21574
3 8 20.1462 6.12162 5.98421
3 9 25.509 8.38555 8.25502
3 10 29.6803 9.77688 9.76848
3 11 25.5123 8.18231 8.16901
3 12 29.3949 8.06153 8.04811
3 13 28.6466 8.46821 8.32597
3 14 38.7556 10.6025 10.0709
3 15 46.2835 12.7258 12.5777
3 16 69.9499 18.8959 18.7513
3 17 96.4263 26.4237 26.2735
3 18 135.523 39.3159 39.1458
3 19 238.487 68.7861 68.6107
3 20 0 0.250592 0
4 0 31.4287 9.08275 8.97567
4 1 16.3155 4.45002 4.08025
4 2 16.6075 4.42596 3.9939
4 3 16.4831 5.36953 5.189
4 4 12.6492 3.19306 2.76642
4 5 18.3948 5.66176 5.54334
4 6 15.4546 3.95846 3.83556
4 7 19.6803 6.35698 6.24057
4 8 16.6371 4.25161 3.88187
4 9 22.1464 7.8591 7.65573
4 10 20.9291 5.30359 4.93558
4 11 21.9469 5.33681 5.2185
4 12 25.7917 8.94524 8.83679
4 13 30.517 9.19949 9.15753
4 14 34.9966 9.09404 8.89655
4 15 37.0246 10.9107 10.7762
4 16 53.8482 14.9516 14.8633
4 17 56.1292 13.8923 13.7103
4 18 70.4865 18.2585 18.2449
4 19 123.767 38.3908 38.1976
4 20 0 0.250592 0
