0.03 0
1 0 276.402 68.6841 68.8249
1 1 750.949 179.814 180.196
1 2 996.316 236.442 236.88
1 3 915.776 199.047 199.412
1 4 741.866 160.196 160.517
1 5 596.59 126.037 126.298
1 6 492.082 119.261 119.526
1 7 347.122 74.6826 74.8351
1 8 277.945 65.2694 65.4091
1 9 215.311 54.4589 54.5344
1 10 152.178 36.5444 36.6077
1 11 120.947 29.5512 29.5929
1 12 84.8962 20.7536 20.7738
1 13 79.6715 22.3796 22.3671
1 14 64.1201 15.9602 15.9267
1 15 48.1069 11.6779 11.6021
1 16 45.4971 11.2814 11.2328
1 17 39.7627 10.0191 9.97165
1 18 36.1787 10.1056 10.0555
1 19 34.0396 8.216 8.02687
1 20 27.4641 6.89454 6.81762
1 21 30.1332 10.9264 10.9015
1 22 23.8591 6.34137 6.27028
1 23 15.7095 3.93102 3.74971
1 24 18.7457 5.1277 5.06915
1 25 347.434 91.5625 91.775
2 0 220.63 50.6361 50.7279
2 1 575.681 129.278 129.562
2 2 769.1 169.959 170.3
2 3 720.05 144.086 144.36
2 4 580.246 115.473 115.709
2 5 446.99 84.7151 84.8842
2 6 369.571 82.086 82.2613
2 7 262.222 51.7537 51.8467
2 8 205.315 45.3464 45.4331
2 9 162.706 41.03 41.0713
2 10 115.352 26.4846 26.4734
2 11 88.9002 20.8007 20.8165
2 12 62.9595 15.1419 15.1401
2 13 61.294 17.3242 17.3006
2 14 48.8342 12.2596 12.2157
2 15 35.1991 7.80735 7.59087
2 16 32.3064 6.81201 6.65351
2 17 27.6755 6.37982 6.32134
2 18 28.2732 8.06001 8.00743
2 19 26.3227 6.2352 6.03998
2 20 18.0704 3.97624 3.80676
2 21 20.6599 6.77536 6.70865
2 22 17.9022 4.80429 4.72819
2 23 11.9121 2.62144 2.44445
2 24 14.2373 3.68514 3.5312
2 25 262.54 68.264 68.4174
3 0 55.7727 18.126 18.097
3 1 175.268 50.5685 50.634
3 2 227.216 66.4671 66.5791
3 3 195.725 54.9727 55.0528
3 4 161.62 44.7571 44.8082
3 5 149.6 41.3718 41.414
3 6 122.512 37.2001 37.2646
3 7 84.9 22.9995 22.9884
3 8 72.6302 19.9982 19.976
3 9 52.6044 13.5272 13.4631
3 10 36.8255 10.1936 10.1344
3 11 32.0467 8.84304 8.7764
3 12 21.9368 5.72141 5.6337
3 13 18.3776 5.23746 5.06649
3 14 15.2859 3.86788 3.71108
3 15 12.9078 4.11709 4.01127
3 16 13.1907 4.70751 4.57926
3 17 12.0872 3.73715 3.65031
3 18 7.90545 2.2063 2.04805
3 19 7.71698 2.14131 1.98689
3 20 9.39373 3.11869 3.01086
3 21 9.4733 4.3279 4.19282
3 22 5.9569 1.69269 1.54209
3 23 3.7974 1.46881 1.30526
3 24 4.50841 1.65015 1.53794
3 25 84.8949 23.3385 23.3576
4 0 195.515 50.6135 50.706
4 1 418.729 102.067 102.293
4 2 520.813 124.633 124.911
4 3 488.064 112.756 113.001
4 4 402.425 88.8557 89.0489
4 5 335.16 73.6301 73.7789
4 6 267.9 66.8537 66.9956
4 7 184.068 38.7139 38.7767
4 8 151.593 36.1342 36.1906
4 9 123.872 28.2896 28.2918
4 10 84.7305 19.7049 19.6731
4 11 66.3683 14.6703 14.6315
4 12 48.1397 12.2406 12.2316
4 13 48.0948 13.6953 13.6216
4 14 38.0683 10.0278 9.95437
4 15 24.1456 5.4423 5.35809
4 16 26.4572 7.22193 7.13997
4 17 19.0567 4.6828 4.60559
4 18 20.657 5.83006 5.72813
4 19 17.1515 4.14502 3.95096
4 20 15.7455 3.77254 3.67023
4 21 19.0184 7.28009 7.23973
4 22 13.8664 3.32557 3.17069
4 23 8.48765 2.1155 1.95197
4 24 10.661 3.17399 3.08534
4 25 180.672 48.1462 48.2411
5 0 80.8876 18.1651 18.1189
5 1 332.22 77.7391 77.9028
5 2 475.504 111.735 111.969
5 3 427.712 86.2341 86.4116
5 4 339.441 71.3179 71.4684
5 5 261.43 52.4569 52.5194
5 6 224.183 52.4335 52.5303
5 7 163.054 36.0361 36.0583
5 8 126.352 29.2124 29.2185
5 9 91.4383 26.2651 26.2426
5 10 67.4471 16.9605 16.9347
5 11 54.5786 15.0085 14.9614
5 12 36.7565 8.60464 8.54222
5 13 31.5767 8.79217 8.74547
5 14 26.0518 6.11837 5.97238
5 15 23.9613 6.41041 6.24405
5 16 19.04 4.26393 4.0928
5 17 20.706 5.44916 5.36606
5 18 15.5216 4.49097 4.32736
5 19 16.8881 4.24414 4.07591
5 20 11.7186 3.30989 3.14738
5 21 11.1148 3.82776 3.66174
5 22 9.99269 3.19336 3.09959
5 23 7.22184 1.95839 1.79773
5 24 8.08468 2.14032 1.9838
5 25 166.762 43.4562 43.5339
6 0 155.616 36.5968 36.6493
6 1 312.142 71.1524 71.3027
6 2 399.598 91.091 91.2923
6 3 382.056 80.9376 81.1063
6 4 301.879 60.2064 60.3229
6 5 242.74 45.0797 45.1534
6 6 199.6 46.6171 46.6997
6 7 137.441 26.7935 26.6185
6 8 106.276 22.9609 22.9791
6 9 88.4939 18.8408 18.8175
6 10 65.7478 14.9399 14.903
6 11 50.381 10.7917 10.6018
6 12 33.19 8.29403 8.24209
6 13 36.8796 10.9245 10.8474
6 14 29.3593 7.84168 7.76447
6 15 17.1788 3.49035 3.29528
6 16 19.002 4.17477 4.01338
6 17 13.3383 3.15484 3.05427
6 18 16.754 4.80807 4.70993
6 19 13.1821 3.11204 2.91545
6 20 9.07333 1.77904 1.60747
6 21 14.0609 5.57893 5.48287
6 22 9.77512 2.18165 2.01941
6 23 6.12392 1.46605 1.30584
6 24 7.8996 2.19777 2.03703
6 25 128.108 33.7059 33.7597
7 0 65.014 14.1373 14.0787
7 1 263.539 58.147 58.2593
7 2 369.502 78.8903 79.0082
7 3 337.995 63.1351 63.2533
7 4 278.367 55.2755 55.3863
7 5 204.251 39.7206 39.7308
7 6 169.97 35.5156 35.5616
7 7 124.782 25.2553 25.2282
7 8 99.0395 22.4769 22.4539
7 9 74.2123 22.2807 22.2537
7 10 49.6042 11.6312 11.5704
7 11 38.5191 10.2845 10.2147
7 12 29.7695 6.97741 6.89806
7 13 24.4144 6.50729 6.45321
7 14 19.4749 4.60172 4.4512
7 15 18.0203 4.47416 4.2956
7 16 13.3045 2.80246 2.64014
7 17 14.3371 3.41627 3.26706
7 18 11.5192 3.46246 3.2975
7 19 13.1406 3.29756 3.12453
7 20 8.99705 2.36201 2.19929
7 21 6.59902 1.38366 1.22577
7 22 8.12707 2.80346 2.70879
7 23 5.78818 1.29435 1.13861
7 24 6.33766 1.65148 1.49417
7 25 134.431 34.6088 34.6577
8 0 39.8991 14.2243 14.0568
8 1 106.587 30.9785 30.9904
8 2 121.214 33.5974 33.6183
8 3 106.008 31.8783 31.8945
8 4 100.546 28.7201 28.7261
8 5 92.4208 28.6196 28.6255
8 6 68.2996 20.3162 20.2959
8 7 46.6273 12.2207 12.1582
8 8 45.3176 13.2461 13.2114
8 9 35.3783 9.56105 9.47429
8 10 18.9827 4.93788 4.77007
8 11 15.9873 4.12706 4.02972
8 12 14.9497 4.08946 3.98954
8 13 11.2152 2.93956 2.77423
8 14 8.70899 2.34669 2.1899
8 15 6.96677 2.16847 2.06281
8 16 7.45522 3.24663 3.12659
8 17 5.71834 1.70063 1.55131
8 18 3.90299 1.1831 1.01819
8 19 3.96943 1.1888 1.03551
8 20 6.67214 2.17763 2.06276
8 21 4.95754 1.89305 1.75686
8 22 4.09128 1.30118 1.15128
8 23 2.36373 0.80606 0.646138
8 24 2.76139 1.16648 1.04831
8 25 52.564 14.4928 14.4814
9 0 15.8737 4.13874 4.04024
9 1 68.6811 19.6744 19.6436
9 2 106.002 32.9387 32.9608
9 3 89.7176 23.1821 23.1583
9 4 61.074 16.1074 16.0821
9 5 57.1788 12.8377 12.7885
9 6 54.2122 16.9929 16.9687
9 7 38.2727 10.8902 10.8302
9 8 27.3126 6.92243 6.76458
9 9 17.226 4.09082 3.98885
9 10 17.8428 5.43525 5.3643
9 11 16.0594 4.82529 4.74668
9 12 6.98703 1.80717 1.64417
9 13 7.16236 2.4535 2.29226
9 14 6.57691 1.66651 1.52117
9 15 5.94101 2.10398 1.94845
9 16 5.73548 1.63455 1.45267
9 17 6.36887 2.21193 2.099
9 18 4.00245 1.18528 1.02986
9 19 3.74755 1.10909 0.951382
9 20 2.72159 1.11184 0.948093
9 21 4.51576 2.60357 2.43597
9 22 1.86562 0.545006 0.390807
9 23 1.43366 0.84034 0.659126
9 24 1.74702 0.641513 0.489635
9 25 32.3309 8.95592 8.87623
