0 0
1 0 0 0.0157525 0
1 1 1.72661 0.134986 0.129926
1 2 27.4093 2.34339 2.32879
1 3 66.296 4.80372 4.79244
1 4 81.9699 5.67808 5.66728
1 5 84.7873 5.47516 5.46552
1 6 78.7099 5.05355 5.04419
1 7 65.9943 4.22684 4.21785
1 8 52.1741 3.16466 3.15681
1 9 41.8215 2.64395 2.63566
1 10 30.9139 1.96282 1.95462
1 11 23.6864 1.52304 1.52296
1 12 17.9514 1.04233 1.04257
1 13 13.612 0.750418 0.752474
1 14 10.048 0.570439 0.569257
1 15 6.3988 0.407229 0.404043
1 16 6.03711 0.376344 0.375271
1 17 4.12551 0.280764 0.213014
1 18 3.75694 0.227722 0.223224
1 19 3.4298 0.220168 0.189772
1 20 10.189 0.834076 0.833668
