0 0
1 0 273.658 60.582 60.4715
1 1 758.835 152.446 152.268
1 2 599.953 114.65 114.516
1 3 391.629 77.0293 77.0273
1 4 251.936 52.0238 52.105
1 5 147.977 38.5453 38.5293
1 6 82.3393 20.591 20.4303
1 7 51.9669 12.8627 12.7681
1 8 30.9387 6.68706 6.32281
1 9 26.4695 6.0475 5.68148
1 10 24.0138 5.82596 5.38066
1 11 20.2241 4.95533 4.62529
1 12 181.861 46.3043 46.3483
2 0 61.9713 18.2748 18.1762
2 1 183.342 51.2875 51.1261
2 2 134.881 34.0136 33.8842
2 3 107.459 27.5473 27.537
2 4 71.9908 20.0574 19.9036
2 5 38.937 8.80937 8.70901
2 6 31.3296 9.73855 9.60012
2 7 14.1635 3.94942 3.51801
2 8 11.356 3.15256 2.78209
2 9 8.82266 2.48348 2.11427
2 10 8.70947 2.70682 2.48926
2 11 7.05229 2.24328 1.87416
2 12 44.1321 13.3405 13.2469
