0 0
1 0 117.645 26.9342 26.8277
1 1 135.68 28.7622 28.6697
1 2 72.5205 17.6892 17.5194
1 3 30.2816 9.56368 8.79166
1 4 16.3735 3.84562 3.30442
1 5 14.5786 4.76359 4.65004
1 6 8.02227 2.14118 1.71504
1 7 5.61559 1.52196 1.17376
1 8 7.08577 3.87476 3.71954
1 9 4.81094 1.43058 1.08341
1 10 3.09483 0.877469 0.547154
1 11 2.84606 0.937685 0.671549
1 12 31.4823 9.36278 9.29621
2 0 90.239 22.4402 22.3164
2 1 184.716 45.2098 45.251
2 2 135.162 28.2257 28.0898
2 3 75.6086 16.604 16.4314
2 4 41.8798 11.4081 11.405
2 5 24.41 6.24675 6.0405
2 6 19.2242 5.68281 5.51794
2 7 9.27702 2.64672 2.51897
2 8 13.8547 5.6238 5.51131
2 9 4.08299 1.37673 0.963204
2 10 6.45232 2.82935 2.63513
2 11 4.13326 1.40936 1.21765
2 12 27.9477 8.06457 7.90441
3 0 68.1771 14.7981 14.7042
3 1 163.593 35.0646 34.9685
3 2 148.399 27.8027 27.0885
3 3 108.042 20.6057 20.5314
3 4 69.6612 14.8594 14.6813
3 5 37.6971 8.29335 8.19846
3 6 23.7352 5.66354 5.08968
3 7 16.3086 4.70769 4.2327
3 8 11.7335 2.79855 2.36919
3 9 7.89675 1.91993 1.52704
3 10 6.41037 1.75488 1.53793
3 11 4.38835 1.2722 0.840608
3 12 31.9836 7.8465 7.73612
4 0 69.2859 18.9319 18.9201
4 1 140.405 30.1852 30.0898
4 2 143.568 26.2293 26.1592
4 3 111.036 18.2715 17.945
4 4 80.8496 14.4121 14.3479
4 5 54.4768 9.81996 9.25909
4 6 33.5013 6.51865 6.14162
4 7 18.9864 3.7458 3.5332
4 8 15.5518 3.3151 3.16971
4 9 9.39639 2.05058 1.69746
4 10 9.24853 2.36365 2.00907
4 11 7.87934 2.1096 1.75886
4 12 66.993 17.8579 17.8742
5 0 81.7149 16.9885 16.9017
5 1 220.251 39.8503 39.9266
5 2 123.947 23.4629 23.3696
5 3 62.4733 16.5583 16.4548
5 4 36.0506 10.2568 10.1536
5 5 23.3128 6.61045 6.49555
5 6 13.4463 3.895 3.46343
5 7 11.6949 3.33545 3.20992
5 8 7.86803 2.2819 1.92706
5 9 8.27872 2.2352 1.86726
5 10 5.11042 1.30299 0.958553
5 11 5.83218 1.68786 1.35916
5 12 52.4465 13.0511 12.9967
6 0 61.9402 15.0916 15.0685
6 1 163.794 36.9771 36.8711
6 2 134.485 24.0073 23.9407
6 3 76.0503 15.0938 14.9144
6 4 43.8291 10.2996 10.2617
6 5 23.8057 6.56458 6.44963
6 6 12.3648 4.58021 4.16924
6 7 8.79089 2.51006 2.38188
6 8 3.26664 0.957269 0.646345
6 9 3.46557 1.13388 0.824182
6 10 3.44088 1.22688 0.906637
6 11 3.46368 1.22931 0.934168
6 12 29.9291 9.08108 8.72184
7 0 36.7091 7.85816 7.72782
7 1 91.3291 20.1305 19.9689
7 2 94.896 17.882 17.4735
7 3 66.2506 10.6591 10.3078
7 4 49.6067 8.40542 8.29801
7 5 30.7678 12.1659 12.0671
7 6 17.9678 4.84693 4.72658
7 7 10.0551 2.97368 2.64026
7 8 5.9528 1.51371 1.18742
7 9 3.17965 0.750789 0.448419
7 10 3.97947 1.20745 0.787288
7 11 3.95266 1.16612 0.848996
7 12 23.8271 7.39572 7.22199
8 0 28.1159 6.37928 6.24402
8 1 71.2469 14.342 14.1625
8 2 71.0177 14.2524 14.1718
8 3 57.4666 10.2997 10.1653
8 4 42.123 7.46282 7.35223
8 5 32.5471 6.17833 5.82774
8 6 21.4554 4.51298 4.15849
8 7 11.3904 2.32045 1.99327
8 8 8.05554 1.50655 1.18356
8 9 7.31767 1.58018 1.25704
8 10 6.27014 1.66286 1.33486
8 11 4.28877 1.17572 0.85871
8 12 39.5504 8.56773 8.20872
9 0 40.2436 10.5139 10.3209
9 1 52.2882 16.9766 16.7704
9 2 29.2928 10.8684 10.6061
9 3 20.1003 8.405 8.20173
9 4 8.57877 2.77163 2.3406
9 5 5.51914 1.87184 1.52104
9 6 4.60936 1.7709 1.44211
9 7 3.2407 1.22992 0.871686
9 8 1.50245 0.645972 0.340754
9 9 3.43222 1.29166 1.13215
9 10 1.30994 0.690691 0.435131
9 11 1.11326 0.592351 0.31552
9 12 18.6482 5.91617 5.81832
10 0 24.8324 6.9246 6.15014
10 1 45.3737 12.5066 12.3196
10 2 40.7765 11.2672 11.1182
10 3 25.8416 8.16828 8.12291
10 4 17.987 6.61984 6.47015
10 5 8.74904 2.84668 2.41616
10 6 3.57349 1.37827 1.08587
10 7 4.15965 1.44787 1.3408
10 8 1.36559 0.665688 0.358078
10 9 1.80622 0.800488 0.469841
10 10 1.17534 0.610368 0.353786
10 11 0.84637 0.489404 0.231554
10 12 10.2873 3.70894 3.5768
11 0 20.5259 6.06863 5.29483
11 1 44.4222 11.6428 11.5838
11 2 42.0605 10.5613 10.3686
11 3 43.2517 14.2677 14.2162
11 4 21.7108 5.48444 5.03846
11 5 17.8754 5.15887 5.01869
11 6 9.00394 2.67216 2.54416
11 7 4.25751 1.19967 0.878276
11 8 4.83965 1.72027 1.35387
11 9 4.28519 1.64185 1.49928
11 10 2.37713 0.977152 0.687089
11 11 1.40387 0.694401 0.437549
11 12 11.5833 3.56115 3.41539
12 0 18.8351 9.51397 9.09001
12 1 50.2163 14.1415 13.9859
12 2 54.9066 18.297 18.198
12 3 42.8928 10.2549 10.1918
12 4 32.5363 9.88604 9.78136
12 5 27.4767 7.33197 7.28438
12 6 10.4744 2.61309 2.17544
12 7 10.5021 2.78944 2.41589
12 8 6.47496 1.81355 1.43715
12 9 3.19908 2.14363 1.80499
12 10 3.16504 1.03589 0.692682
12 11 2.32784 0.828475 0.521711
12 12 28.5676 8.01847 7.59292
13 0 21.6533 6.08076 5.96417
13 1 59.4629 17.5601 17.5756
13 2 32.0916 7.87853 7.45419
13 3 15.513 4.03127 3.97317
13 4 11.479 4.00294 3.87797
13 5 5.31447 1.73182 1.54113
13 6 6.37607 2.73288 2.53619
13 7 3.22136 1.10467 0.81605
13 8 2.6773 0.966026 0.630219
13 9 1.90291 0.726798 0.472466
13 10 2.55172 1.12981 0.978606
13 11 1.5266 0.608591 0.344775
13 12 12.5323 3.42029 3.06398
14 0 16.6396 5.58735 5.46813
14 1 42.6117 11.8048 11.7066
14 2 29.7632 7.18983 7.07745
14 3 25.4881 6.98613 6.83952
14 4 12.111 3.25522 3.09718
14 5 7.36544 2.23394 1.67549
14 6 7.73066 3.14596 2.95489
14 7 1.31591 0.486343 0.237023
14 8 1.07556 0.494921 0.232526
14 9 0.601448 0.385575 0.146777
14 10 0.798212 0.408465 0.151818
14 11 0.954596 0.619612 0.35115
14 12 6.68442 2.33607 2.18366
15 0 11.9132 4.12663 3.91635
15 1 33.7419 10.6668 10.5313
15 2 25.6679 6.53044 5.95746
15 3 21.6357 5.14565 4.77755
15 4 15.3023 3.7472 3.37716
15 5 8.85178 2.30772 1.97612
15 6 4.90631 1.31729 1.12705
15 7 3.56868 1.18576 0.866958
15 8 3.60612 1.19679 0.874061
15 9 2.70964 0.968096 0.681211
15 10 1.04606 0.495865 0.234203
15 11 1.49726 0.667141 0.349182
15 12 4.5505 1.32291 0.977899
16 0 4.91791 1.3216 1.00181
16 1 22.5598 6.32337 5.95717
16 2 21.4577 7.8125 7.44803
16 3 22.0673 7.24714 6.89684
16 4 20.6393 7.03711 6.91432
16 5 9.50946 2.22237 1.827
16 6 8.0323 2.2531 1.8812
16 7 4.2153 1.41312 1.04909
16 8 2.50414 0.865823 0.581034
16 9 2.90918 0.960537 0.648628
16 10 3.70333 1.33078 1.00763
16 11 2.46111 0.955057 0.656553
16 12 16.2648 6.22405 5.86927
