0.03 0
1 0 9460.89 3973.76 3958.41
1 1 19604.8 8006.42 7941.68
1 2 16006 6316.87 6273.63
1 3 12746.6 5006.32 4978.78
1 4 9976.36 3933.56 3916.57
1 5 7963.1 3375.16 3364.17
1 6 6589.63 2812.08 2804.43
1 7 5097.34 2243.45 2238.71
1 8 3832.25 1693.99 1691.13
1 9 2813.92 1259.48 1257.75
1 10 2129.35 921.962 920.825
1 11 1646.24 713.7 712.869
1 12 1296.8 647.575 646.794
1 13 1004.13 458.744 458.158
1 14 793.848 405.06 404.434
1 15 585.749 264.922 264.456
1 16 475.81 227.394 227.823
1 17 363.545 161.104 161.492
1 18 296.817 130.654 130.96
1 19 252.877 139.587 139.871
1 20 1673.28 697.586 696.768
2 0 2015.53 771.511 772.778
2 1 14916.9 6174.52 6136.89
2 2 17538.8 7760.09 7708.15
2 3 16814.4 7422.33 7374.57
2 4 14809.1 6672.11 6634.96
2 5 12502.3 5667.97 5641.36
2 6 10003.4 4677.46 4660.25
2 7 7780.67 3679.45 3668.86
2 8 5914.95 2908.79 2902.44
2 9 4414.61 2203.58 2205.23
2 10 3254.72 1686.76 1689.06
2 11 2465.59 1362.3 1364.81
2 12 1783.11 985.216 984.072
2 13 1305.39 680.034 681.625
2 14 990.508 556.985 558.381
2 15 773.63 440.119 441.256
2 16 587.501 338.645 339.519
2 17 444.84 212.338 212.885
2 18 352.963 205.15 205.682
2 19 300.233 173.588 173.984
2 20 1683.06 803.118 804.81
