0 0
1 0 15.5001 4.48516 4.15334
1 1 17.2826 4.85311 4.64685
1 2 17.5153 5.46674 5.11239
1 3 16.4338 4.37917 4.04767
1 4 14.8114 4.0403 3.6844
1 5 20.7303 5.70897 5.32893
1 6 20.4254 5.64629 5.31725
1 7 26.8807 12.0233 11.669
1 8 27.9375 7.46859 7.14892
1 9 29.8783 8.94029 8.59098
1 10 31.734 9.6213 9.27837
1 11 34.9254 10.0256 9.89999
1 12 39.4273 11.0439 10.7302
1 13 47.1029 12.3492 12.1922
1 14 50.1711 13.2667 12.9648
1 15 63.4189 17.4316 17.1428
1 16 79.4893 22.9663 22.6948
1 17 98.7167 27.2679 27.0062
1 18 121.915 32.9402 32.6722
1 19 193.949 55.2529 55.0777
1 20 0 0.249966 0
2 0 42.4608 11.1156 10.7781
2 1 46.3093 12.1557 11.8215
2 2 42.986 11.7053 11.3695
2 3 45.4148 12.9591 12.8036
2 4 49.6155 13.7717 13.4711
2 5 48.3077 12.6762 12.3436
2 6 55.5792 14.6488 14.3076
2 7 60.3912 15.395 15.0712
2 8 69.3849 19.1524 19.0138
2 9 66.089 18.5376 18.3971
2 10 75.0943 18.9917 18.6796
2 11 78.5456 21.2511 20.9702
2 12 83.9027 22.0543 21.7517
2 13 87.8501 22.5696 22.2977
2 14 106.993 28.2119 27.9536
2 15 113.865 30.1906 29.9429
2 16 135.266 35.8622 35.6323
2 17 152.8 40.9364 40.6936
2 18 194.568 51.4085 51.1978
2 19 225.269 59.3896 59.188
2 20 0 0.249966 0
3 0 22.6744 6.01325 5.68971
3 1 20.8948 5.4046 5.05129
3 2 25.2713 6.70347 6.29923
3 3 28.7485 7.53344 7.46151
3 4 32.5368 9.05201 8.91192
3 5 39.8367 13.2479 13.1534
3 6 37.0141 9.97696 9.62109
3 7 43.5952 15.911 15.7915
3 8 44.8414 13.8159 13.4711
3 9 47.6673 12.4636 12.0522
3 10 57.918 15.8583 15.6797
3 11 64.9937 19.3813 19.2736
3 12 67.4986 17.5442 17.1997
3 13 84.0306 21.9471 21.2097
3 14 99.599 25.9314 25.8573
3 15 114.587 30.9473 30.5783
3 16 135.352 41.3855 40.9558
3 17 175.647 46.6798 46.6668
3 18 253.152 66.2731 66.336
3 19 377.18 99.474 99.6605
3 20 0 0.249966 0
4 0 70.2715 33.6239 33.3376
4 1 69.9242 18.7744 18.6983
4 2 68.0957 17.6283 17.3117
4 3 71.7136 18.8285 18.5007
4 4 79.3311 23.1732 23.089
4 5 83.0363 27.5187 27.1534
4 6 93.9077 24.4552 24.1847
4 7 91.4547 23.8427 23.762
4 8 111.442 31.5334 31.4965
4 9 117.71 31.3863 31.2891
4 10 122.272 34.3725 34.3439
4 11 133.887 39.5471 39.5339
4 12 135.525 40.4156 40.1556
4 13 150.538 40.4362 40.1772
4 14 182.496 50.4416 50.4607
4 15 211.209 57.9603 57.9685
4 16 238.994 62.0224 61.8291
4 17 256.142 69.0436 68.6959
4 18 342.281 89.7409 89.641
4 19 427.908 115.721 115.83
4 20 0 0.249966 0
