0 0
1 0 131.788 28.2857 28.1911
1 1 151.013 29.8958 29.8138
1 2 82.8928 19.1304 18.9655
1 3 34.9902 9.8333 9.06197
1 4 19.0087 4.30853 3.76651
1 5 15.7407 4.90224 4.78949
1 6 9.35378 2.36994 1.94194
1 7 6.10566 1.57527 1.22641
1 8 7.60689 3.91046 3.7574
1 9 4.96159 1.38316 1.03713
1 10 4.2004 1.19273 0.850829
1 11 3.31344 1.06355 0.794882
1 12 36.27 10.1395 10.0756
2 0 98.775 23.5205 23.4064
2 1 194.8 45.2493 45.2904
2 2 149.744 29.9003 29.7697
2 3 91.284 19.0192 18.8546
2 4 49.6965 12.4756 12.4759
2 5 28.7574 7.02928 6.82562
2 6 20.4258 5.62494 5.48084
2 7 10.5794 2.66569 2.53889
2 8 14.6928 5.73427 5.62258
2 9 4.79875 1.48778 1.07159
2 10 6.51936 2.73243 2.53906
2 11 4.23385 1.36728 1.17674
2 12 30.308 8.26181 8.11812
3 0 75.9525 15.798 15.7114
3 1 173.201 35.2025 35.115
3 2 167.219 30.2884 29.5828
3 3 134.298 24.6725 24.6021
3 4 89.5495 17.808 17.6396
3 5 48.5462 9.59713 9.51976
3 6 29.1331 6.44627 5.8732
3 7 18.7696 4.97777 4.50322
3 8 14.4446 3.36654 2.93583
3 9 9.19138 2.06876 1.67434
3 10 7.2161 1.80285 1.58661
3 11 5.24205 1.45283 1.01511
3 12 37.6549 8.58169 8.47394
4 0 75.7287 19.5979 19.5884
4 1 153.206 31.3215 31.2342
4 2 166.67 29.8401 29.7714
4 3 144.02 23.5085 23.199
4 4 111.445 19.4726 19.4097
4 5 75.3274 13.0961 12.5455
4 6 45.1559 8.58812 8.21699
4 7 24.4266 4.60534 4.39512
4 8 19.4169 3.89933 3.75582
4 9 11.5986 2.39963 2.04497
4 10 11.4184 2.66297 2.30773
4 11 9.55099 2.31158 1.96016
4 12 77.5448 19.081 19.1009
5 0 111.897 22.2601 22.1793
5 1 315.617 55.2713 55.3835
5 2 174.718 31.4814 31.4125
5 3 83.0962 19.9769 19.8845
5 4 45.5769 12.0219 11.9245
5 5 27.0003 7.25133 7.13871
5 6 16.0271 4.2935 3.86227
5 7 13.1032 3.55014 3.42562
5 8 8.86541 2.41951 2.06449
5 9 9.37061 2.4886 2.11963
5 10 6.36095 1.5844 1.23543
5 11 7.05695 1.96057 1.63014
5 12 62.8265 14.8814 14.8328
6 0 79.1261 17.9618 17.9474
6 1 228.021 47.8538 47.757
6 2 195.69 34.4453 34.3769
6 3 115.189 21.2102 21.0505
6 4 62.5981 13.21 13.1813
6 5 32.1206 7.84625 7.73593
6 6 15.6531 5.08478 4.67606
6 7 10.1945 2.70975 2.58274
6 8 4.30725 1.08355 0.768823
6 9 3.89526 1.19362 0.883322
6 10 4.12761 1.38097 1.05899
6 11 3.73896 1.25486 0.960394
6 12 36.8609 10.2822 9.92711
7 0 47.5802 9.87475 9.75097
7 1 121.306 25.0757 24.9298
7 2 134.654 24.6992 24.313
7 3 106.104 16.9449 16.6145
7 4 76.5807 12.6655 12.5718
7 5 43.57 14.1274 14.0359
7 6 22.9002 5.56249 5.44489
7 7 13.1614 3.52512 3.19249
7 8 7.65766 1.77659 1.44785
7 9 4.50182 1.01902 0.705632
7 10 5.40099 1.50367 1.07367
7 11 4.96884 1.3438 1.02363
7 12 31.0756 8.64553 8.47638
8 0 34.8141 7.68476 7.55375
8 1 96.364 19.1935 19.0295
8 2 98.9204 19.1147 19.0388
8 3 84.9023 14.5441 14.4235
8 4 68.4334 11.6371 11.5399
8 5 46.0956 8.27725 7.9328
8 6 26.2992 5.13343 4.78027
8 7 14.245 2.71945 2.39161
8 8 10.1808 1.90573 1.57985
8 9 9.2166 1.91438 1.58874
8 10 7.75638 1.99315 1.66289
8 11 4.71405 1.20288 0.885385
8 12 48.1555 9.87194 9.51712
9 0 42.902 10.9601 10.7687
9 1 55.0461 17.2898 17.0963
9 2 30.9518 11.1501 10.9018
9 3 21.0718 8.60083 8.3985
9 4 9.03979 2.68708 2.25701
9 5 5.70796 1.91208 1.56115
9 6 4.77007 1.81726 1.48837
9 7 3.43006 1.28473 0.925243
9 8 1.70646 0.687205 0.379049
9 9 3.6503 1.34891 1.19008
9 10 1.36568 0.689985 0.437134
9 11 1.12469 0.592365 0.316027
9 12 19.7728 6.12951 6.03249
10 0 25.5837 6.83537 6.0608
10 1 47.1965 12.374 12.1869
10 2 44.2048 12.0838 11.9376
10 3 27.0557 8.10733 8.06192
10 4 18.9925 6.65781 6.50864
10 5 9.5494 3.01496 2.58414
10 6 3.74137 1.40855 1.1165
10 7 4.18389 1.39672 1.2902
10 8 1.52265 0.718778 0.407009
10 9 2.0929 0.915572 0.577583
10 10 1.19612 0.610096 0.354514
10 11 0.759818 0.442723 0.193231
10 12 10.8347 3.79559 3.66408
11 0 22.2237 6.40196 5.62778
11 1 46.9071 12.1317 12.0744
11 2 44.9595 11.142 10.9513
11 3 47.5294 15.4194 15.3715
11 4 24.6214 5.78166 5.33633
11 5 19.2102 5.38752 5.24826
11 6 10.1108 2.87831 2.75131
11 7 4.75424 1.2801 0.957213
11 8 5.20242 1.80361 1.4367
11 9 4.38637 1.63791 1.49598
11 10 2.4992 1.00599 0.715755
11 11 1.4088 0.694076 0.437465
11 12 12.5001 3.73679 3.59182
12 0 20.5265 9.93485 9.51315
12 1 51.9221 14.512 14.3585
12 2 57.8512 18.7903 18.6929
12 3 47.7433 11.0266 10.966
12 4 37.0694 10.5506 10.4483
12 5 31.6363 8.1913 8.14656
12 6 12.4202 2.90634 2.46736
12 7 11.4717 2.94356 2.56983
12 8 8.05598 2.17096 1.79167
12 9 3.44437 2.15608 1.82489
12 10 3.33276 1.04651 0.703142
12 11 2.95297 0.932963 0.622552
12 12 30.7699 8.45473 8.03044
13 0 24.6711 6.64394 6.52935
13 1 69.5318 19.5432 19.5647
13 2 37.7313 9.10077 8.67986
13 3 18.1985 4.61044 4.55431
13 4 12.4916 4.20392 4.07999
13 5 5.85414 1.82811 1.63822
13 6 7.05221 2.93318 2.73807
13 7 3.34333 1.12753 0.838732
13 8 3.40607 1.23165 0.886417
13 9 1.9487 0.728154 0.474315
13 10 2.55172 1.12981 0.978606
13 11 1.69146 0.659706 0.392251
13 12 14.233 3.88258 3.52652
14 0 19.3226 6.37572 6.25923
14 1 49.4976 13.0925 12.9984
14 2 36.9787 8.59652 8.48877
14 3 32.2731 8.26665 8.12443
14 4 15.0674 3.87227 3.7163
14 5 8.88529 2.54658 1.98334
14 6 8.2602 3.22999 3.04005
14 7 1.58024 0.537844 0.283191
14 8 1.09742 0.485747 0.225571
14 9 0.702131 0.390977 0.155737
14 10 1.10207 0.496029 0.224017
14 11 0.943059 0.620019 0.350373
14 12 7.00289 2.39662 2.24476
15 0 12.8808 4.36192 4.15261
15 1 37.7245 11.4588 11.326
15 2 31.8985 7.6978 7.12682
15 3 28.5646 6.45655 6.09158
15 4 19.3789 4.42696 4.05775
15 5 11.875 2.85076 2.5185
15 6 6.61628 1.71512 1.52474
15 7 4.22052 1.36359 1.04168
15 8 3.82474 1.21522 0.892604
15 9 2.82656 0.982297 0.695533
15 10 1.32964 0.545871 0.280617
15 11 1.88034 0.749819 0.425988
15 12 5.1594 1.44643 1.09929
16 0 5.83694 1.47704 1.15515
16 1 25.6175 6.852 6.48738
16 2 25.2368 8.51659 8.15489
16 3 27.9188 8.44018 8.09385
16 4 24.9348 7.80723 7.68744
16 5 11.773 2.56026 2.16309
16 6 9.35787 2.46837 2.09575
16 7 4.8666 1.5298 1.16426
16 8 2.94903 0.942119 0.655671
16 9 3.6079 1.09871 0.783075
16 10 4.10252 1.37877 1.05603
16 11 2.8166 1.04645 0.746092
16 12 18.1541 6.61296 6.25988
