0.03 0
1 0 45.5308 9.54179 9.44673
1 1 150.815 33.5074 33.4053
1 2 219.06 45.9283 45.8325
1 3 270.272 57.5707 57.4677
1 4 280.389 60.0477 60.0013
1 5 282.539 61.5044 61.3962
1 6 262.781 55.257 55.1569
1 7 252.037 53.5212 53.4204
1 8 236.909 54.5421 54.4268
1 9 215.649 52.5874 52.461
1 10 185.316 38.6416 38.6816
1 11 182.787 45.751 45.8128
1 12 158.093 39.8609 39.8208
1 13 136.502 32.1703 32.1071
1 14 145.75 36.1022 36.136
1 15 131.517 31.5071 31.3901
1 16 115.33 26.3759 26.2954
1 17 111.973 24.0892 24.0868
1 18 103.832 21.9155 21.9077
1 19 108.289 25.6635 25.6475
1 20 90.2616 21.3253 21.2296
1 21 73.6363 20.6872 20.6755
1 22 44.9244 10.027 9.90159
1 23 16.8072 3.82233 3.6855
1 24 0 0.177491 0
2 0 34.4514 7.62315 7.5496
2 1 98.4944 21.4218 21.2631
2 2 144.64 28.7542 28.7363
2 3 199.172 43.6461 43.6186
2 4 210.85 44.4177 44.391
2 5 221.366 48.8528 48.7473
2 6 223.256 43.8269 43.799
2 7 232.612 46.9099 46.9719
2 8 216.127 43.6001 43.5955
2 9 197.839 38.2145 38.1708
2 10 210.86 44.4109 44.4409
2 11 190.967 38.0457 38.035
2 12 175.136 37.2356 37.2168
2 13 153.092 31.3377 31.3569
2 14 161.133 38.8378 38.7962
2 15 131.906 25.7724 25.7464
2 16 119.495 26.8932 26.8781
2 17 112.545 23.2017 23.1653
2 18 101.17 19.3262 19.3186
2 19 103.909 21.5007 21.4508
2 20 80.026 16.6271 16.5655
2 21 67.2185 17.3692 17.3198
2 22 40.8322 11.1878 11.0738
2 23 16.5005 4.648 4.51656
2 24 0 0.177491 0
