0.03 0
1 0 341.77 73.0697 73.1785
1 1 346.223 81.6233 81.8006
1 2 342.627 72.3809 72.5349
1 3 300.117 59.1977 59.3151
1 4 300.866 68.2373 68.3315
1 5 291.428 66.6855 66.7812
1 6 290.792 62.8357 62.9592
1 7 274.617 58.5351 58.6175
1 8 302.301 69.195 69.3361
1 9 289.279 59.3052 59.4181
1 10 316.977 68.178 68.2789
1 11 302.988 63.5853 63.7147
1 12 313.041 64.3222 64.4562
1 13 324.733 72.0557 72.209
1 14 322.885 71.474 71.6363
1 15 311.636 70.006 70.1531
1 16 302.241 66.9707 67.1035
1 17 302.27 74.0465 74.2102
1 18 291.38 66.0203 66.1476
1 19 303.799 68.4434 68.5862
1 20 315.277 67.2015 67.3525
1 21 335.897 73.7009 73.8586
1 22 328.485 67.3044 67.4405
1 23 322.183 68.1575 68.2989
1 24 0 0.151737 0
2 0 260.114 51.6058 51.6632
2 1 275.011 64.3114 64.4491
2 2 266.386 52.9834 53.0888
2 3 233.826 42.2377 42.3099
2 4 238.582 50.0995 50.1443
2 5 223.714 46.8341 46.876
2 6 219.776 42.2791 42.3478
2 7 212.283 39.4579 39.4875
2 8 239.123 51.2048 51.2978
2 9 225.32 43.2698 43.3404
2 10 245.867 50.2238 50.2781
2 11 234.552 45.8192 45.902
2 12 247.615 49.2638 49.3592
2 13 248.037 52.2243 52.1363
2 14 241.762 45.1514 45.2444
2 15 240.526 50.0904 50.1805
2 16 233.965 47.413 47.4947
2 17 227.191 51.4179 51.4811
2 18 225.434 44.2544 44.3194
2 19 235.829 51.2826 51.3822
2 20 243.904 48.001 48.1029
2 21 262.41 52.57 52.6676
2 22 256.416 49.9045 49.9976
2 23 251.115 50.0084 50.0675
2 24 0 0.151737 0
3 0 81.6561 21.5462 21.5152
3 1 71.2114 17.3485 17.3514
3 2 76.2407 19.4376 19.4462
3 3 66.2904 17.0351 17.0052
3 4 62.2848 18.2145 18.1872
3 5 67.7139 19.9257 19.9052
3 6 71.0164 20.6433 20.6114
3 7 62.3336 19.1867 19.13
3 8 63.1781 18.0351 18.0382
3 9 63.9591 16.0831 16.0777
3 10 71.11 18.0516 18.0008
3 11 68.4361 17.8367 17.8127
3 12 65.4258 15.153 15.0971
3 13 76.6955 20.06 20.0727
3 14 81.1233 26.3928 26.3918
3 15 71.1101 19.9903 19.9726
3 16 68.2761 19.6286 19.6088
3 17 75.0798 22.7412 22.7291
3 18 65.9461 21.8616 21.8282
3 19 67.9704 17.2324 17.2039
3 20 71.3735 19.2713 19.2496
3 21 73.4875 21.2034 21.1911
3 22 72.0688 17.4714 17.4429
3 23 71.068 18.2275 18.2314
3 24 0 0.151737 0
4 0 165.659 35.3387 35.3632
4 1 171.676 36.8394 36.9066
4 2 183.76 40.7156 40.7943
4 3 159.88 32.9151 32.963
4 4 155.165 32.7148 32.7204
4 5 160.618 39.6861 39.709
4 6 156.826 34.7465 34.8003
4 7 142.526 32.4703 32.4872
4 8 159.172 36.8758 36.932
4 9 144.923 31.004 31.0426
4 10 165.183 35.9063 35.9223
4 11 155.167 34.3164 34.373
4 12 146.435 29.087 29.0834
4 13 163.64 40.0732 40.139
4 14 171.098 42.4296 42.4648
4 15 160.562 36.5081 36.5287
4 16 166.652 38.7105 38.7374
4 17 167.329 42.1979 42.2774
4 18 162.942 38.3371 38.3706
4 19 168.537 40.9732 41.0505
4 20 173.666 38.7635 38.8362
4 21 175.948 40.6325 40.697
4 22 177.415 38.5229 38.581
4 23 155.324 31.9381 31.9836
4 24 0 0.151737 0
5 0 176.11 37.8051 37.8153
5 1 174.547 44.8518 44.894
5 2 158.866 31.7005 31.7406
5 3 140.236 26.3283 26.3521
5 4 145.701 35.6123 35.6111
5 5 130.81 27.0983 27.0721
5 6 133.966 28.1326 28.1588
5 7 132.091 26.1376 26.1303
5 8 143.129 32.3826 32.404
5 9 144.357 28.3512 28.3756
5 10 151.794 32.3642 32.3567
5 11 147.821 29.3272 29.3417
5 12 166.606 35.3546 35.3728
5 13 161.092 32.0532 32.07
5 14 151.787 29.1622 29.1715
5 15 151.074 33.5877 33.6243
5 16 135.59 28.3679 28.3661
5 17 134.941 31.9203 31.9327
5 18 128.437 27.7577 27.777
5 19 135.262 27.5371 27.5357
5 20 141.611 28.5085 28.5163
5 21 159.949 33.1149 33.1616
5 22 151.07 28.8308 28.8595
5 23 166.859 36.2895 36.3153
5 24 0 0.151737 0
6 0 121.865 24.5615 24.5524
6 1 131.99 27.5412 27.5824
6 2 139.36 28.4249 28.4688
6 3 118.604 21.8651 21.8233
6 4 120.812 24.0356 24.0239
6 5 121.35 27.7201 27.7077
6 6 115.39 22.4113 22.4296
6 7 108.58 20.917 20.9001
6 8 122.884 26.4566 26.4825
6 9 109.537 22.2386 22.2522
6 10 125.216 25.3569 25.3418
6 11 116.571 23.0484 23.0725
6 12 113.588 21.8832 21.8609
6 13 124.283 29.7353 29.6098
6 14 122.697 24.1197 24.1015
6 15 120.692 24.5442 24.532
6 16 125.159 26.9753 26.9682
6 17 121.687 28.2858 28.2832
6 18 127.076 26.4759 26.4756
6 19 126.471 30.1003 30.1469
6 20 131.945 27.5745 27.6062
6 21 132.872 27.5684 27.593
6 22 134.405 28.0121 28.0406
6 23 113.073 20.8225 20.7844
6 24 0 0.151737 0
7 0 138.248 27.1296 27.1108
7 1 143.021 36.864 36.8667
7 2 127.026 24.6003 24.62
7 3 115.222 20.4777 20.4866
7 4 117.77 26.1496 26.1204
7 5 102.364 19.2061 19.1683
7 6 104.386 19.9117 19.9182
7 7 103.704 18.6097 18.5873
7 8 116.239 24.8359 24.8153
7 9 115.783 21.1272 21.0882
7 10 120.651 24.9658 24.9363
7 11 117.98 22.834 22.8295
7 12 134.027 27.5034 27.4983
7 13 123.754 22.6658 22.5266
7 14 119.065 21.2849 21.143
7 15 119.834 25.6603 25.6485
7 16 108.806 20.5512 20.5265
7 17 105.503 23.2324 23.1978
7 18 98.3575 17.8535 17.8438
7 19 109.358 21.2542 21.2354
7 20 111.959 20.5301 20.4966
7 21 129.538 25.0546 25.0746
7 22 122.012 22.115 21.957
7 23 138.042 29.2747 29.283
7 24 0 0.151737 0
8 0 43.7944 10.8702 10.8107
8 1 39.6854 9.37696 9.32419
8 2 44.4001 12.3371 12.3256
8 3 41.2765 11.1826 11.1397
8 4 34.3534 8.75229 8.69651
8 5 39.2685 12.0416 12.0013
8 6 41.4359 12.4249 12.3707
8 7 33.9462 11.7348 11.5871
8 8 36.2882 10.4992 10.4495
8 9 35.3854 8.85314 8.7904
8 10 39.9678 10.6673 10.5804
8 11 38.5954 11.3642 11.3005
8 12 32.8464 7.42317 7.22258
8 13 39.3573 10.5514 10.5293
8 14 48.4017 18.3862 18.3633
8 15 39.8699 12.0665 11.9967
8 16 41.4923 11.8072 11.7692
8 17 45.642 14.052 13.9942
8 18 35.8662 11.9549 11.8949
8 19 42.0665 10.951 10.9036
8 20 41.7212 11.2763 11.23
8 21 43.0758 13.1575 13.104
8 22 43.0104 10.6078 10.5404
8 23 42.251 11.2167 11.1991
8 24 0 0.151737 0
9 0 37.8617 10.7942 10.7045
9 1 31.526 8.11215 8.02724
9 2 31.8406 7.26905 7.12061
9 3 25.014 6.007 5.86552
9 4 27.9315 9.55351 9.49067
9 5 28.4453 7.98779 7.90387
9 6 29.5805 8.32207 8.24067
9 7 28.3875 7.62796 7.54295
9 8 26.8899 7.72675 7.58871
9 9 28.5737 7.43606 7.28731
9 10 31.1421 7.56704 7.42036
9 11 29.8407 6.66242 6.51212
9 12 32.5794 7.95681 7.87447
9 13 37.3382 9.6378 9.54341
9 14 32.7215 8.09493 8.02853
9 15 31.2402 8.0254 7.97585
9 16 26.7838 7.91012 7.83954
9 17 29.4378 8.77864 8.73488
9 18 30.0799 9.99286 9.93324
9 19 25.904 6.46614 6.30033
9 20 29.6523 8.08194 8.01965
9 21 30.4117 8.2498 8.08708
9 22 29.0584 6.95509 6.90244
9 23 28.817 7.1933 7.03226
9 24 0 0.151737 0
