0 0
1 0 0 0.151737 0
1 1 0 0.151737 0
1 2 0 0.151737 0
1 3 926.809 241.54 242.028
1 4 1107.52 276.138 276.641
1 5 1006.13 241.553 242
1 6 857.875 190.237 190.599
1 7 725.166 154.023 154.329
1 8 656.165 127.834 128.079
1 9 547.968 93.1439 93.3076
1 10 479.438 75.126 75.2612
1 11 399.415 59.4734 59.3274
1 12 290.235 39.856 39.8466
1 13 173.52 23.0877 22.9509
1 14 87.0159 11.3317 11.2482
1 15 46.7508 6.31014 6.155
1 16 20.7125 2.89587 2.71798
1 17 6.87382 1.05444 0.897894
1 18 1.78411 0.328952 0.188573
1 19 0.2511 0.0862958 0.00700568
1 20 0.670519 0.225637 0.0981815
2 0 0 0.151737 0
2 1 0 0.151737 0
2 2 0 0.151737 0
2 3 603.419 146.727 147.045
2 4 765.333 178.214 178.577
2 5 731.099 166.435 166.773
2 6 657.161 136.977 137.254
2 7 574.152 118.921 119.163
2 8 526.858 95.121 95.3054
2 9 465.72 76.8344 76.9664
2 10 426.51 64.8755 64.9905
2 11 365.296 53.3174 53.1556
2 12 269.167 36.4365 36.4172
2 13 162.742 21.4115 21.2793
2 14 80.907 10.2246 10.0682
2 15 43.0608 5.76489 5.60448
2 16 18.9677 2.63586 2.46589
2 17 6.53886 1.01219 0.855794
2 18 1.65889 0.317791 0.178324
2 19 0.2511 0.0862958 0.00700568
2 20 0.670519 0.225637 0.0981815
3 0 0 0.151737 0
3 1 0 0.151737 0
3 2 0 0.151737 0
3 3 323.39 94.7562 94.9826
3 4 342.19 97.8383 98.0639
3 5 275.035 75.059 75.2266
3 6 200.714 53.2381 53.3446
3 7 151.014 35.1148 35.1657
3 8 129.306 32.7593 32.7734
3 9 82.248 16.5165 16.3413
3 10 52.9275 10.3493 10.2707
3 11 34.1192 6.33995 6.17181
3 12 21.068 3.5976 3.42935
3 13 10.7776 1.83391 1.67164
3 14 6.10895 1.29811 1.18002
3 15 3.69 0.704814 0.550528
3 16 1.74479 0.398565 0.252093
3 17 0.334968 0.150974 0.0420998
3 18 0.125218 0.0901259 0.0102492
3 19 0 0.151737 0
3 20 0 0.151737 0
4 0 0 0.151737 0
4 1 0 0.151737 0
4 2 0 0.151737 0
4 3 650.342 168.312 168.683
4 4 781.17 195.883 196.294
4 5 685.404 164.083 164.431
4 6 597.242 135.368 135.662
4 7 484.179 101.492 101.706
4 8 420.103 86.1658 86.3045
4 9 337.944 59.4376 59.5404
4 10 262.949 42.068 42.1363
4 11 215.706 33.153 32.968
4 12 155.839 22.5113 22.4493
4 13 109.615 14.8063 14.644
4 14 65.429 8.65229 8.49905
4 15 41.9395 5.7241 5.56708
4 16 20.3083 2.87789 2.69995
4 17 6.67852 1.04898 0.892445
4 18 1.57519 0.315149 0.175989
4 19 0.1953 0.0791532 0.00544886
4 20 0.642619 0.225241 0.0974031
5 0 0 0.151737 0
5 1 0 0.151737 0
5 2 0 0.151737 0
5 3 276.467 73.2089 73.3446
5 4 326.353 80.204 80.3469
5 5 320.729 77.4078 77.569
5 6 260.632 54.8699 54.9366
5 7 240.987 52.5171 52.6224
5 8 236.062 41.7067 41.7743
5 9 210.024 33.7487 33.7672
5 10 216.489 33.1317 33.1249
5 11 183.709 26.4535 26.3594
5 12 134.396 17.4775 17.3972
5 13 63.9049 8.45194 8.30695
5 14 21.587 2.87529 2.74916
5 15 4.81134 0.745021 0.587927
5 16 0.404218 0.112914 0.0180333
5 17 0.1953 0.0791532 0.00544886
5 18 0.208918 0.0958452 0.0125844
5 19 0.0558 0.0528926 0.00155682
5 20 0.0279 0.0439888 0.000778409
6 0 0 0.151737 0
6 1 0 0.151737 0
6 2 0 0.151737 0
6 3 415.424 99.6204 99.8406
6 4 536.395 124.458 124.729
6 5 499.271 113.496 113.746
6 6 454.553 94.5229 94.731
6 7 383.182 76.3311 76.4905
6 8 334.745 61.9791 62.0565
6 9 281.454 47.4605 47.533
6 10 227.121 34.8642 34.9142
6 11 188.937 28.5758 28.4067
6 12 136.423 19.3556 19.2844
6 13 99.4665 13.2201 13.0626
6 14 60.2823 7.93244 7.77916
6 15 38.5282 5.21908 5.05692
6 16 18.5635 2.61789 2.44785
6 17 6.37146 1.0075 0.851124
6 18 1.44998 0.303916 0.165739
6 19 0.1953 0.0791532 0.00544886
6 20 0.642619 0.225241 0.0974031
7 0 0 0.151737 0
7 1 0 0.151737 0
7 2 0 0.151737 0
7 3 187.995 47.1399 47.2044
7 4 228.938 53.7689 53.848
7 5 231.827 52.9307 53.0273
7 6 202.608 42.4898 42.5231
7 7 190.97 42.6005 42.6727
7 8 192.114 33.23 33.2489
7 9 184.266 29.427 29.4333
7 10 199.389 30.0913 30.0764
7 11 176.359 24.8475 24.7489
7 12 132.743 17.214 17.1328
7 13 63.2759 8.36192 8.21668
7 14 20.6247 2.45862 2.28903
7 15 4.53261 0.701637 0.547557
7 16 0.404218 0.112914 0.0180333
7 17 0.1674 0.0751124 0.00467045
7 18 0.208918 0.0958452 0.0125844
7 19 0.0558 0.0528926 0.00155682
7 20 0.0279 0.0439888 0.000778409
8 0 0 0.151737 0
8 1 0 0.151737 0
8 2 0 0.151737 0
8 3 234.918 68.7226 68.8424
8 4 244.776 71.4405 71.5651
8 5 186.133 50.5814 50.6849
8 6 142.689 40.8609 40.9312
8 7 100.997 25.1944 25.216
8 8 85.3583 24.257 24.248
8 9 56.4901 12.1913 12.0074
8 10 35.828 7.3079 7.22216
8 11 26.7691 4.73524 4.56137
8 12 19.4159 3.33395 3.16496
8 13 10.1486 1.74375 1.58137
8 14 5.14665 0.875673 0.719891
8 15 3.41127 0.661356 0.510158
8 16 1.74479 0.398565 0.252093
8 17 0.307068 0.151054 0.0413214
8 18 0.125218 0.0901259 0.0102492
8 19 0 0.151737 0
8 20 0 0.151737 0
9 0 0 0.151737 0
9 1 0 0.151737 0
9 2 0 0.151737 0
9 3 88.472 26.1365 26.1402
9 4 97.4148 26.5013 26.4988
9 5 88.9014 24.5211 24.5417
9 6 58.0245 12.558 12.4134
9 7 50.017 10.1019 9.94973
9 8 43.9482 8.68208 8.52543
9 9 25.758 4.48409 4.33386
9 10 17.0995 3.21495 3.0485
9 11 7.3501 1.76564 1.61044
9 12 1.65212 0.407603 0.264392
9 13 0.629001 0.216112 0.0902676
9 14 0.9623 0.629155 0.460126
9 15 0.278725 0.150903 0.0403699
9 16 0 0.151737 0
9 17 0.0279 0.0439888 0.000778409
9 18 0 0.151737 0
9 19 0 0.151737 0
9 20 0 0.151737 0
