0 0
1 0 0 0.0157525 0
1 1 0 0.0157525 0
1 2 0 0.0157525 0
1 3 53.0712 3.79767 3.78694
1 4 64.551 4.28768 4.27811
1 5 64.2766 4.38423 4.37419
1 6 56.6151 3.51995 3.51164
1 7 50.8855 3.47592 3.46614
1 8 44.957 2.84724 2.83886
1 9 40.5273 2.38284 2.38256
1 10 36.5417 2.17754 2.17663
1 11 30.5663 1.83564 1.78733
1 12 23.8912 1.38186 1.38046
1 13 13.5189 0.75885 0.726321
1 14 7.4748 0.425105 0.406222
1 15 3.2539 0.194998 0.17444
1 16 1.15705 0.0808659 0.0635307
1 17 0.685109 0.0529554 0.0361729
1 18 0.100207 0.0161218 0.00432628
1 19 0.0874567 0.0161202 0.00416372
1 20 0.0619563 0.0164735 0.00383858
2 0 0 0.0157525 0
2 1 0 0.0157525 0
2 2 0 0.0157525 0
2 3 27.1452 2.12473 2.11245
2 4 29.4543 2.46315 2.44913
2 5 25.0639 2.14264 2.12808
2 6 15.2794 0.964822 0.956915
2 7 13.3686 0.845598 0.840665
2 8 10.4153 0.584411 0.585823
2 9 7.01271 0.419938 0.372267
2 10 4.56771 0.302222 0.297939
2 11 2.72161 0.175774 0.145545
2 12 1.92962 0.124321 0.103867
2 13 0.834522 0.0617414 0.0441752
2 14 0.672788 0.069058 0.0639526
2 15 0.200414 0.0228257 0.00865257
2 16 0.136663 0.0220246 0.00783973
2 17 0.0127502 0.0052207 0.000162567
2 18 0 0.0157525 0
2 19 0 0.0157525 0
2 20 0 0.0157525 0
