0.03 0
1 0 135.822 36.7133 36.7683
1 1 174.866 41.5167 41.5982
1 2 219.608 47.9334 48.0189
1 3 389.464 84.1177 84.3002
1 4 547.161 116.038 116.288
1 5 580.045 116.407 116.644
1 6 554.031 108.584 108.803
1 7 523.401 104.848 105.064
1 8 505.586 112.301 112.502
1 9 452.741 85.809 85.9149
1 10 449.052 92.4741 92.6632
1 11 383.704 73.8195 73.9683
1 12 351.422 71.69 71.7806
1 13 293.565 60.26 60.3757
1 14 245.815 51.7808 51.839
1 15 246.416 53.5137 53.6189
1 16 215.338 52.2668 52.3699
1 17 182.218 40.7055 40.7419
1 18 171.71 35.9397 35.9511
1 19 166.141 35.4751 35.5258
1 20 166.427 36.1483 36.2013
1 21 154.394 31.2691 31.3018
1 22 144.726 35.5024 35.5276
1 23 80.6537 17.9651 17.9138
1 24 0 0.151737 0
2 0 99.5316 26.353 26.3777
2 1 132.089 29.3592 29.4065
2 2 161.212 33.2737 33.3109
2 3 287.822 59.1317 59.2525
2 4 407.804 78.5458 78.7142
2 5 441.083 82.752 82.9171
2 6 426.364 77.6221 77.7763
2 7 407.953 74.9582 75.1089
2 8 400.806 82.0906 82.2197
2 9 361.566 64.3196 64.375
2 10 351.783 67.1546 67.2832
2 11 307.338 56.0914 56.1999
2 12 278.871 52.0322 52.071
2 13 234.725 44.4688 44.5067
2 14 191.243 36.0747 36.0921
2 15 193.135 39.5492 39.6161
2 16 168.107 37.0873 37.1508
2 17 145.257 31.1328 31.1419
2 18 136.906 27.744 27.7354
2 19 131.596 26.8159 26.809
2 20 131.289 26.6538 26.6798
2 21 121.766 23.4158 23.4263
2 22 117.392 24.3476 24.3399
2 23 63.8718 13.7573 13.6932
2 24 0 0.151737 0
3 0 36.2908 10.5493 10.3906
3 1 42.7768 12.2063 12.1917
3 2 58.3958 14.746 14.708
3 3 101.641 25.0194 25.0477
3 4 139.356 37.514 37.5742
3 5 138.962 33.6739 33.7268
3 6 127.667 30.9833 31.0268
3 7 115.448 29.9497 29.9551
3 8 104.779 30.2688 30.282
3 9 91.1747 21.583 21.5399
3 10 97.2688 25.384 25.3801
3 11 76.3654 17.8191 17.7685
3 12 72.5509 19.7466 19.7096
3 13 58.8403 15.8938 15.869
3 14 54.5721 15.7715 15.7469
3 15 53.281 14.0654 14.0029
3 16 47.2305 15.2509 15.2191
3 17 36.9611 9.67871 9.60002
3 18 34.8042 8.41253 8.21567
3 19 34.5449 8.8525 8.71686
3 20 35.1384 9.58762 9.52144
3 21 32.6277 7.92793 7.87551
3 22 27.3341 11.2507 11.1877
3 23 16.7819 4.3423 4.22065
3 24 0 0.151737 0
4 0 74.9366 22.9044 22.9163
4 1 113.451 27.3903 27.4267
4 2 147.678 31.1477 31.1864
4 3 274.443 60.4683 60.5974
4 4 376.212 82.6649 82.8541
4 5 394.077 83.4575 83.6328
4 6 363.655 71.9413 72.0887
4 7 339.434 69.114 69.2166
4 8 314.344 67.3327 67.4389
4 9 277.09 53.9979 54.0306
4 10 277.267 59.3243 59.4345
4 11 225.366 44.8789 44.931
4 12 205.527 42.4276 42.4703
4 13 174.485 37.4062 37.43
4 14 147.948 33.8318 33.847
4 15 149.253 32.5055 32.5435
4 16 135.917 33.328 33.374
4 17 122.017 28.6191 28.6241
4 18 121.867 25.3485 25.342
4 19 123.192 26.9464 26.9762
4 20 136.584 30.122 30.1544
4 21 132.574 26.1794 26.1979
4 22 133.542 33.2963 33.315
4 23 76.404 16.7822 16.7272
4 24 0 0.151737 0
5 0 60.8858 13.887 13.852
5 1 61.4149 14.318 14.1714
5 2 71.9305 16.8572 16.8325
5 3 115.02 23.7164 23.7028
5 4 170.949 33.4122 33.4343
5 5 185.969 32.9874 33.0111
5 6 190.376 36.701 36.7144
5 7 183.967 35.7921 35.8474
5 8 191.241 45.016 45.0628
5 9 175.651 31.8874 31.8843
5 10 171.785 33.2156 33.2287
5 11 158.337 29.0381 29.0373
5 12 145.895 29.3204 29.3103
5 13 119.08 22.9314 22.9457
5 14 97.8671 18.0198 17.992
5 15 97.1627 21.1104 21.0755
5 16 79.4207 19.1309 18.9959
5 17 60.2003 12.1733 12.1178
5 18 49.8436 10.6757 10.6091
5 19 42.9495 8.69029 8.5496
5 20 29.8435 6.20649 6.04684
5 21 21.8196 5.19142 5.10391
5 22 11.1841 2.37504 2.21257
5 23 4.24967 1.29771 1.18667
5 24 0 0.151737 0
6 0 50.4255 15.5645 15.5539
6 1 80.7352 17.9824 17.9911
6 2 106.157 20.9422 20.9488
6 3 201.019 41.7135 41.7876
6 4 276.498 54.2432 54.3031
6 5 293.916 57.8645 57.9727
6 6 273.022 48.4125 48.5029
6 7 262.358 49.6412 49.6932
6 8 242.793 44.5976 44.642
6 9 218.042 39.5943 39.588
6 10 209.286 41.3102 41.3721
6 11 177.226 33.7333 33.755
6 12 160.287 29.8855 29.8919
6 13 138.42 27.7032 27.699
6 14 111.831 22.4005 22.3833
6 15 112.088 22.9516 22.9622
6 16 103.767 24.711 24.7295
6 17 95.7982 21.9481 21.9331
6 18 94.7355 19.0184 18.9931
6 19 95.6689 20.0146 19.9624
6 20 107.476 21.9326 21.9409
6 21 103.326 19.1774 19.1753
6 22 107.317 22.3673 22.3536
6 23 60.8127 13.129 13.0629
6 24 0 0.151737 0
7 0 49.1062 10.8682 10.8238
7 1 51.3537 11.5707 11.4154
7 2 55.0556 12.4024 12.3621
7 3 86.8033 17.5151 17.4648
7 4 131.306 24.4129 24.4111
7 5 147.167 24.943 24.9443
7 6 153.342 29.2793 29.2734
7 7 145.595 25.3884 25.4157
7 8 158.014 37.5522 37.5778
7 9 143.525 24.8104 24.7871
7 10 142.497 25.9138 25.9111
7 11 130.112 22.4577 22.4449
7 12 118.584 22.2103 22.1791
7 13 96.3054 16.8288 16.8077
7 14 79.4119 13.7653 13.7088
7 15 81.0465 16.6979 16.6539
7 16 64.3397 12.5761 12.4213
7 17 49.4583 9.37096 9.20885
7 18 42.1704 8.8102 8.74236
7 19 35.9274 6.99538 6.84656
7 20 23.813 4.89403 4.7389
7 21 18.4396 4.36261 4.25104
7 22 10.0755 2.15154 1.98629
7 23 3.05905 0.779474 0.630288
7 24 0 0.151737 0
8 0 24.5112 7.51955 7.36237
8 1 32.7156 9.45881 9.43568
8 2 41.5208 10.2887 10.2376
8 3 73.4246 18.8335 18.8098
8 4 99.7139 28.5226 28.551
8 5 100.16 25.664 25.6601
8 6 90.6327 23.5641 23.5858
8 7 77.0761 19.5441 19.5234
8 8 71.5516 22.8044 22.7969
8 9 59.0483 14.5173 14.4427
8 10 67.9808 18.0838 18.0624
8 11 48.1402 11.3501 11.1761
8 12 45.2401 12.6357 12.5784
8 13 36.0653 9.78963 9.73102
8 14 36.1168 11.5019 11.4637
8 15 37.1649 9.65162 9.5813
8 16 32.1495 8.69615 8.6445
8 17 26.2191 6.77525 6.69104
8 18 27.131 6.51791 6.34893
8 19 27.5227 7.14397 7.01383
8 20 29.1079 8.28221 8.2135
8 21 29.2477 7.07773 7.02265
8 22 26.2255 11.0253 10.9614
8 23 15.5913 3.86395 3.66428
8 24 0 0.151737 0
9 0 11.7796 3.19914 3.02821
9 1 10.0612 2.90563 2.75598
9 2 16.875 4.56762 4.47034
9 3 28.2168 6.39172 6.23794
9 4 39.6424 9.0835 9.0232
9 5 38.8016 8.11651 8.06672
9 6 37.0339 7.58808 7.44093
9 7 38.3721 10.4797 10.4317
9 8 33.2278 7.6437 7.48503
9 9 32.1264 7.26181 7.09723
9 10 29.288 7.40614 7.31762
9 11 28.2252 6.67635 6.59243
9 12 27.3109 7.21031 7.13122
9 13 22.775 6.27396 6.13803
9 14 18.4553 4.43442 4.2832
9 15 16.1162 4.58278 4.42156
9 16 15.081 6.72619 6.57455
9 17 10.7419 3.0052 2.90898
9 18 7.67321 2.02331 1.86674
9 19 7.02213 1.86603 1.70303
9 20 6.03053 1.47422 1.30794
9 21 3.38002 0.997049 0.852864
9 22 1.1086 0.368721 0.226284
9 23 1.19063 0.71042 0.556378
9 24 0 0.151737 0
