0 0
1 0 6846.89 2951.16 2942.93
1 1 4061.54 1640.81 1637.72
1 2 3961.51 1634.13 1631.16
1 3 4136.81 1780.91 1777.66
1 4 3789.78 1666.16 1663.36
1 5 3591.35 1506.27 1503.75
1 6 3474.12 1388.71 1386.36
1 7 3753.92 1567.41 1564.7
1 8 3425.31 1470.84 1468.5
1 9 3170.53 1303.87 1301.85
1 10 3019.06 1253.15 1251.28
1 11 3105.38 1185.87 1183.96
1 12 3060.56 1282.03 1280.11
1 13 3091.6 1248.36 1246.43
1 14 3304.54 1354.9 1352.73
1 15 3111.91 1286.91 1284.95
1 16 2927.93 1134.93 1133.19
1 17 2970.23 1211.76 1209.95
1 18 3068.11 1306.47 1304.53
1 19 3262.78 1411.66 1409.49
1 20 5022.78 2168.74 2164.14
1 21 3712.19 1575.74 1573.06
1 22 3074.71 1237.13 1235.22
1 23 3167.53 1274.32 1272.31
1 24 2983.32 1245.66 1243.82
1 25 3150.42 1266.64 1264.65
1 26 2864.23 1122.26 1120.58
1 27 2939.01 1163.41 1161.65
1 28 3208.8 1240.19 1238.16
1 29 3156.45 1308.73 1306.71
1 30 162.389 65.8847 65.9731
1 31 0 0.177491 0
1 32 0 0.177491 0
2 0 3782.95 1752.71 1754.32
2 1 3745.94 1734.18 1735.79
2 2 3570.53 1685.56 1682.98
2 3 3454.34 1566.39 1568.04
2 4 3939.48 1808.96 1805.94
2 5 4087.89 1938.36 1935.11
2 6 3922.6 1788.64 1785.64
2 7 4013.4 1798.9 1795.8
2 8 4140.05 1854.41 1855.58
2 9 4426.23 2048.98 2050.11
2 10 4341.19 1904.7 1905.6
2 11 4185.46 1933.17 1934.44
2 12 4331.77 1948.19 1949.25
2 13 4226.36 1894.52 1895.66
2 14 4097.87 1841.18 1842.41
2 15 4413.25 2037.29 2038.43
2 16 4358.36 1978.9 1979.92
2 17 4353.13 1960.65 1961.77
2 18 4382.95 1963.33 1964.33
2 19 3984.22 1844.23 1841.14
2 20 3607.89 1560.46 1557.9
2 21 3769.22 1690.47 1687.68
2 22 4101.67 1848.18 1844.95
2 23 3856.1 1800.68 1802.25
2 24 4248.29 1956.59 1953.14
2 25 4013 1843.64 1840.52
2 26 4133.04 1969.18 1970.8
2 27 4012.07 1871.61 1873.13
2 28 3828.18 1870.46 1872.35
2 29 2719.3 1237.81 1239.67
2 30 56.0801 23.2326 23.2048
2 31 0 0.177491 0
2 32 0 0.177491 0
