0 0
1 0 1019.23 111.872 111.672
1 1 682.942 72.4858 72.3843
1 2 553.294 49.617 49.549
1 3 526.542 42.7269 42.6666
1 4 463.073 34.7193 34.6715
1 5 375.949 27.5037 27.4689
1 6 316.352 24.1057 24.0769
1 7 261.276 18.6608 18.6389
1 8 214.052 15.3617 15.3435
1 9 180.865 13.3965 13.3799
1 10 151.681 11.1701 11.1552
1 11 125.746 9.35231 9.33846
1 12 110.079 8.3714 8.35769
1 13 94.441 7.44349 7.42949
1 14 83.5782 7.51801 7.50062
1 15 64.2432 4.8757 4.86345
1 16 62.3755 5.60526 5.58847
1 17 50.5527 3.76223 3.75072
1 18 579.931 52.614 52.5405
