0.03 0
1 0 5.22041 0.345572 0.339054
1 1 4.65404 0.287643 0.282857
1 2 4.06687 0.254323 0.251667
1 3 2.85424 0.212318 0.206401
1 4 4.1896 0.256672 0.251573
1 5 3.60818 0.22343 0.218222
1 6 3.21248 0.206276 0.178073
1 7 3.93415 0.27428 0.269422
1 8 5.02764 0.361289 0.362049
1 9 4.50462 0.278184 0.239709
1 10 6.39654 0.433773 0.43236
1 11 7.08394 0.493339 0.489185
1 12 7.79807 0.51461 0.510533
1 13 10.0825 0.702392 0.69699
1 14 13.0461 0.955959 0.945407
1 15 16.692 1.44026 1.4256
1 16 23.01 1.42591 1.41819
1 17 25.0983 1.38468 1.38142
1 18 38.9249 2.36008 2.35246
1 19 59.0046 3.73022 3.7216
1 20 0 0.0157525 0
2 0 9.07719 0.52869 0.524675
2 1 7.45621 0.447234 0.399575
2 2 6.39564 0.376377 0.340597
2 3 6.06855 0.360297 0.357142
2 4 8.04717 0.649066 0.644922
2 5 7.26826 0.521134 0.516844
2 6 7.37515 0.451798 0.449324
2 7 6.75569 0.39187 0.389216
2 8 7.96899 0.515636 0.51499
2 9 9.75445 0.703747 0.700956
2 10 9.20675 0.53295 0.496511
2 11 10.8191 0.911529 0.913912
2 12 11.4789 0.880992 0.878932
2 13 10.6183 0.628326 0.624172
2 14 13.5958 0.928213 0.92461
2 15 15.0668 1.04895 1.04941
2 16 19.2278 1.19447 1.19426
2 17 19.4541 1.15939 1.15544
2 18 23.5431 1.32208 1.32225
2 19 34.6351 2.03847 2.03135
2 20 0 0.0157525 0
