0 0
1 0 2710.51 1208.14 1206.51
1 1 2916.03 1189.11 1187.35
1 2 2921.37 1195.31 1193.54
1 3 2972.64 1246.18 1244.34
1 4 3069.3 1335.36 1333.4
1 5 3192.82 1395.29 1393.19
1 6 3021.55 1212.66 1210.81
1 7 3068.57 1261.09 1259.17
1 8 3051.55 1303.33 1301.41
1 9 3067.88 1275.27 1273.34
1 10 3086.75 1303.01 1301.06
1 11 3042.79 1252.33 1250.43
1 12 3079.91 1233.9 1231.98
1 13 3047.63 1243.88 1241.99
1 14 3069.07 1320.43 1318.48
1 15 3073.25 1194.33 1192.44
1 16 3084.69 1294.81 1292.86
1 17 3034.34 1253.09 1251.2
1 18 2992.95 1295.42 1293.54
1 19 2832.12 1130.77 1129.11
1 20 3335.64 1390.27 1388.06
1 21 2744.88 1055.02 1053.46
1 22 2720.26 1107.2 1105.63
1 23 2609.56 1003.2 1001.76
1 24 2587.03 1007.78 1006.35
1 25 2524.43 942.693 941.344
1 26 2266.77 822.734 821.608
1 27 2063.26 735.321 734.352
1 28 1749.28 585.853 585.115
1 29 1006.34 393.52 394.433
1 30 25.3888 7.42311 7.18215
1 31 0 0.177491 0
1 32 0 0.177491 0
2 0 7919.33 3496.2 3490.74
2 1 4891.45 2190.57 2186.16
2 2 4610.66 2124.58 2120.59
2 3 4618.51 2105.36 2101.37
2 4 4659.97 2134.95 2135.9
2 5 4486.43 2044.67 2045.66
2 6 4375.17 1964.81 1961.19
2 7 4698.76 2105.43 2101.32
2 8 4513.81 2021.79 2022.67
2 9 4528.89 2082.48 2078.61
2 10 4273.5 1859.27 1855.83
2 11 4248.04 1871.38 1867.97
2 12 4312.42 2000.93 1997.38
2 13 4270.33 1903.56 1900.1
2 14 4333.33 1880.19 1876.67
2 15 4451.92 2134.72 2130.93
2 16 4201.6 1823.6 1820.26
2 17 4289.02 1919.45 1920.51
2 18 4458.12 1979.05 1975.32
2 19 4414.87 2125.26 2121.53
2 20 5295.03 2339.08 2333.98
2 21 4736.53 2211.49 2207.29
2 22 4456.11 1973.71 1974.55
2 23 4414.07 2076.5 2072.79
2 24 4644.58 2194.67 2190.6
2 25 4638.99 2167.88 2163.83
2 26 4730.51 2273.98 2269.76
2 27 4887.82 2304.87 2300.42
2 28 5287.7 2530.55 2525.4
2 29 4869.41 2156.32 2151.96
2 30 193.081 81.8608 81.9957
2 31 0 0.177491 0
2 32 0 0.177491 0
3 0 10629.8 4716.58 4697.25
3 1 7807.48 3384.1 3373.51
3 2 7532.04 3324.03 3314.13
3 3 7591.15 3355.76 3345.71
3 4 7729.27 3479.72 3469.3
3 5 7679.24 3449.15 3438.86
3 6 7396.72 3181.54 3172
3 7 7767.32 3370.98 3360.49
3 8 7565.36 3334.06 3324.08
3 9 7596.76 3362.02 3351.96
3 10 7360.24 3166.33 3156.88
3 11 7290.83 3127.68 3118.4
3 12 7392.33 3238.91 3229.36
3 13 7317.97 3151.44 3142.09
3 14 7402.41 3204.7 3195.14
3 15 7525.16 3333.26 3323.37
3 16 7286.29 3122.39 3113.12
3 17 7323.37 3181.09 3171.72
3 18 7451.07 3278.56 3268.86
3 19 7247 3259.84 3250.63
3 20 8630.67 3734.9 3722.04
3 21 7481.42 3270.51 3260.75
3 22 7176.38 3089.18 3080.18
3 23 7023.63 3083.21 3074.55
3 24 7231.61 3206.12 3196.96
3 25 7163.42 3114.15 3105.17
3 26 6997.28 3099.97 3091.37
3 27 6951.08 3043.26 3034.78
3 28 7036.98 3119.21 3110.51
3 29 5875.74 2552.56 2546.39
3 30 218.469 89.0225 89.1778
3 31 0 0.177491 0
3 32 0 0.177491 0
