0.03 0
1 0 0.0279 0.0439888 0.000778409
1 1 157.293 36.6106 36.6696
1 2 959.429 214.838 215.242
1 3 1244.09 251.802 252.16
1 4 1267.01 253.498 253.835
1 5 1013.73 193.297 193.59
1 6 815.905 163.724 164.026
1 7 557.554 119.585 119.838
1 8 400.618 91.3169 91.4576
1 9 273.253 65.1771 65.2808
1 10 189.338 41.9463 42.0186
1 11 117.943 26.7813 26.7799
1 12 90.8062 21.4032 21.3723
1 13 64.7511 15.171 15.1575
1 14 51.1853 12.053 11.8664
1 15 131.366 36.3569 36.3873
2 0 0.0279 0.0439888 0.000778409
2 1 153.65 36.0872 36.1448
2 2 864.899 197.526 197.91
2 3 941.372 192.544 192.879
2 4 822.13 171.327 171.646
2 5 611.09 120.01 120.248
2 6 451.652 91.1737 91.3691
2 7 307.503 70.0313 70.1864
2 8 207.074 45.7196 45.7514
2 9 143.258 34.7033 34.7233
2 10 101.314 23.0646 23.0834
2 11 59.3104 13.5381 13.3956
2 12 46.7524 11.2918 11.2199
2 13 29.4608 6.79054 6.72049
2 14 27.4507 6.96242 6.77319
2 15 70.3187 20.7183 20.7047
3 0 0 0.151737 0
3 1 3.64311 0.680027 0.524781
3 2 94.5299 17.4845 17.3313
3 3 302.722 59.1656 59.2808
3 4 444.883 82.0612 82.1894
3 5 402.639 73.2411 73.3416
3 6 364.253 72.5156 72.657
3 7 250.052 49.5591 49.6514
3 8 193.544 45.6663 45.7062
3 9 129.994 30.5413 30.5575
3 10 88.0234 19.087 18.9352
3 11 58.6327 13.4196 13.3843
3 12 44.0537 10.3068 10.1524
3 13 35.2902 8.56689 8.43706
3 14 23.7346 5.26689 5.0932
3 15 61.047 15.7089 15.6825
4 0 0 0.151737 0
4 1 82.3824 36.7951 36.7594
4 2 3032.22 1357.34 1359.09
4 3 8024.46 3709.47 3704.25
4 4 12377.8 5994.01 5973.05
4 5 14499.4 7026.71 6995.56
4 6 14858.7 7347.07 7313.62
4 7 13937 6998.25 6970.05
4 8 11898.1 5768.75 5750.39
4 9 9601.85 4503.94 4493.87
4 10 7576.56 3628.62 3624.89
4 11 5694.57 2691.71 2691.53
4 12 4131.18 1963.34 1964.87
4 13 2965.14 1351.08 1352.86
4 14 2066.96 883.039 884.598
4 15 5892.39 2459.13 2457.73
5 0 0 0.151737 0
5 1 82.3824 36.7951 36.7594
5 2 2437.87 1074.08 1075.78
5 3 4307.65 1880.51 1881.42
5 4 5409.27 2284.72 2284.21
5 5 5661.72 2403.71 2402.83
5 6 5484.41 2341 2340.44
5 7 5069.93 2220.38 2220.57
5 8 4355.56 1836.68 1837.36
5 9 3553.32 1378.19 1379.11
5 10 2896.65 1221.08 1222.6
5 11 2259.7 969.078 970.706
5 12 1642.62 710.335 711.768
5 13 1212.06 508.205 509.343
5 14 868.101 309.882 310.598
5 15 2758.2 1017.17 1018.27
6 0 0 0.151737 0
6 1 0 0.151737 0
6 2 594.35 282.673 283.305
6 3 3716.82 1820.91 1822.84
6 4 6968.53 3689.95 3688.84
6 5 8837.7 4598.38 4592.73
6 6 9374.26 4980.39 4973.19
6 7 8867.11 4755.2 4749.49
6 8 7542.56 3915.61 3913.04
6 9 6048.53 3114.61 3114.76
6 10 4679.9 2400.56 2402.29
6 11 3434.88 1718.64 1720.82
6 12 2488.56 1250.92 1253.1
6 13 1753.08 841.787 843.521
6 14 1198.86 572.672 574.001
6 15 3134.2 1437.63 1439.46
