0 0
1 0 0 0.151737 0
1 1 0 0.151737 0
1 2 1.77103 0.81936 0.68525
1 3 29.2552 8.92954 8.86342
1 4 116.174 34.668 34.679
1 5 305.127 85.3727 85.4203
1 6 549.666 146.034 146.367
1 7 766.091 203.599 204.013
1 8 876.671 227.045 227.51
1 9 873.751 221.136 221.553
1 10 803.235 221.248 221.704
1 11 696.97 184.672 185.063
1 12 573.858 148.517 148.83
1 13 457.821 118.927 119.198
1 14 342.721 87.8578 87.9353
1 15 259.346 69.6495 69.7651
1 16 193.862 55.4258 55.5219
1 17 154.705 45.8192 45.8432
1 18 122.328 32.2695 32.2735
1 19 80.297 20.2402 20.1532
1 20 66.5314 16.5281 16.4085
1 21 49.0086 12.4915 12.3723
1 22 44.8348 13.244 13.1746
1 23 33.5043 8.51693 8.395
1 24 26.6842 7.05206 6.91579
1 25 103.291 28.2689 28.262
2 0 0 0.151737 0
2 1 0 0.151737 0
2 2 0 0.151737 0
2 3 4.63518 1.39114 1.23528
2 4 32.2819 8.40556 8.2509
2 5 104.896 27.4367 27.3489
2 6 200.534 53.3845 53.3941
2 7 276.568 71.3665 71.4982
2 8 331.721 83.1094 83.1838
2 9 345.128 85.41 85.5637
2 10 305.837 75.3711 75.4252
2 11 271.764 73.6124 73.6479
2 12 229.272 56.9771 57.0477
2 13 176.675 44.1432 44.0958
2 14 121.842 30.2242 30.1415
2 15 91.9727 24.3506 24.2473
2 16 61.7295 15.8028 15.6836
2 17 48.4056 17.9378 17.8734
2 18 39.5842 10.3267 10.2157
2 19 16.0433 3.96832 3.81025
2 20 13.4149 3.41281 3.25929
2 21 10.9259 2.81544 2.67094
2 22 6.80012 1.96587 1.81599
2 23 6.2268 1.79315 1.65744
2 24 4.32793 1.20593 1.05849
2 25 15.8954 4.15945 4.00928
3 0 0 0.151737 0
3 1 0 0.151737 0
3 2 1.77103 0.81936 0.68525
3 3 24.62 7.70561 7.62813
3 4 83.892 26.4383 26.4281
3 5 200.232 58.069 58.0715
3 6 349.132 92.8013 92.9733
3 7 489.524 132.25 132.515
3 8 544.95 144.022 144.326
3 9 528.623 135.715 135.989
3 10 497.398 145.957 146.279
3 11 425.206 111.179 111.415
3 12 344.585 91.5968 91.7826
3 13 281.146 74.972 75.1023
3 14 220.879 57.7896 57.7938
3 15 167.373 45.48 45.5178
3 16 132.133 39.8013 39.8383
3 17 106.299 27.9948 27.9698
3 18 82.7441 22.0805 22.0578
3 19 64.2537 16.4328 16.3429
3 20 53.1164 13.2746 13.1492
3 21 38.0827 9.83027 9.70133
3 22 38.0347 11.4326 11.3586
3 23 27.2775 6.87688 6.73756
3 24 22.3563 5.9939 5.8573
3 25 87.3959 24.2795 24.2527
4 0 0 0.151737 0
4 1 0 0.151737 0
4 2 1.77103 0.81936 0.68525
4 3 25.1084 7.99826 7.92901
4 4 80.2692 24.9219 24.8888
4 5 166.7 43.2234 43.1503
4 6 263.982 73.8306 73.9708
4 7 318.309 84.9406 85.0907
4 8 330.836 86.3609 86.5315
4 9 314.625 78.5093 78.6341
4 10 269.044 68.4687 68.589
4 11 228.223 64.9054 64.999
4 12 171.7 43.0207 42.9788
4 13 133.5 35.3658 35.388
4 14 105.425 27.5622 27.4915
4 15 73.8379 19.3861 19.3359
4 16 49.7239 12.5106 12.3887
4 17 41.9951 15.3236 15.19
4 18 30.1434 7.80837 7.72988
4 19 26.1501 6.7206 6.6015
4 20 19.9588 4.88253 4.73794
4 21 13.939 3.78272 3.64027
4 22 9.2062 2.39662 2.2499
4 23 7.95607 2.03096 1.88927
4 24 8.37082 2.40539 2.25873
4 25 29.6786 8.82605 8.75761
5 0 0 0.151737 0
5 1 0 0.151737 0
5 2 0 0.151737 0
5 3 4.14679 1.08851 0.934403
5 4 35.9046 9.91676 9.79019
5 5 138.427 42.3075 42.27
5 6 285.684 72.3667 72.3966
5 7 447.783 118.675 118.922
5 8 545.835 140.693 140.979
5 9 559.127 142.633 142.919
5 10 534.191 152.853 153.115
5 11 468.747 119.824 120.064
5 12 402.158 105.632 105.851
5 13 324.321 83.6439 83.8101
5 14 237.296 60.4442 60.4437
5 15 185.508 50.4482 50.4291
5 16 144.138 43.0732 43.1332
5 17 112.71 30.6697 30.6532
5 18 92.1849 24.5615 24.5436
5 19 54.1469 13.6784 13.5517
5 20 46.5726 11.7966 11.6706
5 21 35.0696 8.86634 8.732
5 22 35.6286 11.0002 10.9247
5 23 25.5483 6.63825 6.50573
5 24 18.3134 4.79734 4.65706
5 25 73.6128 19.5516 19.5044
6 0 0 0.151737 0
6 1 0 0.151737 0
6 2 0 0.151737 0
6 3 4.24344 1.31501 1.15855
6 4 21.7991 5.65957 5.49627
6 5 57.9673 14.7948 14.6632
6 6 94.5007 27.3982 27.3186
6 7 112.035 29.1548 29.1435
6 8 124.01 31.7469 31.6681
6 9 123.083 30.357 30.3312
6 10 96.9466 23.6801 23.5975
6 11 89.7527 28.7186 28.6252
6 12 62.9843 15.2868 15.1672
6 13 46.0591 11.5651 11.4278
6 14 36.8567 8.93888 8.79201
6 15 24.6208 6.42687 6.2754
6 16 18.559 4.83678 4.69079
6 17 14.1987 8.60998 8.47087
6 18 7.96459 2.14391 1.99364
6 19 4.50271 1.23122 1.07995
6 20 5.25783 1.41874 1.27129
6 21 2.1513 0.661307 0.510466
6 22 1.41573 0.580029 0.425255
6 23 1.6352 0.612595 0.462707
6 24 1.51244 0.511805 0.363605
6 25 3.7137 1.11929 0.963157
7 0 0 0.151737 0
7 1 0 0.151737 0
7 2 0 0.151737 0
7 3 0.39174 0.206548 0.0767316
7 4 10.4828 2.90602 2.75463
7 5 46.9283 12.8137 12.6857
7 6 106.033 26.1546 26.0755
7 7 164.532 42.3316 42.3547
7 8 207.711 51.5319 51.5157
7 9 222.045 55.2322 55.2325
7 10 208.89 51.844 51.8277
7 11 182.011 45.0497 45.0227
7 12 166.288 41.8612 41.8805
7 13 130.615 32.7374 32.668
7 14 84.9854 21.4547 21.3494
7 15 67.3519 18.0808 17.9719
7 16 43.1704 11.1222 10.9928
7 17 34.207 9.49699 9.40253
7 18 31.6196 8.33943 8.22204
7 19 11.5405 2.89146 2.73029
7 20 8.15712 2.14509 1.988
7 21 8.77462 2.304 2.16048
7 22 5.38439 1.54139 1.39073
7 23 4.5916 1.33452 1.19474
7 24 2.81549 0.840424 0.694889
7 25 12.1818 3.19614 3.04613
8 0 0 0.151737 0
8 1 0 0.151737 0
8 2 1.77103 0.81936 0.68525
8 3 20.8649 6.85094 6.77046
8 4 58.4701 19.4468 19.3925
8 5 108.732 28.5724 28.4871
8 6 169.481 46.6022 46.6522
8 7 206.273 55.8854 55.9472
8 8 206.826 54.7752 54.8634
8 9 191.542 48.3232 48.3029
8 10 172.098 44.9819 44.9915
8 11 138.471 36.3699 36.3738
8 12 108.716 27.9032 27.8117
8 13 87.441 23.9683 23.9602
8 14 68.5684 18.7788 18.6995
8 15 49.2172 13.1283 13.0605
8 16 31.1649 7.83327 7.69791
8 17 27.7965 6.86826 6.71912
8 18 22.1789 5.8212 5.73624
8 19 21.6474 5.64413 5.52155
8 20 14.701 3.6151 3.46665
8 21 11.7877 3.27397 3.1298
8 22 7.79047 1.97218 1.82465
8 23 6.32087 1.57227 1.42657
8 24 6.85838 2.04056 1.89513
8 25 25.9649 7.86515 7.79445
9 0 0 0.151737 0
9 1 0 0.151737 0
9 2 0 0.151737 0
9 3 3.75505 1.0119 0.857672
9 4 25.4219 7.171 7.03555
9 5 91.4992 29.6599 29.5843
9 6 179.651 46.371 46.3211
9 7 283.251 76.4366 76.5676
9 8 338.125 89.3072 89.463
9 9 337.081 87.5329 87.6863
9 10 325.301 101.147 101.287
9 11 286.735 74.9088 75.0414
9 12 235.869 63.8543 63.9709
9 13 193.705 51.0943 51.1422
9 14 152.31 39.1536 39.0943
9 15 118.156 32.5364 32.4572
9 16 100.968 32.1357 32.1404
9 17 78.5027 21.2922 21.2506
9 18 60.5652 16.3676 16.3215
9 19 42.6064 10.9455 10.8214
9 20 38.4155 9.81125 9.68256
9 21 26.295 6.7137 6.57152
9 22 30.2442 9.61174 9.53393
9 23 20.9567 5.45496 5.311
9 24 15.4979 4.10467 3.96217
9 25 61.431 16.5219 16.4583
