0 0
1 0 182.373 41.3799 41.4478
1 1 141.584 30.0249 30.0239
1 2 134.93 31.189 31.1869
1 3 125.081 27.1829 27.1819
1 4 122.797 26.4542 26.4476
1 5 125.404 27.8445 27.8696
1 6 136.529 33.0428 33.0882
1 7 121.673 28.3596 28.3697
1 8 122.532 24.2098 24.1873
1 9 135.181 33.55 33.573
1 10 153.91 34.7894 34.7955
1 11 162.22 37.573 37.5808
1 12 176.187 43.0564 43.11
1 13 196.416 44.5291 44.554
1 14 205.374 52.2285 52.3015
1 15 219.867 49.8129 49.881
1 16 249.722 55.5796 55.6563
1 17 274.135 62.1168 62.2395
1 18 322.555 68.7924 68.8912
1 19 382.663 91.9613 92.1725
1 20 462.321 99.7853 99.9975
1 21 515.572 104.144 104.352
1 22 629.911 126.713 126.966
1 23 823.413 167.679 167.996
1 24 1142.25 238.875 239.247
1 25 0 0.151737 0
2 0 132.274 27.9705 27.9635
2 1 108.622 21.4611 21.4348
2 2 106.148 22.9527 22.8983
2 3 96.1973 19.4099 19.3855
2 4 96.6719 18.9348 18.9119
2 5 98.6478 20.6085 20.5856
2 6 102.871 22.1292 22.1445
2 7 96.9122 20.4013 20.3876
2 8 94.6531 16.8861 16.739
2 9 107.708 24.7715 24.7478
2 10 122.038 26.8808 26.8635
2 11 119.973 23.0139 22.9786
2 12 133.246 30.5076 30.5251
2 13 156.263 33.4343 33.4266
2 14 167.415 42.5469 42.5936
2 15 178.683 38.7356 38.7722
2 16 196.343 40.2837 40.3181
2 17 217.203 46.2859 46.3662
2 18 257.318 53.4058 53.4648
2 19 312.959 72.8312 72.9958
2 20 361.292 73.2612 73.4111
2 21 395.869 72.6566 72.7953
2 22 482.972 89.6288 89.7675
2 23 635.435 117.65 117.881
2 24 843.773 154.218 154.48
2 25 0 0.151737 0
3 0 50.099 13.5433 13.4844
3 1 32.9622 8.668 8.58907
3 2 28.7826 8.35575 8.28851
3 3 28.8835 7.8451 7.79637
3 4 26.1255 7.61493 7.53571
3 5 26.7559 7.35526 7.28401
3 6 33.6584 11.0011 10.9437
3 7 24.7613 8.04204 7.98212
3 8 27.8786 7.51587 7.44827
3 9 27.4725 8.88502 8.82513
3 10 31.8717 8.00705 7.93195
3 11 42.2475 14.6481 14.6023
3 12 42.9412 12.6314 12.5849
3 13 40.1533 11.1793 11.1274
3 14 37.9589 9.76439 9.70788
3 15 41.1839 11.1633 11.1088
3 16 53.379 15.3676 15.3382
3 17 56.9313 15.9291 15.8732
3 18 65.2367 15.5871 15.4264
3 19 69.7035 19.1924 19.1767
3 20 101.029 26.5814 26.5864
3 21 119.703 31.5467 31.5569
3 22 146.938 37.1679 37.1985
3 23 187.978 50.022 50.115
3 24 298.474 84.5701 84.7668
3 25 0 0.151737 0
4 0 71.0574 17.0108 17.0111
4 1 56.7186 13.5573 13.4688
4 2 56.1389 16.271 16.2143
4 3 48.1271 10.7201 10.6716
4 4 49.2848 12.5446 12.503
4 5 52.4189 12.4186 12.3596
4 6 56.486 15.1996 15.1908
4 7 43.3602 11.2654 11.2282
4 8 46.4289 10.0697 9.98347
4 9 49.4441 14.5501 14.5184
4 10 64.4347 15.7611 15.7101
4 11 68.0765 16.9179 16.8752
4 12 71.5615 17.8791 17.8407
4 13 83.9373 22.7221 22.6861
4 14 84.3425 20.6734 20.6606
4 15 104.556 24.2192 24.2173
4 16 121.453 28.9737 28.979
4 17 133.527 32.0291 32.0696
4 18 167.549 38.4203 38.4506
4 19 208.377 50.676 50.7779
4 20 248.954 53.2304 53.3351
4 21 296.082 61.1999 61.3204
4 22 385.638 79.9925 80.1596
4 23 515.407 106.982 107.207
4 24 737.642 156.638 156.955
4 25 0 0.151737 0
5 0 111.315 24.4669 24.4368
5 1 84.8658 16.6768 16.5551
5 2 78.7914 15.1444 14.9726
5 3 76.9537 16.5556 16.5103
5 4 73.5126 14.0139 13.9447
5 5 72.9848 15.5184 15.51
5 6 80.0434 17.8947 17.8974
5 7 78.3132 17.167 17.1415
5 8 76.1028 14.2502 14.2038
5 9 85.7365 19.1015 19.0546
5 10 89.4755 19.1156 19.0854
5 11 94.1438 20.7391 20.7056
5 12 104.626 25.2792 25.2693
5 13 112.479 21.9831 21.868
5 14 121.031 31.6262 31.6409
5 15 115.311 25.6797 25.6637
5 16 128.27 26.6711 26.6773
5 17 140.608 30.1258 30.1699
5 18 155.006 30.4295 30.4406
5 19 174.286 41.3637 41.3946
5 20 213.367 46.6013 46.6624
5 21 219.49 42.9903 43.0318
5 22 244.273 46.7244 46.8064
5 23 308.006 60.6744 60.7891
5 24 404.606 82.1273 82.2921
5 25 0 0.151737 0
6 0 49.4482 11.6032 11.5391
6 1 38.1001 8.31458 8.21395
6 2 40.3438 10.8658 10.8017
6 3 36.3747 7.92438 7.8526
6 4 34.7133 7.92056 7.85115
6 5 36.4453 7.43774 7.36648
6 6 39.0196 8.96174 8.9352
6 7 31.4402 6.81482 6.66438
6 8 33.5425 6.50384 6.33423
6 9 39.1424 11.1352 11.077
6 10 47.6679 11.1836 11.1185
6 11 45.8022 9.24014 9.08769
6 12 46.1147 9.53354 9.47126
6 13 62.602 16.2083 16.1524
6 14 66.4617 15.5267 15.4985
6 15 82.222 18.3297 18.31
6 16 96.3183 22.497 22.4829
6 17 106.832 24.3073 24.3253
6 18 131.547 29.5663 29.5708
6 19 170.584 40.4614 40.4914
6 20 195.051 38.758 38.8238
6 21 224.82 41.681 41.7496
6 22 289.717 55.0657 55.1276
6 23 395.018 74.4402 74.589
6 24 539.049 100.286 100.494
6 25 0 0.151737 0
7 0 82.8253 16.5042 16.4244
7 1 70.522 13.3529 13.2209
7 2 65.8039 12.2782 12.0966
7 3 59.8226 11.686 11.5329
7 4 61.9585 11.1357 11.0608
7 5 62.2025 13.258 13.2191
7 6 63.8514 13.2206 13.2093
7 7 65.472 13.7775 13.7232
7 8 61.1106 10.5444 10.4047
7 9 68.5657 13.7341 13.6708
7 10 74.3706 15.7843 15.7451
7 11 74.1706 13.9403 13.8909
7 12 87.1313 21.0892 21.0538
7 13 93.6611 17.4035 17.2743
7 14 100.953 27.0939 27.0951
7 15 96.4612 20.5072 20.4622
7 16 100.025 17.8718 17.8352
7 17 110.371 22.0303 22.0409
7 18 125.771 23.8975 23.894
7 19 142.375 32.4919 32.5044
7 20 166.242 34.5602 34.5874
7 21 171.049 31.0369 31.0457
7 22 193.255 34.6256 34.64
7 23 240.417 43.219 43.2918
7 24 304.724 53.9405 53.986
7 25 0 0.151737 0
8 0 21.6092 5.63334 5.47197
8 1 18.6184 5.35201 5.25486
8 2 15.7952 5.4994 5.41258
8 3 11.7523 2.97191 2.81896
8 4 14.5714 4.73498 4.65183
8 5 15.9736 5.08174 4.99312
8 6 17.4664 6.3312 6.25564
8 7 11.92 4.65312 4.5638
8 8 12.8864 3.7516 3.64924
8 9 10.3017 3.54298 3.44135
8 10 16.7668 4.68001 4.59158
8 11 22.2743 7.85897 7.7875
8 12 25.4468 8.43725 8.36946
8 13 21.3353 6.60637 6.5337
8 14 17.8808 5.24403 5.16212
8 15 22.3344 5.97514 5.90728
8 16 25.1343 6.63612 6.49605
8 17 26.6946 7.82002 7.74424
8 18 36.0015 9.05116 8.87978
8 19 37.7925 10.3566 10.2865
8 20 53.9035 14.5429 14.5113
8 21 71.2624 19.591 19.5708
8 22 95.9203 25.0319 25.0321
8 23 120.389 32.6042 32.6177
8 24 198.592 56.3453 56.4606
8 25 0 0.151737 0
9 0 28.4899 8.08873 8.01239
9 1 14.3438 3.47879 3.3342
9 2 12.9875 3.03557 2.87593
9 3 17.1311 5.05791 4.97741
9 4 11.5541 2.9944 2.88388
9 5 10.7823 2.44436 2.29089
9 6 16.192 4.78145 4.68806
9 7 12.8412 3.5033 3.41832
9 8 14.9922 3.87331 3.79903
9 9 17.1708 5.47412 5.38378
9 10 15.1049 3.50968 3.34037
9 11 19.9732 6.89604 6.81475
9 12 17.4944 4.29942 4.21548
9 13 18.818 4.75125 4.5937
9 14 20.0781 4.64304 4.54576
9 15 18.8495 5.28405 5.2015
9 16 28.2447 8.90332 8.84217
9 17 30.2367 8.20035 8.12898
9 18 29.2352 6.70182 6.54664
9 19 31.9109 8.95175 8.89024
9 20 47.1254 12.1353 12.075
9 21 48.441 12.043 11.9861
9 22 51.0179 12.2059 12.1665
9 23 67.5891 17.5184 17.4973
9 24 99.882 28.2646 28.3061
9 25 0 0.151737 0
