0 0
1 0 5.02574 0.361901 0.352072
1 1 4.04203 0.250635 0.243374
1 2 3.84097 0.252601 0.250409
1 3 2.86884 0.243912 0.230944
1 4 3.95412 0.249593 0.250201
1 5 3.34899 0.207297 0.204048
1 6 3.01789 0.225032 0.175836
1 7 3.57931 0.258514 0.248838
1 8 4.64993 0.354504 0.343572
1 9 4.09485 0.279511 0.225191
1 10 6.2386 0.475827 0.473401
1 11 6.25432 0.436233 0.426897
1 12 7.38942 0.533886 0.523814
1 13 9.37287 0.695382 0.68468
1 14 12.3555 0.935976 0.924728
1 15 15.7341 1.41173 1.39593
1 16 21.3298 1.39398 1.38544
1 17 24.0242 1.43909 1.43185
1 18 35.8078 2.30709 2.29859
1 19 57.7651 4.0239 4.0136
1 20 0 0.0290603 0
2 0 7.93024 0.486469 0.479144
2 1 6.22188 0.385442 0.311326
2 2 4.99502 0.294233 0.226072
2 3 4.56403 0.235516 0.232386
2 4 6.72803 0.548746 0.550241
2 5 6.10674 0.436701 0.434161
2 6 6.0504 0.338482 0.339352
2 7 5.74358 0.340982 0.339085
2 8 6.32816 0.396615 0.394889
2 9 7.96685 0.581 0.578908
2 10 7.55647 0.432426 0.380901
2 11 8.79223 0.773766 0.75884
2 12 9.32402 0.713084 0.71506
2 13 8.67966 0.465592 0.466831
2 14 10.9548 0.728924 0.727305
2 15 12.1441 0.834076 0.83277
2 16 16.6022 1.0948 1.0943
2 17 16.7245 1.02232 1.01488
2 18 19.5451 1.03991 1.03925
2 19 31.0975 2.04361 2.03484
2 20 0 0.0290603 0
3 0 1.8617 0.167948 0.0988474
3 1 1.31909 0.138012 0.12114
3 2 1.43075 0.112058 0.10838
3 3 1.24339 0.143151 0.123436
3 4 1.45597 0.106093 0.106271
3 5 1.85029 0.184498 0.184912
3 6 1.69407 0.154151 0.151518
3 7 0.932112 0.0768885 0.0729945
3 8 1.69092 0.154586 0.151
3 9 1.66525 0.138557 0.134959
3 10 2.18724 0.172183 0.168744
3 11 1.90834 0.212978 0.209507
3 12 2.03497 0.133746 0.130229
3 13 2.78232 0.211591 0.212088
3 14 2.22307 0.176399 0.106435
3 15 4.60543 0.365783 0.353956
3 16 5.78783 0.422063 0.411917
3 17 6.72561 0.561447 0.548143
3 18 11.3248 0.820756 0.810473
3 19 20.3012 1.55195 1.54034
3 20 0 0.0290603 0
4 0 2.79384 0.201427 0.19905
4 1 1.66665 0.132949 0.0845414
4 2 1.20131 0.107883 0.0609816
4 3 1.86361 0.161764 0.159182
4 4 1.11571 0.117174 0.0618891
4 5 1.21658 0.119874 0.11703
4 6 1.43191 0.112138 0.109399
4 7 1.29695 0.0963503 0.0935675
4 8 1.53532 0.126387 0.0783157
4 9 2.18064 0.235428 0.215829
4 10 1.53023 0.120023 0.0721464
4 11 1.97287 0.146218 0.143637
4 12 2.1669 0.240473 0.238084
4 13 3.02518 0.321916 0.319839
4 14 2.89824 0.178319 0.171323
4 15 2.88113 0.203606 0.204079
4 16 4.09121 0.291999 0.289922
4 17 4.7398 0.369919 0.358466
4 18 6.12627 0.340299 0.338406
4 19 10.6353 0.901737 0.887766
4 20 0 0.0290603 0
