0.03 0
1 0 15.4672 0.949573 0.946044
1 1 12.8454 0.76745 0.765348
1 2 11.7699 0.721374 0.719125
1 3 10.9706 0.66099 0.657833
1 4 9.14139 0.632207 0.628836
1 5 11.8453 0.903615 0.901456
1 6 12.2483 0.859331 0.856316
1 7 11.1186 0.770288 0.767003
1 8 10.2772 0.624268 0.621083
1 9 10.5404 0.706924 0.703142
1 10 13.5815 0.949547 0.947259
1 11 13.5511 0.888229 0.885766
1 12 15.5801 1.11174 1.11004
1 13 16.6664 0.976177 0.973545
1 14 17.6213 1.51112 1.51298
1 15 18.6222 1.38112 1.3797
1 16 20.2804 1.45003 1.44966
1 17 24.4494 1.65242 1.65247
1 18 27.5436 1.83836 1.8378
1 19 31.6351 2.54366 2.54686
1 20 40.7584 2.60327 2.60655
1 21 45.2696 2.81728 2.81952
1 22 54.429 3.26979 3.27491
1 23 72.5464 4.33606 4.3429
1 24 102.279 6.60063 6.61321
1 25 0 0.0119899 0
2 0 11.3973 0.702885 0.698581
2 1 9.94686 0.580288 0.576889
2 2 9.32546 0.533462 0.530647
2 3 8.35375 0.485098 0.481196
2 4 6.7698 0.418818 0.414655
2 5 9.63308 0.754285 0.751666
2 6 9.52625 0.606323 0.60279
2 7 8.85045 0.589911 0.586068
2 8 7.91012 0.458888 0.439144
2 9 8.47078 0.541914 0.537928
2 10 10.6643 0.757038 0.753701
2 11 10.3078 0.581294 0.57745
2 12 11.8978 0.825498 0.822915
2 13 13.5067 0.783523 0.7803
2 14 14.3856 1.21435 1.21531
2 15 15.4479 1.15934 1.15724
2 16 15.2569 0.963784 0.961946
2 17 19.9968 1.30583 1.30483
2 18 22.3069 1.56376 1.5629
2 19 25.37 2.06694 2.06873
2 20 32.2619 2.00335 2.00492
2 21 36.2342 2.14093 2.14097
2 22 42.0471 2.40503 2.40772
2 23 56.0762 3.38089 3.38519
2 24 76.2786 4.63062 4.63819
2 25 0 0.0119899 0
3 0 4.06994 0.252364 0.247463
3 1 2.89857 0.192775 0.188459
3 2 2.44439 0.193658 0.188478
3 3 2.61686 0.181597 0.176637
3 4 2.37159 0.218888 0.214181
3 5 2.21227 0.154882 0.14979
3 6 2.72208 0.258846 0.253526
3 7 2.26812 0.185775 0.180935
3 8 2.36713 0.187027 0.181939
3 9 2.06957 0.17054 0.165213
3 10 2.9172 0.198214 0.193558
3 11 3.24338 0.313162 0.308316
3 12 3.6823 0.291785 0.28712
3 13 3.15974 0.198421 0.193245
3 14 3.23565 0.302085 0.297669
3 15 3.17427 0.227523 0.222459
3 16 5.02355 0.492033 0.487712
3 17 4.45262 0.351615 0.347634
3 18 5.23679 0.295078 0.274897
3 19 6.26515 0.482596 0.478129
3 20 8.49656 0.605092 0.601631
3 21 9.03546 0.681779 0.678546
3 22 12.3819 0.869334 0.867194
3 23 16.4701 0.960776 0.957716
3 24 26.0003 1.97517 1.97502
3 25 0 0.0119899 0
4 0 5.41909 0.348229 0.342606
4 1 5.58872 0.376167 0.373264
4 2 4.67976 0.336281 0.331618
4 3 4.08824 0.257624 0.252738
4 4 3.12098 0.251431 0.245997
4 5 4.34455 0.289916 0.285691
4 6 4.91981 0.378439 0.373582
4 7 4.38496 0.274486 0.269609
4 8 3.59188 0.226726 0.22212
4 9 3.91599 0.299281 0.294221
4 10 5.41744 0.418787 0.414718
4 11 5.28701 0.360397 0.356169
4 12 6.00194 0.420136 0.41655
4 13 7.61256 0.491337 0.487189
4 14 6.6997 0.555346 0.5517
4 15 7.94355 0.548581 0.544949
4 16 9.43959 0.606128 0.602342
4 17 11.2005 0.74334 0.739979
4 18 13.3956 0.935955 0.933174
4 19 17.6548 1.56148 1.56174
4 20 22.3473 1.47064 1.47065
4 21 24.6529 1.50581 1.50425
4 22 33.8 2.04844 2.05013
4 23 44.1821 2.65526 2.65756
4 24 65.8239 4.34347 4.35041
4 25 0 0.0119899 0
5 0 10.0481 0.607208 0.603438
5 1 7.25671 0.40898 0.392083
5 2 7.09009 0.409523 0.387507
5 3 6.88238 0.409237 0.405096
5 4 6.02041 0.386519 0.382839
5 5 7.50079 0.619644 0.615765
5 6 7.32852 0.486651 0.482734
5 7 6.7336 0.501335 0.497394
5 8 6.68537 0.402649 0.398963
5 9 6.62436 0.412928 0.40892
5 10 8.16403 0.535642 0.532541
5 11 8.26412 0.533919 0.529597
5 12 9.57811 0.696807 0.693485
5 13 9.05383 0.505005 0.486356
5 14 10.9216 0.962394 0.961277
5 15 10.6787 0.837595 0.834751
5 16 10.8408 0.849186 0.847317
5 17 13.2489 0.914881 0.912488
5 18 14.148 0.907863 0.904626
5 19 13.9804 0.986895 0.985111
5 20 18.4111 1.13715 1.1359
5 21 20.6168 1.31688 1.31527
5 22 20.629 1.22664 1.22478
5 23 28.3643 1.68635 1.68534
5 24 36.455 2.26161 2.2628
5 25 0 0.0119899 0
6 0 3.92467 0.269647 0.26413
6 1 4.22296 0.272497 0.268748
6 2 3.49988 0.221665 0.216604
6 3 2.99806 0.19477 0.189839
6 4 2.14999 0.145977 0.140656
6 5 3.05652 0.19285 0.188322
6 6 3.31144 0.211888 0.206791
6 7 2.95861 0.178651 0.161244
6 8 2.65941 0.163773 0.14743
6 9 2.95843 0.218782 0.213503
6 10 4.16818 0.323168 0.318788
6 11 3.59081 0.205542 0.187261
6 12 4.08912 0.258157 0.253717
6 13 5.90581 0.378003 0.373498
6 14 5.25882 0.394181 0.390041
6 15 6.32145 0.440725 0.436747
6 16 7.37739 0.499523 0.495394
6 17 9.03813 0.570805 0.566912
6 18 11.0558 0.814593 0.811437
6 19 13.8259 1.26865 1.26804
6 20 17.5819 1.12298 1.12196
6 21 19.6305 1.10578 1.10273
6 22 25.8972 1.4849 1.48495
6 23 34.2145 2.09095 2.09165
6 24 48.7138 3.06893 3.07239
6 25 0 0.0119899 0
7 0 7.4726 0.438749 0.434451
7 1 5.7239 0.325266 0.30814
7 2 5.82558 0.336229 0.314042
7 3 5.3557 0.311771 0.291357
7 4 4.61981 0.278364 0.273999
7 5 6.57656 0.567399 0.563344
7 6 6.21481 0.400185 0.395999
7 7 5.89184 0.428724 0.424824
7 8 5.25071 0.309731 0.291714
7 9 5.51235 0.328692 0.324425
7 10 6.49609 0.438776 0.434913
7 11 6.71694 0.394683 0.390189
7 12 7.80864 0.572503 0.569198
7 13 7.60085 0.425684 0.406802
7 14 9.1268 0.826808 0.825267
7 15 9.12649 0.723381 0.720493
7 16 7.87946 0.469558 0.466553
7 17 10.9587 0.741039 0.737921
7 18 11.2511 0.754844 0.751465
7 19 11.5441 0.802885 0.800689
7 20 14.68 0.88497 0.88296
7 21 16.6037 1.04068 1.03825
7 22 16.1499 0.925552 0.922768
7 23 21.8618 1.29571 1.29353
7 24 27.5648 1.56664 1.5658
7 25 0 0.0119899 0
8 0 1.49442 0.0943264 0.0784758
8 1 1.36575 0.109153 0.104516
8 2 1.17988 0.120926 0.115014
8 3 1.09019 0.0774312 0.0628981
8 4 0.970993 0.111477 0.10534
8 5 1.28804 0.102516 0.0973691
8 6 1.60837 0.172506 0.166791
8 7 1.42635 0.113333 0.108365
8 8 0.932474 0.0801664 0.0746897
8 9 0.957564 0.0865024 0.0807179
8 10 1.24926 0.101157 0.0959298
8 11 1.6962 0.174388 0.168908
8 12 1.91282 0.167587 0.162833
8 13 1.70676 0.119164 0.113691
8 14 1.44087 0.166671 0.161659
8 15 1.6221 0.11346 0.108201
8 16 2.0622 0.124035 0.106948
8 17 2.16237 0.177927 0.173067
8 18 2.33981 0.140527 0.121736
8 19 3.82893 0.298281 0.293707
8 20 4.76538 0.35331 0.348691
8 21 5.02234 0.405992 0.401522
8 22 7.90276 0.568266 0.565182
8 23 9.9676 0.569791 0.565906
8 24 17.11 1.27975 1.27802
8 25 0 0.0119899 0
9 0 2.57552 0.174083 0.168987
9 1 1.53281 0.100359 0.0839428
9 2 1.26451 0.0881789 0.0734643
9 3 1.52668 0.118873 0.113739
9 4 1.40059 0.113638 0.10884
9 5 0.924234 0.0674907 0.0524207
9 6 1.11371 0.0924562 0.0867348
9 7 0.841762 0.0781274 0.0725698
9 8 1.43465 0.112636 0.107249
9 9 1.11201 0.0900199 0.0844953
9 10 1.66794 0.115196 0.0976286
9 11 1.54719 0.145145 0.139408
9 12 1.76947 0.129703 0.124287
9 13 1.45298 0.0950849 0.0795542
9 14 1.79478 0.140361 0.13601
9 15 1.55217 0.119789 0.114258
9 16 2.96135 0.3852 0.380764
9 17 2.29025 0.179344 0.174567
9 18 2.89698 0.171901 0.153161
9 19 2.43622 0.189668 0.184423
9 20 3.73119 0.257524 0.25294
9 21 4.01312 0.281859 0.277023
9 22 4.47912 0.306221 0.302012
9 23 6.50252 0.396117 0.39181
9 24 8.89022 0.701353 0.696999
9 25 0 0.0119899 0
