0.03 0
1 0 0 0.0157525 0
1 1 15.1476 1.30582 1.29122
1 2 19.399 1.52282 1.5106
1 3 19.1988 1.50954 1.49728
1 4 20.9175 1.51553 1.50507
1 5 23.2129 1.72976 1.71867
1 6 30.0379 2.17661 2.16601
1 7 30.1235 2.07571 2.06611
1 8 28.6727 2.09795 2.08717
1 9 34.4072 2.18156 2.18068
1 10 46.1418 3.09551 3.0973
1 11 48.3639 2.92698 2.92824
1 12 57.6993 3.70087 3.69204
1 13 57.0192 3.53272 3.52446
1 14 46.8809 3.06583 3.05689
1 15 28.9392 1.65279 1.65034
1 16 16.4572 0.973156 0.966192
1 17 12.0512 0.735125 0.731301
1 18 9.44711 0.585646 0.583588
1 19 7.37943 0.479251 0.477984
1 20 5.07675 0.309847 0.262968
1 21 5.45621 0.330315 0.325544
1 22 4.88347 0.300512 0.293285
1 23 5.03842 0.314241 0.310721
1 24 4.55548 0.289609 0.284118
1 25 3.86698 0.243552 0.20779
1 26 3.44216 0.21624 0.211696
1 27 2.24984 0.142483 0.114134
1 28 2.27116 0.154942 0.150596
1 29 28.4959 1.63063 1.62396
