0 0
1 0 9.75467 2.68127 2.48639
1 1 2201.33 885.514 886.914
1 2 4173.38 1661.55 1658.31
1 3 4034.16 1526.18 1523.17
1 4 4143.79 1700.55 1697.33
1 5 4090.96 1660.09 1656.96
1 6 4000.7 1572.5 1569.5
1 7 4050.06 1700.18 1697.08
1 8 4008.13 1647.94 1644.91
1 9 4013.38 1560.71 1557.7
1 10 4015.12 1627.49 1624.46
1 11 3973.79 1573.37 1570.4
1 12 3983.89 1574.4 1571.43
1 13 4031.54 1679.95 1676.87
1 14 4075.03 1647.67 1644.56
1 15 4290.29 1771.7 1768.27
1 16 4318.33 1936.68 1933.15
1 17 4338.08 1766.51 1763.02
1 18 4625.19 1954.45 1950.51
1 19 4825.8 2024.92 2020.66
1 20 5090.43 2111.12 2106.43
1 21 5347.47 2302.98 2297.82
1 22 5483.15 2312.24 2306.85
1 23 6036.64 2662.13 2655.63
1 24 5367.57 2382.72 2377.5
1 25 18.8283 7.8777 7.7645
1 26 35.9707 11.6023 11.5762
2 0 3.05673 2.34361 2.10893
2 1 870.186 357.927 358.786
2 2 3322.11 1505.17 1506.83
2 3 4943.47 2356.91 2357.84
2 4 5322.49 2366.62 2366.53
2 5 5530.84 2559.2 2559.19
2 6 5666.24 2604.54 2598.74
2 7 5645.1 2597.53 2591.77
2 8 5582.1 2536.98 2531.34
2 9 5635.94 2583.97 2578.22
2 10 5580.84 2524.67 2519.04
2 11 5546.12 2463.55 2458
2 12 6097.1 2678.25 2671.63
2 13 5557.66 2568.93 2568.88
2 14 5511.48 2630.92 2625.38
2 15 5577.25 2604.82 2599.17
2 16 5515.09 2551.36 2551.21
2 17 5535.39 2553.39 2547.83
2 18 5473.94 2487.48 2487.32
2 19 5536.49 2561.8 2556.23
2 20 5481.92 2521.55 2516.09
2 21 5571.91 2559.54 2559.27
2 22 5342.06 2469.8 2464.58
2 23 4114.44 1882.75 1884.12
2 24 1673.41 694.384 695.726
2 25 2.25202 0.824243 0.656992
2 26 7.86349 3.93207 3.72875
