0.03 0
1 0 71.7155 14.106 14.0688
1 1 59.8583 14.4928 14.4312
1 2 58.1728 11.224 11.1569
1 3 54.259 11.7549 11.7082
1 4 58.6783 11.7835 11.7569
1 5 57.3608 12.4138 12.4012
1 6 49.9712 10.049 9.87746
1 7 61.0905 14.7549 14.7195
1 8 76.3253 16.7658 16.7183
1 9 76.499 15.5253 15.4764
1 10 86.1567 20.1408 20.1254
1 11 104.647 25.6185 25.6111
1 12 127.332 26.3626 26.3666
1 13 148.866 30.5018 30.535
1 14 188.098 39.4807 39.551
1 15 261.198 57.5632 57.6781
1 16 328.823 65.347 65.48
1 17 391.34 71.6622 71.7972
1 18 563.057 103.817 104.018
1 19 859.557 157.45 157.72
1 20 0 0.151737 0
2 0 88.1952 16.6998 16.6495
2 1 77.7377 14.4752 14.3143
2 2 66.6904 13.4324 13.2885
2 3 65.7645 11.6068 11.5356
2 4 67.0401 13.2845 13.2439
2 5 70.0061 13.1208 13.1138
2 6 65.1334 11.552 11.4778
2 7 71.6851 13.578 13.4372
2 8 75.08 14.6138 14.5662
2 9 83.8188 16.3558 16.318
2 10 93.6051 18.9884 18.8776
2 11 100.414 20.8998 20.8938
2 12 101.898 21.7271 21.6992
2 13 106.197 18.981 18.9873
2 14 105.616 20.1366 20.1204
2 15 125.924 28.5597 28.5622
2 16 134.332 24.6614 24.6602
2 17 149.046 27.1332 27.1334
2 18 163.158 27.9835 27.8501
2 19 205.165 38.2684 38.2775
2 20 0 0.151737 0
3 0 32.4316 8.32586 8.14522
3 1 23.0047 6.02373 5.93853
3 2 19.9836 5.25857 5.19074
3 3 22.285 6.90601 6.84001
3 4 20.1643 5.33783 5.24893
3 5 19.5048 7.31242 7.23655
3 6 20.018 5.98337 5.89466
3 7 15.1131 4.16146 4.07645
3 8 25.3572 7.25621 7.17828
3 9 29.4413 9.08021 9.02273
3 10 32.29 8.78072 8.71924
3 11 31.0321 9.60563 9.56243
3 12 35.0451 9.45395 9.41217
3 13 36.9251 10.2696 10.2262
3 14 51.9251 13.2504 13.0993
3 15 60.5784 15.9519 15.9265
3 16 90.0576 22.8821 22.8714
3 17 121.446 31.3433 31.3619
3 18 173.752 47.9092 47.9997
3 19 293.903 77.4308 77.6074
3 20 0 0.151737 0
4 0 23.9934 5.97071 5.88957
4 1 14.5366 3.51311 3.35481
4 2 15.4658 3.9186 3.78619
4 3 11.1821 2.72683 2.62211
4 4 11.8077 2.77841 2.61475
4 5 16.4865 4.45066 4.37866
4 6 13.5416 3.18057 3.03331
4 7 14.8566 4.03531 3.94098
4 8 15.0708 3.46949 3.29516
4 9 18.9082 5.66003 5.56554
4 10 19.2259 4.53465 4.37867
4 11 19.9934 4.47275 4.31549
4 12 20.3187 5.37534 5.30316
4 13 24.5308 5.94489 5.86363
4 14 27.798 6.30165 6.20018
4 15 25.3028 6.33117 6.2597
4 16 38.3718 9.42628 9.365
4 17 39.0513 8.60825 8.54321
4 18 40.2988 8.18617 8.13776
4 19 69.7947 21.2187 21.0702
4 20 0 0.151737 0
