0 0
1 0 305.538 69.5761 69.7183
1 1 295.002 71.8225 71.978
1 2 296.701 64.7867 64.9204
1 3 296.848 67.3649 67.4695
1 4 244.292 53.0962 53.2035
1 5 240.172 60.8609 60.9431
1 6 269.876 71.3754 71.5263
1 7 239.956 53.4335 53.5421
1 8 250.335 55.481 55.5504
1 9 262.122 60.9212 61.0415
1 10 272.409 62.5411 62.6699
1 11 281.463 67.2707 67.4127
1 12 262.735 56.0694 56.1809
1 13 273.84 59.8059 59.8841
1 14 279.176 65.2065 65.3436
1 15 289.28 64.4725 64.549
1 16 260.521 62.6954 62.8296
1 17 255.09 63.6804 63.8211
1 18 259.201 71.404 71.564
1 19 247.429 57.1092 57.2239
1 20 264.101 64.7096 64.8499
1 21 289.256 67.0732 67.1706
1 22 272.782 60.5001 60.6241
1 23 289.249 66.0693 66.2075
1 24 281.732 66.7993 66.9497
1 25 0 0.151737 0
2 0 226.482 47.7481 47.7966
2 1 231.418 56.6608 56.7783
2 2 236.034 50.5463 50.6428
2 3 228.466 47.9532 48.0057
2 4 191.984 39.5239 39.5947
2 5 183.568 41.7856 41.8138
2 6 194.756 44.069 44.1442
2 7 186.384 39.7108 39.7718
2 8 196.352 41.8455 41.8778
2 9 202.256 44.3924 44.4677
2 10 212.447 46.0996 46.1858
2 11 213.934 45.4324 45.519
2 12 202.523 41.8116 41.8846
2 13 204.609 41.4248 41.4523
2 14 213.704 46.5046 46.5859
2 15 218.956 45.3184 45.3435
2 16 200.245 43.659 43.7413
2 17 187.454 43.2836 43.3693
2 18 192.354 47.9958 48.0918
2 19 182.392 37.0644 37.1249
2 20 202.802 47.7398 47.8353
2 21 219.173 47.1973 47.24
2 22 219.507 47.5922 47.6811
2 23 223.679 47.2073 47.2985
2 24 213.473 48.0576 48.1051
2 25 0 0.151737 0
3 0 79.056 21.9316 21.9218
3 1 63.5844 15.2076 15.1996
3 2 60.6668 14.4541 14.2776
3 3 68.3821 19.4833 19.4637
3 4 52.3077 13.6439 13.6088
3 5 56.6042 19.1517 19.1293
3 6 75.1198 27.3776 27.3821
3 7 53.5721 13.8256 13.7703
3 8 53.9828 13.8531 13.6726
3 9 59.8665 16.6248 16.5738
3 10 59.9625 16.5144 16.4841
3 11 67.5282 21.9262 21.8937
3 12 60.2119 14.4579 14.2962
3 13 69.2312 18.4781 18.4317
3 14 65.4724 18.7539 18.7577
3 15 70.3243 19.2282 19.2055
3 16 60.2754 19.1086 19.0883
3 17 67.6359 20.4656 20.4519
3 18 66.8475 23.4798 23.4722
3 19 65.0369 20.1353 20.099
3 20 61.2996 17.039 17.0145
3 21 70.0829 19.9671 19.9305
3 22 53.2746 12.9862 12.9429
3 23 65.5695 18.9352 18.909
3 24 68.2583 18.8409 18.8447
3 25 0 0.151737 0
4 0 154.916 33.2946 33.3461
4 1 154.757 34.4838 34.5387
4 2 161.954 34.3074 34.3673
4 3 165.021 39.8085 39.8457
4 4 134.617 29.6984 29.7319
4 5 139.375 34.0708 34.0812
4 6 154.874 43.307 43.3776
4 7 134.925 30.8313 30.841
4 8 136.293 31.377 31.3888
4 9 148.193 36.2161 36.2671
4 10 147.728 34.8322 34.8847
4 11 147.688 35.7406 35.7999
4 12 129.94 26.403 26.3942
4 13 140.23 31.4146 31.3904
4 14 156.556 39.5438 39.6099
4 15 157.323 37.0069 37.0267
4 16 155.63 39.6134 39.6456
4 17 140.75 35.439 35.5035
4 18 149.568 41.5918 41.6704
4 19 145.778 33.6341 33.6881
4 20 149.34 38.9526 39.0245
4 21 167.046 39.5162 39.5431
4 22 157.002 37.0359 37.0922
4 23 159.447 37.8967 37.9595
4 24 140.508 31.1812 31.229
4 25 0 0.151737 0
5 0 150.622 36.3616 36.3722
5 1 140.245 37.3842 37.4393
5 2 134.747 30.5485 30.5531
5 3 131.827 27.6421 27.6238
5 4 109.675 23.4509 23.4715
5 5 100.797 26.8786 26.8619
5 6 115.002 28.1618 28.1487
5 7 105.031 22.684 22.7011
5 8 114.042 24.178 24.1616
5 9 113.929 24.7575 24.7744
5 10 124.681 27.7471 27.7852
5 11 133.774 31.6185 31.6128
5 12 132.795 29.7705 29.7867
5 13 133.61 28.4956 28.4937
5 14 122.62 25.8476 25.7337
5 15 131.957 27.5332 27.5223
5 16 104.89 23.1919 23.184
5 17 114.34 28.3303 28.3176
5 18 109.634 29.8511 29.8936
5 19 101.651 23.5534 23.5358
5 20 114.762 25.83 25.8253
5 21 122.21 27.6286 27.6275
5 22 115.78 23.5194 23.5319
5 23 129.802 28.249 28.248
5 24 141.224 35.6675 35.7207
5 25 0 0.151737 0
6 0 110.799 22.0203 22.0045
6 1 118.979 25.992 26.024
6 2 123.427 24.9836 25.0175
6 3 123.816 27.0801 27.0805
6 4 102.717 20.9076 20.9194
6 5 107.512 24.8713 24.8543
6 6 110.306 25.7687 25.7884
6 7 102.217 21.8568 21.84
6 8 105.888 23.2216 23.2094
6 9 110.973 25.2078 25.2267
6 10 113.923 26.7131 26.7424
6 11 108.371 20.9394 20.9553
6 12 98.5338 18.6589 18.6023
6 13 106.322 22.334 22.1263
6 14 118.96 29.4974 29.5305
6 15 117.735 25.733 25.7191
6 16 116.715 26.9764 26.9714
6 17 100.753 22.3938 22.4204
6 18 110.021 28.0167 28.0572
6 19 105.994 21.5167 21.3632
6 20 111.749 28.4718 28.5078
6 21 126.66 28.8522 28.8477
6 22 121.816 27.944 27.9739
6 23 119.975 26.419 26.4514
6 24 101.735 21.3183 21.2675
6 25 0 0.151737 0
7 0 115.683 25.8106 25.7921
7 1 112.439 30.7212 30.7543
7 2 112.607 25.6352 25.6253
7 3 104.65 20.9603 20.9252
7 4 89.2666 18.6687 18.6754
7 5 76.0558 17.0059 16.9595
7 6 84.4507 18.3933 18.3558
7 7 84.1674 17.9386 17.9318
7 8 90.4642 18.712 18.6684
7 9 91.2827 19.2697 19.241
7 10 98.524 19.4558 19.4434
7 11 105.563 24.5879 24.5637
7 12 103.989 23.2829 23.2823
7 13 98.2861 19.353 19.326
7 14 94.7442 17.1959 17.0554
7 15 101.221 19.6709 19.6243
7 16 83.5302 16.7969 16.7699
7 17 86.7013 20.9811 20.9489
7 18 82.3329 20.0213 20.0346
7 19 76.3976 15.8026 15.7617
7 20 91.0525 19.3506 19.3275
7 21 92.5127 18.4207 18.3923
7 22 97.6915 19.7038 19.7072
7 23 103.705 20.991 20.847
7 24 111.739 26.834 26.8376
7 25 0 0.151737 0
8 0 44.1175 11.3818 11.3416
8 1 35.7787 8.56291 8.5147
8 2 38.5264 9.52749 9.34981
8 3 41.2052 12.8048 12.7651
8 4 31.8996 8.86265 8.81258
8 5 31.8631 9.27971 9.22694
8 6 44.5681 17.6344 17.5892
8 7 32.7082 9.06518 9.001
8 8 30.4048 8.34753 8.17941
8 9 37.22 11.1353 11.0404
8 10 33.8059 8.32628 8.14224
8 11 39.3171 14.8947 14.8445
8 12 31.4063 7.96586 7.79192
8 13 33.9075 9.3492 9.26409
8 14 37.5969 10.1004 10.0794
8 15 39.588 11.3517 11.3076
8 16 38.9152 12.7233 12.6742
8 17 39.9974 13.1211 13.0832
8 18 39.5468 13.6504 13.6132
8 19 39.7836 12.3928 12.3249
8 20 37.5904 10.5611 10.5167
8 21 40.386 10.7551 10.6953
8 22 35.1861 9.17066 9.11829
8 23 39.4723 11.5547 11.5081
8 24 38.7729 10.0072 9.96152
8 25 0 0.151737 0
9 0 34.9385 10.6661 10.5802
9 1 27.8056 6.8619 6.68492
9 2 22.1404 5.09064 4.92776
9 3 27.1769 6.86059 6.69861
9 4 20.4081 4.88245 4.79618
9 5 24.7411 9.98896 9.90238
9 6 30.5517 9.86606 9.79285
9 7 20.8639 4.87151 4.76932
9 8 23.578 5.65811 5.49319
9 9 22.6465 5.68118 5.53338
9 10 26.1566 8.41775 8.34186
9 11 28.2111 7.20566 7.04915
9 12 28.8055 6.63911 6.50432
9 13 35.3237 9.24618 9.16766
9 14 27.8755 8.81939 8.67826
9 15 30.7363 7.94756 7.89798
9 16 21.3602 6.48596 6.41413
9 17 27.6385 7.4316 7.36867
9 18 27.3007 9.90594 9.85904
9 19 25.2533 7.84026 7.77406
9 20 23.7091 6.65631 6.49781
9 21 29.6969 9.29569 9.23519
9 22 18.0885 4.00069 3.82464
9 23 26.0971 7.48343 7.40092
9 24 29.4854 8.93422 8.88316
9 25 0 0.151737 0
