0 0
1 0 1040.54 430.894 431.872
1 1 2142.42 850.073 848.987
1 2 2724.33 1162.32 1160.71
1 3 2963.29 1182.45 1180.66
1 4 3221.47 1348.11 1346.02
1 5 3372.37 1369.63 1367.39
1 6 3520.88 1449.32 1446.91
1 7 3653.09 1545.29 1542.69
1 8 3709.83 1440.75 1438.14
1 9 3922.89 1616.04 1613.12
1 10 3963.43 1641.13 1638.15
1 11 3923.32 1575.16 1572.25
1 12 3986.89 1731.2 1728.16
1 13 3824.91 1554.93 1552.14
1 14 3907.14 1637.66 1634.75
1 15 3854.48 1619.07 1616.23
1 16 3850.31 1530.62 1527.82
1 17 3652.73 1460.98 1458.42
1 18 3767.72 1594.48 1591.74
1 19 3558.94 1392.81 1390.38
1 20 3452.71 1340.54 1338.24
1 21 3327.04 1338.53 1336.35
1 22 3077.95 1203.49 1201.59
1 23 2728.23 1030.88 1029.35
1 24 2152.28 920.621 919.477
1 25 610.325 211.931 212.461
1 26 41.9229 15.965 15.9045
2 0 6230.5 2740.62 2733.72
2 1 6043.78 2696.62 2690.1
2 2 5739.44 2606.65 2600.72
2 3 5596.13 2602.42 2602.32
2 4 5420.44 2478.86 2473.52
2 5 5406.76 2497.36 2497.38
2 6 5309.46 2445.76 2440.61
2 7 5249.29 2439.31 2434.26
2 8 5203.04 2385.73 2386.07
2 9 5191.27 2410.23 2405.28
2 10 5087.8 2278.26 2273.51
2 11 5230.5 2393.56 2388.55
2 12 5119.12 2250.91 2251.08
2 13 5157.85 2383.11 2378.22
2 14 5241.64 2437.82 2432.78
2 15 5286.17 2366.73 2361.64
2 16 5305.99 2366.02 2360.91
2 17 5335.17 2539.77 2534.54
2 18 5369.06 2402.78 2397.55
2 19 5459.53 2433.19 2427.79
2 20 5550.04 2563.83 2558.24
2 21 5616.7 2565.19 2559.48
2 22 5875.31 2671.16 2664.96
2 23 5804.69 2644.35 2638.28
2 24 5897.93 2695.84 2689.59
2 25 3778.12 1717.8 1714.99
2 26 90.8381 36.1175 36.1329
3 0 7271.04 3174.84 3165.6
3 1 8186.2 3550.7 3539.09
3 2 8463.77 3773.83 3761.43
3 3 8559.42 3795.66 3782.98
3 4 8641.92 3832.45 3819.54
3 5 8779.13 3878.08 3864.77
3 6 8830.33 3900.98 3887.52
3 7 8902.39 3990.63 3976.95
3 8 8912.86 3837.89 3824.21
3 9 9114.15 4032.71 4018.4
3 10 9051.23 3925.77 3911.66
3 11 9153.81 3975.23 3960.8
3 12 9106.01 3993.51 3979.23
3 13 8982.76 3944.28 3930.36
3 14 9148.79 4081.96 4067.53
3 15 9140.65 3992.26 3977.87
3 16 9156.3 3903.14 3888.72
3 17 8987.9 4006.9 3992.96
3 18 9136.78 4003.66 3989.29
3 19 9018.48 3832.16 3818.17
3 20 9002.75 3910.44 3896.47
3 21 8943.74 3909.62 3895.83
3 22 8953.27 3880.37 3866.55
3 23 8532.91 3680.21 3667.63
3 24 8050.22 3620.33 3609.06
3 25 4388.45 1931.07 1927.45
3 26 132.761 51.9885 52.0374
