0.03 0
1 0 755.307 186.266 186.659
1 1 1598.46 371.941 372.401
1 2 1327.54 286.367 286.77
1 3 927.116 203.542 203.914
1 4 613.707 141.526 141.827
1 5 388.228 94.6566 94.8617
1 6 239.171 59.2651 59.3914
1 7 145.209 34.4765 34.5446
1 8 117.432 31.2797 31.3324
1 9 77.5546 19.2835 19.2501
1 10 69.5793 17.534 17.5024
1 11 56.4511 14.1525 14.1364
1 12 463.346 124.297 124.583
2 0 589.944 137.741 138.037
2 1 1235.7 267.093 267.501
2 2 1040.06 204.793 205.121
2 3 696.879 137.9 138.163
2 4 461.813 98.269 98.4781
2 5 288.113 68.7114 68.855
2 6 179.893 42.5917 42.6268
2 7 107.206 24.9778 25.0103
2 8 90.241 24.2876 24.3093
2 9 55.2675 11.8974 11.6729
2 10 51.3956 12.3042 12.2657
2 11 43.1138 10.7012 10.6745
2 12 345.321 89.433 89.6367
3 0 165.363 48.5613 48.6219
3 1 362.759 104.688 104.9
3 2 287.48 81.4998 81.6493
3 3 230.237 65.6396 65.7505
3 4 151.894 43.2756 43.349
3 5 100.115 26.0112 26.0066
3 6 59.278 16.7891 16.7647
3 7 38.0032 9.61637 9.53429
3 8 27.1913 7.18639 7.0231
3 9 22.2871 7.67531 7.5772
3 10 18.1837 5.33348 5.23667
3 11 13.3373 3.61659 3.46191
3 12 118.025 34.8932 34.9466
4 0 467.235 116.81 117.068
4 1 836.087 198.413 198.812
4 2 722.223 163.746 164.08
4 3 516.247 117.063 117.313
4 4 330.646 77.7171 77.8889
4 5 215.701 48.7433 48.8313
4 6 130.511 30.1246 30.124
4 7 82.1995 19.0582 19.0819
4 8 72.6907 20.922 20.9063
4 9 42.3186 10.8128 10.7454
4 10 37.3542 9.67088 9.6149
4 11 27.7952 6.50284 6.42246
4 12 248.451 67.212 67.359
5 0 288.073 69.4476 69.5915
5 1 762.375 173.25 173.589
5 2 605.316 122.443 122.69
5 3 410.868 86.415 86.6004
5 4 283.061 63.8062 63.9382
5 5 172.527 45.9738 46.0304
5 6 108.66 29.2543 29.2675
5 7 63.0093 15.5098 15.4626
5 8 44.7416 10.5656 10.426
5 9 35.236 8.66729 8.50478
5 10 32.2251 7.95357 7.88747
5 11 28.6559 7.86571 7.71393
5 12 214.895 57.1129 57.2242
6 0 360.638 85.7471 85.9286
6 1 640.308 142.701 143
6 2 550.345 111.521 111.745
6 3 378.486 75.3623 75.5114
6 4 244.371 53.1548 53.2617
6 5 151.693 31.4531 31.4952
6 6 101.35 22.6997 22.6798
6 7 57.6567 12.8659 12.8627
6 8 56.5506 16.8439 16.8163
6 9 29.1283 5.98257 5.79457
6 10 28.8105 7.44607 7.36205
6 11 21.5164 4.91709 4.83169
6 12 175.041 46.1234 46.2123
7 0 229.306 52.0125 52.1088
7 1 595.395 124.257 124.501
7 2 489.714 93.189 93.3755
7 3 318.392 62.5667 62.652
7 4 217.442 45.1722 45.2164
7 5 136.42 37.3434 37.3599
7 6 78.5429 19.9825 19.947
7 7 49.5489 12.2004 12.1476
7 8 33.6903 7.63433 7.49299
7 9 26.1391 6.05258 5.87837
7 10 22.585 5.05799 4.90366
7 11 21.5974 6.00366 5.84279
7 12 170.28 43.3544 43.4243
8 0 106.597 31.127 31.1392
8 1 195.779 55.7277 55.812
8 2 171.878 52.2597 52.3349
8 3 137.761 41.7581 41.802
8 4 86.2745 24.6326 24.6272
8 5 64.0082 17.3669 17.3361
8 6 29.161 7.52939 7.44418
8 7 24.5428 6.31193 6.21923
8 8 16.1401 4.25095 4.09005
8 9 13.1903 5.04465 4.95079
8 10 8.54366 2.40721 2.25286
8 11 6.27877 1.7453 1.59077
8 12 73.4101 21.1381 21.1467
9 0 58.7663 17.5186 17.4827
9 1 166.98 49.0186 49.0879
9 2 115.602 29.3085 29.3144
9 3 92.4759 23.9697 23.9484
9 4 65.6197 18.7236 18.7218
9 5 36.1068 8.71832 8.67054
9 6 30.117 9.36993 9.32048
9 7 13.4603 3.48121 3.31506
9 8 11.0513 3.08206 2.93304
9 9 9.09681 2.78784 2.62641
9 10 9.64007 3.09517 2.98381
9 11 7.05849 2.02246 1.87114
9 12 44.6145 13.8502 13.7999
