0 0
1 0 371.39 92.8719 92.7236
1 1 826.706 191.055 190.833
1 2 681.492 151.973 151.795
1 3 462.805 98.0829 97.9568
1 4 305.03 68.9735 68.8556
1 5 189.464 48.6994 48.5617
1 6 100.369 25.7302 25.5983
1 7 62.5356 16.6615 16.6548
1 8 52.165 14.8276 14.669
1 9 31.6183 7.80125 6.88873
1 10 32.8047 8.47272 8.43748
1 11 28.5557 7.20809 7.16668
1 12 18.9349 5.49304 5.44551
1 13 16.5038 4.13597 4.08419
1 14 14.7677 4.05726 3.34143
1 15 12.3725 3.9887 3.93492
1 16 11.091 2.89359 2.83598
1 17 9.89555 2.93145 2.22495
1 18 6.73461 2.00389 1.31726
1 19 6.32113 1.95838 1.4007
1 20 6.05328 2.31395 1.4501
1 21 4.81463 1.71108 1.04022
1 22 4.47889 1.75767 1.08584
1 23 5.97598 1.77306 1.21977
1 24 6.15507 2.13686 2.04289
1 25 4.14608 1.4644 0.923874
1 26 3.94385 1.43234 0.893511
1 27 3.36779 1.43264 0.803536
1 28 3.46959 1.52786 0.870877
1 29 3.41774 1.41674 0.878554
1 30 66.4377 20.8839 20.6891
2 0 97.4652 28.4062 28.2366
2 1 218.932 67.2827 67.0866
2 2 178.014 54.7163 54.5231
2 3 142.059 40.941 40.7726
2 4 92.2763 28.3892 28.2008
2 5 61.7338 17.4706 17.3126
2 6 34.9226 10.5727 10.3953
2 7 19.4858 5.46211 5.41376
2 8 16.6461 4.73797 3.82567
2 9 12.4491 4.10947 4.05691
2 10 12.7924 4.0033 3.82449
2 11 7.04109 2.41016 1.71421
2 12 6.94588 2.51697 2.4242
2 13 5.13169 1.89742 1.21849
2 14 5.28297 1.93799 1.87412
2 15 3.19815 1.28664 0.815101
2 16 3.07655 1.42162 0.765206
2 17 3.16855 1.37506 1.27107
2 18 1.88538 1.09239 0.481957
2 19 2.51378 1.16975 1.09846
2 20 2.2709 1.23358 0.604052
2 21 0.796069 0.577006 0.211888
2 22 2.48703 1.16504 1.08894
2 23 1.0284 0.627498 0.233315
2 24 0.50996 0.440801 0.13003
2 25 1.24667 0.747106 0.320802
2 26 0.286108 0.387876 0.081858
2 27 1.76349 0.93066 0.522394
2 28 1.22981 0.812236 0.324194
2 29 1.86109 1.0408 0.523528
2 30 23.5882 7.1926 6.47543
