0 0
1 0 63.5853 15.5803 15.4613
1 1 55.678 17.9038 17.701
1 2 50.8193 11.6753 11.5711
1 3 47.7307 12.7754 12.6348
1 4 51.9186 13.113 12.9873
1 5 47.1395 12.1711 12.0402
1 6 43.6275 10.7769 10.6572
1 7 52.8235 16.8323 16.6335
1 8 58.3131 14.0645 13.9494
1 9 66.324 15.9534 15.8385
1 10 72.2972 20.6713 20.5094
1 11 85.0339 24.6376 24.4706
1 12 108.022 26.3254 26.2056
1 13 124.864 30.163 30.0445
1 14 153.775 36.8806 36.7621
1 15 224.935 56.8465 56.7106
1 16 290.002 70.9778 70.844
1 17 359.378 83.177 83.0481
1 18 503.76 116.944 116.793
1 19 787.916 184.429 184.214
1 20 0 0.218376 0
2 0 83.9366 21.287 21.1586
2 1 69.2836 16.751 16.6348
2 2 64.3818 17.0043 16.8663
2 3 61.0891 14.0949 13.9893
2 4 57.2565 12.646 12.5493
2 5 56.6724 12.4159 12.3208
2 6 55.8927 12.2774 12.1818
2 7 64.037 15.3483 15.2343
2 8 66.2276 15.5535 15.4439
2 9 76.9992 18.4221 18.308
2 10 85.2097 22.9349 22.7905
2 11 90.1065 22.1686 22.0474
2 12 92.2328 23.8139 23.6805
2 13 99.0718 22.9076 22.7999
2 14 97.4066 24.1134 23.9904
2 15 113.106 34.6233 34.4356
2 16 126.041 29.7199 29.6068
2 17 133.968 32.2097 32.0917
2 18 153.424 35.303 35.1936
2 19 194.178 47.7626 47.6357
2 20 0 0.218376 0
3 0 24.8003 7.80614 7.61733
3 1 20.1666 6.19448 6.01637
3 2 16.2815 5.09565 4.91344
3 3 13.8036 4.13809 3.9724
3 4 14.894 4.80418 4.61233
3 5 13.9652 7.62616 7.10799
3 6 12.6108 4.14738 3.95101
3 7 9.83444 2.91656 2.7591
3 8 17.6388 5.80794 5.60585
3 9 19.7891 6.73972 6.52236
3 10 20.3892 6.32492 6.14325
3 11 23.128 7.87114 7.65208
3 12 25.7127 8.32668 8.12674
3 13 25.4586 7.71319 7.53772
3 14 46.753 15.2935 15.0848
3 15 42.133 13.2264 13.0347
3 16 66.856 20.3218 20.1394
3 17 98.3473 30.0364 29.8504
3 18 145.962 51.7358 51.4832
3 19 249.017 83.4287 83.1948
3 20 0 0.218376 0
4 0 19.9459 6.19106 6.00942
4 1 12.0357 3.61235 3.44815
4 2 13.7949 4.38742 4.20181
4 3 9.76766 2.8335 2.68261
4 4 9.88287 2.99808 2.83363
4 5 13.5614 4.29941 4.1152
4 6 12.987 3.86749 3.70469
4 7 14.099 4.91708 4.69523
4 8 12.559 3.80878 3.64067
4 9 16.4843 6.86269 6.54712
4 10 15.7547 4.78602 4.61438
4 11 16.5386 4.64724 4.49916
4 12 15.6619 4.22606 4.08963
4 13 21.8077 6.1096 5.9601
4 14 26.1771 7.8268 7.65559
4 15 23.5098 7.58201 7.38456
4 16 34.4658 10.4209 10.244
4 17 34.5233 9.95049 9.78943
4 18 32.6057 8.39593 8.26713
4 19 68.6516 26.7955 26.4967
4 20 0 0.218376 0
