0 0
1 0 167.234 42.1279 42.198
1 1 223.011 45.364 45.4389
1 2 257.603 53.8278 53.933
1 3 262.254 51.8217 51.9203
1 4 270.622 56.06 56.1704
1 5 278.348 52.7658 52.8348
1 6 265.79 49.4095 49.4609
1 7 291.458 56.9306 57.0419
1 8 288.815 55.7484 55.8555
1 9 290.81 61.4343 61.5553
1 10 295.097 58.3676 58.4461
1 11 295.315 60.5062 60.5941
1 12 297.392 59.6001 59.7184
1 13 304.879 61.2817 61.3669
1 14 290.128 58.3499 58.4647
1 15 297.572 58.6526 58.7012
1 16 323.769 68.6593 68.8032
1 17 318.494 65.5402 65.6736
1 18 311.168 66.4324 66.5578
1 19 319.726 69.8863 70.0269
1 20 327.755 68.1697 68.3127
1 21 319.606 70.3106 70.4584
1 22 326.434 79.4848 79.6678
1 23 304.346 66.8294 66.9184
1 24 254.915 64.8106 64.943
1 25 128.84 34.7031 34.7267
1 26 10.3464 2.85292 2.75869
2 0 83.0669 20.5354 20.4098
2 1 140.886 26.2672 26.2891
2 2 181.84 35.6005 35.6565
2 3 205.648 38.4482 38.5116
2 4 218.62 43.8152 43.8935
2 5 229.235 41.0299 41.0682
2 6 223.966 38.9191 38.9417
2 7 244.828 45.5049 45.5804
2 8 246.334 45.3984 45.4793
2 9 240.685 47.1381 47.2211
2 10 250.523 46.5819 46.6297
2 11 244.021 46.7089 46.7607
2 12 246.25 46.6314 46.7157
2 13 257.1 48.9177 48.9707
2 14 243.814 45.8949 45.9769
2 15 244.764 44.3161 44.3274
2 16 267.96 54.5015 54.6097
2 17 254.407 48.638 48.7282
2 18 258.952 53.6685 53.7622
2 19 259.708 52.9256 53.0225
2 20 258.279 49.9638 50.0541
2 21 241.291 46.6075 46.6918
2 22 226.647 46.829 46.9246
2 23 202.567 40.4416 40.4337
2 24 155.993 40.0381 40.1033
2 25 58.016 16.2968 16.2439
2 26 6.07919 1.52176 1.37568
3 0 84.1675 21.8139 21.7882
3 1 82.1244 19.1677 19.1498
3 2 75.7634 18.2729 18.2765
3 3 56.6065 13.4497 13.4087
3 4 52.0015 12.3668 12.277
3 5 49.1127 11.8269 11.7666
3 6 41.8234 10.5788 10.5192
3 7 46.6302 11.5162 11.4615
3 8 42.4819 10.4374 10.3762
3 9 50.1254 14.369 14.3342
3 10 44.5739 11.8589 11.8164
3 11 51.2943 13.8669 13.8335
3 12 51.1424 13.0596 13.0027
3 13 47.7789 12.4536 12.3963
3 14 46.3141 12.5085 12.4878
3 15 52.8081 14.5284 14.3738
3 16 55.8087 14.2498 14.1935
3 17 64.0867 16.9777 16.9454
3 18 52.2167 12.8361 12.7956
3 19 60.0178 17.0273 17.0044
3 20 69.4759 18.2812 18.2586
3 21 78.3156 23.7781 23.7666
3 22 99.7871 32.75 32.7432
3 23 101.778 26.487 26.4847
3 24 98.9212 24.8163 24.8397
3 25 70.824 18.5005 18.4829
3 26 4.26722 1.50356 1.38301
4 0 115.924 30.7645 30.7775
4 1 163.079 34.4159 34.4611
4 2 186.619 41.2906 41.3681
4 3 180.949 37.5086 37.569
4 4 187.149 40.7277 40.7563
4 5 185.315 37.0862 37.1147
4 6 175.721 33.2835 33.2946
4 7 191.384 38.7116 38.7798
4 8 191.755 36.7024 36.7641
4 9 188.286 41.5819 41.6528
4 10 188.178 38.3718 38.4002
4 11 190.381 39.9676 40.0053
4 12 185.784 37.0226 37.0861
4 13 194.995 38.5864 38.619
4 14 191.823 39.1013 39.1672
4 15 194.38 38.3655 38.3607
4 16 210.777 46.4145 46.5081
4 17 204.254 42.6485 42.7305
4 18 192.502 38.957 38.9913
4 19 205.892 46.5596 46.6421
4 20 210.477 45.1857 45.2657
4 21 207.796 48.8784 48.9312
4 22 204.459 50.5934 50.6468
4 23 206.933 46.474 46.5249
4 24 176.921 43.4606 43.5372
4 25 83.7914 23.2963 23.2932
4 26 9.48385 2.57444 2.48057
5 0 51.3102 11.5674 11.4204
5 1 59.9314 11.0316 10.9778
5 2 70.9847 12.7395 12.5649
5 3 81.3052 14.4087 14.3513
5 4 83.4731 15.445 15.4141
5 5 93.0324 15.8554 15.7201
5 6 90.0688 16.2149 16.1663
5 7 100.074 18.3923 18.2621
5 8 97.0604 19.0939 19.0914
5 9 102.525 19.9133 19.9025
5 10 106.919 20.0807 20.0459
5 11 104.934 20.618 20.5888
5 12 111.608 22.6496 22.6323
5 13 109.884 22.7695 22.7479
5 14 98.3044 19.3317 19.2976
5 15 103.192 20.3706 20.3405
5 16 112.992 22.2891 22.2952
5 17 114.24 22.9566 22.9431
5 18 118.666 27.5706 27.5664
5 19 113.835 23.3966 23.3848
5 20 117.278 23.0525 23.0469
5 21 111.81 21.5491 21.5273
5 22 121.974 28.9725 29.021
5 23 97.4125 20.4127 20.3935
5 24 77.9933 21.5283 21.4058
5 25 45.0487 11.4887 11.4335
5 26 0.862558 0.440897 0.278119
6 0 56.1746 14.6954 14.5423
6 1 101.801 19.8251 19.8288
6 2 129.121 26.6051 26.6353
6 3 139.234 27.2688 27.3005
6 4 148.324 30.8993 30.9026
6 5 148.307 27.6986 27.7012
6 6 145.495 26.2424 26.2332
6 7 158.343 30.0482 30.0862
6 8 160.185 29.1189 28.9039
6 9 153.135 31.0466 31.0878
6 10 156.801 30.0665 30.0717
6 11 154.81 30.5511 30.5617
6 12 150.364 27.795 27.8325
6 13 161.655 30.1747 30.1833
6 14 160.084 30.391 30.3861
6 15 157.04 29.0724 29.0412
6 16 172.302 36.1334 36.1992
6 17 157.663 30.1328 30.1744
6 18 159.843 30.6791 30.6899
6 19 163.785 33.9971 34.0436
6 20 162.477 31.8571 31.893
6 21 154.545 31.2967 31.2988
6 22 140.673 29.2371 29.2292
6 23 134.388 27.6039 27.5792
6 24 104.898 24.4877 24.5068
6 25 37.5723 11.1582 11.0973
6 26 5.95397 1.51164 1.36543
7 0 26.8923 6.02238 5.86749
7 1 39.0852 6.62923 6.46032
7 2 52.7192 9.21032 9.02118
7 3 66.414 11.292 11.2111
7 4 70.2968 13.0292 12.9909
7 5 80.9284 13.5098 13.367
7 6 78.4714 12.8861 12.7084
7 7 86.4853 15.6328 15.4942
7 8 86.1488 16.5851 16.5754
7 9 87.5497 16.1555 16.1333
7 10 93.7224 16.6009 16.558
7 11 89.2103 16.241 16.1989
7 12 95.8855 18.9067 18.8831
7 13 95.4447 18.9121 18.7873
7 14 83.7293 15.6345 15.5909
7 15 87.7239 15.3429 15.2862
7 16 95.6582 18.4132 18.4105
7 17 96.7443 18.5796 18.5539
7 18 99.1091 23.0896 23.0723
7 19 95.923 19.0192 18.9788
7 20 95.8014 18.1978 18.1611
7 21 86.7461 15.4306 15.393
7 22 85.9739 17.6959 17.6954
7 23 68.1798 13.027 12.8546
7 24 51.095 15.7421 15.5966
7 25 20.4437 5.22884 5.14654
7 26 0.125218 0.0901259 0.0102492
8 0 59.7496 16.2781 16.2352
8 1 61.2781 14.6641 14.6324
8 2 57.4979 14.7665 14.7328
8 3 41.7153 10.3323 10.2685
8 4 38.8253 9.94852 9.85369
8 5 37.0087 9.47785 9.41347
8 6 30.226 7.1293 7.06133
8 7 33.0414 8.77268 8.69356
8 8 31.5702 7.94228 7.8602
8 9 35.1504 10.6113 10.565
8 10 31.3771 8.38171 8.32853
8 11 35.5709 9.48861 9.44356
8 12 35.4202 9.31361 9.25359
8 13 33.3395 8.50377 8.43571
8 14 31.739 8.81336 8.78109
8 15 37.3397 9.47972 9.31952
8 16 38.4751 10.3775 10.3089
8 17 46.5913 12.594 12.5562
8 18 32.6596 8.36925 8.30143
8 19 42.1062 12.6314 12.5985
8 20 47.9997 13.4103 13.3727
8 21 53.2513 17.6602 17.6324
8 22 63.7865 21.4523 21.4176
8 23 72.5457 18.9661 18.9457
8 24 72.0229 19.0491 19.0304
8 25 46.2191 12.2328 12.1959
8 26 3.52988 1.23541 1.11514
9 0 24.4179 5.70121 5.55293
9 1 20.8462 4.59023 4.51747
9 2 18.2655 3.69268 3.5437
9 3 14.8912 3.30092 3.14023
9 4 13.1763 2.59417 2.42328
9 5 12.104 2.51841 2.35312
9 6 11.5973 3.57168 3.45789
9 7 13.5888 2.92821 2.76795
9 8 10.9116 2.61289 2.51603
9 9 14.975 3.86248 3.76915
9 10 13.1967 3.65356 3.48784
9 11 15.7233 4.46175 4.38992
9 12 15.7222 3.89962 3.74912
9 13 14.4394 4.06341 3.96056
9 14 14.575 3.85784 3.70669
9 15 15.4683 5.21705 5.05429
9 16 17.3336 4.05839 3.88465
9 17 17.4955 4.46728 4.38921
9 18 19.5571 4.64839 4.49416
9 19 17.9116 4.49551 4.40594
9 20 21.4763 5.04162 4.88583
9 21 25.0643 6.30385 6.13423
9 22 36.0006 11.3794 11.3256
9 23 29.2327 7.60513 7.53896
9 24 26.8983 5.95673 5.80924
9 25 24.6049 6.36314 6.28696
9 26 0.73734 0.440311 0.26787
