0.03 0
1 0 0 0.177491 0
1 1 0 0.177491 0
1 2 0 0.177491 0
1 3 544.359 151.834 151.628
1 4 636.65 169.372 169.162
1 5 555.471 136.931 136.758
1 6 465.952 109.649 109.502
1 7 378.605 84.1853 84.0622
1 8 321.53 66.336 66.306
1 9 254.446 44.0243 44.0764
1 10 205.502 34.0676 34.0113
1 11 163.904 25.5995 25.2313
1 12 118.071 16.9301 16.7881
1 13 80.9781 10.8386 10.6352
1 14 45.3394 5.806 5.60927
1 15 30.0496 4.20795 4.00542
1 16 13.6507 2.0043 1.80239
1 17 4.52528 0.75933 0.581772
1 18 1.40779 0.329653 0.171318
1 19 0.1395 0.0797801 0.00389205
1 20 0.418004 0.190956 0.0579278
2 0 0 0.177491 0
2 1 0 0.177491 0
2 2 0 0.177491 0
2 3 400.976 110.21 110.032
2 4 481.109 122.823 122.653
2 5 445.406 114.033 114.288
2 6 373.908 81.6942 81.7937
2 7 331.126 71.3733 71.5317
2 8 313.691 58.0222 58.1225
2 9 276.402 45.3994 45.3738
2 10 268.733 43.0631 43.0724
2 11 226.941 32.0613 31.8885
2 12 168.027 22.9049 22.8012
2 13 88.4871 11.4751 11.2754
2 14 42.5276 6.68148 6.56511
2 15 16.5045 2.30249 2.11089
2 16 6.67005 1.02345 0.838858
2 17 2.34854 0.481974 0.316122
2 18 0.376318 0.123502 0.0172549
2 19 0.1116 0.0737603 0.00311364
2 20 0.252515 0.168126 0.0402538
