0 0
1 0 24.6659 1.58648 1.57815
1 1 71.6877 4.755 4.74528
1 2 95.8221 6.34834 6.33793
1 3 86.2802 5.68828 5.67826
1 4 69.7319 4.61587 4.60623
1 5 57.3149 3.59207 3.58362
1 6 43.2963 2.85367 2.84466
1 7 33.8337 2.00968 2.00244
1 8 27.0622 1.87534 1.86567
1 9 21.025 1.38158 1.38017
1 10 12.6355 0.78245 0.774881
1 11 10.3581 0.805376 0.800274
1 12 8.31057 0.596085 0.594043
1 13 7.19153 0.490788 0.484722
1 14 5.44184 0.349405 0.350126
1 15 3.945 0.250393 0.250821
1 16 4.3789 0.273352 0.265962
1 17 3.53242 0.247723 0.242468
1 18 3.31249 0.241641 0.236535
1 19 2.98231 0.224492 0.164535
1 20 2.42701 0.164406 0.15948
1 21 2.32443 0.214895 0.209398
1 22 1.86366 0.136682 0.132122
1 23 1.22032 0.0947289 0.0643315
1 24 1.55903 0.11442 0.109463
1 25 28.8347 2.06814 2.05777
