0 0
1 0 2321.53 2322.7 2319.79
1 1 2172.08 1919.76 1917.41
1 2 945.94 920.969 918.93
1 3 295.168 338.806 336.197
1 4 167.374 169.965 167.946
1 5 122.241 129.115 126.955
1 6 67.1278 86.3327 85.5762
1 7 52.2513 63.971 63.1355
1 8 39.4731 41.7038 39.6822
1 9 25.3604 34.3546 20.7168
1 10 16.2264 25.9046 12.9262
1 11 19.2462 30.5031 17.1663
1 12 21.4338 27.7749 26.7799
1 13 12.2768 27.9199 11.3535
1 14 8.11448 18.1631 6.46309
1 15 109.672 180.191 175.091
2 0 604.29 800.04 796.503
2 1 602.877 789.251 785.792
2 2 295.815 392.121 388.653
2 3 112.238 147.652 144.342
2 4 53.1925 61.9515 61.1129
2 5 36.6959 43.6294 41.1181
2 6 20.6385 26.9613 25.9605
2 7 14.4672 22.7082 21.6338
2 8 13.4528 21.014 19.928
2 9 8.03692 15.9328 14.6962
2 10 5.64803 16.7462 5.47356
2 11 7.02327 14.9365 13.6688
2 12 4.05458 13.1353 4.10992
2 13 2.24724 11.0048 2.54924
2 14 2.31674 13.4815 1.8868
2 15 32.4242 47.7464 33.6858
