0 0
1 0 53.7971 3.92348 3.91234
1 1 74.3318 5.31175 5.30055
1 2 59.0072 4.02954 4.01959
1 3 49.3843 3.0061 2.99825
1 4 32.4955 1.99966 1.99823
1 5 20.03 1.21897 1.2222
1 6 12.9832 0.826138 0.824818
1 7 8.29677 0.498165 0.495272
1 8 5.16549 0.30401 0.277761
1 9 3.71153 0.24776 0.208183
1 10 2.11711 0.140221 0.115429
1 11 1.50854 0.1197 0.0845022
1 12 0.896908 0.0805255 0.075956
1 13 0.75802 0.0621382 0.0431998
1 14 0.40438 0.0425934 0.0242926
1 15 0.100207 0.0164087 0.00432628
1 16 0.524636 0.0469542 0.0280561
2 0 45.0703 3.35691 3.34549
2 1 69.691 4.7103 4.70029
2 2 62.779 4.03706 4.04135
2 3 47.2032 3.02567 3.03177
2 4 30.3996 1.90437 1.89639
2 5 17.6596 1.02487 1.02772
2 6 12.2155 0.70179 0.701711
2 7 8.01763 0.463442 0.426863
2 8 4.94089 0.290868 0.287327
2 9 2.80359 0.184933 0.17958
2 10 1.90364 0.131756 0.10353
2 11 0.921498 0.0766655 0.0483269
2 12 0.79606 0.0623585 0.0420627
2 13 0.324326 0.0329454 0.0163297
2 14 0.163958 0.0176709 0.00513912
2 15 0.0997265 0.0166852 0.00431427
2 16 0.535696 0.0446319 0.0281706
