0 0
1 0 62.3204 20.9691 20.9565
1 1 404.442 104.15 104.38
1 2 1213.32 278.194 278.646
1 3 1564.15 342.279 342.666
1 4 1215.49 261.775 262.168
1 5 854.063 173.208 173.524
1 6 634.988 128.975 129.202
1 7 420.364 78.9866 79.1409
1 8 274.619 56.7413 56.8437
1 9 185.705 37.0288 37.0627
1 10 126.265 30.027 30.042
1 11 81.6696 18.0108 17.8312
1 12 53.988 10.6636 10.4986
1 13 38.0603 7.2466 7.07318
1 14 28.1116 5.6963 5.51864
1 15 20.8145 4.23561 4.05101
1 16 11.6595 3.33686 3.15675
1 17 12.7443 2.80933 2.63026
1 18 7.51485 1.6544 1.49938
1 19 5.04361 1.11626 0.953798
1 20 49.2718 15.3208 15.2726
2 0 46.8125 14.9335 14.9025
2 1 292.186 67.8226 67.9596
2 2 943.632 203.92 204.293
2 3 1227.84 250.898 251.257
2 4 959.883 187.464 187.776
2 5 655.711 118.433 118.656
2 6 489.914 92.7901 92.9419
2 7 328.936 58.0816 58.1564
2 8 211.644 41.8795 41.9478
2 9 145.371 27.0558 26.9195
2 10 95.9537 22.9722 22.8505
2 11 61.2368 11.3766 11.2022
2 12 43.4027 8.51298 8.35655
2 13 28.1643 4.93151 4.74279
2 14 21.2541 3.97093 3.78109
2 15 14.933 2.93358 2.76038
2 16 7.0126 1.21842 1.0429
2 17 8.61982 1.85643 1.68549
2 18 5.23898 1.09835 0.933146
2 19 3.99497 0.944815 0.786021
2 20 29.7465 9.05939 8.88754
3 0 15.5079 6.20674 6.05396
3 1 112.256 36.3881 36.4202
3 2 269.688 74.2247 74.3538
3 3 336.308 91.2342 91.4088
3 4 255.603 74.2522 74.392
3 5 198.351 54.7582 54.8671
3 6 145.074 36.2329 36.2602
3 7 91.4278 20.9988 20.9845
3 8 62.9745 14.933 14.8959
3 9 40.3339 10.2055 10.1432
3 10 30.3116 7.26014 7.19158
3 11 20.4328 6.82392 6.62901
3 12 10.5853 2.30798 2.1421
3 13 9.89606 2.48556 2.33039
3 14 6.85754 1.895 1.73755
3 15 5.88153 1.45274 1.29063
3 16 4.64686 2.29128 2.11386
3 17 4.12443 1.11928 0.944777
3 18 2.27587 0.706531 0.566234
3 19 1.04864 0.307573 0.167778
3 20 19.5254 6.46769 6.38504
4 0 23.908 9.50697 9.45835
4 1 171.28 45.4831 45.5659
4 2 594.533 146.04 146.361
4 3 812.241 190.067 190.445
4 4 666.218 148.293 148.594
4 5 482.326 102.079 102.292
4 6 352.317 74.2225 74.3479
4 7 231.65 44.1677 44.2125
4 8 149.801 29.82 29.8473
4 9 107.468 21.715 21.7051
4 10 71.032 14.0388 13.989
4 11 43.6918 8.39386 8.18879
4 12 30.2096 6.12637 5.96995
4 13 19.8419 3.69124 3.5043
4 14 13.7747 2.98635 2.8056
4 15 10.0642 2.0163 1.84131
4 16 4.15111 0.831135 0.666502
4 17 7.06076 1.72316 1.54489
4 18 4.75075 1.09358 0.938483
4 19 2.08817 0.521009 0.368966
4 20 22.5927 7.91291 7.74519
5 0 38.4125 11.556 11.4982
5 1 233.161 58.7338 58.814
5 2 618.787 132.019 132.285
5 3 751.908 151.939 152.22
5 4 549.267 113.345 113.574
5 5 371.737 71.0944 71.2316
5 6 282.671 54.7846 54.8541
5 7 188.714 35.0264 34.9284
5 8 124.817 26.9928 26.9964
5 9 78.2372 15.3996 15.3576
5 10 55.2332 16.176 16.053
5 11 37.9779 9.7926 9.64246
5 12 23.7784 4.6978 4.5287
5 13 18.2184 3.71564 3.56887
5 14 14.337 2.87354 2.71305
5 15 10.7503 2.38564 2.2097
5 16 7.50834 2.67003 2.49025
5 17 5.68349 1.24857 1.08538
5 18 2.7641 0.713661 0.560897
5 19 2.95544 0.742272 0.584833
5 20 26.6791 7.60741 7.52739
6 0 14.8775 5.16694 5.09321
6 1 113.216 27.1612 27.1916
6 2 451.372 106.012 106.244
6 3 618.544 134.345 134.624
6 4 508.595 99.728 99.9246
6 5 362.417 66.8245 66.9537
6 6 265.697 51.2704 51.3369
6 7 176.198 31.031 31.0208
6 8 113.958 21.9207 21.9305
6 9 84.1848 16.2003 16.0455
6 10 53.3703 9.83393 9.68461
6 11 33.1438 6.20523 6.00356
6 12 23.254 4.7142 4.56628
6 13 14.0997 2.33612 2.15127
6 14 10.1302 2.01946 1.83015
6 15 7.2091 1.36772 1.19468
6 16 2.35738 0.443007 0.29931
6 17 5.10718 1.28043 1.11782
6 18 2.89875 0.648069 0.490305
6 19 1.61228 0.437327 0.289726
6 20 16.1353 6.12328 5.93608
7 0 31.935 9.87111 9.80934
7 1 178.97 40.7387 40.768
7 2 492.26 97.8551 98.0486
7 3 609.297 116.414 116.633
7 4 451.287 87.6771 87.8512
7 5 293.294 51.6716 51.7028
7 6 224.217 41.5663 41.605
7 7 152.738 27.257 27.1356
7 8 97.6866 20.0343 20.0173
7 9 61.1867 11.0171 10.874
7 10 42.5834 13.3127 13.1658
7 11 28.093 5.33949 5.19867
7 12 20.1487 3.96152 3.79027
7 13 14.0646 2.75483 2.59152
7 14 11.1239 2.11961 1.95095
7 15 7.72391 1.73044 1.5657
7 16 4.65522 0.915916 0.743588
7 17 3.51264 0.724016 0.567664
7 18 2.34022 0.596085 0.442841
7 19 2.38268 0.644655 0.496295
7 20 13.6111 3.11439 2.95146
8 0 9.0305 4.51399 4.36514
8 1 58.0647 18.4124 18.3743
8 2 143.161 40.0799 40.1173
8 3 193.697 55.7357 55.8212
8 4 157.623 48.6008 48.6695
8 5 119.908 35.3119 35.3383
8 6 86.62 23.0179 23.011
8 7 55.4528 13.246 13.1917
8 8 35.8439 8.08153 7.91681
8 9 23.2834 5.74506 5.65955
8 10 17.6618 4.42141 4.3044
8 11 10.5479 2.37271 2.18523
8 12 6.95552 1.5613 1.40367
8 13 5.74223 1.50242 1.35303
8 14 3.64444 1.12624 0.975452
8 15 2.85513 0.794696 0.646631
8 16 1.79373 0.520193 0.367193
8 17 1.95358 0.581616 0.427063
8 18 1.85199 0.590807 0.448178
8 19 0.475883 0.205027 0.0792399
8 20 6.45735 1.97494 1.80911
9 0 6.47743 1.84673 1.68882
9 1 54.191 18.0631 18.0459
9 2 126.527 34.2255 34.2364
9 3 142.611 35.582 35.5877
9 4 97.9793 25.7191 25.7225
9 5 78.4433 19.5196 19.5288
9 6 58.4542 13.3976 13.2492
9 7 35.975 7.93904 7.79277
9 8 27.1306 7.06885 6.97909
9 9 17.0505 4.56524 4.48362
9 10 12.6499 3.03416 2.88719
9 11 9.88486 4.60368 4.44378
9 12 3.62973 0.900639 0.738432
9 13 4.15383 1.12613 0.977356
9 14 3.2131 0.917744 0.762097
9 15 3.0264 0.806183 0.643996
9 16 2.85312 1.94079 1.74666
9 17 2.17085 0.672906 0.517714
9 18 0.423878 0.26814 0.118056
9 19 0.572758 0.216581 0.0885376
9 20 13.068 4.65847 4.57593
