0.03 0
1 0 988.32 254.542 255.036
1 1 273.686 55.4415 55.5492
1 2 313.191 72.3187 72.4748
1 3 318.322 69.6917 69.794
1 4 309.34 67.9871 68.0895
1 5 287.815 63.7012 63.7622
1 6 296.606 65.7265 65.8566
1 7 285.537 63.2026 63.3321
1 8 270.84 59.5004 59.6154
1 9 262.846 58.4993 58.6126
1 10 226.473 51.1566 51.2198
1 11 220.264 51.1202 51.1745
1 12 192.028 42.814 42.8601
1 13 196.674 46.4555 46.5452
1 14 172.637 41.4577 41.526
1 15 148.039 32.058 32.0957
1 16 148.956 34.5959 34.6109
1 17 131.286 29.5788 29.5766
1 18 123.975 26.6558 26.6477
1 19 116.767 28.7554 28.7597
1 20 1495.5 369.512 370.034
2 0 725.269 172.466 172.819
2 1 199.61 36.7768 36.7729
2 2 224.516 41.87 41.9454
2 3 236.573 48.5999 48.6454
2 4 239.017 50.7841 50.8412
2 5 224.361 49.1562 49.1774
2 6 232.354 49.0269 49.1105
2 7 218.183 45.3659 45.4514
2 8 210.345 44.5516 44.6271
2 9 202.319 42.4115 42.4814
2 10 175.029 34.6182 34.6353
2 11 167.702 36.855 36.8693
2 12 147 30.2951 30.3052
2 13 156.441 35.4829 35.5029
2 14 139.499 32.2636 32.3058
2 15 117.63 25.2534 25.0855
2 16 111.388 23.7773 23.7657
2 17 106.047 22.8391 22.8198
2 18 96.2136 19.6314 19.6017
2 19 92.0235 20.6608 20.6295
2 20 1163.43 268.51 268.96
3 0 263.052 82.0598 82.2176
3 1 74.0764 18.8046 18.7763
3 2 88.6748 30.5317 30.5294
3 3 81.7492 21.161 21.1486
3 4 70.323 17.2715 17.2483
3 5 63.4543 14.7521 14.5848
3 6 64.2513 16.7787 16.7461
3 7 67.3542 17.9317 17.8807
3 8 60.4955 15.004 14.9883
3 9 60.527 16.1601 16.1311
3 10 51.4445 16.6518 16.5845
3 11 52.5614 14.3778 14.3052
3 12 45.0284 12.6101 12.555
3 13 40.2334 11.104 11.0424
3 14 33.1377 9.28583 9.22018
3 15 30.4085 7.09377 7.01024
3 16 37.5676 10.9061 10.8452
3 17 25.2392 6.83326 6.7568
3 18 27.7613 7.20674 7.04593
3 19 24.7438 8.18927 8.13026
3 20 332.07 100.835 101.075
4 0 630.547 158.471 158.813
4 1 142.807 31.2142 31.2188
4 2 165.39 44.3878 44.4683
4 3 157.384 34.9731 34.991
4 4 154.733 36.282 36.3104
4 5 154.043 34.6071 34.6062
4 6 153.393 33.9881 34.0378
4 7 148.499 33.5898 33.6482
4 8 146.017 32.9292 32.9736
4 9 137.759 29.827 29.8649
4 10 122.236 28.3635 28.3623
4 11 129.835 33.5782 33.5979
4 12 109.99 25.9147 25.8943
4 13 105.269 24.5673 24.5612
4 14 98.666 25.3395 25.3543
4 15 82.4922 17.9381 17.9131
4 16 82.1542 19.024 19.0053
4 17 74.5321 17.1358 17.1047
4 18 69.8437 15.7106 15.6767
4 19 60.8846 13.4446 13.4071
4 20 802.985 196.031 196.438
5 0 357.773 96.0103 96.2237
5 1 130.88 24.3528 24.3303
5 2 147.801 28.0044 28.0065
5 3 160.938 34.7781 34.803
5 4 154.607 31.7961 31.7791
5 5 133.772 29.1816 29.156
5 6 143.212 31.8062 31.8188
5 7 137.038 29.6776 29.684
5 8 124.823 26.6445 26.6418
5 9 125.087 28.7461 28.7477
5 10 104.238 22.8859 22.8574
5 11 90.4293 17.6311 17.5765
5 12 82.038 17.0053 16.9659
5 13 91.4054 21.9912 21.9841
5 14 73.9706 16.2187 16.1717
5 15 65.5467 14.3258 14.1827
5 16 66.8018 15.6545 15.6055
5 17 56.7543 12.5328 12.4719
5 18 54.1311 11.0518 10.971
5 19 55.8827 15.4003 15.3526
5 20 692.517 173.229 173.596
6 0 458.113 105.921 106.145
6 1 101.794 20.6147 20.4546
6 2 114.085 22.9198 22.9029
6 3 112.814 22.8797 22.8626
6 4 115.663 26.5424 26.543
6 5 117.313 25.69 25.6628
6 6 116.31 24.2483 24.2666
6 7 108.267 22.1592 22.1747
6 8 110.43 24.1564 24.1756
6 9 104.316 20.6156 20.6269
6 10 93.8709 18.1545 18.1232
6 11 98.623 24.7551 24.7466
6 12 84.2935 19.1872 19.1489
6 13 82.0808 17.6463 17.6193
6 14 79.0168 20.2973 20.2663
6 15 63.9692 13.5877 13.4237
6 16 63.7403 14.2404 14.2049
6 17 59.0641 12.9004 12.8573
6 18 54.79 11.9555 11.9084
6 19 48.8907 10.243 10.1796
6 20 608.451 138.907 139.208
7 0 267.156 66.5407 66.6739
7 1 97.8157 16.3799 16.3183
7 2 110.431 19.185 19.0426
7 3 123.759 25.8057 25.7828
7 4 123.354 24.3293 24.2982
7 5 107.048 23.5525 23.5147
7 6 116.044 24.8515 24.8439
7 7 109.916 23.2869 23.2767
7 8 99.9144 20.4935 20.4515
7 9 98.0028 21.8714 21.8546
7 10 81.1581 16.5558 16.5121
7 11 69.0796 12.1903 12.1227
7 12 62.7064 11.2275 11.1562
7 13 74.3597 17.9208 17.8836
7 14 60.4821 12.0991 12.0396
7 15 53.6612 11.8093 11.6618
7 16 47.6481 9.62441 9.56077
7 17 46.983 10.0286 9.96252
7 18 41.4236 7.78245 7.69335
7 19 43.1328 10.5069 10.4499
7 20 554.98 129.478 129.751
8 0 172.434 52.5916 52.6679
8 1 41.0123 10.8096 10.7643
8 2 51.3054 21.6082 21.5654
8 3 44.5701 12.1663 12.1284
8 4 39.0705 9.81049 9.76738
8 5 36.7297 9.11369 8.94344
8 6 37.0835 9.83515 9.77123
8 7 40.2321 11.5419 11.4735
8 8 35.5871 8.86683 8.79802
8 9 33.4428 9.30219 9.23802
8 10 28.3649 10.321 10.2392
8 11 31.2116 8.93444 8.85129
8 12 25.6967 6.91285 6.74539
8 13 23.1877 7.02434 6.94187
8 14 19.6492 5.17361 5.08799
8 15 18.5231 4.58104 4.48933
8 16 18.4139 4.87378 4.80042
8 17 15.4679 4.3258 4.24746
8 18 15.0537 3.92601 3.76832
8 19 11.9939 3.30548 3.22752
8 20 194.534 57.1072 57.2298
9 0 90.6176 29.5362 29.5497
9 1 33.0641 8.09232 8.01204
9 2 37.3695 9.0262 8.96399
9 3 37.1791 9.06622 9.02025
9 4 31.2525 7.63542 7.48092
9 5 26.7246 5.80867 5.64134
9 6 27.1679 7.11881 6.97485
9 7 27.1221 6.48666 6.40721
9 8 24.9084 6.24507 6.19032
9 9 27.0841 6.96513 6.89308
9 10 23.0796 6.49279 6.34536
9 11 21.3498 5.55066 5.45386
9 12 19.3316 5.89193 5.8096
9 13 17.0456 4.19091 4.1005
9 14 13.4885 4.24493 4.13219
9 15 11.8855 2.67911 2.52091
9 16 19.1537 6.11619 6.04476
9 17 9.77129 2.6139 2.50934
9 18 12.7076 3.44162 3.2776
9 19 12.7499 4.99952 4.90274
9 20 137.536 43.7643 43.845
