0 0
1 0 2.05531 0.301855 0.298312
1 1 7.65868 0.478046 0.479234
1 2 25.1542 1.87213 1.87739
1 3 46.0306 3.12037 3.11081
1 4 68.2669 4.80571 4.79497
1 5 72.0973 5.08887 5.07798
1 6 71.0692 4.87489 4.86457
1 7 57.5786 3.76987 3.7755
1 8 46.1456 2.91948 2.9111
1 9 40.2677 2.44116 2.4426
1 10 34.3684 2.18468 2.17641
1 11 26.8548 1.54539 1.54378
1 12 24.1736 1.46699 1.46506
1 13 19.3744 1.21224 1.21035
1 14 15.6987 0.940542 0.936708
1 15 12.0086 0.709946 0.707905
1 16 10.641 0.663615 0.665414
1 17 7.41038 0.430199 0.392841
1 18 7.94939 0.521148 0.520106
1 19 5.82354 0.350864 0.348366
1 20 3.75941 0.262711 0.259281
1 21 2.76375 0.176027 0.148033
1 22 2.77339 0.180354 0.142151
1 23 2.8248 0.190514 0.185928
1 24 18.2895 1.18418 1.18454
2 0 98.8674 7.27038 7.25783
2 1 144.023 10.0142 10.0008
2 2 121.786 8.07236 8.06095
2 3 96.5875 6.03951 6.03002
2 4 62.8951 3.90304 3.89462
2 5 37.6895 2.25734 2.24992
2 6 25.1987 1.52501 1.52653
2 7 16.3144 0.921153 0.922135
2 8 10.1064 0.56732 0.565089
2 9 6.51512 0.388565 0.387764
2 10 4.02074 0.247008 0.218959
2 11 2.43004 0.170909 0.132829
2 12 1.69297 0.122423 0.118019
2 13 1.08235 0.078439 0.0595295
2 14 0.568338 0.0490353 0.0294317
2 15 0.199933 0.0233359 0.00864055
2 16 1.06033 0.0757717 0.0562267
3 0 13.2586 0.866426 0.858001
3 1 33.3307 2.16974 2.16109
3 2 48.7261 2.81777 2.81065
3 3 54.3527 3.45033 3.44174
3 4 54.9816 3.62746 3.61822
3 5 48.6091 3.03014 3.02195
3 6 49.0754 3.29332 3.28389
3 7 43.3211 2.96864 2.97685
3 8 40.6118 2.75715 2.74767
3 9 32.606 2.25403 2.24433
3 10 28.2415 1.97672 1.98224
3 11 26.6683 2.07973 2.0814
3 12 21.2891 1.40408 1.40515
3 13 17.7592 1.23557 1.23899
3 14 18.3212 1.08022 1.08319
3 15 17.7162 1.2868 1.28407
3 16 16.0051 1.24054 1.23937
3 17 13.3819 0.871689 0.863314
3 18 14.2318 0.864088 0.861736
3 19 12.5321 0.771964 0.764476
3 20 9.218 0.52666 0.52026
3 21 9.20048 0.628892 0.619787
3 22 5.72942 0.357084 0.310517
3 23 1.87045 0.128135 0.100447
3 24 0 0.0157525 0
4 0 6.13719 0.38398 0.379657
4 1 22.9019 1.53351 1.52453
4 2 32.647 2.19833 2.18911
4 3 39.3768 2.48227 2.47406
4 4 45.364 3.24031 3.24929
4 5 42.7802 2.48282 2.47576
4 6 44.4623 2.89297 2.88416
4 7 41.5375 2.64771 2.63929
4 8 42.0313 2.64411 2.63589
4 9 35.3161 2.63278 2.6215
4 10 31.434 1.85895 1.85843
4 11 31.642 2.20642 2.20693
4 12 28.6425 2.05802 2.06379
4 13 25.2254 1.72777 1.71835
4 14 25.0846 1.89025 1.87889
4 15 24.3107 1.53419 1.52617
4 16 19.5516 1.24293 1.24188
4 17 19.541 1.14977 1.1467
4 18 18.4939 1.12812 1.12069
4 19 16.7684 1.04907 1.04129
4 20 15.6713 1.11335 1.11101
4 21 11.3633 0.758834 0.75008
4 22 7.96276 0.57042 0.571883
4 23 2.79174 0.213817 0.210011
4 24 0 0.0157525 0
