0 0
1 0 2376.18 507.079 507.174
1 1 669.773 134.887 135.161
1 2 611.678 127.355 127.614
1 3 533.576 107.272 107.493
1 4 471.446 94.7692 94.966
1 5 410.604 84.3197 84.4956
1 6 355.227 74.2765 74.3877
1 7 277.883 56.4278 56.4821
1 8 223.92 44.8176 44.9031
1 9 182.5 35.4347 35.49
1 10 171.204 34.7473 34.7618
1 11 150.58 36.1227 36.1862
1 12 123.377 27.3269 27.3079
1 13 101.487 21.7884 21.803
1 14 87.191 19.6156 19.4393
1 15 64.1003 12.8811 12.8192
1 16 52.4651 11.4581 11.3878
1 17 50.4425 11.5789 11.5241
1 18 45.963 9.83318 9.76096
1 19 41.1407 9.79684 9.74814
1 20 32.8437 6.77162 6.59407
1 21 27.0692 6.22161 6.06465
1 22 23.2356 6.01343 5.93177
1 23 15.3421 3.89915 3.7995
1 24 235.079 60.2656 60.3868
2 0 1860.96 370.897 371.104
2 1 506.432 94.8073 95.0046
2 2 460.561 89.1463 89.2903
2 3 407.657 72.5653 72.7106
2 4 361.911 67.0717 67.2028
2 5 318.969 61.6501 61.772
2 6 267.693 49.4015 49.4472
2 7 219.765 42.0026 42.0237
2 8 180.071 34.1984 34.2547
2 9 145.756 25.9008 25.9313
2 10 140.374 27.0895 27.0875
2 11 118.802 27.5333 27.5755
2 12 95.4101 18.6297 18.5876
2 13 80.5569 16.1877 16.1825
2 14 71.0527 15.2864 15.0985
2 15 52.1368 9.9481 9.87708
2 16 41.161 8.65015 8.5728
2 17 40.7578 8.82553 8.76214
2 18 38.7573 7.99579 7.91786
2 19 32.8434 7.23039 7.06817
2 20 27.0633 5.39251 5.19722
2 21 21.9285 4.70225 4.54085
2 22 18.0374 4.49636 4.40321
2 23 12.659 3.20409 3.09708
2 24 178.198 43.4209 43.4951
3 0 515.219 135.763 136.07
3 1 163.341 40.1183 40.1562
3 2 151.117 38.2922 38.3234
3 3 125.919 34.7823 34.7825
3 4 109.536 27.7783 27.7632
3 5 91.6351 22.737 22.7236
3 6 87.5336 24.9566 24.9405
3 7 58.1179 14.5115 14.4584
3 8 43.849 10.7086 10.6483
3 9 36.7441 9.60387 9.55873
3 10 30.8304 7.74859 7.67427
3 11 31.7778 8.67841 8.61064
3 12 27.9666 8.78938 8.72026
3 13 20.9303 5.69418 5.62045
3 14 16.1383 4.48499 4.34084
3 15 11.9635 3.04397 2.94209
3 16 11.304 2.98119 2.81499
3 17 9.68466 2.85529 2.76191
3 18 7.20567 1.98059 1.8431
3 19 8.29727 2.76528 2.67997
3 20 5.78043 1.54286 1.39685
3 21 5.14067 1.66304 1.52381
3 22 5.19823 1.64243 1.52856
3 23 2.6831 0.857041 0.702418
3 24 56.8809 16.9187 16.8917
4 0 2046.26 435.541 435.776
4 1 341.09 70.5825 70.6854
4 2 319.269 64.838 64.966
4 3 290.489 64.4786 64.619
4 4 267.693 55.6035 55.707
4 5 230.328 48.1141 48.1982
4 6 210.728 47.3055 47.3677
4 7 162.062 33.2124 33.2096
4 8 130.657 26.0958 26.0932
4 9 103.634 20.805 20.8241
4 10 106.09 22.5087 22.494
4 11 85.19 22.3441 22.325
4 12 76.0696 18.2594 18.2161
4 13 59.3113 13.0925 13.081
4 14 53.5427 13.0635 12.8968
4 15 36.4624 7.47874 7.3865
4 16 30.7908 7.13947 7.04914
4 17 30.2847 7.59185 7.52714
4 18 24.6151 5.32212 5.24305
4 19 24.4799 6.08417 6.02555
4 20 21.2369 4.5906 4.40626
4 21 15.3184 3.65464 3.50114
4 22 13.9932 3.78451 3.68428
4 23 6.7458 1.61118 1.45635
4 24 150.925 39.9498 40.017
5 0 329.92 71.2484 71.3975
5 1 328.683 64.3424 64.4754
5 2 292.409 62.5579 62.6477
5 3 243.087 42.8333 42.8741
5 4 203.754 39.2471 39.259
5 5 180.277 36.26 36.2973
5 6 144.498 27.0399 27.02
5 7 115.821 23.3075 23.2725
5 8 93.2632 18.8245 18.8098
5 9 78.866 14.7166 14.6659
5 10 65.1139 12.4417 12.2678
5 11 65.3899 13.8718 13.8612
5 12 47.3071 9.16578 9.09178
5 13 42.1759 8.78467 8.72192
5 14 33.6483 6.71703 6.54249
5 15 27.6379 5.59378 5.43266
5 16 21.6743 4.50718 4.33865
5 17 20.1577 4.17141 3.99692
5 18 21.3479 4.67677 4.51792
5 19 16.6608 3.86994 3.72259
5 20 11.6068 2.36305 2.18781
5 21 11.7508 2.71905 2.56352
5 22 9.24243 2.36039 2.24749
5 23 8.59629 2.45837 2.34315
5 24 84.1539 20.3638 20.3697
6 0 1606.88 319.323 319.618
6 1 244.831 46.6779 46.7177
6 2 231.474 42.9519 42.9893
6 3 209.633 40.0539 40.1284
6 4 196.299 37.2249 37.2796
6 5 170.626 32.4568 32.2916
6 6 152.722 29.2037 29.2146
6 7 121.692 22.8478 22.8248
6 8 102.669 19.0291 19.0039
6 9 79.316 14.6424 14.4182
6 10 85.5072 17.142 17.0929
6 11 64.8893 16.9076 16.8797
6 12 57.7041 12.0384 11.9785
6 13 47.1888 9.70532 9.68029
6 14 42.7928 10.1239 9.94367
6 15 29.7023 5.77265 5.67515
6 16 24.0886 5.44363 5.35587
6 17 25.3765 6.04999 5.98054
6 18 20.0117 4.17358 4.09095
6 19 18.7556 4.20406 4.05172
6 20 16.2267 3.34816 3.14715
6 21 12.2194 2.78324 2.61541
6 22 10.2822 2.61907 2.44024
6 23 5.54636 1.33369 1.18223
6 24 106.576 26.568 26.5964
7 0 254.082 51.3853 51.4853
7 1 261.602 48.1984 48.2868
7 2 229.088 46.2524 46.301
7 3 198.024 32.5673 32.5822
7 4 165.611 29.9382 29.9232
7 5 148.344 29.4623 29.4803
7 6 114.971 20.2722 20.2326
7 7 98.0727 19.2437 19.1988
7 8 77.4018 15.2763 15.2509
7 9 66.4404 11.5695 11.5131
7 10 54.8667 10.1571 9.99462
7 11 53.9128 10.7357 10.6958
7 12 37.706 6.68582 6.60915
7 13 33.3681 6.58299 6.50222
7 14 28.2599 5.32429 5.15481
7 15 22.4345 4.36662 4.20192
7 16 17.0724 3.36839 3.21693
7 17 15.3813 2.95434 2.7816
7 18 18.7456 3.98771 3.82692
7 19 14.0878 3.16091 3.01645
7 20 10.8366 2.22038 2.05007
7 21 9.70918 2.08203 1.92543
7 22 7.75519 2.07344 1.96296
7 23 7.11263 2.0345 1.91486
7 24 71.622 16.9032 16.8987
8 0 439.381 115.898 116.158
8 1 96.2598 23.9757 23.9677
8 2 87.7957 21.9902 21.9767
8 3 80.8559 24.5185 24.4906
8 4 71.3935 18.471 18.4274
8 5 59.7021 15.9577 15.9066
8 6 58.0062 18.1871 18.1532
8 7 40.3694 10.4489 10.3848
8 8 27.9875 7.25764 7.08933
8 9 24.3185 6.45829 6.40589
8 10 20.5832 5.4755 5.4011
8 11 20.3007 5.53423 5.44522
8 12 18.3654 6.30744 6.23763
8 13 12.1225 3.55098 3.40075
8 14 10.7499 3.09234 2.95315
8 15 6.76008 1.83078 1.71135
8 16 6.70222 1.85462 1.69327
8 17 4.90824 1.64498 1.54659
8 18 4.60343 1.30275 1.1521
8 19 5.72426 2.07531 1.97383
8 20 5.0102 1.40587 1.25911
8 21 3.09902 1.0287 0.885723
8 22 3.71099 1.35887 1.24403
8 23 1.19943 0.420323 0.274128
8 24 44.349 13.4565 13.4207
9 0 75.8384 19.9002 19.9122
9 1 67.0809 16.2315 16.1886
9 2 63.3213 16.4049 16.3467
9 3 45.0633 10.4265 10.2919
9 4 38.1422 9.40614 9.3358
9 5 31.9329 6.86957 6.817
9 6 29.5274 6.86715 6.78735
9 7 17.7485 4.24182 4.07367
9 8 15.8615 3.66167 3.55897
9 9 12.4256 3.2549 3.15284
9 10 10.2473 2.43567 2.27317
9 11 11.4772 3.25213 3.16542
9 12 9.60114 2.59353 2.48263
9 13 8.80778 2.31729 2.2197
9 14 5.38836 1.54149 1.38769
9 15 5.20337 1.38706 1.23074
9 16 4.60182 1.28054 1.12172
9 17 4.77643 1.37256 1.21532
9 18 2.60224 0.838317 0.691001
9 19 2.57301 0.851621 0.706137
9 20 0.770227 0.27419 0.137738
9 21 2.04164 0.796296 0.638083
9 22 1.48724 0.434188 0.284525
9 23 1.48366 0.580035 0.42829
9 24 12.532 3.61612 3.47098
