0 0
1 0 0 0.177491 0
1 1 12.9949 3.43259 3.31119
1 2 328.098 90.3404 90.1708
1 3 636.983 147.684 147.507
1 4 627.957 137.116 136.954
1 5 538.217 109.461 109.329
1 6 443.232 95.9804 96.0246
1 7 334.275 69.7679 69.6619
1 8 250.143 52.1465 52.2566
1 9 176.986 38.1283 38.1668
1 10 128.51 32.0382 32.0417
1 11 84.6124 18.495 18.2077
1 12 62.2314 15.6382 15.5246
1 13 48.9385 11.9015 11.5705
1 14 34.2959 9.11603 9.03184
1 15 19.6433 4.53961 4.29846
1 16 20.9473 6.29772 6.17487
1 17 13.7132 3.39509 3.17963
1 18 10.7771 2.61682 2.40773
1 19 9.44901 2.6918 2.48738
1 20 38.9968 12.3992 12.0852
2 0 0 0.177491 0
2 1 0.0279 0.0497763 0.000778409
2 2 22.0389 4.05145 3.82518
2 3 159.83 36.5516 36.5015
2 4 318.707 66.4999 66.6116
2 5 428.064 84.5578 84.6312
2 6 436.783 81.8006 81.9433
2 7 398.491 75.7417 75.7936
2 8 375.406 76.2336 76.3686
2 9 288.291 58.1487 58.2553
2 10 234.272 55.8794 55.9438
2 11 181.946 41.0132 41.0197
2 12 137.64 32.8829 32.8639
2 13 107.572 24.3751 24.3147
2 14 73.187 14.9039 14.6864
2 15 57.5947 13.378 13.2913
2 16 47.6037 10.884 10.653
2 17 37.4451 8.98667 8.72268
2 18 27.8314 6.51819 6.41048
2 19 21.0503 4.57104 4.34108
2 20 89.8164 26.5983 26.5458
