0.03 0
1 0 743.8 637.616 638.99
1 1 1601.22 1325.44 1328.44
1 2 1392.6 1208.13 1210.9
1 3 936.089 690.107 691.582
1 4 636.848 579.591 580.807
1 5 409.559 346.296 346.264
1 6 224.077 229.346 229.555
1 7 146.232 137.285 137.216
1 8 121.45 109.498 109.344
1 9 80.4604 69.2013 68.9226
1 10 75.0481 66.7783 65.6231
1 11 62.8132 55.3696 55.0461
1 12 419.452 434.963 435.776
2 0 578.346 466.167 467.059
2 1 1278.99 1006.73 1008.98
2 2 1128.57 923.932 926.007
2 3 736.228 526.058 527.088
2 4 493.512 428.946 429.741
2 5 309.832 250.358 250.036
2 6 167.144 174.485 174.527
2 7 107.47 98.8431 98.1876
2 8 99.6822 92.9184 92.7125
2 9 60.8193 52.5263 52.1945
2 10 54.2533 48.0598 46.9942
2 11 53.1741 47.5485 47.1997
2 12 326.278 347.066 347.623
3 0 165.453 172.36 171.931
3 1 322.231 319.443 319.466
3 2 264.035 284.522 284.896
3 3 199.861 164.478 164.494
3 4 143.336 151.096 151.066
3 5 99.7269 96.8919 96.2283
3 6 56.9331 55.7356 55.0278
3 7 38.7618 39.8815 39.028
3 8 21.768 17.9348 16.6316
3 9 19.6411 17.1819 16.7281
3 10 20.7948 19.942 18.6289
3 11 9.63919 9.18277 7.84647
3 12 93.1741 88.8419 88.1531
4 0 438.413 378.395 379.042
4 1 787.224 678.634 680.11
4 2 737.405 665.01 666.463
4 3 522.266 398.213 398.909
4 4 336.382 287.903 288.288
4 5 217.805 180.165 179.626
4 6 116.095 93.47 93.2687
4 7 82.3503 82.9103 82.6711
4 8 68.6471 59.9705 59.6621
4 9 42.9436 35.9642 35.1091
4 10 40.6777 32.7325 31.4736
4 11 30.848 26.9919 26.5747
4 12 229.616 247.698 247.961
5 0 305.387 260.239 259.948
5 1 813.994 647.749 648.331
5 2 655.196 543.338 544.439
5 3 413.823 292.28 292.673
5 4 300.466 292.123 292.52
5 5 191.753 167.077 166.638
5 6 107.983 136.364 136.286
5 7 63.8816 55.4783 54.5445
5 8 52.8031 50.4061 49.682
5 9 37.5168 34.6781 33.8134
5 10 34.3704 35.2679 34.1495
5 11 31.9653 29.6009 28.4714
5 12 189.836 187.733 187.816
6 0 339.765 286.859 287.24
6 1 626.261 526.36 527.421
6 2 589.355 523.261 523.742
6 3 407.149 302.268 302.104
6 4 247.926 183.928 184.004
6 5 164.655 132.429 131.743
6 6 84.9578 63.697 62.7947
6 7 57.432 56.9697 56.1761
6 8 56.6759 51.4019 51.0652
6 9 32.6507 26.9995 26.1152
6 10 32.213 25.2541 24.1218
6 11 25.6019 22.6527 22.2193
6 12 168.452 190.788 190.88
7 0 238.581 180.353 179.818
7 1 652.727 481.445 481.554
7 2 539.212 401.559 402.264
7 3 329.079 224.787 224.984
7 4 245.586 245.48 245.737
7 5 145.177 118.881 118.293
7 6 82.1865 111.888 111.732
7 7 50.0381 42.9857 42.0115
7 8 43.0063 42.4 41.6473
7 9 28.1687 26.9735 26.0793
7 10 22.0403 23.9326 22.8724
7 11 27.5722 26.1236 24.9803
7 12 157.826 156.754 156.744
8 0 98.6474 92.4783 91.8016
8 1 160.963 153.176 152.689
8 2 148.05 142.774 142.721
8 3 115.117 96.9965 96.805
8 4 88.4562 104.93 104.284
8 5 53.1502 48.7006 47.8834
8 6 31.1368 31.2671 30.474
8 7 24.9183 27.4007 26.495
8 8 11.9712 10.0056 8.59689
8 9 10.2929 9.87031 8.9939
8 10 8.46472 8.70417 7.35182
8 11 5.24609 5.79611 4.35536
8 12 61.1644 58.1171 57.0808
9 0 66.8057 80.7653 80.1294
9 1 161.268 167.133 166.777
9 2 115.985 142.234 142.175
9 3 84.7443 67.97 67.6889
9 4 54.88 47.1315 46.7825
9 5 46.5768 49.31 48.3449
9 6 25.7963 25.5973 24.5539
9 7 13.8435 13.6213 12.533
9 8 9.79681 9.19304 8.03471
9 9 9.34819 8.9745 7.73416
9 10 12.3301 12.4777 11.2771
9 11 4.3931 4.75891 3.49111
9 12 32.0097 31.8626 31.0723
