0 0
1 0 49.4482 11.6032 11.5391
1 1 38.1001 8.31458 8.21395
1 2 40.3438 10.8658 10.8017
1 3 36.3747 7.92438 7.8526
1 4 34.7133 7.92056 7.85115
1 5 36.4453 7.43774 7.36648
1 6 39.0196 8.96174 8.9352
1 7 31.4402 6.81482 6.66438
1 8 33.5425 6.50384 6.33423
1 9 39.1424 11.1352 11.077
1 10 47.6679 11.1836 11.1185
1 11 45.8022 9.24014 9.08769
1 12 46.1147 9.53354 9.47126
1 13 62.602 16.2083 16.1524
1 14 66.4617 15.5267 15.4985
1 15 82.222 18.3297 18.31
1 16 96.3183 22.497 22.4829
1 17 106.832 24.3073 24.3253
1 18 131.547 29.5663 29.5708
1 19 170.584 40.4614 40.4914
1 20 195.051 38.758 38.8238
1 21 224.82 41.681 41.7496
1 22 289.717 55.0657 55.1276
1 23 395.018 74.4402 74.589
1 24 539.049 100.286 100.494
1 25 0 0.151737 0
2 0 82.8253 16.5042 16.4244
2 1 70.522 13.3529 13.2209
2 2 65.8039 12.2782 12.0966
2 3 59.8226 11.686 11.5329
2 4 61.9585 11.1357 11.0608
2 5 62.2025 13.258 13.2191
2 6 63.8514 13.2206 13.2093
2 7 65.472 13.7775 13.7232
2 8 61.1106 10.5444 10.4047
2 9 68.5657 13.7341 13.6708
2 10 74.3706 15.7843 15.7451
2 11 74.1706 13.9403 13.8909
2 12 87.1313 21.0892 21.0538
2 13 93.6611 17.4035 17.2743
2 14 100.953 27.0939 27.0951
2 15 96.4612 20.5072 20.4622
2 16 100.025 17.8718 17.8352
2 17 110.371 22.0303 22.0409
2 18 125.771 23.8975 23.894
2 19 142.375 32.4919 32.5044
2 20 166.242 34.5602 34.5874
2 21 171.049 31.0369 31.0457
2 22 193.255 34.6256 34.64
2 23 240.417 43.219 43.2918
2 24 304.724 53.9405 53.986
2 25 0 0.151737 0
