0.03 0
1 0 825.661 677.682 679.141
1 1 1859.69 1462.73 1465.96
1 2 1559.68 1269.18 1272.06
1 3 1063.24 749.563 751.16
1 4 720.01 602.324 603.595
1 5 440.336 336.9 336.839
1 6 229.009 216.702 216.873
1 7 147.086 126.093 125.991
1 8 115.943 88.8486 88.6332
1 9 84.2257 66.0102 65.7232
1 10 75.6681 62.1088 60.9425
1 11 67.7998 56.0995 55.78
1 12 429.44 415.394 416.151
2 0 652.514 503.02 504.006
2 1 1513.86 1137.27 1139.79
2 2 1273.45 972.174 974.341
2 3 840.372 566.368 567.493
2 4 565.02 446.788 447.619
2 5 338.261 248.945 248.623
2 6 170.427 162.888 162.896
2 7 108.82 90.6052 89.9265
2 8 92.141 70.2075 69.9342
2 9 62.0863 47.1745 46.8285
2 10 54.0731 42.9597 41.8828
2 11 56.3942 47.0245 46.6759
2 12 335.733 329.626 330.133
3 0 173.147 175.554 175.134
3 1 345.831 326.129 326.171
3 2 286.225 297.311 297.722
3 3 222.868 183.593 183.667
3 4 154.99 155.988 155.975
3 5 102.075 88.9019 88.2166
3 6 58.5822 54.6859 53.977
3 7 38.2663 36.9236 36.064
3 8 23.8018 19.9985 18.699
3 9 22.1394 19.34 18.8947
3 10 21.595 20.3694 19.0596
3 11 11.4056 10.4335 9.10419
3 12 93.7078 86.7121 86.0177
4 0 465.355 382.344 383
4 1 834.837 671.171 672.611
4 2 764.824 644.384 645.773
4 3 548.185 388.194 388.857
4 4 376.564 303.044 303.469
4 5 238.366 185.952 185.434
4 6 120.81 91.2474 91.0399
4 7 82.1937 74.6772 74.4144
4 8 68.1667 51.7883 51.4571
4 9 43.9482 34.5019 33.6451
4 10 40.6458 29.2927 28.0289
4 11 33.0629 26.2376 25.8214
4 12 229.704 233.695 233.917
5 0 360.306 296.324 296.141
5 1 1024.85 792.392 793.347
5 2 794.853 624.981 626.29
5 3 515.054 361.715 362.302
5 4 343.446 299.708 300.126
5 5 201.97 151.888 151.405
5 6 108.199 125.942 125.833
5 7 64.8923 52.5167 51.5761
5 8 47.7761 37.9336 37.1761
5 9 40.2775 32.9419 32.0781
5 10 35.0223 34.0318 32.9136
5 11 34.7369 31.0806 29.9586
5 12 199.736 182.166 182.234
6 0 361.582 289.085 289.468
6 1 667.922 524.347 525.393
6 2 610.411 502.504 502.92
6 3 428.019 290.581 290.382
6 4 284.114 200.085 200.208
6 5 181.96 137.003 136.332
6 6 88.2297 61.3885 60.4813
6 7 58.3399 52.1024 51.2977
6 8 55.2752 41.9799 41.617
6 9 32.7191 24.4966 23.6093
6 10 32.7112 22.7647 21.631
6 11 27.1134 21.8261 21.3939
6 12 169.555 179.918 179.977
7 0 290.933 214.967 214.538
7 1 845.935 613.92 614.393
7 2 663.04 470.529 471.421
7 3 412.353 276.765 277.11
7 4 280.906 247.15 247.412
7 5 156.301 112.894 112.291
7 6 82.1972 102.598 102.415
7 7 50.4797 39.6098 38.6288
7 8 36.8657 29.1037 28.3172
7 9 29.3672 24.1127 23.2192
7 10 21.3619 21.3119 20.2518
7 11 29.2808 26.4201 25.2819
7 12 166.177 150.185 150.156
8 0 103.773 94.2015 93.5313
8 1 166.915 147.718 147.217
8 2 154.412 142.905 142.854
8 3 120.166 98.6609 98.4749
8 4 92.4496 103.909 103.261
8 5 56.4059 49.9138 49.1023
8 6 32.5801 31.3483 30.5586
8 7 23.8538 24.0265 23.1167
8 8 12.8915 11.2555 9.84013
8 9 11.2291 10.9094 10.0359
8 10 7.93461 7.73611 6.39785
8 11 5.94947 5.83692 4.42747
8 12 60.1488 54.9843 53.9397
9 0 69.3736 82.2329 81.603
9 1 178.916 179.271 178.954
9 2 131.813 154.888 154.869
9 3 102.702 85.4194 85.1918
9 4 62.5401 53.0443 52.7145
9 5 45.669 40.0991 39.1143
9 6 26.0021 24.4609 23.4183
9 7 14.4125 14.0325 12.9473
9 8 10.9103 10.012 8.85887
9 9 10.9103 10.0915 8.85887
9 10 13.6604 13.8579 12.6618
9 11 5.45615 5.96402 4.67671
9 12 33.559 32.8635 32.078
