0 0
1 0 170.962 41.3639 41.4325
1 1 129.273 29.3408 29.3378
1 2 121.97 29.8411 29.835
1 3 112.233 25.6565 25.6508
1 4 110.242 25.581 25.5717
1 5 112.52 26.3245 26.3451
1 6 124.337 32.623 32.6672
1 7 108.389 26.5612 26.5658
1 8 107.892 23.0346 23.0085
1 9 120.123 31.7453 31.7629
1 10 137.192 32.7141 32.7144
1 11 143.317 34.8893 34.8888
1 12 158.541 41.436 41.4856
1 13 176.851 42.4782 42.4971
1 14 185.062 49.9131 49.9806
1 15 197.66 47.3711 47.4331
1 16 227.217 54.2411 54.3163
1 17 250.555 60.9338 61.0557
1 18 297.412 68.1079 68.2066
1 19 352.926 91.1329 91.3478
1 20 431.459 99.0632 99.2811
1 21 477.864 102.005 102.215
1 22 595.403 128.068 128.333
1 23 784.703 173.576 173.923
1 24 1145 266.858 267.318
1 25 0 0.151737 0
2 0 122.285 27.9915 27.9846
2 1 96.9845 20.5515 20.5226
2 2 94.5938 21.6347 21.5759
2 3 84.236 18.0354 18.0068
2 4 84.6807 17.7512 17.7248
2 5 87.1543 19.3987 19.3717
2 6 92.5989 22.0094 22.0245
2 7 84.87 18.916 18.8979
2 8 81.8583 16.0938 15.9437
2 9 93.7495 22.9201 22.9114
2 10 107.366 25.0775 25.055
2 11 104.397 21.0893 21.0482
2 12 118.37 29.2489 29.2629
2 13 138.426 31.8286 31.8164
2 14 149.606 40.5009 40.5418
2 15 158.721 36.3687 36.399
2 16 176.973 39.2028 39.235
2 17 197.696 45.1806 45.2586
2 18 235.062 52.8898 52.9486
2 19 285.5 71.663 71.8282
2 20 335.27 73.3556 73.5111
2 21 362.607 70.65 70.7877
2 22 452.203 90.7759 90.9223
2 23 597.431 121.127 121.381
2 24 842.311 177.062 177.392
2 25 0 0.151737 0
3 0 48.6773 13.507 13.4479
3 1 32.288 8.87906 8.81525
3 2 27.376 8.32799 8.2591
3 3 27.9968 7.69261 7.64402
3 4 25.5612 7.91226 7.84691
3 5 25.3658 7.04567 6.97338
3 6 31.7382 10.7012 10.6427
3 7 23.5194 7.72893 7.66795
3 8 26.0339 7.13365 7.06475
3 9 26.3732 8.91147 8.85147
3 10 29.8262 7.72378 7.65943
3 11 38.9197 13.8889 13.8406
3 12 40.1714 12.2718 12.2226
3 13 38.4252 10.7354 10.6807
3 14 35.4558 9.48192 9.43877
3 15 38.9386 11.0739 11.0342
3 16 50.2433 15.1115 15.0813
3 17 52.8584 15.8587 15.7971
3 18 62.3491 15.417 15.258
3 19 67.4266 19.5345 19.5197
3 20 96.1892 25.7676 25.77
3 21 115.257 31.4173 31.4271
3 22 143.199 37.3791 37.4106
3 23 187.272 52.4416 52.5419
3 24 302.692 89.715 89.9262
3 25 0 0.151737 0
4 0 67.2107 16.7661 16.7656
4 1 55.9579 14.1962 14.1095
4 2 53.2296 16.3028 16.246
4 3 47.4486 11.1378 11.0898
4 4 47.885 13.1889 13.1485
4 5 50.4998 12.4331 12.374
4 6 53.6778 14.9382 14.9285
4 7 41.4392 11.2684 11.2311
4 8 44.8355 10.6795 10.6057
4 9 46.7762 14.3708 14.3382
4 10 61.9154 15.7424 15.6914
4 11 65.7167 16.869 16.8239
4 12 68.5621 17.7538 17.715
4 13 82.6645 23.3969 23.363
4 14 81.6717 20.9068 20.8948
4 15 99.8258 23.9007 23.8974
4 16 119.116 29.8756 29.8837
4 17 130.436 32.2589 32.3
4 18 163.632 39.9644 39.9993
4 19 203.619 52.0401 52.1467
4 20 240.2 53.4263 53.5324
4 21 285.992 62.3949 62.5202
4 22 378.047 82.4107 82.5846
4 23 499.058 110.745 110.984
4 24 740.044 170.716 171.074
4 25 0 0.151737 0
5 0 103.751 24.6963 24.6669
5 1 73.3146 15.3544 15.2284
5 2 68.7402 13.7654 13.589
5 3 64.7842 14.6125 14.561
5 4 62.357 12.4972 12.4232
5 5 62.0204 13.9841 13.9711
5 6 70.6592 17.7367 17.7388
5 7 66.9502 15.3658 15.3347
5 8 63.0568 12.4549 12.4028
5 9 73.3465 17.4636 17.4247
5 10 75.2771 17.0596 17.0231
5 11 77.6003 18.1066 18.0649
5 12 89.9792 23.7853 23.7706
5 13 94.1865 19.2581 19.1341
5 14 103.39 29.0785 29.0858
5 15 97.834 23.5581 23.5357
5 16 108.1 24.433 24.4326
5 17 120.119 28.7152 28.7556
5 18 133.78 28.2025 28.2073
5 19 149.307 39.176 39.2012
5 20 191.26 45.689 45.7487
5 21 191.872 39.6612 39.6946
5 22 217.355 45.6672 45.7484
5 23 285.645 62.8146 62.9388
5 24 404.959 96.0384 96.2445
5 25 0 0.151737 0
6 0 46.5804 11.5927 11.5481
6 1 37.2044 8.71366 8.61414
6 2 37.6483 10.8506 10.7863
6 3 35.6105 8.32155 8.25089
6 4 33.3307 8.31733 8.26576
6 5 35.1279 7.59508 7.52411
6 6 36.5493 8.62072 8.59308
6 7 29.7768 6.84454 6.69401
6 8 32.136 7.09837 6.93368
6 9 36.7452 10.9707 10.9119
6 10 46.0335 11.3126 11.2477
6 11 44.4089 9.44753 9.28691
6 12 43.785 9.39767 9.33493
6 13 61.2307 16.8671 16.813
6 14 64.2652 15.7068 15.6789
6 15 78.9215 18.3362 18.3162
6 16 94.8591 23.4394 23.4282
6 17 105.18 24.8361 24.8556
6 18 128.588 30.9586 30.9672
6 19 166.093 41.646 41.6798
6 20 187.107 39.0376 39.1051
6 21 216.391 42.81 42.8832
6 22 282.734 57.0953 57.1638
6 23 377.013 76.4739 76.6315
6 24 538.576 111.743 111.987
6 25 0 0.151737 0
7 0 75.7042 16.5167 16.4365
7 1 59.7801 12.0449 11.9085
7 2 56.9454 10.9755 10.7896
7 3 48.6255 9.9148 9.75591
7 4 51.3501 9.53902 9.45901
7 5 52.0264 11.8908 11.8476
7 6 56.0495 13.4423 13.4314
7 7 55.0932 12.263 12.2039
7 8 49.7222 9.15429 9.01002
7 9 57.0042 12.0549 11.9996
7 10 61.3329 13.8526 13.8073
7 11 59.9884 11.8174 11.7613
7 12 74.5848 19.9672 19.928
7 13 77.195 15.1402 15.0034
7 14 85.3411 24.8683 24.8629
7 15 79.7997 18.1352 18.0827
7 16 82.1142 15.8497 15.8067
7 17 92.5166 20.3971 20.403
7 18 106.475 21.9908 21.9814
7 19 119.407 30.1429 30.1483
7 20 148.163 34.3793 34.406
7 21 146.216 27.9045 27.9045
7 22 169.469 33.7457 33.7585
7 23 220.418 44.6709 44.7494
7 24 303.735 65.3252 65.4052
7 25 0 0.151737 0
8 0 20.6303 5.37968 5.2175
8 1 18.7535 5.59463 5.49535
8 2 15.5813 5.54645 5.45967
8 3 11.8381 2.99688 2.83891
8 4 14.5543 4.95497 4.88271
8 5 15.3719 4.93908 4.84991
8 6 17.1285 6.41087 6.33539
8 7 11.6624 4.62669 4.53712
8 8 12.6994 3.7744 3.67197
8 9 10.0309 3.5283 3.42638
8 10 15.8819 4.53568 4.44364
8 11 21.3078 7.60931 7.53696
8 12 24.7771 8.45021 8.38009
8 13 21.4338 6.62438 6.55
8 14 17.4064 5.29912 5.21588
8 15 20.9044 5.65012 5.5812
8 16 24.257 6.5958 6.45546
8 17 25.2558 7.52282 7.44445
8 18 35.0437 9.19985 9.03213
8 19 37.5257 10.5235 10.4668
8 20 53.0927 14.4592 14.4273
8 21 69.6012 19.6576 19.6369
8 22 95.3132 25.4195 25.4208
8 23 122.045 34.3344 34.3525
8 24 201.468 58.9632 59.0869
8 25 0 0.151737 0
9 0 28.0469 8.30615 8.23037
9 1 13.5345 3.45934 3.3199
9 2 11.7947 2.96477 2.79943
9 3 16.1587 4.88749 4.80511
9 4 11.007 3.06718 2.96419
9 5 9.99398 2.27733 2.12346
9 6 14.6097 4.40213 4.30735
9 7 11.8569 3.21673 3.13083
9 8 13.3345 3.46843 3.39278
9 9 16.3422 5.51563 5.4251
9 10 13.9442 3.38815 3.2158
9 11 17.6119 6.3869 6.30361
9 12 15.3944 3.92784 3.84255
9 13 16.9914 4.29464 4.13069
9 14 18.0493 4.31307 4.22289
9 15 18.0342 5.52521 5.45295
9 16 25.9863 8.68791 8.62584
9 17 27.6025 8.42507 8.35265
9 18 27.3054 6.39292 6.22592
9 19 29.9009 9.1141 9.05285
9 20 43.0965 11.3937 11.3427
9 21 45.6561 11.8495 11.7901
9 22 47.8861 12.03 11.9898
9 23 65.2269 18.2086 18.1894
9 24 101.224 30.7905 30.8393
9 25 0 0.151737 0
