0.03 0
1 0 3.52812 0.930885 0.782937
1 1 14.448 5.30022 5.21978
1 2 57.7793 16.5437 16.5043
1 3 1136.61 235.098 235.473
1 4 870.653 173.894 174.199
1 5 793.174 166.642 166.97
1 6 696.12 151.862 152.179
1 7 638.681 134.29 134.572
1 8 575.009 125.923 126.188
1 9 462.14 96.2266 96.4221
1 10 399.263 86.4853 86.6695
1 11 340.591 76.9753 77.1344
1 12 266.8 63.4958 63.6287
1 13 195.277 45.0898 45.1355
1 14 165.319 38.5047 38.5444
1 15 127.457 30.8513 30.8655
1 16 107.663 25.0194 24.9974
1 17 81.3976 19.1625 19.1434
1 18 61.8258 16.9945 16.9542
1 19 44.4082 9.85133 9.69106
1 20 35.929 8.53506 8.47042
1 21 34.0129 8.3412 8.17967
1 22 26.6679 6.88744 6.82078
1 23 18.5182 4.5393 4.39617
1 24 19.8478 7.01109 6.92957
1 25 89.9838 26.7731 26.776
2 0 1.85706 0.51617 0.362969
2 1 5.58977 1.12469 0.962787
2 2 41.132 10.8179 10.7609
2 3 918.486 176.236 176.541
2 4 701.946 130.277 130.52
2 5 628.975 118.853 119.087
2 6 545.638 110.183 110.416
2 7 497.644 97.0106 97.2153
2 8 449.188 92.9933 93.1864
2 9 353.776 69.4668 69.6001
2 10 305.752 62.3803 62.4621
2 11 265.38 57.4959 57.6057
2 12 194.838 42.1758 42.245
2 13 147.639 31.8567 31.8742
2 14 120.456 26.0145 26.0178
2 15 93.9255 22.0581 22.0509
2 16 74.7316 16.1683 16.1216
2 17 57.6835 12.8085 12.6561
2 18 42.6367 11.0259 10.9553
2 19 31.3254 6.82393 6.64988
2 20 26.7334 5.9586 5.87419
2 21 23.7203 5.55532 5.39472
2 22 16.6875 3.93877 3.7865
2 23 12.427 2.91286 2.7779
2 24 14.3129 4.47909 4.38654
2 25 47.7638 12.1401 12.0986
3 0 1.67106 0.564745 0.419968
3 1 8.85824 4.3495 4.25699
3 2 16.6473 5.82515 5.74336
3 3 218.125 58.8151 58.9328
3 4 168.706 43.6015 43.6794
3 5 164.199 47.8248 47.883
3 6 150.482 41.7186 41.7629
3 7 141.037 37.3276 37.3566
3 8 125.821 33.0103 33.0017
3 9 108.365 26.8384 26.822
3 10 93.5109 24.1947 24.2074
3 11 75.2107 19.5243 19.5287
3 12 71.9621 21.409 21.3837
3 13 47.6372 13.3284 13.2613
3 14 44.8627 12.5904 12.5266
3 15 33.5314 8.89244 8.81467
3 16 32.9312 8.93706 8.87585
3 17 23.7141 6.56854 6.48733
3 18 19.1892 6.07677 5.99886
3 19 13.0829 3.19442 3.04118
3 20 9.19557 2.69757 2.59623
3 21 10.2925 2.93136 2.78495
3 22 9.98043 3.11681 3.03428
3 23 6.09119 1.7712 1.61828
3 24 5.53496 2.70252 2.54303
3 25 42.22 14.7204 14.6774
4 0 3.06572 0.77015 0.616057
4 1 14.0563 5.22385 5.14305
4 2 53.9435 15.6011 15.5588
4 3 1108.22 228.994 229.359
4 4 642.686 134.837 135.103
4 5 422.147 96.9528 97.1691
4 6 354.303 82.6796 82.8585
4 7 288.56 64.5835 64.7208
4 8 229.843 54.5764 54.6408
4 9 162.239 38.8587 38.887
4 10 133.908 31.942 31.9552
4 11 98.966 23.0583 23.0764
4 12 75.2043 18.6697 18.65
4 13 47.7044 11.7437 11.6665
4 14 36.5317 9.46403 9.39995
4 15 27.3589 6.57261 6.40187
4 16 25.1001 6.39325 6.31165
4 17 21.2459 5.87516 5.7914
4 18 11.7873 4.4449 4.34339
4 19 6.84583 1.62237 1.46733
4 20 7.89555 2.32685 2.22572
4 21 8.71753 2.32265 2.17131
4 22 7.06199 2.06358 1.91411
4 23 3.84713 1.02193 0.871645
4 24 7.19603 4.10084 3.98894
4 25 21.2719 6.02954 5.87126
5 0 0.462399 0.340356 0.166879
5 1 0.39174 0.206548 0.0767316
5 2 3.83581 1.09934 0.945472
5 3 28.3933 6.19671 6.11486
5 4 227.967 39.09 39.0961
5 5 371.028 69.6541 69.8012
5 6 341.817 69.2292 69.3205
5 7 350.121 69.7528 69.8511
5 8 345.166 71.4311 71.5472
5 9 299.902 57.4242 57.535
5 10 265.355 54.6168 54.7143
5 11 241.625 53.9593 54.058
5 12 191.596 44.9364 44.9787
5 13 147.572 33.4486 33.469
5 14 128.787 29.1319 29.1445
5 15 100.098 24.4677 24.4637
5 16 82.5627 18.7245 18.6858
5 17 60.1517 13.4947 13.352
5 18 50.0386 12.6642 12.6108
5 19 37.5624 8.38361 8.22372
5 20 28.0334 6.32799 6.2447
5 21 25.2953 6.16312 6.00836
5 22 19.6059 4.98974 4.90667
5 23 14.6711 3.66566 3.52453
5 24 12.6518 3.10547 2.94064
5 25 68.712 20.9312 20.9047
6 0 1.85706 0.51617 0.362969
6 1 5.19803 1.04469 0.886056
6 2 38.4126 10.1188 10.0596
6 3 898.457 172.862 173.161
6 4 508.49 99.135 99.3303
6 5 326.466 68.5043 68.6494
6 6 261.689 53.675 53.7783
6 7 208.939 42.6005 42.6785
6 8 164.066 36.2889 36.305
6 9 113.228 26.3719 26.1946
6 10 91.0367 19.8693 19.8469
6 11 67.6364 14.8063 14.6312
6 12 50.9667 11.6052 11.4602
6 13 30.216 7.15205 6.97573
6 14 25.1636 6.50144 6.41829
6 15 17.3947 4.19348 4.01045
6 16 14.6194 3.72765 3.6357
6 17 11.1103 2.81774 2.66301
6 18 7.89714 3.37688 3.26737
6 19 4.05334 0.984206 0.826438
6 20 4.65153 1.40374 1.28355
6 21 5.12482 1.31558 1.15472
6 22 3.26275 0.958128 0.811088
6 23 2.37286 0.647094 0.497111
6 24 5.2643 2.44208 2.32653
6 25 9.56301 2.65125 2.48586
7 0 0 0.151737 0
7 1 0.39174 0.206548 0.0767316
7 2 2.71942 0.852866 0.701298
7 3 20.0286 3.52535 3.3797
7 4 193.457 31.2041 31.1893
7 5 302.51 50.3455 50.438
7 6 283.949 56.5776 56.6378
7 7 288.706 54.4673 54.5367
7 8 285.122 56.8028 56.8813
7 9 240.548 43.3718 43.4055
7 10 214.716 42.6003 42.6152
7 11 197.744 42.9308 42.9745
7 12 143.871 30.7812 30.7848
7 13 117.423 24.8991 24.8985
7 14 95.2925 19.7456 19.5995
7 15 76.5308 18.0769 18.0404
7 16 60.1122 12.5509 12.4859
7 17 46.5732 10.1426 9.99305
7 18 34.7395 7.84898 7.68792
7 19 27.272 5.99474 5.82344
7 20 22.0819 4.74563 4.59064
7 21 18.5955 4.39872 4.24
7 22 13.4248 3.13636 2.97541
7 23 10.0541 2.41933 2.28078
7 24 9.04858 2.21857 2.06001
7 25 38.2008 9.67364 9.61276
8 0 1.20866 0.396454 0.253088
8 1 8.85824 4.3495 4.25699
8 2 15.5309 5.58197 5.49918
8 3 209.76 56.0876 56.1977
8 4 134.197 35.7172 35.7725
8 5 95.681 28.5364 28.5197
8 6 92.614 29.0747 29.0802
8 7 79.6214 22.0513 22.0422
8 8 65.7767 18.3796 18.3358
8 9 49.011 12.7578 12.6924
8 10 42.8718 12.1642 12.1083
8 11 31.3296 8.50921 8.44522
8 12 24.2376 7.25397 7.18982
8 13 17.4884 4.78521 4.6908
8 14 11.3681 3.13556 2.98166
8 15 9.96417 2.54223 2.39142
8 16 10.4807 2.83885 2.67594
8 17 10.1356 3.20936 3.12839
8 18 3.89015 1.22003 1.07602
8 19 2.79249 0.788543 0.640896
8 20 3.24402 1.08709 0.942165
8 21 3.59271 1.15934 1.01659
8 22 3.79925 1.2482 1.10302
8 23 1.47426 0.521325 0.374534
8 24 1.93173 1.91088 1.66241
8 25 11.7088 3.53476 3.3854
9 0 0.462399 0.340356 0.166879
9 1 0 0.151737 0
9 2 1.11639 0.389178 0.244174
9 3 8.36468 2.84895 2.73516
9 4 34.5099 7.98017 7.90682
9 5 68.518 19.3823 19.3632
9 6 57.8676 12.7338 12.6827
9 7 61.4153 15.3693 15.3144
9 8 60.0439 14.8028 14.6659
9 9 59.3535 14.1807 14.1295
9 10 50.6391 12.1249 12.0991
9 11 43.8811 11.1052 11.0835
9 12 47.7245 14.253 14.1939
9 13 30.1488 8.64554 8.57046
9 14 33.4946 9.61506 9.54496
9 15 23.5672 6.50683 6.42325
9 16 22.4505 6.2689 6.19991
9 17 13.5785 3.52479 3.35894
9 18 15.299 5.00448 4.92284
9 19 10.2904 2.55901 2.40028
9 20 5.95155 1.7658 1.65406
9 21 6.69982 1.92457 1.76835
9 22 6.18118 2.03395 1.93126
9 23 4.61692 1.39789 1.24374
9 24 3.60322 1.03015 0.880626
9 25 30.5112 11.3451 11.292
