0 0
1 0 0 0.0157525 0
1 1 1.66466 0.131166 0.126087
1 2 26.1823 2.27546 2.2604
1 3 53.0587 3.74029 3.72986
1 4 53.2408 3.56117 3.55172
1 5 46.8009 3.03861 3.0298
1 6 38.0669 2.35873 2.36514
1 7 30.2956 1.90154 1.89353
1 8 20.4106 1.23272 1.23263
1 9 15.473 0.92056 0.915871
1 10 10.4504 0.613995 0.615666
1 11 6.7699 0.402906 0.357843
1 12 5.22641 0.329188 0.327965
1 13 4.35219 0.275907 0.224797
1 14 2.71108 0.177094 0.172224
1 15 1.79151 0.124122 0.0959915
1 16 1.93154 0.163891 0.159786
1 17 1.24628 0.0934319 0.0712225
1 18 1.36878 0.0955243 0.0723098
1 19 0.943058 0.0751771 0.0513695
1 20 3.5281 0.425993 0.378751
2 0 0 0.0157525 0
2 1 0.0619563 0.0164735 0.00383858
2 2 1.22698 0.0945656 0.0683866
2 3 13.2373 1.05976 1.06258
2 4 28.7291 2.11664 2.11557
2 5 37.9864 2.42915 2.43573
2 6 40.643 2.67847 2.67905
2 7 35.6988 2.32295 2.32432
2 8 31.7635 1.92582 1.92417
2 9 26.3485 1.71843 1.71978
2 10 20.4635 1.34069 1.33896
2 11 16.9165 1.16598 1.16511
2 12 12.725 0.715353 0.714606
2 13 9.25977 0.530779 0.527677
2 14 7.33689 0.444016 0.397033
2 15 4.60728 0.311989 0.308051
2 16 4.10556 0.262152 0.215485
2 17 2.87923 0.208151 0.141792
2 18 2.38817 0.155855 0.150914
2 19 2.48674 0.168581 0.138403
2 20 6.66089 0.456469 0.454918
