0 0
1 0 31.0889 2.24756 2.237
1 1 51.8747 3.52646 3.51675
1 2 46.1423 3.19416 3.18422
1 3 31.0036 1.83512 1.82796
1 4 20.2314 1.2084 1.20125
1 5 14.9348 1.02943 1.02004
1 6 6.80725 0.455249 0.44662
1 7 5.36656 0.441184 0.438634
1 8 5.13635 0.444307 0.430259
1 9 2.48943 0.227528 0.161228
1 10 2.51267 0.211934 0.208613
1 11 2.08991 0.134169 0.134435
1 12 1.59936 0.178667 0.176016
1 13 1.23559 0.126958 0.0791794
1 14 0.781208 0.0886438 0.046875
1 15 11.4004 0.988974 0.974326
2 0 19.4582 1.18241 1.17502
2 1 50.6845 3.07317 3.06535
2 2 40.8343 2.35584 2.34888
2 3 26.4199 1.52464 1.51789
2 4 19.7314 1.41226 1.41359
2 5 11.2778 0.756945 0.756326
2 6 7.25746 0.640025 0.625163
2 7 4.51144 0.31427 0.312268
2 8 2.98542 0.221432 0.170935
2 9 2.7705 0.318615 0.267316
2 10 2.26115 0.201546 0.148416
2 11 1.87632 0.141983 0.0969666
2 12 1.62299 0.18028 0.13065
2 13 1.00234 0.0979533 0.0957528
2 14 0.905371 0.0915128 0.0461336
2 15 10.4564 0.77772 0.779882
3 0 8.35579 0.520134 0.512582
3 1 15.0253 1.12699 1.1159
3 2 14.2159 1.1194 1.10721
3 3 11.3417 0.964316 0.950238
3 4 7.24642 0.632687 0.618114
3 5 4.94878 0.402993 0.390525
3 6 2.94236 0.240729 0.228644
3 7 2.36898 0.1808 0.181205
3 8 0.864049 0.10592 0.057068
3 9 1.15805 0.122379 0.118508
3 10 0.492348 0.0598503 0.0208381
3 11 0.423111 0.0670813 0.02569
3 12 0.69513 0.0638735 0.0614906
3 13 0.439875 0.0604069 0.0227181
3 14 0.526567 0.0592663 0.0557296
3 15 3.98002 0.288659 0.278832
4 0 5.51833 0.501042 0.498661
4 1 14.8604 1.15169 1.13986
4 2 10.0114 0.7549 0.743827
4 3 6.93871 0.41613 0.417228
4 4 5.41629 0.412048 0.401067
4 5 3.69179 0.256182 0.247205
4 6 2.59999 0.234 0.234564
4 7 1.27207 0.133603 0.0716284
4 8 0.995549 0.125104 0.0774437
4 9 0.699343 0.0902966 0.0453766
4 10 1.02466 0.0867288 0.0840369
4 11 0.344503 0.0474651 0.0165612
4 12 0.392337 0.0704245 0.0306363
4 13 0.164341 0.034296 0.00847417
4 14 0.119289 0.0241514 0.00304738
4 15 2.32062 0.186298 0.183838
