0 0
1 0 652.209 154.172 153.988
1 1 858.784 205.855 205.616
1 2 729.66 166.757 166.563
1 3 551.205 115.61 115.471
1 4 382.013 88.4986 88.6695
1 5 247.327 50.2153 50.1414
1 6 149.806 30.0982 30.1496
1 7 97.2187 19.179 19.1184
1 8 57.1938 12.2449 12.0232
1 9 32.9139 6.10626 5.84011
1 10 22.2002 4.70304 4.49177
1 11 15.2781 3.29391 3.0533
1 12 9.35509 2.32846 2.17046
1 13 5.07882 1.16707 0.975196
1 14 3.45989 0.782156 0.578716
1 15 2.11847 0.583123 0.403481
1 16 5.1799 1.33391 1.1396
2 0 533.53 135.121 134.945
2 1 782.399 168.525 168.834
2 2 719.234 145.594 145.857
2 3 524.674 104.173 104.291
2 4 326.455 61.0214 61.1164
2 5 200.807 38.2844 38.3043
2 6 129.596 25.2482 25.2058
2 7 84.0067 15.6236 15.4087
2 8 50.0215 9.40843 9.31722
2 9 32.5271 7.29677 7.20942
2 10 22.7136 4.61205 4.38779
2 11 13.7483 2.92088 2.70384
2 12 7.18972 1.62436 1.43821
2 13 4.39759 1.04263 0.851075
2 14 4.0193 1.17165 0.994552
2 15 2.73781 0.75732 0.577184
2 16 5.54015 1.46184 1.28302
