0 0
1 0 0 0.249966 0
1 1 6.57868 5.95648 5.56828
1 2 803.091 327.798 327.356
1 3 1611.34 655.925 655.158
1 4 1816.5 727.17 726.296
1 5 1783.63 703.657 702.811
1 6 1747.12 788.023 787.103
1 7 1540.12 691.975 691.172
1 8 1228 493.278 492.702
1 9 1009.95 430.643 430.108
1 10 796.855 377.906 377.35
1 11 615.74 321.665 321.057
1 12 427.826 217.489 217.344
1 13 297.491 137.556 137.175
1 14 207.852 88.7766 88.2462
1 15 141.33 75.1272 74.8962
1 16 90.0865 27.769 27.2933
1 17 66.201 31.852 31.4613
1 18 36.5445 15.6211 15.2507
1 19 34.9707 18.3955 18.0553
1 20 16.5576 4.62109 4.26843
1 21 17.3788 9.77432 9.56867
1 22 8.39896 2.61598 2.23373
1 23 7.53666 2.45675 2.15833
1 24 5.54762 1.67544 1.36627
1 25 24.6001 7.39158 7.21528
2 0 0 0.249966 0
2 1 0 0.249966 0
2 2 91.751 50.8591 50.6649
2 3 785.774 447.431 448.569
2 4 1717.28 893.22 892.184
2 5 2446.87 1156.01 1154.56
2 6 2820.67 1355.64 1353.84
2 7 2846.5 1418.77 1421
2 8 2611.39 1338.27 1336.6
2 9 2153.3 1072.8 1074.77
2 10 1720.12 847.161 848.901
2 11 1370.26 715.624 717.225
2 12 981.697 474.437 475.528
2 13 710.266 311.908 312.605
2 14 501.116 239.356 239.674
2 15 351.558 184.179 184.345
2 16 224.254 96.3288 96.2508
2 17 147.111 58.4287 58.4717
2 18 122.703 72.551 72.3844
2 19 72.2336 31.9614 31.6708
2 20 44.5726 21.7162 21.3918
2 21 33.5958 16.4749 16.1336
2 22 22.7687 6.72478 6.40249
2 23 21.7207 18.825 18.6726
2 24 14.0976 4.02227 3.68981
2 25 65.2318 25.1364 24.8403
3 0 0 0.249966 0
3 1 81.0816 33.9149 33.2101
3 2 1666.02 763.121 762.236
3 3 2618.5 1187.69 1186.13
3 4 3373.73 1460.87 1458.59
3 5 3523.83 1564.35 1561.87
3 6 3219.13 1354.42 1352.33
3 7 2895.02 1293.82 1292.02
3 8 2413.51 1078.59 1077.22
3 9 1828.32 726.909 726.032
3 10 1416.9 595.226 594.536
3 11 1053.58 434.003 433.477
3 12 762.631 333.256 332.777
3 13 550.781 250.664 250.2
3 14 402.139 156.006 155.679
3 15 294.086 121.409 121.056
3 16 212.966 82.3197 82.0152
3 17 156.669 53.7743 53.5365
3 18 121.963 55.3443 54.9359
3 19 104.146 46.0405 45.6542
3 20 74.2396 20.9007 20.3714
3 21 60.0981 18.4966 18.346
3 22 48.8947 19.537 19.1276
3 23 35.5297 13.4239 13.2408
3 24 32.0759 10.0333 9.50519
3 25 140.899 39.2603 39.1571
4 0 0 0.249966 0
4 1 2.00033 0.919503 0.6486
4 2 555.34 260.092 260.291
4 3 3072.45 1463 1460.97
4 4 5535.73 2955.14 2949.43
4 5 6817.3 3639.23 3630.87
4 6 7135.07 3882.31 3873.18
4 7 6714.7 3621.55 3613.41
4 8 5705.64 2899.97 2893.99
4 9 4662.01 2310.55 2306.41
4 10 3685.41 1839.85 1837.08
4 11 2684.97 1246.4 1244.76
4 12 1987.7 963.768 962.634
4 13 1429.39 671.84 673.224
4 14 969.824 416.554 417.417
4 15 751.214 353.327 352.791
4 16 528.016 236.037 236.648
4 17 388.356 145.882 146.228
4 18 289.593 108.656 108.756
4 19 223.353 89.0606 88.8687
4 20 175.584 76.7943 76.9301
4 21 139.41 54.7039 54.4066
4 22 122.478 45.3279 45.4254
4 23 86.0171 30.4635 30.4223
4 24 66.1928 21.2926 21.2236
4 25 335.597 143.535 143.152
