0 0
1 0 14.2976 0.871084 0.863729
1 1 12.1103 0.688826 0.682432
1 2 10.4625 0.590658 0.592264
1 3 8.92279 0.571548 0.563542
1 4 12.2368 0.893994 0.896495
1 5 10.8764 0.736667 0.735066
1 6 10.5876 0.634456 0.627398
1 7 10.6898 0.666267 0.658639
1 8 12.9966 0.886195 0.877039
1 9 14.2591 0.941635 0.940665
1 10 15.6033 0.929876 0.928871
1 11 17.9031 1.41546 1.4031
1 12 19.277 1.39995 1.38947
1 13 20.7008 1.32941 1.32116
1 14 26.6419 1.88003 1.87002
1 15 31.7588 2.48736 2.475
1 16 42.2378 2.62046 2.61245
1 17 44.5524 2.54375 2.53687
1 18 62.468 3.68238 3.67472
1 19 93.6397 5.76209 5.75295
1 20 0 0.0290603 0
2 0 5.01261 0.313175 0.305722
2 1 3.34181 0.24626 0.236255
2 2 2.73603 0.179867 0.17651
2 3 3.3109 0.312805 0.296732
2 4 2.76311 0.177798 0.178196
2 5 3.15954 0.303258 0.30403
2 6 3.26864 0.269067 0.266888
2 7 2.44787 0.185667 0.182289
2 8 3.64306 0.265684 0.262591
2 9 4.13012 0.368451 0.353766
2 10 4.25769 0.289698 0.286698
2 11 4.2074 0.379625 0.376853
2 12 4.53454 0.393953 0.391242
2 13 6.10115 0.53761 0.539075
2 14 5.7282 0.326719 0.320445
2 15 7.78849 0.570436 0.56007
2 16 10.6837 0.755176 0.745404
2 17 11.9319 0.872038 0.861568
2 18 18.6517 1.19495 1.18677
2 19 31.1171 2.29737 2.28637
2 20 0 0.0290603 0
