0 0
1 0 5.41909 0.349108 0.342606
1 1 5.58872 0.372471 0.373264
1 2 4.67976 0.336281 0.331618
1 3 4.08824 0.25845 0.252738
1 4 3.12098 0.251813 0.245997
1 5 4.34455 0.290703 0.285691
1 6 4.91981 0.380038 0.373582
1 7 4.38496 0.274566 0.269609
1 8 3.59188 0.226198 0.22212
1 9 3.91599 0.299856 0.294221
1 10 5.41744 0.413802 0.414718
1 11 5.28701 0.360741 0.356169
1 12 6.00194 0.417401 0.41655
1 13 7.61256 0.491337 0.487189
1 14 6.6997 0.555693 0.5517
1 15 7.94355 0.548927 0.544949
1 16 9.43959 0.606955 0.602342
1 17 11.2005 0.748747 0.739979
1 18 13.3956 0.930743 0.933174
1 19 17.6548 1.57747 1.56174
1 20 22.3473 1.47943 1.47065
1 21 24.6529 1.50716 1.50425
1 22 33.8 2.05773 2.05013
1 23 44.1821 2.66519 2.65756
1 24 65.8239 4.35997 4.35041
1 25 0 0.0157525 0
2 0 10.0481 0.607208 0.603438
2 1 7.25671 0.423636 0.392083
2 2 7.09009 0.435169 0.387507
2 3 6.88238 0.404131 0.405096
2 4 6.02041 0.383787 0.382839
2 5 7.50079 0.620008 0.615765
2 6 7.32852 0.487114 0.482734
2 7 6.7336 0.500632 0.497394
2 8 6.68536 0.402156 0.398963
2 9 6.62436 0.411521 0.40892
2 10 8.16403 0.533138 0.532541
2 11 8.26412 0.533616 0.529597
2 12 9.57811 0.696301 0.693485
2 13 9.05383 0.517698 0.486356
2 14 10.9216 0.958749 0.961277
2 15 10.6787 0.836945 0.834751
2 16 10.8408 0.849155 0.847317
2 17 13.2489 0.922024 0.912488
2 18 14.148 0.907482 0.904626
2 19 13.9804 0.98253 0.985111
2 20 18.4111 1.13628 1.1359
2 21 20.6168 1.31874 1.31527
2 22 20.629 1.23193 1.22478
2 23 28.3643 1.68769 1.68534
2 24 36.455 2.27078 2.2628
2 25 0 0.0157525 0
