0.03 0
1 0 5.16584 4.1658 3.98681
1 1 42.2425 12.2897 12.2095
1 2 152.222 42.847 42.8901
1 3 337.172 90.779 90.9502
1 4 553.644 157.993 158.341
1 5 719.198 191.969 192.372
1 6 754.094 196.119 196.533
1 7 740.323 193.777 194.164
1 8 697.138 179.158 179.526
1 9 608.818 170.723 171.078
1 10 502.068 128.941 129.196
1 11 427.022 111.25 111.482
1 12 380.33 98.3974 98.5198
1 13 318.18 82.9161 83.096
1 14 246.854 62.3927 62.5057
1 15 208.03 58.186 58.311
1 16 174.271 49.4 49.4749
1 17 129.899 34.2174 34.2341
1 18 98.0712 25.3533 25.317
1 19 82.0142 21.5753 21.4804
1 20 59.789 15.1652 15.0588
1 21 60.7054 16.4662 16.4154
1 22 44.6054 11.9048 11.7688
1 23 34.7668 8.64784 8.50173
1 24 25.8175 6.72809 6.62895
1 25 159.444 43.6971 43.7564
2 0 0.928633 0.377245 0.231149
2 1 13.8982 4.45139 4.29943
2 2 49.5991 12.9167 12.7967
2 3 118.568 32.2141 32.1522
2 4 210.922 58.5038 58.5229
2 5 266.875 67.4381 67.546
2 6 277.531 71.8181 71.9517
2 7 283.65 75.7854 75.8215
2 8 264.928 66.4036 66.5007
2 9 226.352 56.6301 56.6332
2 10 187.623 47.3763 47.4173
2 11 158.056 39.5225 39.4544
2 12 136.837 33.825 33.7501
2 13 116.584 29.3238 29.2429
2 14 87.5005 21.4994 21.4012
2 15 81.6814 23.5241 23.4966
2 16 60.8114 17.5667 17.4551
2 17 41.8547 10.4773 10.3348
2 18 28.9904 7.62443 7.47405
2 19 26.0175 7.11185 6.98417
2 20 20.1312 4.98528 4.84008
2 21 18.0877 4.59388 4.44602
2 22 12.8219 3.77589 3.63564
2 23 9.103 2.27996 2.12566
2 24 8.23515 2.21088 2.05788
2 25 27.0099 6.73136 6.58773
3 0 4.23721 3.9537 3.75566
3 1 28.3444 7.99908 7.91006
3 2 102.623 30.1151 30.0935
3 3 218.604 58.712 58.7979
3 4 342.722 99.6087 99.8185
3 5 452.324 124.558 124.826
3 6 476.563 124.334 124.581
3 7 456.673 118.107 118.342
3 8 432.21 112.789 113.026
3 9 382.466 114.227 114.445
3 10 314.445 81.631 81.7787
3 11 268.967 71.9085 72.0277
3 12 243.493 64.7368 64.7698
3 13 201.597 53.7503 53.8531
3 14 159.354 41.0494 41.1045
3 15 126.349 34.7623 34.8144
3 16 113.46 31.9949 32.0198
3 17 88.0441 23.9118 23.8992
3 18 69.0808 17.9016 17.8429
3 19 55.9967 14.6201 14.4962
3 20 39.6578 10.3421 10.2188
3 21 42.6177 12.0317 11.9694
3 22 31.7835 8.26934 8.13311
3 23 25.6638 6.52699 6.37608
3 24 17.5823 4.67512 4.57107
3 25 132.435 37.1391 37.1686
4 0 5.16584 4.1658 3.98681
4 1 41.0754 12.0073 11.9261
4 2 132.051 36.8241 36.8497
4 3 227.859 61.7526 61.7544
4 4 283.878 81.0324 81.1794
4 5 310.205 85.2656 85.4365
4 6 286.057 72.6958 72.8161
4 7 255.081 68.6619 68.7746
4 8 216.795 54.4765 54.5686
4 9 182.903 47.6517 47.6887
4 10 144.692 36.8805 36.89
4 11 120.045 29.829 29.8279
4 12 110.865 30.4285 30.3647
4 13 80.9496 20.5029 20.4104
4 14 66.4712 16.8157 16.7532
4 15 52.9403 14.3019 14.1808
4 16 39.7566 10.622 10.5566
4 17 36.5143 9.9218 9.86945
4 18 25.2888 6.86157 6.72964
4 19 21.4602 5.28377 5.12837
4 20 13.3897 3.32497 3.17121
4 21 10.0092 2.69898 2.54619
4 22 12.2965 3.33159 3.19511
4 23 8.44177 2.04487 1.89519
4 24 7.09845 2.11707 2.00204
4 25 40.6137 11.6634 11.5999
5 0 0 0.151737 0
5 1 1.16718 0.42972 0.283339
5 2 20.1713 6.18216 6.04038
5 3 109.314 29.2109 29.1957
5 4 269.766 77.1024 77.162
5 5 408.993 106.725 106.936
5 6 468.038 123.476 123.717
5 7 485.241 125.218 125.389
5 8 480.343 124.697 124.958
5 9 425.915 123.134 123.389
5 10 357.375 92.1315 92.3061
5 11 306.977 81.4937 81.6543
5 12 269.465 68.1118 68.1551
5 13 237.231 62.5756 62.6856
5 14 180.383 45.8031 45.7525
5 15 155.09 44.069 44.1302
5 16 134.514 38.8728 38.9183
5 17 93.3844 24.3871 24.3646
5 18 72.7825 18.6486 18.5873
5 19 60.554 16.4504 16.352
5 20 46.3993 12.0049 11.8876
5 21 50.6962 13.9278 13.8692
5 22 32.3089 8.71699 8.57365
5 23 26.325 6.7548 6.60654
5 24 18.719 4.77426 4.62691
5 25 118.831 32.1286 32.1564
6 0 0.928633 0.377245 0.231149
6 1 13.4494 4.3511 4.19872
6 2 44.3299 11.5274 11.4071
6 3 80.5287 22.6013 22.5051
6 4 108.039 33.0874 33.0315
6 5 111.703 29.5656 29.5573
6 6 103.625 25.8059 25.7082
6 7 98.2091 29.5003 29.4094
6 8 78.5036 19.5328 19.4758
6 9 69.0199 18.1232 18.0184
6 10 52.3907 13.3869 13.3143
6 11 39.8762 9.73746 9.57915
6 12 34.9056 8.87931 8.73761
6 13 28.2358 7.26265 7.12085
6 14 20.6837 5.15205 5.00723
6 15 18.8881 5.01852 4.86675
6 16 14.6389 4.0394 3.89267
6 17 11.1032 2.92704 2.77063
6 18 7.35932 2.11753 1.96951
6 19 6.56623 1.81277 1.66085
6 20 4.20694 1.10507 0.955908
6 21 2.93274 0.922018 0.771797
6 22 3.07621 0.997632 0.84882
6 23 1.88348 0.610418 0.462415
6 24 1.34658 0.454779 0.307997
6 25 5.64578 1.55562 1.40427
7 0 0 0.151737 0
7 1 0.448785 0.23811 0.100712
7 2 5.26919 1.54376 1.38957
7 3 38.0392 9.77436 9.64713
7 4 102.883 25.5827 25.4914
7 5 155.171 38.039 37.9887
7 6 173.906 46.1985 46.2435
7 7 185.44 46.4468 46.412
7 8 186.424 47.0588 47.0249
7 9 157.332 38.6634 38.6148
7 10 135.232 34.1509 34.103
7 11 118.179 29.9436 29.8753
7 12 101.932 25.1077 25.0125
7 13 88.3477 22.225 22.122
7 14 66.8169 16.5039 16.394
7 15 62.7933 18.6702 18.6299
7 16 46.1725 13.6806 13.5624
7 17 30.7515 7.70207 7.5642
7 18 21.6311 5.65563 5.50454
7 19 19.4512 5.44969 5.32333
7 20 15.9243 4.03601 3.88417
7 21 15.155 3.8244 3.67423
7 22 9.74565 2.92995 2.78682
7 23 7.21952 1.81851 1.66324
7 24 6.88857 1.90384 1.74989
7 25 21.3641 5.33128 5.18345
8 0 4.23721 3.9537 3.75566
8 1 27.626 7.81709 7.72743
8 2 87.7207 25.4783 25.4426
8 3 147.33 39.304 39.2493
8 4 175.839 48.0921 48.1478
8 5 198.502 55.8024 55.8792
8 6 182.431 47.0698 47.1079
8 7 156.872 39.3291 39.3651
8 8 138.292 35.1666 35.0928
8 9 113.883 29.686 29.6702
8 10 92.3018 23.674 23.5756
8 11 80.1692 20.2919 20.2487
8 12 75.9597 21.7227 21.6271
8 13 52.7138 13.39 13.2895
8 14 45.7876 11.8299 11.7459
8 15 34.0522 9.43733 9.31402
8 16 25.1177 6.74568 6.66398
8 17 25.4112 7.15922 7.09883
8 18 17.9295 4.89797 4.76013
8 19 14.8939 3.62356 3.46753
8 20 9.18271 2.37053 2.2153
8 21 7.07644 1.92638 1.77439
8 22 9.22025 2.48526 2.34629
8 23 6.55829 1.5832 1.43278
8 24 5.75187 1.81083 1.69405
8 25 34.968 10.2604 10.1957
9 0 0 0.151737 0
9 1 0.718394 0.329836 0.182628
9 2 14.9021 4.7946 4.65081
9 3 71.2744 19.5973 19.5486
9 4 166.882 51.6832 51.6707
9 5 253.822 68.8305 68.9471
9 6 294.132 77.3616 77.4735
9 7 299.801 78.9186 78.9771
9 8 293.919 77.7979 77.9327
9 9 268.583 84.6351 84.7745
9 10 222.143 58.1166 58.2031
9 11 188.797 51.71 51.779
9 12 167.533 43.1694 43.1427
9 13 148.883 40.5367 40.5636
9 14 113.566 29.4495 29.3585
9 15 92.2965 25.493 25.5003
9 16 88.3419 25.364 25.3559
9 17 62.6329 16.8528 16.8004
9 18 51.1514 13.1684 13.0828
9 19 41.1028 11.1597 11.0287
9 20 30.4751 8.12746 8.00346
9 21 35.5413 10.263 10.195
9 22 22.5633 5.92926 5.78683
9 23 19.1055 5.09537 4.9433
9 24 11.8304 3.02336 2.87702
9 25 97.4666 26.9729 26.973
