0.03 0
1 0 828.233 193.226 193.615
1 1 1814.2 392.894 393.225
1 2 1482.26 301.567 301.904
1 3 1043.42 216.163 216.52
1 4 687.193 146.275 146.568
1 5 422.668 96.0515 96.2558
1 6 246.952 57.0532 57.171
1 7 148.222 33.0037 33.0672
1 8 115.249 28.4654 28.5101
1 9 78.8646 17.8726 17.8353
1 10 71.0352 17.1071 17.0743
1 11 57.3858 13.0627 13.0435
1 12 478.124 120.655 120.931
2 0 653.98 143.246 143.54
2 1 1430.26 286.803 287.124
2 2 1172.45 216.873 217.162
2 3 793.196 146.838 147.101
2 4 525.491 102.338 102.546
2 5 317.861 70.3268 70.4704
2 6 184.867 40.0606 40.0883
2 7 110.168 23.9956 24.0252
2 8 87.9671 21.9932 22.008
2 9 56.2051 10.8979 10.6707
2 10 53.2492 12.3408 12.3025
2 11 43.4312 9.53942 9.50932
2 12 359.634 86.8746 87.0698
3 0 174.253 50.0107 50.0748
3 1 383.942 105.887 106.1
3 2 309.814 84.585 84.7415
3 3 250.228 69.298 69.419
3 4 161.702 43.9465 44.0213
3 5 104.807 25.7906 25.7853
3 6 62.0847 17.1062 17.0827
3 7 38.0544 9.12554 9.04206
3 8 27.2816 6.66666 6.50207
3 9 22.6595 7.26366 7.16461
3 10 17.7859 4.8699 4.77187
3 11 13.9547 3.68846 3.53417
3 12 118.489 33.8105 33.8607
4 0 491.651 117.907 118.162
4 1 874.004 196.673 197.044
4 2 744.749 159.973 160.287
4 3 548.379 118.227 118.474
4 4 360.581 77.6209 77.7863
4 5 234.948 51.101 51.195
4 6 135.299 29.2326 29.2295
4 7 83.884 18.3684 18.3901
4 8 73.1351 20.1375 20.1196
4 9 43.6714 10.7993 10.7319
4 10 37.9412 9.53683 9.48047
4 11 29.1565 6.66443 6.58463
4 12 252.706 65.1399 65.2803
5 0 336.581 75.2986 75.4536
5 1 940.194 195.839 196.181
5 2 737.515 141.355 141.617
5 3 495.044 97.8445 98.0465
5 4 326.612 68.64 68.7813
5 5 187.72 45.0074 45.0608
5 6 111.653 27.9321 27.9415
5 7 64.338 14.7265 14.6772
5 8 42.1136 8.536 8.39046
5 9 35.1932 7.26965 7.10342
5 10 33.0939 7.6607 7.59386
5 11 28.2294 6.61391 6.45885
5 12 225.418 55.5442 55.6502
6 0 380.417 86.0454 86.2244
6 1 672.556 141.015 141.297
6 2 567.003 107.791 108.001
6 3 404.63 75.481 75.6264
6 4 271.058 53.2436 53.3478
6 5 168.328 33.5531 33.601
6 6 104.471 21.5344 21.5114
6 7 59.6532 12.5753 12.5712
6 8 56.7191 16.1633 16.1336
6 9 30.0137 5.82935 5.64102
6 10 29.4917 7.35254 7.26837
6 11 22.6174 5.05256 4.96768
6 12 179.149 44.3647 44.4484
7 0 273.563 57.2078 57.3159
7 1 757.7 145.571 145.827
7 2 605.448 108.954 109.161
7 3 388.566 71.3713 71.4748
7 4 254.433 49.1441 49.1985
7 5 149.533 36.8544 36.8694
7 6 80.3959 18.6163 18.5769
7 7 50.5144 11.5088 11.454
7 8 31.248 6.02025 5.87437
7 9 26.1914 5.20597 5.02969
7 10 23.7575 5.18795 5.03409
7 11 20.8138 4.70558 4.54164
7 12 180.486 42.5546 42.6214
8 0 111.234 31.9224 31.9372
8 1 201.448 55.6628 55.7471
8 2 177.746 52.2107 52.2852
8 3 143.749 42.8006 42.8473
8 4 89.5223 24.4446 24.4385
8 5 66.6198 17.6241 17.594
8 6 30.8275 7.80235 7.71808
8 7 24.2308 5.91266 5.8189
8 8 16.416 4.14696 3.98597
8 9 13.6576 5.18417 5.09087
8 10 8.44956 2.3665 2.2121
8 11 6.53906 1.77118 1.61695
8 12 73.5572 20.8243 20.8319
9 0 63.0184 18.1713 18.1377
9 1 182.494 50.2815 50.3532
9 2 132.068 32.4413 32.4563
9 3 106.478 26.585 26.5717
9 4 72.1798 19.5819 19.5828
9 5 38.1867 8.24041 8.19132
9 6 31.2572 9.41379 9.36458
9 7 13.8236 3.38929 3.22316
9 8 10.8656 2.66543 2.51609
9 9 9.00187 2.23479 2.07374
9 10 9.33639 2.67162 2.55977
9 11 7.4156 2.06815 1.91721
9 12 44.9319 13.0813 13.0287
