0.03 0
1 0 12.0298 3.13752 2.99865
1 1 19.104 5.4982 5.36383
1 2 31.7962 15.4471 15.3788
1 3 53.7663 14.2377 14.1475
1 4 130.091 64.6957 64.7936
1 5 273.426 154.502 154.878
1 6 518.455 230.123 230.694
1 7 1104.81 559.301 560.639
1 8 1670.06 802.532 804.209
1 9 2519.91 1243.72 1245.83
1 10 3510.75 1757.31 1759.43
1 11 4925.18 2671.54 2673.34
1 12 6389.62 3530.26 3530.47
1 13 7298.22 4014.63 4013.41
1 14 7700.86 4050.69 4047.83
1 15 7986.84 4290.05 4287.11
1 16 8055.41 4291.17 4287.64
1 17 7943.28 3978.86 3975.06
1 18 8104.81 3969.93 3965.08
1 19 8420.59 4021.3 4015.26
1 20 8468.22 3776.62 3769.83
1 21 8707.25 4091.67 4084.67
1 22 8569.44 3844.61 3837.7
1 23 8360.93 3679.59 3672.93
1 24 8000.3 3542.62 3536.97
1 25 7670.26 3350.73 3345.79
1 26 7072.34 3032.24 3028.75
1 27 6650.81 2744.09 2741.31
1 28 6397.17 2660.21 2657.81
1 29 6226.79 2534.65 2532.36
1 30 6189.19 2484.53 2482.16
1 31 7319.13 2832.8 2827.77
1 32 6635.02 2550.09 2546.65
1 33 5869.89 2220.76 2218.74
1 34 5407.55 1996.63 1995.31
1 35 5192.59 1917.71 1916.55
1 36 4749.09 1780.33 1779.94
1 37 4248.64 1509.85 1509.82
1 38 3842.93 1360.39 1360.7
1 39 3522.13 1248.84 1249.44
1 40 3082.88 1082.59 1083.39
1 41 2707.14 898.19 899.015
1 42 2432.7 797.764 798.645
1 43 1975.49 631.611 632.511
1 44 1633.18 490.401 491.186
1 45 1421.65 386.789 387.426
1 46 1223.15 317.475 318.034
1 47 1115.92 275.231 275.731
1 48 920.443 207.921 208.315
1 49 770.639 163.166 163.48
1 50 677.971 130.539 130.79
1 51 587.894 98.7649 98.9403
1 52 502.958 82.5428 82.7043
1 53 389.141 55.6304 55.5252
1 54 251.111 35.3619 35.3237
1 55 129.547 16.4497 16.2935
1 56 71.6266 10.7636 10.6918
1 57 29.2538 3.92409 3.74673
1 58 10.6516 1.45856 1.29205
1 59 3.5472 0.636979 0.488521
1 60 0.404218 0.113397 0.0180333
1 61 0.573201 0.21548 0.0887107
1 62 102.412 43.4297 43.4849
2 0 4.97251 1.39632 1.24932
2 1 9.80869 2.9875 2.84153
2 2 11.9916 7.62873 7.49082
2 3 18.0145 4.90207 4.76295
2 4 45.4007 27.2832 27.2079
2 5 81.2428 45.0754 45.061
2 6 141.086 52.5623 52.5584
2 7 351.579 174.035 174.393
2 8 546.215 277.773 278.401
2 9 830.583 422.237 423.219
2 10 1233.46 661.734 663.301
2 11 1726.87 994.532 996.749
2 12 2161.71 1331.48 1334.28
2 13 2258.88 1372.88 1375.68
2 14 2189.51 1139.76 1141.94
2 15 2145.13 1152.4 1154.67
2 16 1994.78 980.323 982.243
2 17 1966.56 925.256 927.04
2 18 2043.26 965.595 967.417
2 19 2104.1 1010.62 1012.54
2 20 2185.78 949.403 951.008
2 21 2183.52 995.045 996.788
2 22 2246.9 960.343 961.929
2 23 2236.23 943.529 945.069
2 24 2248.83 939.206 940.719
2 25 2244.82 942.82 944.339
2 26 2221.81 920.887 922.385
2 27 2197.94 865.782 867.136
2 28 2202.14 881.741 883.145
2 29 2395.06 958.338 959.732
2 30 2561.22 1006.23 1007.6
2 31 3787.51 1434.79 1435.5
2 32 3576 1302.67 1303.37
2 33 3025.18 1111.58 1112.55
2 34 2742.18 983.287 984.324
2 35 2755.02 1024.86 1025.99
2 36 2514.17 941.183 942.392
2 37 2247.86 767.598 768.608
2 38 2009.34 690.005 691.049
2 39 1822.55 611.608 612.59
2 40 1697.04 569.926 570.891
2 41 1585.89 503 503.845
2 42 1514.95 483.21 484.055
2 43 1219.46 365.284 365.992
2 44 1014.89 285.756 286.327
2 45 926.206 237.078 237.547
2 46 852.447 206.956 207.375
2 47 815.951 190.086 190.46
2 48 711.498 151.297 151.6
2 49 613.908 126.599 126.854
2 50 550.077 99.1525 99.3073
2 51 508.863 83.4101 83.5604
2 52 452.293 71.8395 71.979
2 53 356.712 49.7967 49.6756
2 54 232.439 32.4211 32.3747
2 55 122.962 15.5874 15.427
2 56 63.7733 8.37515 8.21774
2 57 26.4614 3.52896 3.35994
2 58 10.0653 1.37665 1.21018
2 59 3.39408 0.625817 0.477494
2 60 0.404218 0.113397 0.0180333
2 61 0.573201 0.21548 0.0887107
2 62 34.5467 12.5638 12.5253
3 0 7.05733 1.89184 1.74933
3 1 9.29527 2.66313 2.5223
3 2 19.8046 7.97932 7.88798
3 3 35.7518 9.48983 9.38454
3 4 84.6899 37.5689 37.5857
3 5 192.183 109.569 109.817
3 6 377.369 177.702 178.136
3 7 753.235 385.275 386.247
3 8 1123.84 524.584 525.808
3 9 1689.33 820.904 822.615
3 10 2277.29 1094.16 1096.13
3 11 3198.3 1674.17 1676.59
3 12 4227.9 2194.16 2196.19
3 13 5039.35 2636.28 2637.73
3 14 5511.35 2904.81 2905.89
3 15 5841.72 3131.59 3132.45
3 16 6060.63 3304.87 3305.4
3 17 5976.72 3047.9 3048.02
3 18 6061.56 2997.8 2997.66
3 19 6316.49 3003.73 3002.72
3 20 6282.45 2820.37 2818.82
3 21 6523.73 3089.22 3087.88
3 22 6322.54 2877.23 2875.77
3 23 6124.71 2729.07 2727.85
3 24 5751.47 2596.97 2596.25
3 25 5425.44 2401.71 2401.45
3 26 4850.54 2105.93 2106.36
3 27 4452.87 1873.49 1874.18
3 28 4195.03 1773.84 1774.66
3 29 3831.73 1571.69 1572.63
3 30 3627.97 1473.5 1474.56
3 31 3531.63 1391.24 1392.27
3 32 3059.02 1241.96 1243.28
3 33 2844.71 1104.95 1106.19
3 34 2665.37 1009.76 1010.99
3 35 2437.57 889.438 890.564
3 36 2234.92 836.328 837.545
3 37 2000.78 740.011 741.209
3 38 1833.6 668.522 669.651
3 39 1699.58 635.69 636.849
3 40 1385.84 511.476 512.5
3 41 1121.25 394.312 395.17
3 42 917.75 313.886 314.59
3 43 756.03 265.891 266.519
3 44 618.29 204.369 204.859
3 45 495.443 149.525 149.879
3 46 370.708 110.398 110.659
3 47 299.971 85.0802 85.2708
3 48 208.945 56.5994 56.7152
3 49 156.731 36.5998 36.626
3 50 127.893 31.4455 31.4827
3 51 79.0316 15.5527 15.3799
3 52 50.6644 10.8 10.7253
3 53 32.4292 6.03259 5.84964
3 54 18.6715 3.12396 2.94904
3 55 6.585 1.02749 0.866527
3 56 7.85336 2.59478 2.47402
3 57 2.79246 0.537899 0.386796
3 58 0.586236 0.20393 0.0818644
3 59 0.153118 0.0918339 0.0110276
3 60 0 0.151737 0
3 61 0 0.151737 0
3 62 67.8651 30.9491 30.9596
