0 0
1 0 1658.85 370.109 369.547
1 1 258.044 55.6124 55.5539
1 2 239.495 49.3341 49.3204
1 3 232.462 57.8628 57.9566
1 4 189.297 38.3581 38.3969
1 5 184.652 41.6106 41.6595
1 6 160.319 37.358 37.2456
1 7 131.489 29.959 29.8253
1 8 104.438 22.994 22.8389
1 9 85.6574 17.3082 17.226
1 10 69.6514 14.0074 13.9346
1 11 66.5812 15.967 15.8802
1 12 56.4786 12.5767 12.4189
1 13 47.22 10.839 10.756
1 14 44.0453 12.5944 12.4976
1 15 30.0222 6.16653 5.95937
1 16 26.5089 6.4133 6.26873
1 17 20.1371 4.64971 4.38689
1 18 25.1079 7.73143 7.63179
1 19 17.2203 4.90053 4.77854
1 20 15.0766 3.38304 3.15072
1 21 11.4387 2.54998 2.28591
1 22 11.8608 2.97724 2.7837
1 23 10.7494 3.15397 3.00887
1 24 4.6416 1.25313 1.07464
1 25 119.554 33.9785 34.0064
2 0 680.881 152.343 152.165
2 1 376.254 76.1292 76.2618
2 2 336.882 71.718 71.7053
2 3 286.994 51.4631 51.4973
2 4 262.143 52.8203 52.8175
2 5 220.142 42.0431 42.0703
2 6 186.071 36.7541 36.7337
2 7 154.944 31.4473 31.3953
2 8 121.237 23.8136 23.7797
2 9 104.489 20.3979 20.345
2 10 96.2555 21.2873 21.2551
2 11 90.4912 21.5434 21.4803
2 12 75.4394 21.1315 21.0843
2 13 57.0262 13.6072 13.5217
2 14 53.0567 10.6288 10.5491
2 15 40.5389 8.10196 7.87395
2 16 31.0212 5.7934 5.55431
2 17 24.3012 5.01573 4.77341
2 18 26.5554 5.45432 5.24382
2 19 24.6583 5.1423 4.93254
2 20 25.6287 7.42501 7.33599
2 21 16.2978 3.33923 3.10127
2 22 13.8141 3.16067 2.96607
2 23 13.0078 3.91821 3.78598
2 24 9.12586 2.48698 2.33716
2 25 116.342 28.1478 28.1579
