0 0
1 0 157.793 33.1796 33.2368
1 1 392.588 82.0748 82.2587
1 2 566.377 113.946 114.179
1 3 630.995 125.8 126.044
1 4 629.453 124.964 125.219
1 5 598.941 119.352 119.595
1 6 567.182 119.141 119.398
1 7 517.319 113.53 113.731
1 8 430.933 92.6366 92.8329
1 9 376.959 81.2208 81.3884
1 10 336.749 74.2043 74.3277
1 11 310.487 71.0636 71.1822
1 12 246.098 54.5983 54.7069
1 13 219.725 50.9307 50.995
1 14 209.929 41.9355 41.9748
1 15 207.549 46.4403 46.5261
1 16 170.974 36.3662 36.3942
1 17 160.696 34.1381 34.1978
1 18 153.981 32.7147 32.7262
1 19 142.596 28.8818 28.9228
1 20 116.296 23.3468 23.3636
1 21 102.855 24.0536 24.0778
1 22 63.5484 13.3296 13.1394
1 23 24.2832 5.42122 5.26417
1 24 0 0.151737 0
2 0 112.157 21.5242 21.5137
2 1 293.148 54.0633 54.1774
2 2 424.175 75.2591 75.4045
2 3 484.716 86.1212 86.2779
2 4 484.333 89.8351 90.0219
2 5 473.135 88.6572 88.8278
2 6 445.568 88.2976 88.4879
2 7 411.019 86.4247 86.5659
2 8 336.258 67.0726 67.2084
2 9 302.853 62.1956 62.3117
2 10 272.912 58.2621 58.3451
2 11 244.516 53.5466 53.6195
2 12 199.519 42.1962 42.2719
2 13 171.274 37.0436 37.0697
2 14 165.049 30.272 30.2779
2 15 162.073 31.8058 31.8502
2 16 131.51 26.0375 26.0358
2 17 125.819 24.7135 24.7404
2 18 124.083 24.765 24.7538
2 19 108.675 20.499 20.4706
2 20 87.4878 16.203 16.0273
2 21 76.3854 17.6986 17.6905
2 22 45.0981 8.81821 8.62876
2 23 17.7489 3.78347 3.62565
2 24 0 0.151737 0
3 0 45.6363 11.745 11.7231
3 1 99.4398 28.0516 28.0813
3 2 142.202 38.7086 38.7741
3 3 146.279 39.7295 39.7662
3 4 145.12 35.199 35.1968
3 5 125.806 30.7307 30.7673
3 6 121.613 30.8948 30.9103
3 7 106.3 27.1603 27.1647
3 8 94.675 25.6225 25.6245
3 9 74.106 19.1124 19.0767
3 10 63.837 16.0231 15.9827
3 11 65.9716 17.5963 17.5627
3 12 46.5786 12.4844 12.435
3 13 48.4507 13.9571 13.9253
3 14 44.8804 11.8353 11.6969
3 15 45.4763 14.7164 14.6759
3 16 39.4638 10.4198 10.3584
3 17 34.8765 9.5027 9.45742
3 18 29.8979 8.01977 7.97232
3 19 33.9206 8.50655 8.45221
3 20 28.8077 7.39483 7.33638
3 21 26.4697 6.49071 6.38723
3 22 18.4502 4.66142 4.51065
3 23 6.53435 1.79799 1.63852
3 24 0 0.151737 0
4 0 131.463 27.9136 27.9428
4 1 319.288 65.314 65.4596
4 2 463.302 94.3208 94.5191
4 3 494.13 98.996 99.2026
4 4 487.572 98.3797 98.5835
4 5 447.956 91.1032 91.2885
4 6 392.942 84.1828 84.364
4 7 345.553 75.7086 75.8258
4 8 266.084 58.6884 58.807
4 9 227.611 53.1516 53.2515
4 10 182.323 42.8272 42.8741
4 11 154.904 35.7107 35.7379
4 12 127.034 31.6003 31.6195
4 13 107.708 27.5866 27.5886
4 14 104.91 22.4975 22.4903
4 15 99.7646 24.2574 24.2771
4 16 87.0332 19.4784 19.4569
4 17 83.95 18.9716 18.9778
4 18 77.1736 17.4906 17.4587
4 19 76.6402 16.2323 16.2345
4 20 60.4674 13.0984 13.0868
4 21 55.3587 14.4935 14.4542
4 22 31.5653 6.75993 6.56121
4 23 12.5309 2.83889 2.69375
4 24 0 0.151737 0
5 0 26.3301 5.47262 5.29406
5 1 73.3004 16.8384 16.7991
5 2 103.074 19.6913 19.6595
5 3 136.865 26.8463 26.8415
5 4 141.882 26.6398 26.6353
5 5 150.986 28.3198 28.3065
5 6 174.24 34.9883 35.0342
5 7 171.766 37.8734 37.9048
5 8 164.85 34.0223 34.0258
5 9 149.348 28.1083 28.1368
5 10 154.426 31.4316 31.4536
5 11 155.583 35.4276 35.4443
5 12 119.064 23.0931 23.0873
5 13 112.016 23.4367 23.4064
5 14 105.018 19.5087 19.4845
5 15 107.785 22.257 22.249
5 16 83.9404 16.956 16.9372
5 17 76.7457 15.2433 15.22
5 18 76.8076 15.3914 15.2675
5 19 65.9555 12.7593 12.6882
5 20 55.8281 10.4423 10.2768
5 21 47.4965 9.68863 9.62356
5 22 31.983 6.75481 6.5782
5 23 11.7523 2.73413 2.57042
5 24 0 0.151737 0
6 0 96.1128 18.8146 18.7935
6 1 238.643 43.9605 43.7622
6 2 345.309 61.023 61.1436
6 3 374.689 67.6745 67.803
6 4 375.873 71.2467 71.3897
6 5 350.016 65.8376 65.9618
6 6 309.751 62.6205 62.749
6 7 270.648 55.627 55.6913
6 8 208.089 42.7798 42.8552
6 9 179.065 40.1025 40.1631
6 10 142.226 31.8865 31.902
6 11 113.397 23.891 23.8835
6 12 99.1854 23.51 23.5031
6 13 79.7705 19.3318 19.3088
6 14 78.6064 15.0836 15.0539
6 15 71.2896 13.9486 13.9378
6 16 61.9252 12.8267 12.7858
6 17 62.6255 13.004 12.9622
6 18 61.5074 12.9329 12.886
6 19 54.5384 10.9012 10.8354
6 20 42.605 8.41189 8.24307
6 21 36.9767 9.83953 9.76724
6 22 21.0396 4.13562 3.9475
6 23 9.11775 2.02428 1.86863
6 24 0 0.151737 0
7 0 16.0438 2.89003 2.72022
7 1 54.5054 10.4892 10.4152
7 2 78.8659 14.309 14.2609
7 3 110.027 18.6256 18.4749
7 4 108.461 18.6601 18.6322
7 5 123.119 22.8923 22.8659
7 6 135.818 25.7428 25.7389
7 7 140.37 30.8636 30.8747
7 8 128.17 24.3731 24.3531
7 9 123.787 22.1367 22.1486
7 10 130.686 26.4353 26.4431
7 11 131.119 29.736 29.7361
7 12 100.334 18.7874 18.7688
7 13 91.5035 17.8028 17.7609
7 14 86.4422 15.2607 15.224
7 15 90.7832 17.9333 17.9124
7 16 69.5846 13.2972 13.25
7 17 63.1938 11.9115 11.7782
7 18 62.5759 12.0006 11.8678
7 19 54.1368 9.83482 9.63513
7 20 44.8827 7.95134 7.78418
7 21 39.4088 8.01438 7.92329
7 22 24.0585 4.86349 4.68125
7 23 8.63113 1.92238 1.75701
7 24 0 0.151737 0
8 0 35.35 9.20348 9.14923
8 1 80.6448 21.6865 21.6974
8 2 117.993 33.3252 33.3755
8 3 119.441 31.3877 31.3996
8 4 111.699 27.2196 27.1937
8 5 97.9393 25.305 25.3267
8 6 83.1918 21.625 21.6149
8 7 74.905 20.1509 20.1345
8 8 57.9948 15.9773 15.9518
8 9 48.5453 13.1394 13.0885
8 10 40.0971 11.0259 10.9721
8 11 41.5076 11.905 11.8544
8 12 27.8483 8.17414 8.11641
8 13 27.938 8.35312 8.27981
8 14 26.3041 7.57165 7.43633
8 15 28.475 10.3926 10.3393
8 16 25.108 6.75204 6.67119
8 17 21.3245 6.08813 6.01559
8 18 15.6662 4.66454 4.5727
8 19 22.1019 5.54612 5.3991
8 20 17.8624 4.92397 4.84377
8 21 18.3821 4.78461 4.68696
8 22 10.5257 2.77001 2.61371
8 23 3.41315 0.972659 0.825114
8 24 0 0.151737 0
9 0 10.2863 2.73613 2.57384
9 1 18.795 6.55552 6.38393
9 2 24.2085 5.57284 5.39855
9 3 26.838 8.44037 8.36659
9 4 33.4212 8.06677 8.0031
9 5 27.8671 5.6255 5.44059
9 6 38.4217 9.34474 9.29536
9 7 31.3952 7.1815 7.03019
9 8 36.6801 9.7331 9.67268
9 9 25.5607 6.06899 5.98823
9 10 23.7399 5.16801 5.01053
9 11 24.464 5.86722 5.70827
9 12 18.7303 4.4111 4.31857
9 13 20.5128 5.80031 5.64548
9 14 18.5763 4.43236 4.26059
9 15 17.0013 4.41903 4.33656
9 16 14.3558 3.77415 3.68721
9 17 13.552 3.51737 3.44183
9 18 14.2317 3.55218 3.39962
9 19 11.8188 3.16452 3.05311
9 20 10.9453 2.64873 2.49261
9 21 8.08768 1.86634 1.70028
9 22 7.92453 2.05953 1.89695
9 23 3.12119 0.970331 0.813407
9 24 0 0.151737 0
