0.03 0
1 0 931.934 79.2942 79.133
1 1 320.113 23.2148 23.1867
1 2 327.312 25.6058 25.5752
1 3 310.68 24.5414 24.5124
1 4 294.576 24.4032 24.3746
1 5 258.4 20.9235 20.8989
1 6 242.085 20.8482 20.8233
1 7 222.294 19.0457 19.0225
1 8 194.444 17.6021 17.5792
1 9 175.031 14.6128 14.5935
1 10 152.749 12.4208 12.4035
1 11 142.001 13.3168 13.2957
1 12 132.159 12.4205 12.3998
1 13 116.647 9.65695 9.64085
1 14 101.93 8.56964 8.55368
1 15 98.8861 8.24291 8.22729
1 16 98.9138 8.45771 8.44137
1 17 87.549 7.38777 7.37219
1 18 1708.49 170.853 170.342
