0.03 0
1 0 170.008 35.2667 35.176
1 1 167.989 34.8258 34.7354
1 2 168.684 33.5037 33.4202
1 3 180.673 42.2757 42.161
1 4 139.124 29.4071 29.4212
1 5 155.534 37.8699 37.8499
1 6 158.302 39.5214 39.5653
1 7 138.027 31.0822 31.0372
1 8 161.592 35.8367 35.8692
1 9 149.261 30.793 30.8113
1 10 157.618 35.6193 35.5031
1 11 148.68 34.0001 33.8923
1 12 145.1 28.7982 28.6614
1 13 155.015 34.7615 34.8262
1 14 171.478 40.8791 40.7609
1 15 161.962 36.3024 36.1881
1 16 160.061 39.5333 39.4284
1 17 153.378 39.0468 38.9139
1 18 166.196 40.1221 40.0014
1 19 151.786 36.2932 36.1755
1 20 172.399 38.0573 37.9483
1 21 170.092 38.5767 38.6162
1 22 168.755 38.3124 38.2049
1 23 149.288 31.3166 31.2252
1 24 0 0.177491 0
2 0 171.615 38.792 38.768
2 1 167.235 40.8378 40.8946
2 2 155.23 31.1427 31.1129
2 3 155.515 31.4293 31.416
2 4 121.703 22.4325 22.4449
2 5 130.141 32.1746 32.1327
2 6 124.582 27.6615 27.6311
2 7 129.588 25.3887 25.3323
2 8 138.303 27.7472 27.6983
2 9 141.124 29.5948 29.6093
2 10 156.825 34.6153 34.6141
2 11 140.755 27.1643 26.9799
2 12 158.299 32.2192 32.1896
2 13 154.768 31.8825 31.8638
2 14 151.624 27.8083 27.8167
2 15 131.692 24.2312 24.2001
2 16 138.405 33.4819 33.4245
2 17 128.433 29.8207 29.7509
2 18 120.139 27.3925 27.4106
2 19 131.812 26.4329 26.3802
2 20 142.513 28.703 28.6748
2 21 138.59 25.2913 25.2488
2 22 150.868 29.0538 29.0665
2 23 163.839 38.0198 38.0635
2 24 0 0.177491 0
