0 0
1 0 361.934 86.5261 86.3897
1 1 639.893 143.307 143.137
1 2 550.129 112.127 111.992
1 3 378.097 75.4187 75.3149
1 4 243.355 53.3648 53.2588
1 5 151.793 31.6916 31.6008
1 6 100.775 22.7309 22.6282
1 7 57.9467 13.0095 13.0116
1 8 56.1208 17.0043 16.824
1 9 29.5756 6.48931 5.95442
1 10 28.6637 7.57989 7.3773
1 11 21.2484 4.89133 4.81133
1 12 177.52 47.459 47.3114
2 0 228.823 52.1445 52.0321
2 1 597.848 125.3 125.152
2 2 488.28 93.2996 93.1862
2 3 318.396 62.8952 62.8572
2 4 216.398 45.2488 45.3118
2 5 135.907 37.503 37.4838
2 6 78.862 20.2389 20.0769
2 7 49.7191 12.3846 12.2886
2 8 33.3748 7.83319 7.47172
2 9 26.76 6.56762 6.20264
2 10 22.4772 5.34679 4.90074
2 11 21.272 6.12922 5.80113
2 12 167.995 43.143 43.1783
3 0 106.606 31.3448 31.1718
3 1 195.289 55.9149 55.7453
3 2 171.978 52.5988 52.4079
3 3 137.575 42.0123 41.8241
3 4 86.5007 24.9039 24.739
3 5 63.3856 17.3568 17.2086
3 6 29.4404 7.75877 7.55702
3 7 23.9552 6.19324 6.04443
3 8 16.1788 4.55837 4.11106
3 9 13.0456 5.05912 4.94229
3 10 8.48786 2.61428 2.2513
3 11 5.98598 1.96813 1.54309
3 12 73.2764 21.5777 21.406
4 0 58.5234 17.5652 17.4642
4 1 167.053 49.3674 49.1891
4 2 115.363 29.4663 29.3346
4 3 92.6099 24.0813 24.0609
4 4 65.3348 18.8613 18.6967
4 5 36.317 8.90005 8.7828
4 6 30.1708 9.53501 9.39585
4 7 13.7202 3.85918 3.42775
4 8 11.4991 3.45405 3.08294
4 9 9.07957 3.01608 2.64421
4 10 9.35799 3.17817 2.96055
4 11 6.74787 2.1326 1.76419
4 12 44.9211 14.654 14.5641
