0.03 0
1 0 1214.86 287.669 288.141
1 1 519.535 106.779 107.001
1 2 535.305 111.411 111.603
1 3 505.467 102.797 102.965
1 4 494.76 99.6149 99.8198
1 5 454.576 93.7164 93.9202
1 6 421.964 89.8933 90.0842
1 7 368.775 77.7534 77.8735
1 8 318.432 66.587 66.6877
1 9 295.494 65.9579 66.0953
1 10 242.132 50.2601 50.351
1 11 226.483 48.0401 48.0895
1 12 203.362 42.867 42.9013
1 13 174.943 37.9657 38.0325
1 14 140.49 29.0515 29.0732
1 15 123.951 25.4663 25.2876
1 16 104.025 23.4604 23.4413
1 17 98.0987 20.0083 19.9708
1 18 93.6932 22.8282 22.8389
1 19 66.5684 14.0788 14.0466
1 20 69.3883 20.9952 20.9996
1 21 70.7619 17.8892 17.884
1 22 52.7114 11.9711 11.9471
1 23 47.4891 12.0681 12.0082
1 24 630.545 154.312 154.656
2 0 901.443 194.465 194.817
2 1 384.918 65.8599 65.9887
2 2 407.766 79.9419 80.0622
2 3 397.177 78.5876 78.7009
2 4 387.303 72.6932 72.8333
2 5 358.151 71.0276 71.1716
2 6 326.427 62.5578 62.6802
2 7 288.747 57.6791 57.7487
2 8 251.921 49.8602 49.916
2 9 237.906 50.194 50.2896
2 10 189.035 36.3683 36.4209
2 11 180.808 36.7566 36.7748
2 12 160.202 31.4148 31.4205
2 13 140.18 27.0634 27.099
2 14 112.674 22.2162 22.1789
2 15 96.5603 17.8582 17.6834
2 16 87.0082 19.4086 19.3772
2 17 82.0841 16.0431 15.9936
2 18 74.3421 16.5534 16.5454
2 19 52.937 10.5 10.3079
2 20 51.8181 15.4101 15.263
2 21 51.1703 11.2514 11.2051
2 22 43.4634 9.73781 9.70859
2 23 36.8439 8.52627 8.44833
2 24 487.87 110.736 110.984
3 0 313.418 93.1403 93.3247
3 1 134.617 40.9704 41.0125
3 2 127.539 31.5216 31.5404
3 3 108.289 24.2741 24.2643
3 4 107.458 26.9895 26.9865
3 5 96.4255 22.7312 22.7485
3 6 95.5367 27.4061 27.404
3 7 80.0283 20.1867 20.1248
3 8 66.5113 16.8171 16.7717
3 9 57.5887 15.8394 15.8057
3 10 53.0968 13.9797 13.9301
3 11 45.6749 11.3793 11.3147
3 12 43.1596 11.5206 11.4808
3 13 34.7631 10.9787 10.9335
3 14 27.816 6.92833 6.89431
3 15 27.3904 7.74835 7.6042
3 16 17.0169 4.22791 4.06414
3 17 16.0146 4.14892 3.97727
3 18 19.351 6.3527 6.29341
3 19 13.6314 3.81404 3.73867
3 20 17.5701 5.81831 5.73656
3 21 19.5915 6.73596 6.67884
3 22 9.24797 2.40068 2.23853
3 23 10.6452 3.71701 3.55984
3 24 142.675 43.5998 43.6722
4 0 735.417 173.063 173.414
4 1 247.939 57.8144 57.9297
4 2 247.376 54.9163 54.9894
4 3 245.385 51.1974 51.2648
4 4 240.646 50.8052 50.8992
4 5 228.284 48.9899 49.0871
4 6 215.118 47.1897 47.2779
4 7 196.379 44.9826 45.0343
4 8 166.547 36.7422 36.7662
4 9 158.871 37.3409 37.3978
4 10 127.997 26.6744 26.6742
4 11 122.864 27.4664 27.4666
4 12 106.222 22.0396 22.0218
4 13 86.0661 18.0034 18.0109
4 14 72.9917 16.6475 16.6406
4 15 65.4034 13.9204 13.7541
4 16 59.162 13.4951 13.4311
4 17 49.8368 10.8392 10.7788
4 18 47.8157 11.2253 11.1743
4 19 34.065 7.31016 7.13815
4 20 36.1301 8.84596 8.81835
4 21 36.4188 9.00151 8.97112
4 22 30.6054 7.75547 7.66156
4 23 26.6114 6.89391 6.81048
4 24 325.955 79.1714 79.3509
5 0 479.444 114.475 114.727
5 1 271.596 49.0119 49.0716
5 2 287.929 56.5319 56.6131
5 3 260.082 51.6742 51.7004
5 4 254.114 48.8309 48.9207
5 5 226.292 44.7913 44.8331
5 6 206.847 42.7671 42.8063
5 7 172.396 32.8639 32.8392
5 8 151.886 29.9224 29.9215
5 9 136.623 28.6897 28.6975
5 10 114.135 23.6885 23.6769
5 11 103.619 20.6588 20.6229
5 12 97.1396 20.9296 20.8794
5 13 88.877 20.0691 20.0216
5 14 67.4979 12.4821 12.4327
5 15 58.5473 11.6956 11.5336
5 16 44.863 10.0767 10.0102
5 17 48.262 9.2683 9.192
5 18 45.8775 11.705 11.6646
5 19 32.5034 6.97848 6.90841
5 20 33.2581 12.3276 12.1812
5 21 34.3431 8.98071 8.91286
5 22 22.106 4.43701 4.28555
5 23 20.8777 5.35521 5.19769
5 24 304.59 75.1472 75.3052
6 0 536.119 114.275 114.511
6 1 175.284 31.5774 31.5852
6 2 182.804 38.6865 38.715
6 3 183.881 36.0807 36.1065
6 4 179.452 34.4203 34.4665
6 5 173.602 35.7456 35.8018
6 6 161.812 30.197 30.2379
6 7 151.939 33.1324 33.1504
6 8 130.434 28.1019 28.1021
6 9 125.344 27.893 27.9226
6 10 100.36 19.7552 19.7344
6 11 96.0949 20.6212 20.5994
6 12 84.3639 16.6737 16.643
6 13 69.1678 13.4041 13.3634
6 14 58.7598 13.3108 13.2691
6 15 49.054 9.3011 9.13369
6 16 47.7563 10.6682 10.5955
6 17 40.2374 8.35316 8.28498
6 18 38.0282 8.4525 8.25903
6 19 27.2581 5.45804 5.28668
6 20 23.9929 4.66008 4.49931
6 21 24.1846 4.54701 4.36869
6 22 24.8806 6.40089 6.31083
6 23 20.9421 5.50364 5.41759
6 24 240.356 54.1611 54.275
7 0 365.325 80.1408 80.3058
7 1 209.634 34.5178 34.4035
7 2 224.962 41.327 41.3472
7 3 213.296 42.5846 42.5944
7 4 207.851 38.3054 38.3668
7 5 184.549 35.3538 35.3698
7 6 164.616 32.4297 32.4423
7 7 136.808 24.6349 24.5982
7 8 121.487 21.8387 21.814
7 9 112.561 22.3973 22.367
7 10 88.6747 16.8213 16.6866
7 11 84.7131 16.2218 16.1753
7 12 75.838 14.8445 14.7775
7 13 71.0121 13.7957 13.7357
7 14 53.9139 9.07828 8.90982
7 15 47.5064 8.72095 8.54974
7 16 39.2518 8.85209 8.78162
7 17 41.8467 7.78727 7.70858
7 18 36.314 8.33709 8.28641
7 19 25.6789 5.18368 5.02121
7 20 27.8252 10.9086 10.7637
7 21 26.9857 6.92243 6.83645
7 22 18.5828 3.54605 3.39777
7 23 15.9018 3.18506 3.03073
7 24 247.515 56.5998 56.7088
8 0 199.298 58.8115 58.9035
8 1 72.6549 26.3395 26.3444
8 2 64.5725 16.3014 16.2745
8 3 61.5042 15.193 15.1583
8 4 61.1943 16.463 16.4327
8 5 54.6822 13.3446 13.2852
8 6 53.3058 17.0699 17.04
8 7 44.4399 11.9593 11.8838
8 8 36.1132 8.8348 8.66411
8 9 33.5265 9.54222 9.47511
8 10 27.6361 7.01134 6.93981
8 11 26.7687 6.93917 6.86714
8 12 21.858 5.53524 5.37889
8 13 16.8982 4.7081 4.64756
8 14 14.2319 3.53279 3.37147
8 15 16.3494 4.75267 4.62037
8 16 11.4057 3.0015 2.83559
8 17 9.59938 2.63693 2.49385
8 18 9.78751 3.0169 2.91525
8 19 6.80683 1.9994 1.85147
8 20 12.1372 4.40606 4.31904
8 21 12.2341 4.66385 4.60243
8 22 5.72483 1.51392 1.35074
8 23 5.66929 1.54772 1.39288
8 24 85.5992 25.0597 25.0759
9 0 114.12 34.3931 34.4212
9 1 61.9625 14.7161 14.6681
9 2 62.9663 15.2905 15.2659
9 3 46.7852 9.27071 9.10606
9 4 46.2635 10.6161 10.5538
9 5 41.7433 9.50739 9.46332
9 6 42.2309 10.4311 10.364
9 7 35.5884 8.32491 8.24099
9 8 30.398 8.18725 8.10756
9 9 24.0622 6.4214 6.33055
9 10 25.4607 7.07016 6.99029
9 11 18.9061 4.53484 4.44756
9 12 21.3016 6.19215 6.10187
9 13 17.8649 6.38949 6.28593
9 14 13.5841 3.61231 3.52284
9 15 11.041 3.14415 2.98382
9 16 5.61118 1.38762 1.22855
9 17 6.41523 1.64699 1.48342
9 18 9.56353 3.45508 3.37815
9 19 6.82455 1.98111 1.8872
9 20 5.43289 1.57888 1.41752
9 21 7.35739 2.18382 2.07641
9 22 3.52314 1.04434 0.887787
9 23 4.9759 2.34268 2.16696
9 24 57.0754 18.5958 18.5964
