0.03 0
1 0 0.858683 0.17816 0.17166
1 1 2.96284 0.239738 0.240129
1 2 9.16083 0.669732 0.671405
1 3 19.9285 1.17499 1.16803
1 4 33.69 2.49367 2.50053
1 5 35.5183 2.62985 2.61871
1 6 35.9526 2.44103 2.43162
1 7 31.506 2.09197 2.09081
1 8 25.8355 1.68173 1.67319
1 9 23.058 1.41722 1.41405
1 10 18.9681 1.21459 1.21357
1 11 13.931 0.778217 0.773101
1 12 13.5207 0.852069 0.847162
1 13 10.4906 0.644705 0.641049
1 14 8.52553 0.544832 0.541296
1 15 7.18194 0.424249 0.421697
1 16 5.93053 0.386475 0.382901
1 17 3.76422 0.228086 0.192361
1 18 4.30698 0.299308 0.295012
1 19 3.47184 0.220859 0.216638
1 20 2.05305 0.136984 0.111532
1 21 1.59434 0.107773 0.0843493
1 22 1.67277 0.119812 0.0884544
1 23 1.44308 0.113 0.107303
1 24 10.1867 0.772298 0.7364
2 0 1.19663 0.131134 0.126652
2 1 4.69583 0.304686 0.239105
2 2 15.9933 1.20794 1.20598
2 3 26.1021 1.93749 1.94279
2 4 34.5769 2.29499 2.29444
2 5 36.579 2.45932 2.45927
2 6 35.1166 2.43309 2.43296
2 7 26.0727 1.68706 1.68469
2 8 20.3101 1.23688 1.2379
2 9 17.2096 1.03011 1.02855
2 10 15.4003 0.967395 0.962841
2 11 12.9238 0.773937 0.770681
2 12 10.6529 0.621323 0.617894
2 13 8.88373 0.572904 0.569303
2 14 7.17314 0.444482 0.395411
2 15 4.82663 0.289201 0.286209
2 16 4.71046 0.286512 0.282513
2 17 3.64616 0.237049 0.20048
2 18 3.64241 0.228292 0.225093
2 19 2.35169 0.158692 0.131727
2 20 1.70636 0.152245 0.147748
2 21 1.16941 0.0867385 0.0636835
2 22 1.10063 0.076052 0.0536962
2 23 1.38172 0.102529 0.0786252
2 24 8.10282 0.450601 0.44814
