0 0
1 0 3429.08 338.413 336.419
1 1 928.163 76.8109 76.6517
1 2 566.354 40.0536 39.9891
1 3 353.693 23.8429 23.8124
1 4 219.664 14.4735 14.4565
1 5 135.075 8.67476 8.66329
1 6 91.1429 6.27388 6.26292
1 7 56.0107 3.88389 3.87372
1 8 36.5461 2.59186 2.5816
1 9 25.9917 1.78897 1.77945
1 10 18.7017 1.34628 1.33599
1 11 12.5136 0.887634 0.890117
1 12 9.68551 0.739641 0.736241
1 13 5.14764 0.317379 0.318089
1 14 4.24359 0.338275 0.336538
1 15 4.57284 0.415144 0.41191
1 16 2.59097 0.158276 0.152379
1 17 2.44849 0.218255 0.213906
1 18 14.5745 1.49039 1.49104
