0.03 0
1 0 1185.28 268.448 268.877
1 1 507.986 99.3875 99.5912
1 2 527.605 106.484 106.663
1 3 502.023 100.5 100.661
1 4 488.986 95.9191 96.1148
1 5 444.628 87.4524 87.6399
1 6 415.078 85.2972 85.4748
1 7 359.151 71.5961 71.6985
1 8 308.89 60.49 60.5727
1 9 287.795 61.0324 61.1552
1 10 240.614 49.1941 49.2813
1 11 222.633 45.5765 45.6195
1 12 201.843 41.8006 41.8316
1 13 171.093 35.5029 35.5625
1 14 140.49 29.0515 29.0732
1 15 124.357 25.6311 25.4529
1 16 100.175 20.9977 20.9713
1 17 98.0987 20.0083 19.9708
1 18 91.4439 21.4919 21.4986
1 19 66.5684 14.0788 14.0466
1 20 67.4634 19.7637 19.7646
1 21 66.9122 15.4264 15.414
1 22 52.7114 11.9711 11.9471
1 23 45.5643 10.8368 10.7732
1 24 616.911 145.708 146.026
2 0 886.858 184.939 185.267
2 1 382.993 64.6282 64.7537
2 2 401.991 76.2459 76.3571
2 3 393.327 76.1249 76.2309
2 4 383.453 70.2297 70.3633
2 5 348.202 64.7638 64.8913
2 6 322.984 60.2591 60.3755
2 7 281.048 52.7537 52.8086
2 8 244.628 45.0985 45.1413
2 9 232.131 46.4991 46.5846
2 10 189.442 36.5335 36.5862
2 11 176.958 34.2938 34.3048
2 12 160.202 31.4148 31.4205
2 13 138.255 25.8322 25.864
2 14 112.674 22.2162 22.1789
2 15 96.5603 17.8582 17.6834
2 16 83.1585 16.946 16.9072
2 17 82.0841 16.0431 15.9936
2 18 72.0929 15.2172 15.2052
2 19 52.937 10.5 10.3079
2 20 51.8181 15.4101 15.263
2 21 49.2455 10.0202 9.97014
2 22 43.4634 9.73781 9.70859
2 23 34.9191 7.29494 7.21332
2 24 478.086 104.593 104.824
3 0 298.425 83.4524 83.61
3 1 124.993 34.8134 34.8375
3 2 125.614 30.2905 30.3054
3 3 108.696 24.4388 24.4297
3 4 105.533 25.7581 25.7515
3 5 96.4255 22.7312 22.7485
3 6 92.0936 25.108 25.0994
3 7 78.1034 18.9554 18.8898
3 8 64.262 15.4809 15.4314
3 9 55.6639 14.6082 14.5707
3 10 51.172 12.7484 12.6951
3 11 45.6749 11.3793 11.3147
3 12 41.6413 10.454 10.4111
3 13 32.8382 9.74741 9.69849
3 14 27.816 6.92833 6.89431
3 15 27.797 7.91318 7.76952
3 16 17.0169 4.22791 4.06414
3 17 16.0146 4.14892 3.97727
3 18 19.351 6.3527 6.29341
3 19 13.6314 3.81404 3.73867
3 20 15.6453 4.58678 4.50155
3 21 17.6667 5.50454 5.44383
3 22 9.24797 2.40068 2.23853
3 23 10.6452 3.71701 3.55984
3 24 138.825 41.1367 41.2022
4 0 869.023 195.6 195.968
4 1 293.648 63.0107 63.1363
4 2 308.36 65.5055 65.5961
4 3 312.89 66.1326 66.2325
4 4 307.422 62.2532 62.3784
4 5 288.692 58.9644 59.0808
4 6 274.031 57.8865 58.0015
4 7 238.489 49.1593 49.2147
4 8 203.324 40.9431 40.9778
4 9 197.493 43.6243 43.7034
4 10 159.642 32.6164 32.6658
4 11 149.173 30.7697 30.7794
4 12 137.607 29.762 29.7595
4 13 116.766 25.7845 25.815
4 14 95.9717 20.8456 20.8451
4 15 83.5658 17.513 17.3429
4 16 70.5055 14.7581 14.6957
4 17 65.336 13.6166 13.5595
4 18 62.2776 14.9094 14.8963
4 19 44.9203 9.67199 9.5075
4 20 44.2253 9.70618 9.67845
4 21 43.4919 9.66413 9.63389
4 22 35.6036 8.54177 8.45927
4 23 30.6438 7.81378 7.74392
4 24 404.162 92.8693 93.0837
5 0 316.261 72.794 72.9089
5 1 214.338 36.4264 36.4549
5 2 219.245 41.0228 41.0664
5 3 189.133 34.431 34.4281
5 4 181.564 33.7192 33.7364
5 5 155.936 28.5545 28.5591
5 6 141.047 27.4746 27.4734
5 7 120.662 22.532 22.4838
5 8 105.566 19.6262 19.5949
5 9 90.3024 17.4762 17.4518
5 10 80.9713 16.6632 16.6156
5 11 73.4597 14.8866 14.8401
5 12 64.2367 12.1385 12.0721
5 13 54.3273 9.92132 9.74747
5 14 44.518 8.31658 8.22815
5 15 40.7915 8.27137 8.11002
5 16 29.6698 6.34835 6.2756
5 17 32.7628 6.50584 6.41131
5 18 29.1664 6.65823 6.60233
5 19 21.648 4.61553 4.53906
5 20 23.2381 10.2486 10.0861
5 21 23.4203 5.85581 5.78007
5 22 17.1078 3.63948 3.48784
5 23 14.9205 3.19283 3.02924
5 24 212.749 52.8375 52.9422
6 0 639.219 131.26 131.518
6 1 214.199 37.4415 37.4626
6 2 227.885 46.0395 46.0788
6 3 236.637 47.8971 47.9485
6 4 232.986 43.0511 43.1196
6 5 220.931 42.5777 42.6467
6 6 208.978 38.8898 38.9543
6 7 187.178 36.7076 36.7277
6 8 157.029 29.7904 29.7953
6 9 158.374 32.7349 32.7835
6 10 125.911 24.3051 24.3308
6 11 115.346 22.4081 22.3918
6 12 109.693 22.8427 22.8233
6 13 92.3948 17.8966 17.9039
6 14 77.9333 16.6958 16.6566
6 15 64.0659 12.1575 11.9871
6 16 57.8939 11.6963 11.6243
6 17 52.899 10.3957 10.3292
6 18 48.3829 10.5988 10.5726
6 19 36.0245 7.31606 7.14026
6 20 32.8465 6.39401 6.23587
6 21 30.984 5.83352 5.65617
6 22 29.1783 7.0661 6.98982
6 23 22.737 4.83587 4.74836
6 24 303.299 64.6249 64.7721
7 0 247.639 53.6844 53.7489
7 1 168.794 27.4212 27.2911
7 2 174.106 30.2814 30.2784
7 3 156.69 28.3023 28.2824
7 4 150.467 27.2454 27.2437
7 5 127.271 22.2786 22.2446
7 6 114.007 21.4562 21.4212
7 7 93.8695 16.1431 16.0809
7 8 87.5996 15.4024 15.346
7 9 73.7575 13.8513 13.8011
7 10 63.5308 12.4049 12.2554
7 11 61.6121 11.9671 11.913
7 12 50.5085 8.75142 8.59721
7 13 45.8603 8.12831 7.96016
7 14 34.7404 5.69304 5.52232
7 15 32.4944 5.86279 5.69633
7 16 25.2646 5.3587 5.28281
7 17 29.1851 5.75626 5.66435
7 18 23.71 4.72502 4.63263
7 19 16.9125 3.32837 3.16763
7 20 18.9717 9.18268 9.02715
7 21 18.2615 4.40562 4.31397
7 22 14.2851 2.86691 2.71877
7 23 12.1821 2.61436 2.46496
7 24 174.787 39.9834 40.0516
8 0 229.803 64.3428 64.45
8 1 79.4486 25.6705 25.6738
8 2 80.4752 19.5344 19.5173
8 3 76.2533 18.309 18.284
8 4 74.4358 19.281 19.2588
8 5 67.7609 16.465 16.4341
8 6 65.0533 19.0713 19.0472
8 7 51.3108 12.5636 12.487
8 8 46.2953 11.3452 11.1825
8 9 39.119 10.9843 10.9199
8 10 33.7314 8.402 8.33494
8 11 33.8273 8.45896 8.38761
8 12 27.9131 7.09504 6.9362
8 13 24.3713 7.96155 7.91117
8 14 18.0384 4.35315 4.18847
8 15 19.4999 5.48953 5.35582
8 16 12.6116 3.24213 3.07135
8 17 12.4369 3.37841 3.23031
8 18 13.8947 4.40122 4.32371
8 19 8.89587 2.52184 2.36724
8 20 11.3788 3.53152 3.44258
8 21 12.5079 4.04029 3.97772
8 22 6.42532 1.63599 1.46945
8 23 7.90677 3.14792 2.99556
8 24 100.863 28.2857 28.3116
9 0 68.6219 19.1912 19.16
9 1 45.5446 9.22683 9.16372
9 2 45.1388 10.8285 10.788
9 3 32.4427 6.30405 6.14567
9 4 31.0971 6.66279 6.49272
9 5 28.6646 6.453 6.31445
9 6 27.0404 6.12847 6.05214
9 7 26.7926 6.48247 6.40285
9 8 17.9668 4.34051 4.24889
9 9 16.5449 3.74651 3.65073
9 10 17.4406 4.45294 4.36016
9 11 11.8476 3.01512 2.9271
9 12 13.7282 3.57052 3.47489
9 13 8.46698 1.97413 1.78731
9 14 9.77757 2.80047 2.70584
9 15 8.29705 2.56734 2.4137
9 16 4.40526 1.1424 0.992795
9 17 3.5777 0.913469 0.746955
9 18 5.45639 2.12694 1.9697
9 19 4.73551 1.48045 1.37143
9 20 4.26647 1.22848 1.05897
9 21 5.15879 1.58033 1.46611
9 22 2.82264 0.922167 0.769071
9 23 2.73843 0.728591 0.564284
9 24 37.9619 12.9421 12.8906
