0 0
1 0 51.2423 12.4022 12.2867
1 1 43.2216 14.3806 14.1654
1 2 41.5403 9.52264 9.41946
1 3 36.8239 10.2401 10.0897
1 4 42.9632 10.9863 10.8582
1 5 37.0186 9.76693 9.63127
1 6 34.5913 9.13228 8.99674
1 7 42.0174 14.2817 14.0575
1 8 44.4265 10.2121 10.1082
1 9 54.0224 13.522 13.3984
1 10 53.3671 16.0881 15.9098
1 11 65.4734 15.1267 15.0207
1 12 88.3014 21.8993 21.7762
1 13 99.8862 24.6541 24.5317
1 14 121.406 30.2977 30.1715
1 15 177.528 46.3399 46.199
1 16 219.526 51.0407 50.9247
1 17 283.418 67.5071 67.3802
1 18 393.785 90.8958 90.763
1 19 613.529 144.376 144.202
1 20 0 0.218376 0
2 0 96.2797 24.4626 24.3332
2 1 81.74 20.2934 20.1704
2 2 73.6608 19.1522 19.0179
2 3 71.9959 16.6409 16.5344
2 4 66.2119 14.7776 14.6784
2 5 66.7933 14.8278 14.7297
2 6 64.9288 13.934 13.8423
2 7 74.8431 17.9246 17.8103
2 8 80.1142 19.4022 19.2851
2 9 89.3007 20.8575 20.7481
2 10 104.14 27.5305 27.3901
2 11 109.667 31.6645 31.4973
2 12 111.953 28.2383 28.1099
2 13 124.049 28.4197 28.3127
2 14 129.775 30.6951 30.581
2 15 160.513 45.1087 44.9473
2 16 196.517 49.6598 49.526
2 17 209.928 47.8707 47.7596
2 18 263.4 61.3437 61.2237
2 19 368.564 87.7844 87.648
2 20 0 0.218376 0
3 0 19.6317 6.12679 5.94339
3 1 18.0433 5.56955 5.39093
3 2 13.6567 4.43933 4.24596
3 3 10.467 2.84925 2.71468
3 4 12.913 4.24779 4.05092
3 5 11.9408 7.15842 6.55557
3 6 9.92409 3.3072 3.11067
3 7 7.38418 2.26082 2.09917
3 8 14.1236 4.82025 4.60736
3 9 16.8991 5.81774 5.59818
3 10 16.2965 4.924 4.75375
3 11 19.8147 6.89937 6.67248
3 12 21.5462 7.08911 6.8848
3 13 20.6023 6.31396 6.13643
3 14 35.773 11.6164 11.4125
3 15 31.0221 9.77463 9.58356
3 16 50.7533 15.6659 15.4793
3 17 78.3433 24.544 24.3496
3 18 113.836 40.0338 39.7872
3 19 198.621 67.5899 67.353
3 20 0 0.218376 0
4 0 25.1145 7.87069 7.68336
4 1 14.159 4.23919 4.07359
4 2 16.4197 5.04525 4.86929
4 3 13.1043 4.12121 3.94033
4 4 11.8639 3.55886 3.39504
4 5 15.5858 4.84706 4.66762
4 6 15.6737 4.71327 4.54503
4 7 16.5492 5.56465 5.35516
4 8 16.0743 4.80582 4.63916
4 9 19.3743 7.76881 7.4713
4 10 19.8474 6.187 6.00389
4 11 19.8519 5.63118 5.47875
4 12 19.8284 5.47627 5.33158
4 13 26.664 7.51399 7.36139
4 14 37.1571 11.5141 11.3279
4 15 34.6207 11.0318 10.8357
4 16 50.5685 15.0783 14.9041
4 17 54.5272 15.4481 15.2903
4 18 64.7309 20.1542 19.9632
4 19 119.048 42.5939 42.3384
4 20 0 0.218376 0
