0 0
1 0 41.6905 2.81258 2.80319
1 1 70.9324 4.66899 4.65942
1 2 62.0553 4.13844 4.12885
1 3 45.5044 2.85624 2.84799
1 4 30.4544 1.97863 1.97006
1 5 21.0672 1.43422 1.42496
1 6 9.95691 0.588054 0.581207
1 7 7.64231 0.545441 0.535595
1 8 5.89194 0.444696 0.433836
1 9 3.71978 0.269057 0.259326
1 10 2.94264 0.214323 0.204643
1 11 2.66865 0.169751 0.170124
1 12 2.37255 0.242375 0.240032
1 13 1.57592 0.133553 0.0852287
1 14 1.32951 0.103157 0.100382
1 15 15.7083 1.19962 1.18811
2 0 29.2861 1.97283 1.96365
2 1 81.5307 5.4503 5.44017
2 2 62.6928 3.95925 3.95056
2 3 40.2628 2.4294 2.42183
2 4 28.6549 1.97206 1.9625
2 5 16.5884 1.05729 1.04921
2 6 10.3144 0.855184 0.841827
2 7 6.03541 0.388245 0.389265
2 8 4.09652 0.273367 0.222317
2 9 2.87309 0.209881 0.159516
2 10 3.58438 0.240887 0.237731
2 11 2.36256 0.178785 0.128982
2 12 1.81981 0.148392 0.0994722
2 13 1.20761 0.0981966 0.0961106
2 14 1.08906 0.0998674 0.0535689
2 15 13.1264 0.867251 0.869663
