0 0
1 0 197.661 46.9958 47.0885
1 1 244.459 53.7273 53.8272
1 2 238.999 51.3034 51.366
1 3 241.241 53.8835 53.9899
1 4 252.169 54.3853 54.4479
1 5 249.113 51.7953 51.8499
1 6 250.035 57.5673 57.6871
1 7 268.255 63.6824 63.8163
1 8 253.385 52.6617 52.7618
1 9 243.217 49.7989 49.8556
1 10 245.61 50.4559 50.5469
1 11 230.294 47.61 47.6933
1 12 245.888 49.3701 49.4579
1 13 270.604 61.4334 61.5601
1 14 258.609 49.6475 49.7537
1 15 249.156 49.5447 49.5964
1 16 246.136 49.5009 49.5875
1 17 240.578 47.8255 47.9113
1 18 241.519 49.2607 49.3485
1 19 250.074 54.7758 54.8843
1 20 282.569 64.2234 64.356
1 21 244.803 50.3881 50.4989
1 22 234.111 47.1103 47.1528
1 23 246.72 50.537 50.6333
1 24 240.393 46.3543 46.3986
1 25 245.502 47.9657 48.0609
1 26 248.787 52.0654 52.1653
1 27 245.059 47.1889 47.2398
1 28 240.675 50.4468 50.5373
1 29 181.525 39.9169 39.9125
1 30 4.84534 1.36565 1.22085
1 31 0 0.151737 0
1 32 0 0.151737 0
2 0 130.582 28.4354 28.4793
2 1 187.229 37.1464 37.2012
2 2 184.235 36.1095 36.13
2 3 182.036 37.5215 37.5832
2 4 203.122 41.9199 41.9566
2 5 196.795 37.9494 37.9657
2 6 193.522 38.5812 38.649
2 7 199.564 40.5277 40.5979
2 8 195.233 37.6643 37.5374
2 9 197.561 38.768 38.7933
2 10 193.152 37.337 37.3651
2 11 184.576 36.7335 36.5809
2 12 198.908 37.4452 37.5006
2 13 221.353 49.1981 49.2919
2 14 207.502 38.1838 38.2615
2 15 198.314 35.2853 35.2977
2 16 204.041 39.3977 39.4565
2 17 200.557 38.5082 38.5462
2 18 195.45 38.1746 38.2318
2 19 198.358 40.5729 40.6428
2 20 200.927 41.1715 41.2434
2 21 186.355 35.8113 35.8831
2 22 186.382 34.0649 34.0744
2 23 199.368 37.9841 38.0467
2 24 193.298 35.2141 35.2279
2 25 200.106 37.2506 37.3183
2 26 199.363 40.2549 40.324
2 27 194.547 35.2166 35.2344
2 28 164.685 31.2015 31.2335
2 29 98.1535 20.8084 20.6294
2 30 2.511 0.703755 0.561495
2 31 0 0.151737 0
2 32 0 0.151737 0
3 0 67.0784 18.6324 18.6092
3 1 57.2303 16.6515 16.626
3 2 54.7643 15.2657 15.2361
3 3 59.2052 16.4328 16.4067
3 4 49.0467 12.527 12.4912
3 5 52.3176 13.9218 13.8841
3 6 56.5132 19.0591 19.0381
3 7 68.6912 23.226 23.2184
3 8 58.1527 15.2688 15.2245
3 9 45.6564 11.1256 11.0622
3 10 52.4581 13.2194 13.1818
3 11 45.7176 11.1716 11.1124
3 12 46.9798 12.0004 11.9573
3 13 49.2513 12.3272 12.2682
3 14 51.1066 11.6006 11.4922
3 15 50.8418 14.3335 14.2987
3 16 42.0949 10.197 10.131
3 17 40.0209 9.41293 9.36508
3 18 46.069 11.2705 11.1167
3 19 51.716 14.2947 14.2415
3 20 81.6417 23.0942 23.1126
3 21 58.4474 14.6534 14.6158
3 22 47.7288 13.143 13.0784
3 23 47.3525 12.6282 12.5866
3 24 47.0954 11.215 11.1707
3 25 45.3954 10.7883 10.7425
3 26 49.4245 11.9045 11.8413
3 27 50.5114 12.0633 12.0054
3 28 75.9897 19.3346 19.3038
3 29 83.3717 19.3186 19.2832
3 30 2.33433 0.802036 0.659353
3 31 0 0.151737 0
3 32 0 0.151737 0
4 0 136.05 33.6783 33.7335
4 1 162.225 34.274 34.3216
4 2 163.848 35.2837 35.3084
4 3 159.998 34.4555 34.4728
4 4 167.048 37.7222 37.7438
4 5 168.018 35.7615 35.7771
4 6 164.048 40.8737 40.9492
4 7 179.013 45.0154 45.1044
4 8 167.921 34.8999 34.9557
4 9 147.221 30.7636 30.7745
4 10 152.182 32.2552 32.2716
4 11 151.543 34.2281 34.2759
4 12 158.2 32.2582 32.3024
4 13 171.256 38.2185 38.2817
4 14 173.497 33.8114 33.8634
4 15 155.697 32.0396 32.0476
4 16 154.515 30.3968 30.4261
4 17 151.741 30.6826 30.6984
4 18 155.435 32.8003 32.8143
4 19 165.988 36.539 36.597
4 20 212.234 50.1877 50.2897
4 21 158.157 32.8065 32.8567
4 22 152.524 32.2595 32.2432
4 23 164.139 34.5281 34.5718
4 24 156.627 30.5867 30.5879
4 25 164.175 33.4613 33.5126
4 26 164.861 36.2892 36.355
4 27 163.005 32.485 32.4957
4 28 161.235 32.6241 32.633
4 29 129.562 29.2273 29.1989
4 30 2.98452 0.956535 0.817547
4 31 0 0.151737 0
4 32 0 0.151737 0
5 0 61.6114 13.5085 13.355
5 1 82.2337 19.5453 19.5055
5 2 75.151 16.1077 16.0577
5 3 81.243 19.5122 19.5171
5 4 85.1205 16.7382 16.7041
5 5 81.095 16.1243 16.0728
5 6 85.9874 16.762 16.7379
5 7 89.2414 18.7336 18.7119
5 8 85.4639 17.9487 17.8062
5 9 95.9959 19.1103 19.0811
5 10 93.4282 18.2937 18.2753
5 11 78.7511 13.5523 13.4173
5 12 87.688 17.1942 17.1556
5 13 99.3476 23.4287 23.2785
5 14 85.1117 15.9498 15.8902
5 15 93.4591 17.5885 17.5488
5 16 91.6209 19.2037 19.1614
5 17 88.8368 17.2344 17.2129
5 18 86.0845 16.5611 16.5342
5 19 84.0862 18.4202 18.2873
5 20 70.3343 14.2166 14.0663
5 21 86.6454 17.6591 17.6422
5 22 81.5874 14.9396 14.9096
5 23 82.5814 16.0882 16.0614
5 24 83.766 15.9405 15.8107
5 25 81.3265 14.6988 14.5482
5 26 83.9263 15.8736 15.8103
5 27 82.0536 14.7911 14.7441
5 28 79.4398 17.9326 17.9043
5 29 51.9632 10.8503 10.7136
5 30 1.86082 0.553579 0.403302
5 31 0 0.151737 0
5 32 0 0.151737 0
6 0 92.7024 20.9893 21.0118
6 1 125.577 24.1938 24.212
6 2 124.843 24.911 24.9056
6 3 116.824 22.4627 22.4451
6 4 134.39 29.1364 29.1407
6 5 131.455 26.0607 26.0482
6 6 123.492 25.5219 25.5534
6 7 128.411 26.3805 26.4158
6 8 127.416 24.6084 24.4417
6 9 116.365 23.0715 23.0582
6 10 115.107 22.6863 22.6538
6 11 118.915 25.921 25.7352
6 12 124.543 23.4661 23.4814
6 13 136.555 29.0216 29.0589
6 14 136.931 25.703 25.7325
6 15 119.522 20.8365 20.8107
6 16 126.107 23.6535 23.6618
6 17 126.742 24.8209 24.7999
6 18 122.059 24.5987 24.5885
6 19 130.543 27.1513 27.1792
6 20 146.449 30.7919 30.8397
6 21 116.448 22.2195 22.2391
6 22 120.225 22.3038 22.2652
6 23 130.715 25.0573 25.0712
6 24 123.778 22.5017 22.479
6 25 131.658 25.6243 25.6549
6 26 128.139 27.1558 27.196
6 27 128.276 24.2149 24.2018
6 28 108.592 21.2572 21.2369
6 29 67.1811 14.6265 14.4447
6 30 1.32065 0.418985 0.275295
6 31 0 0.151737 0
6 32 0 0.151737 0
7 0 37.8801 7.64239 7.46749
7 1 61.6516 13.0463 12.9892
7 2 59.3925 11.2962 11.2243
7 3 65.2125 15.1462 15.1382
7 4 68.7315 12.8608 12.8159
7 5 65.3397 11.9884 11.9176
7 6 70.0299 13.1275 13.0956
7 7 71.153 14.3091 14.1821
7 8 67.8162 13.2526 13.0956
7 9 81.1958 15.7729 15.7351
7 10 78.0455 14.7402 14.7113
7 11 65.6614 10.9808 10.8456
7 12 74.3653 14.0802 14.0191
7 13 84.798 20.3649 20.2331
7 14 70.5714 12.6089 12.529
7 15 78.7922 14.5501 14.487
7 16 77.9338 15.8422 15.7947
7 17 73.8147 13.7915 13.7463
7 18 73.3917 13.6788 13.6433
7 19 67.8152 13.6114 13.4635
7 20 54.4781 10.5514 10.4037
7 21 69.9074 13.8256 13.644
7 22 66.1571 11.8776 11.8092
7 23 68.6526 13.0116 12.9755
7 24 69.5196 12.8927 12.7489
7 25 68.4486 11.826 11.6634
7 26 71.2241 13.1997 13.128
7 27 66.2713 11.1127 11.0326
7 28 56.093 10.0585 9.99667
7 29 30.9724 6.33325 6.18467
7 30 1.19035 0.431344 0.2862
7 31 0 0.151737 0
7 32 0 0.151737 0
8 0 43.3471 12.7771 12.7217
8 1 36.6482 10.1551 10.1096
8 2 39.0057 10.5601 10.4027
8 3 43.1748 12.0838 12.0277
8 4 32.6577 8.65138 8.6031
8 5 36.5623 9.77859 9.72895
8 6 40.5557 15.4242 15.3958
8 7 50.6027 18.7104 18.6886
8 8 40.5049 10.5826 10.5139
8 9 30.8563 7.78605 7.71625
8 10 37.0754 9.66654 9.61778
8 11 32.628 8.60495 8.54069
8 12 33.6571 8.87183 8.82093
8 13 34.7017 9.28785 9.2228
8 14 36.5664 8.35385 8.1309
8 15 36.175 11.2778 11.2369
8 16 28.4078 6.83674 6.76431
8 17 24.9988 5.97063 5.89846
8 18 33.3761 8.38467 8.22575
8 19 35.445 9.48088 9.41779
8 20 65.7855 19.469 19.4499
8 21 41.7094 10.6845 10.6176
8 22 32.2985 10.0511 9.97797
8 23 33.4237 9.54824 9.50067
8 24 32.849 8.18853 8.1089
8 25 32.5175 7.9317 7.8577
8 26 36.7224 9.33983 9.15904
8 27 34.7292 8.3617 8.29388
8 28 52.6428 11.444 11.3962
8 29 62.3809 14.8038 14.7542
8 30 1.66387 0.685516 0.542252
8 31 0 0.151737 0
8 32 0 0.151737 0
9 0 23.7313 6.02794 5.88753
9 1 20.5821 6.66593 6.51636
9 2 15.7586 4.92698 4.83333
9 3 16.0304 4.45268 4.37898
9 4 16.389 4.04391 3.88815
9 5 15.7553 4.23205 4.15519
9 6 15.9575 3.79398 3.64235
9 7 18.0885 4.6139 4.52984
9 8 17.6478 4.85783 4.71054
9 9 14.8001 3.44625 3.34596
9 10 15.3827 3.67295 3.56402
9 11 13.0896 2.74775 2.5717
9 12 13.3227 3.29096 3.13641
9 13 14.5496 3.22123 3.0454
9 14 14.5403 3.46292 3.36128
9 15 14.6669 3.22105 3.06176
9 16 13.6871 3.53127 3.36667
9 17 15.0221 3.63019 3.46662
9 18 12.6929 3.05403 2.89096
9 19 16.271 4.97437 4.82375
9 20 15.8562 3.82188 3.66262
9 21 16.7381 4.10019 3.9982
9 22 15.4303 3.26127 3.10041
9 23 13.9288 3.19545 3.08593
9 24 14.2464 3.22798 3.06183
9 25 12.8779 3.05397 2.88484
9 26 12.7022 2.80284 2.68231
9 27 15.7822 3.79653 3.71152
9 28 23.3468 8.04948 7.90763
9 29 20.9908 4.67368 4.52892
9 30 0.670465 0.250256 0.117102
9 31 0 0.151737 0
9 32 0 0.151737 0
