0 0
1 0 52.7021 2.98421 2.97729
1 1 116.563 5.96856 5.9609
1 2 95.2417 4.63607 4.62969
1 3 64.1663 2.7932 2.78864
1 4 42.6661 2.14152 2.13614
1 5 26.5845 1.42044 1.41462
1 6 13.2602 0.781503 0.774628
1 7 8.73199 0.524914 0.523043
1 8 7.5185 0.456443 0.44928
1 9 4.56922 0.266643 0.199864
1 10 4.46792 0.256675 0.253851
1 11 4.36789 0.234877 0.235479
1 12 2.74886 0.206362 0.204174
1 13 2.18093 0.126126 0.123704
1 14 1.92815 0.131611 0.0835761
1 15 1.88931 0.161222 0.15881
1 16 1.56796 0.0934497 0.0936207
1 17 1.33748 0.10621 0.0596932
1 18 0.987175 0.0839867 0.0393682
1 19 0.860435 0.0817265 0.0408225
1 20 0.732585 0.0738117 0.0286406
1 21 0.561629 0.0639617 0.022972
1 22 0.661167 0.0819408 0.0384391
1 23 0.765364 0.0676621 0.0281147
1 24 0.86344 0.0702835 0.0681742
1 25 0.665429 0.0741923 0.0344001
1 26 0.412629 0.0549826 0.0186865
1 27 0.525968 0.0739907 0.0256728
1 28 0.371563 0.0515921 0.0140031
1 29 0.340377 0.0470393 0.0128047
1 30 8.43471 0.685978 0.673212
2 0 14.0574 0.954723 0.945618
2 1 30.204 2.12932 2.11927
2 2 24.5713 1.72062 1.71079
2 3 19.7834 1.32432 1.31538
2 4 13.0303 0.950595 0.940135
2 5 8.59775 0.561704 0.553392
2 6 5.07336 0.379349 0.368768
2 7 2.95333 0.183293 0.18374
2 8 1.99997 0.133667 0.0825896
2 9 1.95159 0.157016 0.153698
2 10 1.79434 0.126507 0.117871
2 11 0.921101 0.0861205 0.0415757
2 12 0.840803 0.0686251 0.0665042
2 13 0.727538 0.0777107 0.0344544
2 14 0.647934 0.0616963 0.0586324
2 15 0.452109 0.0567912 0.0248119
2 16 0.426295 0.0597591 0.0199985
2 17 0.52347 0.0585661 0.0559906
2 18 0.192492 0.0394054 0.00709393
2 19 0.404693 0.0523223 0.0491019
2 20 0.28192 0.0501337 0.0135417
2 21 0.136663 0.0331988 0.00783973
2 22 0.403501 0.0530081 0.049083
2 23 0.103708 0.0231098 0.00289067
2 24 0.123913 0.031802 0.00767716
2 25 0.156743 0.0342614 0.00805603
2 26 0.0127502 0.00819748 0.000162567
2 27 0.190753 0.0367349 0.0102409
2 28 0.1415 0.0359223 0.00624201
2 29 0.111877 0.0232522 0.00225337
2 30 2.66955 0.18376 0.134474
