0.03 0
1 0 105.135 26.9603 26.8814
1 1 131.015 28.156 28.1653
1 2 140.241 32.9976 32.9369
1 3 129.873 30.1643 30.0338
1 4 136.267 33.6916 33.569
1 5 138.194 32.725 32.5997
1 6 126.413 33.001 33.0615
1 7 146.459 39.8291 39.6785
1 8 129.046 28.23 28.2409
1 9 109.635 23.0089 22.9186
1 10 115.705 25.9915 25.91
1 11 116.764 25.0865 25.0874
1 12 121.307 25.945 25.8516
1 13 137.039 33.3417 33.2209
1 14 138.78 28.4033 28.4145
1 15 121.279 24.5851 24.4994
1 16 119.113 23.5939 23.5858
1 17 116.992 24.9867 24.906
1 18 119.918 27.3953 27.2535
1 19 124.806 28.5974 28.4622
1 20 168.588 41.187 41.0633
1 21 131.21 31.0395 31.0587
1 22 115.525 25.4978 25.3518
1 23 130.361 27.6353 27.6349
1 24 120.635 24.0035 23.8548
1 25 132.242 28.9668 28.8304
1 26 128.92 28.3896 28.2904
1 27 127.18 26.0657 26.0168
1 28 127.212 25.9101 25.8287
1 29 110.466 26.1542 26.0099
1 30 2.98452 0.986383 0.817547
1 31 0 0.177491 0
1 32 0 0.177491 0
2 0 89.1499 19.6769 19.3975
2 1 114.059 28.8974 28.8704
2 2 105.633 24.6695 24.5844
2 3 111.568 26.2564 26.2729
2 4 118.484 25.3215 25.2795
2 5 111.878 22.3627 22.2683
2 6 119.862 25.0241 25.0158
2 7 134.291 34.0869 34.115
2 8 118.707 23.9897 23.7791
2 9 125.689 25.0074 24.9595
2 10 131.691 28.8233 28.796
2 11 111.156 23.0326 22.8028
2 12 118.84 22.8841 22.7985
2 13 134.032 31.4931 31.4688
2 14 118.645 22.6659 22.5774
2 15 122.812 24.7647 24.7172
2 16 119.952 25.1499 25.0806
2 17 118.427 22.5068 22.5088
2 18 119.431 22.9759 22.9359
2 19 121.757 27.7842 27.8156
2 20 112.658 25.216 25.1783
2 21 112.988 22.1444 22.0591
2 22 111.757 20.9126 20.877
2 23 115.735 25.0388 25.0067
2 24 110.906 20.4019 20.1841
2 25 113.855 22.472 22.4266
2 26 111.37 21.8092 21.7189
2 27 115.116 22.1414 22.0663
2 28 107.52 24.0894 24.0587
2 29 63.3477 12.8118 12.6238
2 30 1.86082 0.58292 0.403302
2 31 0 0.177491 0
2 32 0 0.177491 0
