0.03 0
1 0 4.97251 1.42362 1.24932
1 1 9.91167 3.02797 2.85213
1 2 12.8173 7.8772 7.71136
1 3 23.647 15.9719 15.8297
1 4 43.9766 17.4062 17.2701
1 5 88.7696 49.5881 49.5453
1 6 171.758 74.2483 74.2743
1 7 380.881 182.096 182.4
1 8 599.982 313.235 313.906
1 9 913.9 447.313 448.374
1 10 1387.1 792.207 794.049
1 11 1858.17 1039.93 1042.13
1 12 2269.19 1439.76 1442.74
1 13 2282.65 1311.34 1313.93
1 14 2226 1190.14 1192.42
1 15 2136.93 1102.6 1104.76
1 16 2014.32 962.896 964.719
1 17 2072.06 1001.58 1003.48
1 18 2101.24 962.885 964.639
1 19 2166.77 1014.28 1016.12
1 20 2237.43 992.747 994.414
1 21 2226.65 986.909 988.579
1 22 2306.41 982.271 983.84
1 23 2282.25 974.475 976.082
1 24 2302.85 963.11 964.638
1 25 2288.74 968.748 970.299
1 26 2250.53 877.373 878.712
1 27 2223.92 853.228 854.491
1 28 2336.76 953.234 954.695
1 29 2602.79 1059.5 1060.92
1 30 3140.15 1197.93 1199.05
1 31 4029.11 1472.09 1469.1
1 32 3273.93 1232.46 1230.38
1 33 2801.86 1020.34 1018.76
1 34 2835.88 1054.55 1052.92
1 35 2566.41 917.592 916.23
1 36 2386.52 866.907 865.686
1 37 2100.02 736.686 737.779
1 38 1858.6 613.735 612.936
1 39 1725.07 590.053 589.319
1 40 1613.02 514.56 513.919
1 41 1545.27 491.779 491.175
1 42 1256.37 388.961 388.504
1 43 1032.17 297.304 296.959
1 44 934.745 241.42 241.14
1 45 855.045 207.069 206.829
1 46 806.404 188.615 188.396
1 47 701.24 146.986 146.815
1 48 601.918 124.688 124.541
1 49 543.687 96.7505 96.8396
1 50 499.137 79.6248 79.7487
1 51 447.419 70.0653 69.9823
1 52 345.581 47.5675 47.3195
1 53 221.247 30.4598 30.358
1 54 116.731 14.6841 14.4844
1 55 56.1829 7.38545 7.19301
1 56 23.611 3.12326 2.92332
1 57 8.17276 1.26265 1.07236
1 58 2.55137 0.449605 0.282244
1 59 0.2511 0.0973494 0.00700568
1 60 35.092 12.6781 12.6132
2 0 7.39751 2.03587 1.86505
2 1 10.2123 2.90894 2.7331
2 2 20.4696 8.32365 8.21729
2 3 37.1768 10.0077 9.9189
2 4 100.554 58.7342 58.786
2 5 208.761 104.513 104.721
2 6 418.599 206.815 207.308
2 7 841.228 415.598 416.612
2 8 1231.88 583.262 584.588
2 9 1826.98 886.961 888.75
2 10 2478.54 1211.21 1213.3
2 11 3543.43 1824.9 1827.21
2 12 4602.57 2374.05 2375.83
2 13 5257.17 2752.82 2753.98
2 14 5734.22 3076.86 3077.68
2 15 6078.84 3343.75 3344.35
2 16 6154.04 3201.47 3201.47
2 17 6084.76 3073.36 3073.16
2 18 6291.79 3073.35 3072.64
2 19 6431.93 3014.07 3012.65
2 20 6500.71 2996.61 2994.99
2 21 6611.43 3067.92 3066.12
2 22 6342.92 2823.54 2821.87
2 23 6130.08 2803.54 2802.36
2 24 5721.63 2526.91 2526.13
2 25 5244.33 2321.09 2321
2 26 4681.52 1964.87 1965.23
2 27 4370.85 1871.4 1872.17
2 28 4049.3 1682.96 1683.79
2 29 3815.67 1552.71 1553.67
2 30 3410.9 1365.31 1366.41
2 31 3489.9 1374.67 1372.31
2 32 3008.16 1205.07 1206.43
2 33 2749.41 1052.74 1053.98
2 34 2542.52 947.938 949.135
2 35 2315.11 864.707 863.528
2 36 2105.33 769.18 768.169
2 37 1896.14 697.166 698.317
2 38 1771.55 672.221 671.406
2 39 1465.24 536.225 535.596
2 40 1164.43 419.582 419.095
2 41 952.929 321.422 321.041
2 42 781.631 286.501 286.13
2 43 635.632 206.859 206.579
2 44 508.944 158.265 158.028
2 45 382.301 114.878 114.673
2 46 300.206 85.8663 85.6879
2 47 205.817 55.8168 55.9054
2 48 155.642 36.2469 36.1961
2 49 126.009 30.7546 30.754
2 50 78.0867 15.6494 15.5377
2 51 48.1546 10.0046 9.88638
2 52 30.0353 5.3626 5.11081
2 53 16.5996 2.75058 2.53651
2 54 6.35487 0.965212 0.766061
2 55 7.43328 2.53922 2.39634
2 56 2.1918 0.468858 0.29748
2 57 0.362868 0.165616 0.0428782
2 58 0.125218 0.100474 0.0102492
2 59 0 0.177491 0
2 60 67.8651 30.983 30.9596
3 0 12.37 3.28188 3.11437
3 1 20.124 5.75761 5.58524
3 2 33.2869 16.0113 15.9287
3 3 60.8238 25.7898 25.7486
3 4 144.531 75.9524 76.056
3 5 297.531 153.901 154.267
3 6 590.358 280.904 281.582
3 7 1222.11 597.644 599.011
3 8 1831.86 896.669 898.494
3 9 2740.88 1335.09 1337.12
3 10 3865.63 2005.09 2007.34
3 11 5401.61 2868.05 2869.34
3 12 6871.76 3819.05 3818.57
3 13 7539.81 4069.95 4067.91
3 14 7960.22 4273.31 4270.11
3 15 8215.77 4452.73 4449.11
3 16 8168.36 4170.22 4166.19
3 17 8156.83 4081.3 4076.64
3 18 8393.03 4042.77 4037.28
3 19 8598.69 4035.15 4028.77
3 20 8738.14 3996.89 3989.41
3 21 8838.09 4062.36 4054.7
3 22 8649.33 3812.83 3805.71
3 23 8412.33 3784.93 3778.44
3 24 8024.48 3496.48 3490.77
3 25 7533.07 3295.53 3291.3
3 26 6932.04 2847.6 2843.95
3 27 6594.77 2734.3 2726.67
3 28 6386.06 2640.77 2638.49
3 29 6418.46 2617 2614.59
3 30 6551.05 2568.68 2565.46
3 31 7519 2851.18 2841.41
3 32 6282.09 2443.74 2436.82
3 33 5551.27 2078.19 2072.74
3 34 5378.41 2007.19 2002.06
3 35 4881.52 1784.02 1779.76
3 36 4491.86 1637.51 1633.86
3 37 3996.16 1439.03 1436.1
3 38 3630.15 1286.8 1284.34
3 39 3190.3 1126.87 1124.92
3 40 2777.45 934.535 933.014
3 41 2498.2 813.476 812.216
3 42 2038.01 675.551 674.634
3 43 1667.8 504.188 503.538
3 44 1443.69 399.672 399.168
3 45 1237.35 321.895 321.502
3 46 1106.61 274.413 274.084
3 47 907.057 202.96 202.721
3 48 757.56 160.924 160.737
3 49 669.695 127.742 127.594
3 50 577.223 95.1365 95.2864
3 51 495.573 79.9624 79.8687
3 52 375.617 52.6641 52.4303
3 53 237.847 32.9892 32.8945
3 54 123.086 15.4501 15.2504
3 55 63.6161 9.69881 9.58935
3 56 25.8028 3.42642 3.2208
3 57 8.53563 1.30567 1.11524
3 58 2.67658 0.460449 0.292493
3 59 0.2511 0.0973494 0.00700568
3 60 102.957 43.5435 43.5728
