0.03 0
1 0 13.0081 4.77381 4.63401
1 1 2926.57 1150.45 1151.7
1 2 7319.2 3050.28 3045.76
1 3 8833.26 3785.71 3777.45
1 4 9371.58 4001.37 3990.96
1 5 9522.53 4151.09 4140.79
1 6 9586.86 4114 4103.1
1 7 9551.96 4197.57 4187.02
1 8 9481.87 4103.9 4093.42
1 9 9525.31 4055.17 4044.59
1 10 9456.17 4055.15 4044.77
1 11 9398.87 3950.41 3939.85
1 12 9909.46 4134.93 4122.49
1 13 9463.58 4163.87 4153.86
1 14 9439.38 4172.67 4162.76
1 15 9653.64 4231.27 4220.57
1 16 9590.34 4328.63 4318.88
1 17 9661.49 4173.85 4163.01
1 18 9856.8 4280.75 4269.4
1 19 10066.3 4387.3 4375.1
1 20 10203.3 4385.89 4372.76
1 21 10513.7 4599.86 4585.4
1 22 10346.8 4467.59 4453.86
1 23 9520.08 4135.99 4125.4
1 24 6443.69 2685.86 2683.48
1 25 21.0803 8.50208 8.42149
1 26 44.2408 15.473 15.4703
2 0 5.65527 1.48359 1.32981
2 1 281.164 107.785 108.018
2 2 1673.53 620.658 621.788
2 3 2478.89 971.083 972.44
2 4 3246.22 1285.61 1286.81
2 5 3698.42 1484.05 1484.99
2 6 3905.43 1511.53 1512.22
2 7 4000.62 1575.8 1576.46
2 8 4078.17 1659.71 1660.46
2 9 4131.96 1566.14 1566.53
2 10 4154.34 1586.07 1586.36
2 11 4130.43 1659.79 1660.4
2 12 4356.39 1716.41 1716.77
2 13 4241.33 1724.59 1725.13
2 14 4127.13 1680.6 1681.3
2 15 4175.73 1648.06 1648.59
2 16 4074.35 1669.2 1669.98
2 17 4053.34 1655.14 1655.89
2 18 4056.78 1648.33 1649.04
2 19 4069.08 1674.57 1675.39
2 20 3933.87 1608.71 1609.63
2 21 3703.23 1542.77 1543.89
2 22 3115.69 1296.4 1297.82
2 23 2402.4 1000.17 1001.71
2 24 721.32 285.86 286.554
2 25 5.88283 1.86398 1.71837
2 26 21.2698 7.0799 7.04974
3 0 7.35285 3.44539 3.3042
3 1 2645.41 1042.34 1043.69
3 2 5645.67 2424.66 2423.98
3 3 6354.37 2806.93 2805.01
3 4 6125.37 2705.58 2704.16
3 5 5824.1 2656.37 2655.8
3 6 5681.42 2591.36 2590.88
3 7 5551.35 2610.59 2610.57
3 8 5403.7 2433.06 2432.96
3 9 5393.35 2477.92 2478.06
3 10 5301.83 2458.21 2458.41
3 11 5268.44 2279.62 2279.45
3 12 5553.06 2406.29 2405.72
3 13 5222.25 2428.37 2428.72
3 14 5312.25 2481.24 2481.46
3 15 5477.92 2571.93 2571.99
3 16 5515.99 2648.66 2648.9
3 17 5608.16 2507.54 2507.12
3 18 5800.02 2620.91 2620.36
3 19 5997.23 2700.78 2699.72
3 20 6269.42 2764.8 2763.13
3 21 6810.48 3044.17 3041.51
3 22 7231.15 3159.91 3156.04
3 23 7117.68 3127.22 3123.69
3 24 5722.37 2398.07 2396.92
3 25 15.1974 6.79401 6.70312
3 26 22.971 8.54474 8.42057
