0 0
1 0 3.44713 0.206713 0.201119
1 1 13.1787 0.858035 0.849672
1 2 19.8337 1.36343 1.35402
1 3 22.2178 1.38633 1.37851
1 4 25.3222 1.77598 1.78083
1 5 23.5817 1.38927 1.38227
1 6 24.2347 1.61357 1.60466
1 7 21.1489 1.31638 1.30862
1 8 22.2989 1.41667 1.40857
1 9 17.9197 1.49199 1.4783
1 10 14.5342 0.820811 0.815823
1 11 15.2005 1.13356 1.12949
1 12 12.6783 0.944746 0.947224
1 13 11.0362 0.763561 0.760253
1 14 11.8862 0.954169 0.949522
1 15 11.4634 0.741282 0.733064
1 16 9.33196 0.618806 0.615054
1 17 9.38189 0.539645 0.533772
1 18 8.9479 0.54165 0.535769
1 19 7.939 0.4954 0.496728
1 20 8.0153 0.578933 0.575038
1 21 6.06733 0.367866 0.361438
1 22 4.01427 0.304831 0.302997
1 23 1.83288 0.134524 0.130217
1 24 0 0.0157525 0
2 0 2.69006 0.183215 0.178538
2 1 9.72326 0.67317 0.674855
2 2 12.8134 0.835476 0.835093
2 3 17.159 1.10378 1.09555
2 4 20.0418 1.46961 1.46846
2 5 19.1985 1.10007 1.09349
2 6 20.2277 1.2876 1.2795
2 7 20.3886 1.3341 1.33067
2 8 19.7324 1.22919 1.22732
2 9 17.3964 1.15191 1.14319
2 10 16.8998 1.04432 1.0426
2 11 16.4415 1.08165 1.07744
2 12 15.9642 1.11541 1.11656
2 13 14.1892 0.967267 0.958093
2 14 13.1985 0.92695 0.929371
2 15 12.8473 0.796751 0.793108
2 16 10.2197 0.629828 0.626824
2 17 10.1591 0.616675 0.612931
2 18 9.54601 0.590651 0.584918
2 19 8.82944 0.548518 0.544559
2 20 7.65601 0.539696 0.535974
2 21 5.29601 0.390202 0.388642
2 22 3.94849 0.27195 0.268886
2 23 0.958864 0.0848028 0.0797946
2 24 0 0.0157525 0
