0.03 0
1 0 3729.47 889.073 888.247
1 1 2208.32 490.41 490.645
1 2 608.693 148.255 148.579
1 3 168.183 40.1197 40.1564
1 4 48.3039 13.871 13.8256
1 5 16.1524 5.79977 5.72006
2 0 2795.91 617.64 617.502
2 1 1726.11 358.568 358.895
2 2 483.493 112.508 112.753
2 3 129.606 28.9495 28.9359
2 4 37.2393 9.93235 9.87735
2 5 12.6103 4.53634 4.38926
3 0 933.564 270.182 270.746
3 1 482.206 131.448 131.75
3 2 125.2 35.7946 35.8262
3 3 38.577 11.2782 11.2205
3 4 11.0645 4.05788 3.94829
3 5 3.54215 1.44328 1.3308
4 0 3729.47 889.073 888.247
4 1 0 0.151737 0
4 2 0 0.151737 0
4 3 0 0.151737 0
4 4 0 0.151737 0
4 5 0 0.151737 0
5 0 0 0.151737 0
5 1 2208.32 490.41 490.645
5 2 608.693 148.255 148.579
5 3 168.183 40.1197 40.1564
5 4 48.3039 13.871 13.8256
5 5 16.1524 5.79977 5.72006
6 0 2795.91 617.64 617.502
6 1 0 0.151737 0
6 2 0 0.151737 0
6 3 0 0.151737 0
6 4 0 0.151737 0
6 5 0 0.151737 0
7 0 0 0.151737 0
7 1 1726.11 358.568 358.895
7 2 483.493 112.508 112.753
7 3 129.606 28.9495 28.9359
7 4 37.2393 9.93235 9.87735
7 5 12.6103 4.53634 4.38926
8 0 933.564 270.182 270.746
8 1 0 0.151737 0
8 2 0 0.151737 0
8 3 0 0.151737 0
8 4 0 0.151737 0
8 5 0 0.151737 0
9 0 0 0.151737 0
9 1 482.206 131.448 131.75
9 2 125.2 35.7946 35.8262
9 3 38.577 11.2782 11.2205
9 4 11.0645 4.05788 3.94829
9 5 3.54215 1.44328 1.3308
