0.03 0
1 0 162 34.5204 34.4009
1 1 168.301 36.1947 36.0977
1 2 177.61 39.1998 39.0974
1 3 156.751 32.241 32.1525
1 4 151.256 31.8217 31.7578
1 5 158.031 39.1609 39.055
1 6 153.791 34.0797 34.1072
1 7 138.028 31.4742 31.4091
1 8 155.312 35.8966 35.9297
1 9 142.137 30.3323 30.3491
1 10 161.472 35.1167 34.999
1 11 150.719 33.3567 33.2553
1 12 142.773 28.2587 28.1205
1 13 160.804 39.4261 39.4852
1 14 167.187 41.5996 41.5015
1 15 157.388 35.8754 35.7599
1 16 163.629 37.9593 37.8503
1 17 163.618 41.4866 41.3542
1 18 159.283 37.455 37.4083
1 19 165.648 40.559 40.435
1 20 170.006 37.9783 37.874
1 21 171.398 39.6156 39.6579
1 22 171.42 36.93 36.9657
1 23 152.439 31.4582 31.3694
1 24 0 0.177491 0
2 0 171.274 36.646 36.6222
2 1 171.128 44.1529 44.1267
2 2 154.565 30.6738 30.7012
2 3 134.282 24.6938 24.6938
2 4 139.984 34.2019 34.1465
2 5 127.04 26.2643 26.1852
2 6 129.999 27.2254 27.2325
2 7 128.377 25.3529 25.2057
2 8 138.35 30.9831 30.976
2 9 140.589 27.4784 27.4893
2 10 147.007 31.1882 31.1239
2 11 140.546 27.4004 27.3755
2 12 161.619 34.1554 34.1
2 13 153.18 30.0465 30.0281
2 14 144.898 27.5134 27.4781
2 15 145.901 32.1926 32.2083
2 16 129.825 26.9795 26.9418
2 17 131.804 31.3765 31.3176
2 18 124.378 26.7212 26.7347
2 19 131.836 26.8139 26.7658
2 20 137.305 27.5053 27.4749
2 21 153.706 31.527 31.5466
2 22 143.841 27.0376 27.0503
2 23 162.166 35.2074 35.1992
2 24 0 0.177491 0
