0.03 0
1 0 10261.9 4465.87 4452.53
1 1 7600.03 3236.59 3231.7
1 2 7339.17 3187.1 3183.11
1 3 7399.82 3218.57 3214.48
1 4 7541.49 3344.34 3340.12
1 5 7497.12 3317.59 3313.48
1 6 7226.64 3059.06 3055.13
1 7 7490.01 3180.97 3176.39
1 8 7386.25 3203.96 3199.81
1 9 7403.4 3224.05 3220
1 10 7183.27 3038.72 3034.78
1 11 7170.89 3037.09 3033.37
1 12 7227.51 3119.06 3115.2
1 13 7171.23 3044.11 3040.12
1 14 7230.03 3080.05 3076.1
1 15 7336.03 3197.15 3193.24
1 16 7132.53 3009.11 3005.32
1 17 7161.45 3064.11 3060.36
1 18 7288.62 3159.86 3156.09
1 19 7075.39 3135.41 3132.32
1 20 8211.99 3451.76 3445.17
1 21 7253.28 3108.42 3104.64
1 22 7022.86 2976.37 2972.63
1 23 6873 2973.61 2970.63
1 24 7114.9 3116.4 3112.89
1 25 7023.44 3009.09 3005.66
1 26 6887.47 3013.72 3010.76
1 27 6834.91 2954.94 2952.13
1 28 6893.19 3014.02 3010.95
1 29 5752.75 2459.87 2458.77
1 30 204.671 80.2577 80.4275
1 31 0 0.151737 0
1 32 0 0.151737 0
2 0 2654.67 1165.51 1167.2
2 1 2869.37 1150.41 1151.8
2 2 2886.3 1165.05 1166.43
2 3 2920.81 1205.22 1206.64
2 4 3035.98 1304.49 1306.08
2 5 3143.61 1354.36 1355.93
2 6 2977.98 1175.69 1176.96
2 7 3009.22 1215.37 1216.73
2 8 3015.01 1269.94 1271.42
2 9 3021.69 1236.43 1237.82
2 10 3038.66 1263.06 1264.47
2 11 3024.5 1231.41 1232.75
2 12 3025.12 1189.57 1190.79
2 13 3018.41 1216 1217.32
2 14 3022.35 1282.75 1284.27
2 15 3016.29 1149.33 1150.44
2 16 3027.42 1248.04 1249.48
2 17 2998.11 1220.42 1221.76
2 18 2956.65 1262.95 1264.48
2 19 2783.65 1090.62 1091.96
2 20 3228.5 1313.96 1315.24
2 21 2698.36 1017.12 1018.34
2 22 2671.95 1066.54 1067.9
2 23 2569.97 970.398 971.622
2 24 2555.45 978.717 979.985
2 25 2482.2 906.618 907.75
2 26 2231.94 791.021 792.135
2 27 2031.58 708.053 709.125
2 28 1712.95 557.203 558.11
2 29 986.067 377.496 378.355
2 30 25.3888 7.33006 7.18215
2 31 0 0.151737 0
2 32 0 0.151737 0
3 0 7607.25 3290.3 3285.33
3 1 4730.66 2079.35 2079.9
3 2 4452.87 2015.68 2016.68
3 3 4479.01 2006.91 2007.83
3 4 4505.51 2033.16 2034.04
3 5 4353.51 1956.52 1957.54
3 6 4248.67 1877.07 1878.16
3 7 4480.79 1958.81 1959.66
3 8 4371.24 1927.46 1928.4
3 9 4381.7 1981.16 1982.18
3 10 4144.62 1769.38 1770.31
3 11 4146.4 1799.59 1800.61
3 12 4202.39 1923.12 1924.41
3 13 4152.82 1821.68 1822.79
3 14 4207.68 1790.95 1791.83
3 15 4319.74 2041.43 2042.81
3 16 4105.12 1754.86 1755.84
3 17 4163.34 1837.51 1838.6
3 18 4331.97 1890.64 1891.6
3 19 4291.74 2038.97 2040.36
3 20 4983.49 2129.85 2129.93
3 21 4554.92 2085.24 2086.3
3 22 4350.91 1903.83 1904.72
3 23 4303.03 1997.67 1999.01
3 24 4559.45 2131.77 2132.91
3 25 4541.25 2096.85 2097.91
3 26 4655.54 2217.55 2218.63
3 27 4803.32 2242.1 2243
3 28 5180.24 2452.28 2452.84
3 29 4766.68 2079.98 2080.42
3 30 179.282 73.0962 73.2454
3 31 0 0.151737 0
3 32 0 0.151737 0
