0.03 0
1 0 3910.1 884.009 882.764
1 1 2636.99 545.196 545.073
1 2 685.119 151.887 152.199
1 3 180.699 39.7249 39.7597
1 4 47.1945 12.548 12.4987
1 5 13.6992 3.51005 3.42447
2 0 2946.11 611.016 610.639
2 1 2103.62 406.713 406.792
2 2 552.146 116.396 116.638
2 3 140.252 28.4315 28.416
2 4 36.1419 8.8288 8.77054
2 5 10.4839 2.51231 2.36222
3 0 963.998 271.568 272.124
3 1 533.37 137.971 138.28
3 2 132.973 35.5311 35.5617
3 3 40.4466 11.4009 11.3437
3 4 11.0526 3.83798 3.72815
3 5 3.21535 1.17338 1.06225
4 0 3910.1 884.009 882.764
4 1 0 0.151737 0
4 2 0 0.151737 0
4 3 0 0.151737 0
4 4 0 0.151737 0
4 5 0 0.151737 0
5 0 0 0.151737 0
5 1 2636.99 545.196 545.073
5 2 685.119 151.887 152.199
5 3 180.699 39.7249 39.7597
5 4 47.1945 12.548 12.4987
5 5 13.6992 3.51005 3.42447
6 0 2946.11 611.016 610.639
6 1 0 0.151737 0
6 2 0 0.151737 0
6 3 0 0.151737 0
6 4 0 0.151737 0
6 5 0 0.151737 0
7 0 0 0.151737 0
7 1 2103.62 406.713 406.792
7 2 552.146 116.396 116.638
7 3 140.252 28.4315 28.416
7 4 36.1419 8.8288 8.77054
7 5 10.4839 2.51231 2.36222
8 0 963.998 271.568 272.124
8 1 0 0.151737 0
8 2 0 0.151737 0
8 3 0 0.151737 0
8 4 0 0.151737 0
8 5 0 0.151737 0
9 0 0 0.151737 0
9 1 533.37 137.971 138.28
9 2 132.973 35.5311 35.5617
9 3 40.4466 11.4009 11.3437
9 4 11.0526 3.83798 3.72815
9 5 3.21535 1.17338 1.06225
