0.03 0
1 0 0 0.0157525 0
1 1 7.39768 0.697748 0.680788
1 2 9.90794 0.766899 0.755245
1 3 10.9611 0.88622 0.873482
1 4 12.0302 0.918933 0.915263
1 5 13.0972 0.899712 0.890419
1 6 15.171 1.06408 1.05436
1 7 16.7182 1.18361 1.18676
1 8 13.9278 1.15278 1.13934
1 9 16.1453 1.03393 1.02959
1 10 21.7182 1.46935 1.46633
1 11 22.6634 1.39306 1.38982
1 12 26.4393 1.7769 1.76781
1 13 26.5772 1.68239 1.68188
1 14 21.8874 1.31798 1.31451
1 15 17.115 0.99638 0.991933
1 16 9.84207 0.553013 0.546807
1 17 7.84255 0.514286 0.509756
1 18 6.17958 0.40686 0.40424
1 19 4.47348 0.268134 0.263996
1 20 3.40403 0.212996 0.17892
1 21 3.40402 0.213792 0.209203
1 22 2.85138 0.178377 0.173233
1 23 3.11217 0.209586 0.205709
1 24 2.83226 0.186984 0.18115
1 25 2.6102 0.173116 0.139945
1 26 1.96324 0.135308 0.129285
1 27 1.12595 0.0746535 0.0540183
1 28 1.20894 0.096438 0.0647226
1 29 17.2037 0.988254 0.990828
2 0 0 0.0157525 0
2 1 7.74996 0.614684 0.610433
2 2 9.49105 0.76805 0.755352
2 3 8.23765 0.629452 0.623802
2 4 8.88725 0.598641 0.589804
2 5 10.1156 0.833272 0.828249
2 6 14.867 1.10869 1.11165
2 7 13.4053 0.882492 0.879348
2 8 14.7449 0.950765 0.947835
2 9 18.2618 1.15318 1.15109
2 10 24.4236 1.63117 1.63097
2 11 25.7005 1.5412 1.53842
2 12 31.26 1.91904 1.92424
2 13 30.4419 1.85011 1.84258
2 14 24.9935 1.73766 1.74238
2 15 11.8242 0.661524 0.658407
2 16 6.61509 0.423455 0.419385
2 17 4.20864 0.250278 0.221545
2 18 3.26753 0.203217 0.179348
2 19 2.90595 0.217655 0.213987
2 20 1.67273 0.125015 0.084048
2 21 2.05219 0.143203 0.11634
2 22 2.03209 0.156043 0.120052
2 23 1.92625 0.128601 0.105012
2 24 1.72322 0.124585 0.102968
2 25 1.25678 0.0877734 0.067845
2 26 1.47892 0.115398 0.0824114
2 27 1.1239 0.0874601 0.0601159
2 28 1.06222 0.0903269 0.0858733
2 29 11.2921 0.631411 0.63313
