0 0
1 0 465.004 98.9629 98.8357
1 1 843.98 174.258 174.053
1 2 732.811 138.336 138.174
1 3 508.713 93.0274 92.9166
1 4 338.563 63.5969 63.5069
1 5 213.893 41.473 41.3901
1 6 126.781 24.9235 24.8439
1 7 75.6422 15.5483 15.5579
1 8 61.9988 15.1117 14.994
1 9 41.1487 8.24615 7.71515
1 10 35.526 7.83181 7.70123
1 11 27.9422 6.16117 6.08532
1 12 214.19 49.3796 49.2659
2 0 173.01 34.3562 34.2725
2 1 570.788 102.496 102.376
2 2 430.404 74.3731 74.2819
2 3 277.959 50.133 50.0595
2 4 177.116 34.2551 34.2877
2 5 95.5661 24.2527 24.1936
2 6 54.3179 13.0892 12.9626
2 7 34.9432 8.80558 8.69816
2 8 21.3238 4.83717 4.46862
2 9 16.0615 3.67493 3.30496
2 10 15.5493 3.74899 3.37897
2 11 14.8769 3.69326 3.36111
2 12 133.032 30.6121 30.6111
3 0 133.6 37.4685 37.3093
3 1 248.798 67.7173 67.5591
3 2 203.473 55.8564 55.6993
3 3 164.388 44.2081 44.0597
3 4 108.873 28.261 28.1254
3 5 79.7183 21.0078 20.8696
3 6 38.4913 9.66951 9.47401
3 7 28.7133 6.92607 6.77986
3 8 20.3679 5.49014 5.04398
3 9 16.7605 5.91441 5.77527
3 10 10.5822 3.1252 2.69453
3 11 10.3554 3.12808 2.69637
3 12 88.5986 26.5106 26.3325
4 0 34.5724 9.15889 9.05241
4 1 121.578 30.0566 30.0538
4 2 97.2046 23.769 23.285
4 3 74.4181 18.2306 18.1923
4 4 45.0234 11.1593 11.0264
4 5 24.7729 5.38014 4.97367
4 6 20.3946 5.59444 5.44346
4 7 9.1373 2.64647 2.29047
4 8 7.80352 2.16368 1.79603
4 9 5.89875 1.78709 1.42192
4 10 6.89749 2.27442 2.05529
4 11 3.22235 1.10409 0.787608
4 12 29.8282 8.22644 8.11682
