0 0
1 0 804.81 178.343 178.69
1 1 1782.37 372.312 372.62
1 2 1465.84 290.85 291.179
1 3 1024.66 204.066 204.396
1 4 672.283 136.644 136.913
1 5 414.969 91.1245 91.3157
1 6 239.659 52.2914 52.3963
1 7 148.222 33.0037 33.0672
1 8 111.806 26.1677 26.2054
1 9 78.5402 17.7678 17.7301
1 10 69.1103 15.8757 15.8393
1 11 57.3858 13.0627 13.0435
1 12 464.65 112.035 112.285
2 0 636.332 132.054 132.32
2 1 1411.5 274.681 275
2 2 1165.16 212.105 212.387
2 3 785.985 142.136 142.387
2 4 518.28 97.6385 97.8316
2 5 310.162 65.3996 65.5304
2 6 181.017 37.5982 37.6183
2 7 110.168 23.9956 24.0252
2 8 84.1174 19.5302 19.538
2 9 55.8807 10.793 10.5655
2 10 51.3244 11.1094 11.0674
2 11 43.4312 9.53942 9.50932
2 12 346.16 78.2558 78.4248
3 0 168.478 46.3165 46.3698
3 1 370.875 97.4295 97.6206
3 2 300.679 78.6533 78.7919
3 3 238.678 61.9092 62.009
3 4 154.003 39.0205 39.0812
3 5 104.807 25.7906 25.7853
3 6 58.6416 14.8083 14.778
3 7 38.0544 9.12554 9.04206
3 8 27.6882 6.83149 6.66739
3 9 22.6595 7.26366 7.16461
3 10 17.7859 4.8699 4.77187
3 11 13.9547 3.68846 3.53417
3 12 118.489 33.8105 33.8607
4 0 596.599 135.025 135.308
4 1 1091.29 240.437 240.842
4 2 937.053 193.269 193.607
4 3 673.208 136.38 136.648
4 4 448.56 91.2813 91.4706
4 5 294.106 62.0417 62.1614
4 6 165.345 34.1309 34.1412
4 7 104.475 22.2611 22.2941
4 8 83.0063 20.067 20.0826
4 9 56.8601 13.1188 13.0768
4 10 46.5519 10.4551 10.4019
4 11 39.1745 8.96396 8.89148
4 12 301.033 73.6712 73.8308
5 0 208.211 43.3135 43.3821
5 1 691.08 131.537 131.779
5 2 528.783 97.3809 97.572
5 3 351.456 67.614 67.7471
5 4 223.722 45.3919 45.4423
5 5 120.863 29.1581 29.1543
5 6 74.3139 18.2766 18.255
5 7 43.7473 10.8281 10.7732
5 8 28.7993 6.28143 6.12282
5 9 21.6801 4.83104 4.65326
5 10 22.5584 5.50697 5.43737
5 11 18.2113 4.31419 4.152
5 12 163.616 38.3955 38.4546
6 0 463 97.8313 98.0317
6 1 842.426 173.008 173.327
6 2 733.691 137.854 138.104
6 3 508.462 92.4277 92.6058
6 4 339.832 63.3311 63.4554
6 5 213.816 41.1681 41.2364
6 6 127.154 24.8247 24.8083
6 7 75.2452 15.423 15.4275
6 8 62.682 15.07 15.0662
6 9 40.1551 7.53543 7.33569
6 10 35.7192 7.73953 7.68692
6 11 28.2751 6.18885 6.10767
6 12 212.547 47.9143 48.0058
7 0 173.331 34.245 34.2884
7 1 569.07 101.489 101.673
7 2 431.467 74.1417 74.2838
7 3 277.523 49.7252 49.7808
7 4 178.448 34.3525 34.3762
7 5 96.3462 24.3112 24.294
7 6 53.8635 12.8652 12.81
7 7 34.9223 8.66875 8.59765
7 8 21.4354 4.62822 4.47174
7 9 15.7256 3.40406 3.22978
7 10 15.6051 3.51785 3.38052
7 11 15.1561 3.56209 3.40165
7 12 133.614 30.3828 30.419
8 0 133.599 37.2455 37.2761
8 1 248.865 67.3994 67.515
8 2 203.362 55.4212 55.5037
8 3 164.745 43.9928 44.0426
8 4 108.728 27.9824 28.0151
8 5 80.2901 20.9449 20.925
8 6 38.1913 9.41424 9.33295
8 7 29.2294 6.95688 6.86653
8 8 20.3243 5.17574 5.01631
8 9 16.705 5.83344 5.74113
8 10 10.8327 2.88644 2.71502
8 11 10.8994 2.93509 2.78381
8 12 88.4863 25.7999 25.8251
9 0 34.8795 9.15576 9.09373
9 1 122.01 30.092 30.1056
9 2 97.3162 23.4249 23.2881
9 3 73.933 18.0057 17.9663
9 4 45.2747 11.1275 11.0661
9 5 24.5164 5.03004 4.86028
9 6 20.4504 5.51767 5.44501
9 7 8.82502 2.3451 2.17553
9 8 7.36394 1.80341 1.65108
9 9 5.95455 1.58213 1.42348
9 10 6.95329 2.17004 2.05685
9 11 3.05523 0.904371 0.750351
9 12 30.0029 8.1004 8.0356
