0 0
1 0 73.0794 17.4162 17.3932
1 1 229.381 56.0099 56.1305
1 2 335.504 77.4278 77.594
1 3 415.427 94.3903 94.5945
1 4 450.403 102.112 102.327
1 5 460.552 111.756 112.006
1 6 442.408 97.4006 97.6184
1 7 438.647 96.8056 97.0135
1 8 414.066 96.2488 96.4688
1 9 380.469 87.9157 88.1068
1 10 350.293 78.6937 78.8574
1 11 324.526 71.1621 71.3087
1 12 329.713 83.7118 83.8532
1 13 265.282 61.7911 61.9187
1 14 265.114 64.7135 64.8544
1 15 252.536 63.3157 63.3982
1 16 227.432 56.0172 56.1314
1 17 190.713 42.083 42.1161
1 18 201.919 47.7511 47.7977
1 19 184.103 40.6716 40.7334
1 20 179.856 40.9275 40.9535
1 21 151.921 37.015 37.0151
1 22 116.469 33.0002 33.0522
1 23 75.6887 20.6663 20.6483
1 24 23.6007 5.39231 5.28249
1 25 0 0.151737 0
2 0 56.3168 13.1858 13.1498
2 1 170.132 38.9441 39.0177
2 2 246.87 52.7197 52.8267
2 3 303.106 64.3692 64.5029
2 4 332.797 67.8653 67.95
2 5 350.013 78.4473 78.6146
2 6 331.978 65.5746 65.7147
2 7 329.696 68.8046 68.9459
2 8 322.389 72.4444 72.6065
2 9 291.017 63.1753 63.3048
2 10 273.324 58.0685 58.1792
2 11 251.565 52.2243 52.3219
2 12 258.693 60.6536 60.7425
2 13 215.371 48.1901 48.282
2 14 213.592 50.1462 50.2392
2 15 195.612 45.1007 45.1332
2 16 177.294 40.6072 40.6781
2 17 151.757 32.746 32.756
2 18 164.18 36.799 36.8141
2 19 144.534 30.0809 30.1132
2 20 141.095 30.7609 30.7257
2 21 110.214 23.5029 23.4629
2 22 86.1432 21.224 21.2409
2 23 51.2161 11.7842 11.7398
2 24 16.0442 3.39973 3.28947
2 25 0 0.151737 0
3 0 16.7626 4.33503 4.24344
3 1 59.2488 17.1414 17.1128
3 2 88.6343 24.7757 24.7673
3 3 112.32 30.053 30.0916
3 4 117.606 34.3258 34.3774
3 5 110.539 33.3423 33.391
3 6 110.43 31.8919 31.9037
3 7 108.951 28.0675 28.0676
3 8 91.677 23.8732 23.8623
3 9 89.4522 24.807 24.802
3 10 76.9695 20.6955 20.6782
3 11 72.9604 19.0094 18.9868
3 12 71.0199 23.1238 23.1107
3 13 49.9113 13.7071 13.6367
3 14 51.5227 14.6674 14.6152
3 15 56.9234 18.2861 18.265
3 16 50.1385 15.5009 15.4532
3 17 38.9565 9.54442 9.36015
3 18 37.739 11.0395 10.9835
3 19 39.5691 10.6615 10.6203
3 20 38.761 10.2726 10.2277
3 21 41.7068 13.6069 13.5521
3 22 30.3256 11.9609 11.8113
3 23 24.4726 8.96176 8.90849
3 24 7.55649 2.15513 1.99302
3 25 0 0.151737 0
4 0 40.8443 9.04416 8.98015
4 1 143.886 35.8684 35.9277
4 2 206.889 46.7998 46.8874
4 3 246.184 55.2034 55.3138
4 4 266.946 60.8516 60.9271
4 5 263.299 62.3942 62.5209
4 6 249.546 54.409 54.5294
4 7 251.142 57.4021 57.5184
4 8 220.78 51.3929 51.4923
4 9 209.768 52.9768 53.0896
4 10 182.151 42.0743 42.1485
4 11 167.483 39.227 39.2919
4 12 162.622 43.7984 43.8482
4 13 141.814 37.277 37.3004
4 14 126.865 31.0355 31.0768
4 15 128.761 32.1141 32.1302
4 16 123.187 31.6699 31.7211
4 17 100.373 22.6553 22.504
4 18 106.149 25.1516 25.1433
4 19 96.1982 21.6359 21.6431
4 20 98.4594 23.9253 23.9162
4 21 83.533 21.1479 21.1046
4 22 61.6512 17.6866 17.5194
4 23 38.1961 8.87456 8.7885
4 24 12.7338 3.03856 2.9241
4 25 0 0.151737 0
5 0 32.2351 8.46227 8.41307
5 1 85.4946 20.2491 20.2029
5 2 128.616 30.6879 30.7066
5 3 169.243 39.2547 39.2808
5 4 183.458 41.5488 41.4003
5 5 197.254 49.3877 49.4848
5 6 192.863 43.0772 43.089
5 7 187.505 39.4395 39.4951
5 8 193.286 44.9565 44.9764
5 9 170.701 34.9683 35.0172
5 10 168.143 36.6505 36.7089
5 11 157.043 32.001 32.0168
5 12 167.091 39.986 40.005
5 13 123.468 24.5958 24.6182
5 14 138.249 33.7595 33.7776
5 15 123.774 31.2842 31.268
5 16 104.245 24.3933 24.4103
5 17 90.3401 19.633 19.6121
5 18 95.7705 22.6862 22.6544
5 19 87.9054 19.0929 19.0903
5 20 81.3965 17.084 17.0372
5 21 68.3882 15.9546 15.9104
5 22 54.8176 15.558 15.5328
5 23 37.4925 11.9306 11.8598
5 24 10.8669 2.51817 2.35839
5 25 0 0.151737 0
6 0 30.3835 6.36533 6.2056
6 1 103.185 24.729 24.7223
6 2 151.114 32.0806 32.1323
6 3 175.456 36.1852 36.2454
6 4 193.057 38.6467 38.6601
6 5 198.208 41.9988 42.0699
6 6 187.619 37.8881 37.9538
6 7 180.473 38.225 38.292
6 8 173.229 39.5587 39.6258
6 9 157.98 36.9309 36.9992
6 10 141.701 31.0588 31.1017
6 11 131.612 30.7933 30.7979
6 12 126.27 30.8773 30.889
6 13 112.06 28.3037 28.3
6 14 96.7129 21.9983 22.0077
6 15 96.1913 21.195 21.1788
6 16 92.1208 22.8123 22.8388
6 17 77.9942 17.2926 17.1245
6 18 84.0284 18.6815 18.654
6 19 72.9584 15.1186 14.9477
6 20 75.9079 17.6578 17.606
6 21 59.9082 13.6028 13.5365
6 22 43.5618 8.82024 8.62634
6 23 26.2897 5.51262 5.32682
6 24 7.87484 1.7889 1.65904
6 25 0 0.151737 0
7 0 25.9334 7.01311 6.94419
7 1 66.9473 14.3478 14.2954
7 2 95.7561 20.703 20.6944
7 3 127.65 28.2555 28.2575
7 4 139.741 29.4531 29.2899
7 5 151.805 36.4878 36.5447
7 6 144.359 27.7937 27.7609
7 7 149.223 30.6489 30.6539
7 8 149.16 32.9903 32.9807
7 9 133.037 26.4889 26.3056
7 10 131.623 27.0461 27.0775
7 11 119.954 21.5344 21.5239
7 12 132.422 29.8589 29.8535
7 13 103.311 19.9732 19.9819
7 14 116.879 28.2284 28.2315
7 15 99.4211 23.9926 23.9544
7 16 85.173 17.8421 17.8394
7 17 73.7626 15.6832 15.6315
7 18 80.1519 18.2056 18.1601
7 19 71.576 15.1797 15.1655
7 20 65.187 13.1784 13.1198
7 21 50.3063 9.9889 9.92646
7 22 42.5814 12.6512 12.6145
7 23 24.9264 6.49612 6.41299
7 24 8.16936 1.78287 1.63043
7 25 0 0.151737 0
8 0 10.4609 2.87637 2.77455
8 1 40.7015 11.2477 11.2053
8 2 55.7747 14.7907 14.7551
8 3 70.7277 19.0906 19.0684
8 4 73.8891 22.3017 22.2671
8 5 65.0905 20.4464 20.451
8 6 61.9262 16.6314 16.5756
8 7 70.6689 19.2529 19.2264
8 8 47.5506 11.9086 11.8666
8 9 51.7883 16.1413 16.0904
8 10 40.45 11.1087 11.0468
8 11 35.8715 8.64861 8.49391
8 12 36.3513 12.9985 12.9592
8 13 29.7544 9.08586 9.00042
8 14 30.1519 9.13373 9.06911
8 15 32.57 10.9952 10.9513
8 16 31.0663 8.96078 8.88232
8 17 22.379 5.5722 5.37956
8 18 22.1205 6.56962 6.48933
8 19 23.2397 6.76157 6.69544
8 20 22.5515 6.38331 6.31026
8 21 23.6249 7.63988 7.56818
8 22 18.0894 9.04037 8.89306
8 23 11.9065 3.55086 3.46167
8 24 4.85899 1.42358 1.26506
8 25 0 0.151737 0
9 0 6.30171 1.61313 1.46888
9 1 18.5473 6.02429 5.90748
9 2 32.8596 10.0864 10.0122
9 3 41.5925 11.0708 11.0232
9 4 43.7166 12.2478 12.1104
9 5 45.4487 12.9752 12.94
9 6 48.5036 15.372 15.3281
9 7 38.2819 8.89025 8.84124
9 8 44.1264 12.0537 11.9957
9 9 37.6638 8.76103 8.71156
9 10 36.5194 9.69045 9.63139
9 11 37.0889 10.554 10.4929
9 12 34.6686 10.2217 10.1515
9 13 20.1569 4.79947 4.6363
9 14 21.3708 5.6146 5.54611
9 15 24.3534 7.37848 7.31362
9 16 19.0722 6.7195 6.5709
9 17 16.5775 4.14817 3.98059
9 18 15.6186 4.59352 4.49422
9 19 16.3294 4.0175 3.92484
9 20 16.2095 4.08704 3.91747
9 21 18.0819 6.06615 5.98396
9 22 12.2362 3.07267 2.91825
9 23 12.5661 5.54495 5.44682
9 24 2.6975 0.884522 0.727959
9 25 0 0.151737 0
