0 0
1 0 319.433 82.0444 81.8955
1 1 570.797 138.667 138.494
1 2 502.72 116.391 116.241
1 3 371.873 90.3296 90.1883
1 4 231.457 54.6643 54.544
1 5 144.696 34.2972 34.1819
1 6 89.6834 21.3328 21.2194
1 7 52.8379 12.0588 11.9558
1 8 41.9991 13.9929 13.7773
1 9 26.4164 6.51121 6.39389
1 10 22.6721 6.48399 6.32807
1 11 17.7231 4.84202 4.70122
1 12 153.462 41.7273 41.5763
2 0 234.048 57.9635 57.8319
2 1 678.911 161.993 161.801
2 2 543.052 120.506 120.357
2 3 355.322 81.0716 80.9462
2 4 230.497 53.3878 53.2717
2 5 129.085 41.0614 40.858
2 6 70.953 18.2033 18.0726
2 7 46.4361 13.5908 13.4232
2 8 28.0379 7.14299 7.01753
2 9 23.2818 5.76158 5.64392
2 10 20.9672 5.54042 5.4073
2 11 18.017 5.72134 5.53266
2 12 165.692 48.8463 48.669
3 0 92.0214 34.9498 34.6645
3 1 153.004 49.951 49.7356
3 2 130.99 44.6544 44.4213
3 3 104.538 33.3877 33.1842
3 4 65.9209 19.4893 19.3168
3 5 48.2412 14.5682 14.3898
3 6 22.3504 6.46361 6.30437
3 7 18.8077 5.20758 5.06259
3 8 12.2289 3.65169 3.48886
3 9 9.48392 4.69469 4.57216
3 10 5.32097 1.89655 1.76794
3 11 5.11476 1.85349 1.64628
3 12 53.4124 18.8404 18.5974
4 0 44.9107 12.8738 12.7132
4 1 147.052 46.0927 45.894
4 2 119.208 36.0992 35.9151
4 3 97.4108 31.0333 30.8312
4 4 60.415 19.0834 18.8872
4 5 31.3131 8.43232 8.29187
4 6 24.1395 7.34832 7.17166
4 7 12.4987 4.09375 3.89907
4 8 10.2265 3.33128 3.1424
4 9 6.88385 2.17902 2.0087
4 10 6.80651 2.7226 2.4611
4 11 5.20894 1.75588 1.57339
4 12 43.6599 16.9831 16.6905
