0 0
1 0 343.262 90.9217 90.7617
1 1 1552.5 352.654 352.146
1 2 929.034 210.796 210.547
1 3 343.185 84.2992 84.4917
1 4 113.988 27.4558 27.4855
1 5 40.4275 9.95121 9.92069
1 6 15.2241 7.60299 6.8767
1 7 6.80873 2.4399 1.74353
1 8 1.79032 0.938487 0.440311
1 9 2.36556 1.10882 0.592076
1 10 1.13753 0.743479 0.277059
1 11 1.43316 0.869296 0.415707
1 12 0.145847 0.226751 0.0212714
1 13 0.705576 0.563302 0.173929
1 14 0.164488 0.247562 0.0270563
1 15 0.25498 0.351329 0.0650149
1 16 0 0.380982 0
1 17 0 0.380982 0
1 18 0 0.380982 0
1 19 0 0.380982 0
1 20 0 0.380982 0
1 21 0 0.380982 0
1 22 0 0.380982 0
1 23 0 0.380982 0
1 24 0 0.380982 0
1 25 0 0.380982 0
1 26 0 0.380982 0
1 27 0 0.380982 0
1 28 0 0.380982 0
1 29 0 0.380982 0
1 30 0 0.380982 0
2 0 99.8773 37.9519 37.6656
2 1 384.584 111.312 111.12
2 2 261.71 75.1199 74.9441
2 3 122.103 34.9476 34.9996
2 4 41.8517 11.3606 11.3335
2 5 23.0614 6.64935 6.60606
2 6 11.2076 3.43989 3.38432
2 7 6.39894 2.18796 2.12622
2 8 2.40856 1.11853 0.646455
2 9 2.10944 1.03607 0.526411
2 10 1.36829 0.767556 0.375604
2 11 0.819184 0.927644 0.671062
2 12 0.847547 0.613533 0.239522
2 13 1.13594 0.716378 0.327402
2 14 0 0.380982 0
2 15 0.27533 0.375181 0.0758064
2 16 0 0.380982 0
2 17 0.541089 0.497222 0.146873
2 18 0.27533 0.375181 0.0758064
2 19 0 0.380982 0
2 20 0 0.380982 0
2 21 0 0.380982 0
2 22 0 0.380982 0
2 23 0 0.380982 0
2 24 0 0.380982 0
2 25 0 0.380982 0
2 26 0 0.380982 0
2 27 0 0.380982 0
2 28 0 0.380982 0
2 29 0 0.380982 0
2 30 0 0.380982 0
