0 0
1 0 71.4492 16.7806 16.6081
1 1 65.2013 17.4306 17.4457
1 2 54.8356 13.8502 13.7243
1 3 59.4083 13.0572 12.9613
1 4 52.3223 12.4711 11.9126
1 5 59.0926 16.0471 15.9016
1 6 77.1639 18.3433 18.1757
1 7 78.9398 18.0787 18.0959
1 8 103.746 26.3159 26.1865
1 9 143.297 34.7178 34.5976
1 10 175.435 42.1097 41.9898
1 11 255.891 63.2767 63.1436
1 12 324.506 67.5777 67.4732
1 13 463.069 90.7547 90.6416
1 14 811.197 170.054 169.855
1 15 0 0.250592 0
2 0 115.351 24.0787 23.9298
2 1 94.3725 20.4097 19.6692
2 2 82.9282 15.1827 15.0063
2 3 93.0979 21.9796 21.8677
2 4 88.2061 18.912 18.8195
2 5 88.7914 17.9769 17.8992
2 6 100.963 21.8558 21.7898
2 7 119.73 28.8298 28.7649
2 8 137.492 34.932 34.8005
2 9 136.568 29.1003 29.024
2 10 150.072 31.1873 31.1875
2 11 193.516 46.4336 46.5314
2 12 237.31 49.9947 49.9233
2 13 294.56 60.4387 60.3952
2 14 454.058 96.2168 96.0921
2 15 0 0.250592 0
3 0 30.6488 8.36388 7.59034
3 1 28.9127 10.0009 9.77223
3 2 21.6401 6.72163 6.53891
3 3 25.5338 8.39135 8.24832
3 4 21.9776 8.41322 8.30245
3 5 19.184 6.2694 6.25006
3 6 32.9163 11.0364 10.9143
3 7 35.9449 11.2914 11.2877
3 8 31.9866 9.98235 9.97469
3 9 38.509 10.3482 10.3418
3 10 42.579 11.9083 11.7773
3 11 61.9926 17.053 16.9036
3 12 92.9301 25.7863 25.6325
3 13 157.919 41.7285 41.5855
3 14 289.537 85.7524 85.5633
3 15 0 0.250592 0
4 0 36.9753 10.4035 10.3008
4 1 21.9437 5.95194 5.52184
4 2 21.9158 6.59228 6.4162
4 3 18.0797 4.51211 3.97578
4 4 23.2789 7.07889 6.96515
4 5 24.8203 7.55716 7.44495
4 6 26.3933 8.31311 8.17006
4 7 25.9049 6.63821 6.50335
4 8 29.3613 7.13087 7.01827
4 9 37.3055 12.4941 12.3972
4 10 44.4663 12.6416 12.6422
4 11 46.5581 12.7558 12.6276
4 12 70.3932 18.505 18.3952
4 13 83.8815 21.8514 21.8796
4 14 149.956 44.9234 44.7414
4 15 0 0.250592 0
