0 0
1 0 75.8749 16.7861 16.6139
1 1 62.354 16.0895 15.9143
1 2 58.9022 11.3685 11.3095
1 3 56.892 13.3 13.1919
1 4 58.4126 11.6868 11.6287
1 5 59.5937 13.7066 13.7106
1 6 50.3071 10.7218 9.95263
1 7 64.8286 17.3278 17.1864
1 8 80.0634 19.3498 19.1852
1 9 80.2662 18.0427 17.9446
1 10 88.2515 21.3464 21.3732
1 11 110.477 29.4936 29.3502
1 12 129.458 27.8081 27.7135
1 13 156.895 35.6434 35.5364
1 14 197.962 45.939 45.825
1 15 263.307 59.1228 59.0103
1 16 333.072 69.2156 69.1105
1 17 390.284 71.7734 71.6799
1 18 572.528 110.681 110.551
1 19 867.577 163.679 163.481
1 20 0 0.250592 0
2 0 90.0571 18.1174 17.9499
2 1 77.795 15.1056 14.3491
2 2 66.399 13.6803 13.2741
2 3 66.2177 11.8048 11.6877
2 4 69.474 14.7532 14.6325
2 5 73.2423 15.4784 15.4877
2 6 65.4016 11.675 11.545
2 7 71.8979 13.8811 13.5393
2 8 74.7767 14.5916 14.5033
2 9 85.3951 17.6032 17.5038
2 10 93.6517 19.1893 18.8644
2 11 102.242 22.1231 22.152
2 12 102.805 22.1014 22.0037
2 13 106.061 19.0338 19.0228
2 14 105.884 20.2905 20.2201
2 15 126.497 29.5883 29.6085
2 16 134.054 24.7299 24.6527
2 17 148.76 27.331 27.1926
2 18 162.761 28.2662 27.8925
2 19 207.789 40.6774 40.6348
2 20 0 0.250592 0
3 0 32.5708 8.95445 8.1817
3 1 24.707 7.35748 7.15381
3 2 21.8806 6.44356 6.42497
3 3 24.1819 8.29734 8.07424
3 4 22.0334 6.63058 6.48238
3 5 21.4018 8.61464 8.47078
3 6 19.8225 5.97374 5.85645
3 7 17.038 5.33371 5.31145
3 8 25.3572 7.31156 7.17828
3 9 32.8565 11.4476 11.3266
3 10 35.822 11.1041 11.0999
3 11 30.9763 9.5698 9.56087
3 12 36.9141 10.6511 10.6456
3 13 39.3311 11.6733 11.614
3 14 51.8972 13.6213 13.0985
3 15 62.252 17.2738 17.1218
3 16 93.5029 25.4386 25.2907
3 17 123.544 32.8509 32.708
3 18 175.742 49.4838 49.3208
3 19 301.671 82.9508 82.7846
3 20 0 0.250592 0
4 0 25.8904 7.23664 7.1238
4 1 15.0718 3.87868 3.50857
4 2 14.8638 4.01488 3.58266
4 3 11.1542 2.80733 2.62133
4 4 11.8077 3.04105 2.61475
4 5 18.4114 5.73193 5.61367
4 6 13.5416 3.40351 3.03331
4 7 17.0937 5.41036 5.29093
4 8 14.8754 3.61276 3.25695
4 9 18.9082 5.71669 5.56554
4 10 19.1006 4.7374 4.36843
4 11 19.9097 4.68204 4.31316
4 12 22.1877 6.65167 6.53661
4 13 26.0369 7.13451 7.02144
4 14 27.7422 6.43356 6.19862
4 15 25.247 6.40619 6.25814
4 16 39.8063 10.5344 10.4323
4 17 39.1643 8.71977 8.57957
4 18 40.4021 8.28407 8.24012
4 19 70.2852 21.6802 21.3562
4 20 0 0.250592 0
