0 0
1 0 670.07 250.255 250.754
1 1 1975.11 708.532 709.656
1 2 1606.53 584.166 585.211
1 3 1151.12 392.874 393.659
1 4 711.483 242.91 243.441
1 5 397.541 135.595 135.877
1 6 204.996 71.5 71.5505
1 7 138.179 51.4817 51.5323
1 8 81.2988 28.1611 28.0403
1 9 57.3734 20.5945 20.4447
1 10 39.2709 14.1313 14.0152
1 11 30.6375 10.8493 10.7357
1 12 137.851 45.8465 45.8145
2 0 238.498 89.6563 89.7213
2 1 739.199 261.428 261.948
2 2 585.387 200.055 200.483
2 3 426.278 143.74 143.988
2 4 260.823 87.2697 87.4215
2 5 147.11 51.2899 51.2803
2 6 78.8881 26.5032 26.3724
2 7 42.8469 14.4549 14.3026
2 8 28.9244 9.94277 9.76659
2 9 18.1059 6.04557 5.85186
2 10 12.4834 4.68073 4.47539
2 11 10.0639 3.63794 3.44837
2 12 45.6945 15.3556 15.2455
3 0 431.573 160.781 161.032
3 1 1235.91 446.806 447.707
3 2 1021.14 383.9 384.728
3 3 724.84 249.134 249.671
3 4 450.66 155.682 156.019
3 5 250.431 84.4524 84.5969
3 6 126.108 45.2059 45.178
3 7 95.3322 37.268 37.2297
3 8 52.3744 18.4135 18.2737
3 9 39.2675 14.7616 14.5929
3 10 26.7876 9.6666 9.53983
3 11 20.5736 7.43743 7.28733
3 12 92.1566 30.6474 30.569
4 0 262.395 103.132 103.271
4 1 744.121 278.462 279.099
4 2 705.969 268.481 269.083
4 3 549.108 188.356 188.71
4 4 352.682 119.799 120.039
4 5 209.385 70.6291 70.6759
4 6 109.137 36.148 36.0523
4 7 72.3515 28.9524 28.8886
4 8 48.0921 16.5903 16.4331
4 9 37.7819 13.8089 13.6374
4 10 19.9395 7.01962 6.85822
4 11 17.8121 6.43488 6.28306
4 12 85.0125 27.5097 27.4311
5 0 407.676 147.267 147.482
5 1 1230.99 429.686 430.557
5 2 900.557 315.452 316.128
5 3 602.01 204.502 204.949
5 4 358.801 123.153 123.402
5 5 188.156 65.1106 65.2013
5 6 95.8593 35.5757 35.4982
5 7 65.8276 22.7969 22.6437
5 8 33.2068 11.789 11.6072
5 9 19.5915 6.99227 6.80732
5 10 19.3315 7.32572 7.157
5 11 12.8253 4.6338 4.45264
5 12 52.8386 18.4936 18.3834
6 0 98.1338 42.0892 42.0119
6 1 263.293 97.7535 97.8796
6 2 251.23 86.1414 86.2279
6 3 198.637 66.8469 66.8435
6 4 125.446 42.0162 42.0383
6 5 78.1643 27.5259 27.3856
6 6 38.837 13.1357 12.9422
6 7 18.8178 6.29968 6.10467
6 8 15.3336 5.11721 4.9258
6 9 10.7592 3.61374 3.4124
6 10 5.40837 2.00508 1.79774
6 11 5.35277 1.90099 1.71573
6 12 26.6016 8.49196 8.32586
7 0 140.364 47.775 47.7094
7 1 475.906 163.766 164.068
7 2 334.157 114.034 114.255
7 3 227.641 77.0971 77.1442
7 4 135.377 45.3964 45.3831
7 5 68.9461 23.9735 23.8947
7 6 40.0511 13.5932 13.4303
7 7 24.0291 8.37927 8.19798
7 8 13.5908 5.03769 4.84079
7 9 7.34666 2.63844 2.43946
7 10 7.07498 2.89057 2.67766
7 11 4.71109 1.9431 1.73263
7 12 19.0929 7.04589 6.91965
8 0 164.261 61.2589 61.2593
8 1 480.828 180.814 181.219
8 2 454.739 182.449 182.855
8 3 350.47 121.683 121.867
8 4 227.236 77.868 78.0007
8 5 131.221 43.3183 43.2903
8 6 70.3002 23.2462 23.1101
8 7 53.5337 22.8605 22.7839
8 8 32.7584 11.6687 11.5073
8 9 27.0227 10.4079 10.225
8 10 14.5311 5.228 5.06048
8 11 12.4593 4.7431 4.56732
8 12 58.4109 19.21 19.1052
9 0 267.312 99.7146 99.7729
9 1 755.086 265.906 266.488
9 2 566.4 201.474 201.873
9 3 374.369 127.593 127.805
9 4 223.423 77.8916 78.0186
9 5 119.21 41.2866 41.3066
9 6 55.8082 22.1798 22.0679
9 7 41.7984 14.6253 14.4457
9 8 19.6159 6.96369 6.7664
9 9 12.2448 4.55855 4.36786
9 10 12.2565 4.64481 4.47935
9 11 8.11425 2.90376 2.72001
9 12 33.7457 11.6368 11.4637
