0.03 0
1 0 31.0164 11.3252 11.2858
1 1 162.47 45.7836 45.838
1 2 449.291 114.959 115.229
1 3 786.955 184.079 184.459
1 4 902.397 208.217 208.613
1 5 876.583 209.538 209.946
1 6 695.029 160.615 160.951
1 7 557.157 117.89 118.134
1 8 462.332 103.279 103.506
1 9 359.84 82.277 82.4564
1 10 290.104 61.454 61.5444
1 11 222.442 49.2071 49.2981
1 12 157.968 33.725 33.7437
1 13 143.705 30.9189 30.9083
1 14 107.493 24.7169 24.7451
1 15 92.8279 20.1517 20.1572
1 16 68.7254 15.4072 15.3582
1 17 50.8778 12.4934 12.3423
1 18 44.4203 9.99729 9.92021
1 19 40.2184 9.24144 9.10313
1 20 277.251 79.4865 79.6346
2 0 23.3932 8.31788 8.26691
2 1 112.124 28.9205 28.9255
2 2 325.407 74.9916 75.1529
2 3 606.216 133.681 133.971
2 4 699.738 151.979 152.277
2 5 678.954 151.394 151.702
2 6 537.045 113.49 113.692
2 7 437.924 85.8184 85.9933
2 8 349.833 70.8705 70.9799
2 9 278.572 62.2923 62.4232
2 10 219.773 42.9698 43.0088
2 11 171.449 35.708 35.7621
2 12 122.041 25.1625 25.1352
2 13 109.994 23.1045 22.9787
2 14 83.7604 18.6586 18.6302
2 15 69.3881 13.7172 13.582
2 16 53.2391 11.6841 11.6251
2 17 38.7478 9.14144 8.99405
2 18 34.7221 7.57218 7.39996
2 19 31.9548 6.81068 6.65989
2 20 200.675 55.277 55.1916
3 0 7.62315 3.16537 3.01887
3 1 50.3465 16.9359 16.9125
3 2 123.884 40.0383 40.0756
3 3 180.739 50.4206 50.4876
3 4 202.659 56.2515 56.336
3 5 197.63 58.1532 58.2445
3 6 157.984 47.1986 47.2589
3 7 119.233 32.1206 32.1411
3 8 112.499 32.5057 32.5259
3 9 81.2682 20.0508 20.0332
3 10 70.3314 18.5816 18.5356
3 11 50.9932 13.5747 13.536
3 12 35.9266 8.68482 8.6085
3 13 33.7108 8.01974 7.92959
3 14 23.7326 6.17157 6.11489
3 15 23.4398 6.64429 6.57524
3 16 15.4863 3.84436 3.73301
3 17 12.13 3.50764 3.34824
3 18 9.6982 2.63695 2.52024
3 19 8.26361 2.59733 2.44324
3 20 76.5754 24.474 24.443
4 0 12.5212 5.17293 5.08035
4 1 67.5058 20.8382 20.8209
4 2 212.384 57.4921 57.6165
4 3 410.881 100.826 101.054
4 4 501.536 125.271 125.553
4 5 496.57 120.885 121.149
4 6 409.55 98.2656 98.4802
4 7 329.873 70.2851 70.4335
4 8 268.111 60.249 60.3344
4 9 204.985 48.0509 48.1439
4 10 162.653 33.537 33.558
4 11 121.567 25.0643 25.0383
4 12 85.9699 17.9211 17.8528
4 13 76.5043 16.1089 16.0457
4 14 61.0873 15.2139 15.1744
4 15 55.0423 11.9405 11.9191
4 16 38.8768 7.77906 7.60181
4 17 30.6896 7.87549 7.71709
4 18 25.2619 5.46813 5.38163
4 19 22.1359 4.59313 4.42888
4 20 135.754 34.9767 34.8643
5 0 18.4952 6.27607 6.20543
5 1 94.9645 25.0354 25.0171
5 2 236.907 57.5318 57.612
5 3 376.074 83.2684 83.4048
5 4 400.861 82.8994 83.0604
5 5 380.014 88.6121 88.7977
5 6 285.479 62.4038 62.4708
5 7 227.284 47.6401 47.7009
5 8 194.221 43.1241 43.1714
5 9 154.855 34.2964 34.3125
5 10 127.451 28.0002 27.9864
5 11 100.876 24.3599 24.2598
5 12 71.9978 15.9342 15.8909
5 13 67.2004 15.0051 14.8626
5 14 46.4058 9.66365 9.57075
5 15 37.7855 8.39013 8.23808
5 16 29.8486 7.85049 7.75634
5 17 20.1882 4.77033 4.6252
5 18 19.1585 4.69655 4.53857
5 19 18.0825 4.83104 4.67425
5 20 141.496 44.7096 44.7703
6 0 7.5442 2.88071 2.77708
6 1 43.8382 12.5009 12.4581
6 2 145.955 35.8349 35.8883
6 3 313.668 73.4292 73.5904
6 4 378.352 89.3995 89.5962
6 5 373.97 81.5408 81.7077
6 6 311.593 67.5585 67.6626
6 7 254.153 49.4652 49.56
6 8 199.797 40.7935 40.8013
6 9 154.994 35.1092 35.1664
6 10 119.506 22.5537 22.43
6 11 93.4047 18.3877 18.3418
6 12 64.4666 12.6875 12.6102
6 13 57.2107 11.637 11.4889
6 14 48.0434 12.1048 12.036
6 15 40.6292 8.00369 7.85027
6 16 28.9875 5.46867 5.29336
6 17 23.1402 5.7457 5.57644
6 18 19.0329 3.95719 3.78108
6 19 18.4224 3.78624 3.61961
6 20 99.1865 25.41 25.2654
7 0 15.849 5.56211 5.48983
7 1 68.2856 16.5117 16.4674
7 2 179.452 39.2362 39.2647
7 3 292.548 60.3034 60.3806
7 4 321.386 62.5704 62.6811
7 5 304.984 69.8551 69.9943
7 6 225.452 45.9997 46.0296
7 7 183.771 36.4047 36.4332
7 8 150.037 30.1894 30.1786
7 9 123.578 27.2731 27.2568
7 10 100.267 20.6086 20.5789
7 11 78.0443 17.536 17.4203
7 12 57.5745 12.5922 12.5249
7 13 52.7832 11.6342 11.4898
7 14 35.717 6.77407 6.59424
7 15 28.7588 5.88303 5.7317
7 16 24.2516 6.43592 6.33178
7 17 15.6076 3.55809 3.41761
7 18 15.6892 3.78178 3.61889
7 19 13.5324 3.20126 3.04028
7 20 101.489 30.0517 29.9262
8 0 4.97696 2.45651 2.30327
8 1 23.6676 8.4265 8.36279
8 2 66.4288 21.7653 21.7283
8 3 97.2132 27.4609 27.4634
8 4 123.183 35.9284 35.9567
8 5 122.6 39.4034 39.4411
8 6 97.957 30.8024 30.8176
8 7 75.7199 20.8865 20.8734
8 8 68.3146 19.5649 19.5331
8 9 49.9912 13.0145 12.9774
8 10 43.147 11.1895 11.128
8 11 28.162 6.76828 6.69645
8 12 21.5033 5.33598 5.24257
8 13 19.2936 4.65447 4.55679
8 14 13.0438 3.30069 3.13839
8 15 14.4131 4.16174 4.06886
8 16 9.88929 2.48792 2.30845
8 17 7.54943 2.30783 2.14065
8 18 6.22898 1.72205 1.60056
8 19 3.71348 0.963073 0.809269
8 20 36.5679 9.76349 9.59885
9 0 2.64619 0.865865 0.715601
9 1 26.6788 8.61307 8.54973
9 2 57.4552 18.3647 18.3473
9 3 83.526 23.0466 23.0242
9 4 79.4756 20.3965 20.3793
9 5 75.0298 18.8219 18.8033
9 6 60.0271 16.4935 16.4413
9 7 43.5133 11.3047 11.2677
9 8 44.1845 13.043 12.9928
9 9 31.2769 7.23846 7.05576
9 10 27.1843 7.47767 7.40754
9 11 22.8312 6.9936 6.83954
9 12 14.4233 3.53345 3.36593
9 13 14.4172 3.53623 3.3728
9 14 10.6888 3.07629 2.97651
9 15 9.0267 2.67959 2.50637
9 16 5.59697 1.55325 1.42456
9 17 4.58054 1.37292 1.20759
9 18 3.46921 1.07437 0.919682
9 19 4.55013 1.79003 1.63397
9 20 40.0075 14.8964 14.8441
