0 0
1 0 631.709 138.609 138.445
1 1 1392.46 278.529 278.123
1 2 1137.39 209.351 209.065
1 3 776.793 143.708 143.538
1 4 505.305 98.1679 98.0491
1 5 305.077 67.4796 67.366
1 6 180.041 39.3031 39.2027
1 7 106.385 23.1062 23.1381
1 8 85.546 21.5504 21.4236
1 9 55.5914 11.1112 10.5882
1 10 51.7157 12.0586 11.9414
1 11 42.1755 9.21556 9.14946
1 12 33.909 9.07076 9.02871
1 13 27.6422 5.85506 5.80339
1 14 21.2476 4.89127 4.52276
1 15 272.859 67.6551 67.5198
2 0 168.679 48.8527 48.6811
2 1 373.978 103.728 103.551
2 2 303.554 83.2016 83.0361
2 3 244.55 68.2483 68.083
2 4 157.468 43.2853 43.1309
2 5 102.075 25.3914 25.267
2 6 60.3046 16.8956 16.7226
2 7 36.897 9.01812 8.87847
2 8 27.5681 7.0789 6.63599
2 9 22.5479 7.29547 7.16149
2 10 17.0706 4.8565 4.64553
2 11 13.7575 3.92771 3.4953
2 12 15.5576 5.90448 5.76362
2 13 8.58948 2.46908 2.09981
2 14 7.24675 2.39608 2.20643
2 15 85.9789 24.1014 23.9449
