0 0
1 0 9.41262 0.66019 0.662012
1 1 21.9272 1.52829 1.51859
1 2 31.029 1.86217 1.85482
1 3 33.9325 2.06161 2.05404
1 4 32.9281 2.0943 2.08604
1 5 28.2641 1.83672 1.83481
1 6 26.1041 1.65621 1.64808
1 7 23.0378 1.77929 1.78417
1 8 20.021 1.36594 1.35666
1 9 14.1027 1.06864 1.06436
1 10 11.8969 0.863977 0.860973
1 11 9.71821 0.709653 0.706167
1 12 7.93665 0.505364 0.501138
1 13 7.0815 0.512984 0.514194
1 14 7.64239 0.471748 0.472835
1 15 6.42325 0.483224 0.47973
1 16 6.36045 0.428042 0.423687
1 17 6.09915 0.428566 0.422298
1 18 6.03051 0.41925 0.414028
1 19 4.81882 0.312237 0.312849
1 20 3.93323 0.277773 0.204887
1 21 4.08365 0.309846 0.310451
1 22 1.92047 0.134322 0.102298
1 23 0.808541 0.0653566 0.0438381
1 24 0 0.0157525 0
2 0 3.84601 0.230898 0.195989
2 1 11.4035 0.640761 0.64251
2 2 17.6971 0.961743 0.95583
2 3 20.4203 1.38734 1.38769
2 4 22.0536 1.52804 1.53218
2 5 20.345 1.19404 1.18713
2 6 22.9713 1.63122 1.63581
2 7 20.2832 1.19375 1.19268
2 8 20.5908 1.39238 1.391
2 9 18.5033 1.17668 1.17997
2 10 16.3446 1.12059 1.12127
2 11 16.9501 1.37598 1.37523
2 12 13.3524 0.905098 0.904013
2 13 10.6777 0.729037 0.724797
2 14 10.6788 0.6132 0.610355
2 15 11.2929 0.809407 0.804338
2 16 9.64465 0.818151 0.815687
2 17 7.28277 0.443512 0.441017
2 18 8.2013 0.49269 0.447708
2 19 7.71328 0.452963 0.451626
2 20 5.28477 0.32005 0.315373
2 21 5.11683 0.313746 0.309336
2 22 3.80895 0.25294 0.208218
2 23 1.06191 0.0805432 0.0566087
2 24 0 0.0157525 0
