0 0
1 0 71.0574 17.0108 17.0111
1 1 56.7186 13.5573 13.4688
1 2 56.1389 16.271 16.2143
1 3 48.1271 10.7201 10.6716
1 4 49.2848 12.5446 12.503
1 5 52.4189 12.4186 12.3596
1 6 56.486 15.1996 15.1908
1 7 43.3602 11.2654 11.2282
1 8 46.4289 10.0697 9.98347
1 9 49.4441 14.5501 14.5184
1 10 64.4347 15.7611 15.7101
1 11 68.0765 16.9179 16.8752
1 12 71.5615 17.8791 17.8407
1 13 83.9373 22.7221 22.6861
1 14 84.3425 20.6734 20.6606
1 15 104.556 24.2192 24.2173
1 16 121.453 28.9737 28.979
1 17 133.527 32.0291 32.0696
1 18 167.549 38.4203 38.4506
1 19 208.377 50.676 50.7779
1 20 248.954 53.2304 53.3351
1 21 296.082 61.1999 61.3204
1 22 385.638 79.9925 80.1596
1 23 515.407 106.982 107.207
1 24 737.642 156.638 156.955
1 25 0 0.151737 0
2 0 111.315 24.4669 24.4368
2 1 84.8658 16.6768 16.5551
2 2 78.7914 15.1444 14.9726
2 3 76.9537 16.5556 16.5103
2 4 73.5126 14.0139 13.9447
2 5 72.9848 15.5184 15.51
2 6 80.0434 17.8947 17.8974
2 7 78.3132 17.167 17.1415
2 8 76.1028 14.2502 14.2038
2 9 85.7365 19.1015 19.0546
2 10 89.4755 19.1156 19.0854
2 11 94.1438 20.7391 20.7056
2 12 104.626 25.2792 25.2693
2 13 112.479 21.9831 21.868
2 14 121.031 31.6262 31.6409
2 15 115.311 25.6797 25.6637
2 16 128.27 26.6711 26.6773
2 17 140.608 30.1258 30.1699
2 18 155.006 30.4295 30.4406
2 19 174.286 41.3637 41.3946
2 20 213.367 46.6013 46.6624
2 21 219.49 42.9903 43.0318
2 22 244.273 46.7244 46.8064
2 23 308.006 60.6744 60.7891
2 24 404.606 82.1273 82.2921
2 25 0 0.151737 0
