0.03 0
1 0 1418.52 362.07 362.636
1 1 1767.69 424.89 425.369
1 2 1367.84 297.239 297.657
1 3 901.275 202.875 203.254
1 4 535.447 114.171 114.408
1 5 312.841 66.3135 66.4549
1 6 193.599 46.3202 46.3779
1 7 109.913 27.1357 27.1169
1 8 60.2713 14.5744 14.4464
1 9 47.8288 12.5886 12.5186
1 10 23.2265 6.53315 6.37892
1 11 16.4238 4.68054 4.50707
1 12 8.84474 2.1435 1.97263
1 13 3.60141 1.13994 0.992623
1 14 3.92489 1.14305 0.986488
1 15 7.8623 2.25006 2.0984
2 0 1081.34 260.084 260.559
2 1 1334.79 292.241 292.664
2 2 1044.53 210.829 211.174
2 3 705.37 146.498 146.788
2 4 407.918 82.842 83.012
2 5 237.528 47.2127 47.3034
2 6 151.713 35.6121 35.6185
2 7 86.9147 21.2511 21.1073
2 8 47.3956 11.3132 11.1748
2 9 37.5089 9.82408 9.65662
2 10 20.4211 5.91535 5.75383
2 11 12.3543 3.4309 3.25614
2 12 6.47138 1.56027 1.38875
2 13 2.51474 0.8636 0.709202
2 14 2.40956 0.691594 0.539837
2 15 5.77797 1.79999 1.64583
3 0 337.179 101.841 102.077
3 1 432.903 132.386 132.705
3 2 323.309 86.2848 86.4823
3 3 195.905 56.3812 56.4653
3 4 127.53 31.3564 31.3956
3 5 75.3133 19.1723 19.1516
3 6 41.8857 10.8986 10.7593
3 7 22.9986 6.09604 6.00962
3 8 12.8757 3.42884 3.27164
3 9 10.3199 2.96811 2.86201
3 10 2.80536 0.774694 0.625082
3 11 4.06952 1.41958 1.25093
3 12 2.37336 0.739282 0.58388
3 13 1.08667 0.429132 0.283421
3 14 1.51534 0.604241 0.44665
3 15 2.08432 0.602722 0.452566
4 0 806.936 202.57 202.995
4 1 971.243 239.752 240.215
4 2 744.062 166.8 167.133
4 3 501.556 122.187 122.455
4 4 304.565 66.7267 66.8671
4 5 167.38 34.0134 34.07
4 6 99.3521 23.7516 23.6307
4 7 51.5306 10.8982 10.7222
4 8 26.1992 5.65492 5.51119
4 9 24.3533 6.17826 6.09314
4 10 12.9657 3.86201 3.69992
4 11 7.67563 2.08575 1.89663
4 12 4.58876 1.24207 1.08135
4 13 1.33194 0.351683 0.210002
4 14 2.21155 0.713922 0.564518
4 15 3.50866 1.26617 1.10233
5 0 611.582 159.288 159.641
5 1 796.447 184.785 185.154
5 2 623.774 130.26 130.524
5 3 399.719 80.6367 80.7984
5 4 230.882 47.4593 47.5406
5 5 145.461 32.3659 32.3849
5 6 94.2465 22.773 22.7471
5 7 58.3827 16.4466 16.3947
5 8 34.0721 9.09294 8.93524
5 9 23.4755 6.5914 6.42549
5 10 10.2607 2.83395 2.67899
5 11 8.74819 2.7653 2.61044
5 12 4.25597 1.0558 0.891286
5 13 2.26947 0.933618 0.782621
5 14 1.71334 0.573022 0.42197
5 15 4.35363 1.1458 0.996064
6 0 601.147 140.32 140.63
6 1 714.328 160.655 160.981
6 2 557.849 116.344 116.586
6 3 387.136 85.7897 85.9716
6 4 226.106 46.544 46.6327
6 5 125.714 24.0262 23.9893
6 6 79.7705 19.1762 19.0345
6 7 40.1184 8.34474 8.17214
6 8 19.048 3.89144 3.73905
6 9 19.118 4.86023 4.68647
6 10 10.9243 3.38217 3.21384
6 11 6.3235 1.80029 1.62161
6 12 3.53674 1.01408 0.851315
6 13 0.876481 0.264187 0.131379
6 14 1.51683 0.505149 0.357992
6 15 2.38303 1.07265 0.902485
7 0 480.192 119.661 119.929
7 1 620.459 131.414 131.682
7 2 486.678 94.4391 94.5886
7 3 318.235 60.7367 60.8169
7 4 181.812 36.3599 36.3794
7 5 111.814 23.3218 23.3141
7 6 71.9424 16.6266 16.584
7 7 46.7963 13.0671 12.9352
7 8 28.3476 7.59824 7.43574
7 9 18.3909 5.13558 4.97015
7 10 9.49684 2.69556 2.53999
7 11 6.03079 1.79694 1.63453
7 12 2.93464 0.699366 0.537437
7 13 1.63826 0.738668 0.577823
7 14 0.892721 0.320859 0.181845
7 15 3.39494 0.892827 0.743346
8 0 205.789 62.2341 62.365
8 1 256.914 79.0857 79.2336
8 2 186.214 50.4805 50.5473
8 3 114.42 36.4545 36.4837
8 4 78.4589 20.2771 20.2344
8 5 41.6665 10.1284 10.0807
8 6 19.5816 4.73022 4.5962
8 7 11.4122 2.71781 2.55011
8 8 7.15122 1.92917 1.77214
8 9 5.23531 1.52684 1.40667
8 10 2.04148 0.629371 0.486083
8 11 1.35213 0.428912 0.275022
8 12 1.05203 0.376343 0.230031
8 13 0.455456 0.203293 0.0786229
8 14 0.694719 0.363143 0.206525
8 15 1.12563 0.342464 0.199848
9 0 131.39 39.6408 39.7118
9 1 175.989 53.3967 53.4714
9 2 137.096 35.9102 35.935
9 3 81.4847 19.9969 19.9815
9 4 49.0706 11.3052 11.1612
9 5 33.6468 9.21821 9.0708
9 6 22.3041 6.32292 6.16314
9 7 11.5864 3.574 3.45951
9 8 5.72445 1.6517 1.4995
9 9 5.08464 1.61874 1.45534
9 10 0.763876 0.276083 0.138999
9 11 2.71739 1.13202 0.975907
9 12 1.32133 0.50467 0.353849
9 13 0.631214 0.364708 0.204798
9 14 0.820616 0.397768 0.240125
9 15 0.958691 0.399144 0.252718
