0 0
1 0 3836.58 836.569 835.335
1 1 2587.44 513.351 513.188
1 2 674.383 144.829 145.12
1 3 178.774 38.4932 38.5247
1 4 43.0204 9.9804 9.92344
1 5 14.1058 3.6749 3.5898
2 0 2899.05 580.665 580.275
2 1 2070.98 385.797 385.857
2 2 544.853 111.633 111.863
2 3 140.252 28.4315 28.416
2 4 33.8927 7.49255 7.4303
2 5 10.4839 2.51231 2.36222
3 0 937.539 254.534 255.059
3 1 516.453 127.05 127.331
3 2 129.53 33.2331 33.257
3 3 38.5217 10.1696 10.1087
3 4 9.12771 2.60557 2.49314
3 5 3.62194 1.32532 1.22757
4 0 3836.58 836.569 835.335
4 1 883.937 182.19 182.517
4 2 98.2447 20.221 20.1866
4 3 14.4711 3.40643 3.3048
4 4 2.80825 0.977813 0.855803
4 5 1.21728 0.709014 0.556667
5 0 0 0.151737 0
5 1 1703.5 330.429 330.671
5 2 576.139 124.674 124.933
5 3 164.303 35.195 35.2199
5 4 40.2122 9.12632 9.06764
5 5 12.8886 3.18157 3.03313
6 0 2899.05 580.665 580.275
6 1 692.241 132.576 132.824
6 2 78.9061 15.4583 15.4115
6 3 11.121 2.4348 2.32103
6 4 1.46828 0.471566 0.326254
6 5 0.223368 0.155584 0.0389862
7 0 0 0.151737 0
7 1 1378.74 252.765 253.033
7 2 465.947 96.2819 96.4515
7 3 129.131 26.1149 26.095
7 4 32.4244 7.16673 7.10405
7 5 10.2605 2.47346 2.32324
8 0 937.539 254.534 255.059
8 1 191.696 49.5945 49.6929
8 2 19.3387 4.86162 4.77513
8 3 3.35012 1.13334 0.983774
8 4 1.33998 0.675035 0.529549
8 5 0.993911 0.688686 0.517681
9 0 0 0.151737 0
9 1 324.756 77.4715 77.6378
9 2 110.192 28.472 28.4819
9 3 35.1716 9.18883 9.12492
9 4 7.78774 2.12649 1.96359
9 5 2.62803 0.853623 0.709894
