0 0
1 0 0 0.249966 0
1 1 123.348 36.7372 36.5588
1 2 650.02 212.702 212.417
1 3 638.28 192.447 192.197
1 4 461.862 124.326 124.145
1 5 287.251 70.2159 70.0826
1 6 200.715 51.5454 51.6043
1 7 148.009 46.1425 46.2417
1 8 95.9719 31.5227 31.1703
1 9 63.1172 20.6686 20.5975
1 10 48.9913 17.979 17.9073
1 11 25.2165 8.80821 8.44705
1 12 23.2889 9.12924 9.02065
1 13 14.7317 5.70218 5.37433
1 14 10.9179 3.74745 3.41282
1 15 5.28279 2.13252 1.79921
1 16 4.56552 1.82564 1.4941
1 17 2.83582 1.53698 1.24048
1 18 3.7022 3.11183 2.77479
1 19 1.99904 0.805746 0.53866
1 20 1.12535 0.514411 0.269846
1 21 0.588456 0.327495 0.115429
1 22 0.730227 0.422298 0.19179
1 23 0.907136 0.531172 0.282871
1 24 0.731918 0.434971 0.192452
1 25 4.55204 1.85716 1.54976
2 0 0 0.249966 0
2 1 2.58243 1.02437 0.743907
2 2 93.6911 25.7639 25.6128
2 3 284.66 78.9523 78.7852
2 4 396.101 103.806 103.643
2 5 345.439 77.6796 77.5583
2 6 326.518 80.6822 80.6967
2 7 245.737 66.5068 66.5515
2 8 179.125 53.1331 53.1599
2 9 136.366 40.4792 40.2196
2 10 105.691 33.8719 33.5272
2 11 78.7774 26.3657 26.3121
2 12 59.4967 23.2875 22.9706
2 13 45.8813 20.4869 20.0949
2 14 37.1086 15.6945 15.3526
2 15 19.0252 7.4431 7.26489
2 16 12.2253 4.54286 4.20846
2 17 7.6765 3.89263 3.52457
2 18 5.1191 1.87475 1.55347
2 19 4.73062 1.73135 1.37726
2 20 2.56969 0.98052 0.715403
2 21 1.47822 0.740312 0.472403
2 22 0.983577 0.419779 0.193485
2 23 0.957221 0.594623 0.331855
2 24 0.340178 0.359182 0.115721
2 25 6.17995 1.87102 1.5832
3 0 0 0.249966 0
3 1 35.5342 12.938 12.6829
3 2 174.659 58.51 58.2819
3 3 181.03 63.4819 63.2321
3 4 147.995 47.1366 46.9316
3 5 117.958 33.0545 32.8965
3 6 80.322 22.1809 22.0293
3 7 49.0961 14.741 14.6912
3 8 40.5374 11.9224 11.5086
3 9 29.5755 8.74245 8.6342
3 10 21.1519 6.54513 6.11553
3 11 12.4837 5.76933 5.39508
3 12 8.03152 3.00622 2.68253
3 13 6.87103 2.32861 1.991
3 14 6.65016 2.47416 2.11529
3 15 3.50373 1.17142 0.876076
3 16 2.19744 0.845294 0.57802
3 17 3.34252 1.30958 1.0447
3 18 2.62241 1.05188 0.75665
3 19 0.730227 0.422298 0.19179
3 20 1.23556 0.579214 0.325234
3 21 0.39005 0.268183 0.0760694
3 22 0.324397 0.34256 0.105234
3 23 0.196715 0.216271 0.0386969
3 24 0.340178 0.359182 0.115721
3 25 3.0899 1.20563 0.941984
4 0 0 0.249966 0
4 1 0.835685 0.414212 0.176551
4 2 37.0832 15.4919 15.3828
4 3 65.8543 19.9003 19.7365
4 4 89.5506 21.9452 21.825
4 5 84.2772 22.3252 22.1853
4 6 86.4389 23.6062 23.6086
4 7 66.2142 18.7005 18.6881
4 8 57.3517 17.8799 17.8004
4 9 44.5592 15.436 15.3483
4 10 30.8887 10.3248 9.90528
4 11 23.1227 7.60699 7.49454
4 12 18.7218 7.1762 6.80934
4 13 12.4142 4.31131 4.09461
4 14 9.18948 3.38018 3.0207
4 15 6.15925 2.46453 2.15865
4 16 5.04477 1.80779 1.495
4 17 6.54528 3.03596 2.87786
4 18 4.89327 2.46838 2.29189
4 19 2.17997 0.83576 0.56687
4 20 1.67372 0.777773 0.511531
4 21 3.30331 2.2666 1.95665
4 22 0.196715 0.216271 0.0386969
4 23 0.780099 0.361812 0.152139
4 24 0.195025 0.214703 0.0380347
4 25 11.1108 4.41457 4.27728
