0 0
1 0 224.035 49.6028 49.6932
1 1 178.987 40.4843 40.5088
1 2 161.831 34.4704 34.492
1 3 157.665 35.2652 35.2812
1 4 161.133 35.1259 35.1691
1 5 172.982 43.2221 43.3053
1 6 148.664 30.2754 30.2833
1 7 170.769 41.1799 41.2194
1 8 195.276 44.0366 44.0627
1 9 217.885 52.3432 52.3925
1 10 236.157 55.3311 55.4152
1 11 263.786 65.2226 65.3229
1 12 290.368 66.375 66.4862
1 13 327.662 72.7095 72.8569
1 14 383.061 84.9635 85.146
1 15 478.778 111.88 112.132
1 16 602.727 129.351 129.621
1 17 702.402 139.634 139.905
1 18 951.733 195.014 195.356
1 19 1447.91 306.69 307.07
1 20 0 0.151737 0
2 0 165.685 34.4121 34.4234
2 1 139.521 29.9864 29.9804
2 2 124.863 24.4536 24.4454
2 3 122.273 24.5973 24.5841
2 4 127.237 26.0571 26.0704
2 5 133.141 29.176 29.22
2 6 115.105 21.3889 21.3553
2 7 136.95 30.7228 30.732
2 8 154.848 33.5936 33.5892
2 9 166.092 35.4915 35.4995
2 10 181.198 39.9706 40.0126
2 11 212.761 51.3826 51.4449
2 12 231.155 49.2358 49.3008
2 13 262.356 54.1968 54.2971
2 14 303.338 65.711 65.8464
2 15 390.972 88.5109 88.7103
2 16 468.93 93.6512 93.8452
2 17 539.979 98.5782 98.7653
2 18 736.164 137.888 138.149
2 19 1076.19 203.044 203.347
2 20 0 0.151737 0
3 0 58.3499 15.326 15.2698
3 1 39.4661 10.606 10.5283
3 2 36.9677 10.0894 10.0466
3 3 35.3919 10.7565 10.6971
3 4 33.8968 9.16582 9.09868
3 5 39.841 14.1331 14.0852
3 6 33.5595 8.99088 8.92797
3 7 33.8194 10.5419 10.4874
3 8 40.428 10.5289 10.4734
3 9 51.7925 16.9314 16.893
3 10 54.9589 15.4271 15.4026
3 11 51.0255 13.9074 13.8779
3 12 59.2134 17.2064 17.1853
3 13 65.3057 18.5826 18.5598
3 14 79.7231 19.3367 19.2995
3 15 87.8061 23.4241 23.4212
3 16 133.797 35.7538 35.7761
3 17 162.422 41.0929 41.1402
3 18 215.569 57.0863 57.2072
3 19 371.721 103.48 103.723
3 20 0 0.151737 0
4 0 87.5682 20.3023 20.3168
4 1 70.948 19.5994 19.5532
4 2 65.5483 14.9532 14.922
4 3 62.402 16.2651 16.2319
4 4 68.0378 15.8334 15.8007
4 5 64.9769 17.8933 17.8973
4 6 53.8931 12.482 12.4114
4 7 64.1211 17.8128 17.7871
4 8 82.0298 20.1488 20.1114
4 9 86.8572 20.4457 20.4115
4 10 98.9316 27.3413 27.3519
4 11 111.329 27.4768 27.4747
4 12 136.821 31.3052 31.3237
4 13 159.035 39.1955 39.2541
4 14 194.011 45.5559 45.6416
4 15 257.803 61.2278 61.3543
4 16 328.759 69.7944 69.9392
4 17 407.234 83.5336 83.7099
4 18 587.936 124.913 125.171
4 19 921.862 195.748 196.1
4 20 0 0.151737 0
5 0 136.467 29.3922 29.3763
5 1 108.039 21.1004 20.9556
5 2 96.2827 19.7034 19.57
5 3 95.2627 19.103 19.0493
5 4 93.0957 19.3709 19.3684
5 5 108.006 25.3787 25.408
5 6 94.7711 17.8969 17.8718
5 7 106.648 23.4527 23.4323
5 8 113.247 23.9705 23.9513
5 9 131.028 31.9761 31.9809
5 10 137.225 28.1611 28.0634
5 11 152.457 37.8165 37.8482
5 12 153.547 35.1507 35.1625
5 13 168.626 33.5579 33.6028
5 14 189.05 39.4381 39.5043
5 15 220.975 50.7205 50.7773
5 16 273.968 59.5875 59.6822
5 17 295.168 56.1211 56.1955
5 18 363.796 70.0414 70.1848
5 19 526.048 110.744 110.97
5 20 0 0.151737 0
6 0 62.0035 13.9966 13.9589
6 1 48.7751 13.0814 13.015
6 2 46.9205 9.25158 9.18312
6 3 44.7603 10.8828 10.8331
6 4 48.2031 9.81951 9.76925
6 5 45.5291 9.90058 9.8818
6 6 37.8033 7.95788 7.80068
6 7 50.9452 13.5804 13.5417
6 8 60.4692 13.9289 13.8724
6 9 60.0431 11.9709 11.811
6 10 68.1339 17.5953 17.5766
6 11 85.0338 19.3258 19.2995
6 12 105.969 23.1306 23.1253
6 13 128.34 30.4366 30.4703
6 14 153.919 35.5314 35.5897
6 15 210.216 48.6343 48.7277
6 16 255.16 50.2383 50.3333
6 17 307.908 57.2347 57.3418
6 18 447.817 85.6493 85.8225
6 19 678.158 128.434 128.686
6 20 0 0.151737 0
7 0 103.682 20.5034 20.4645
7 1 90.7458 17.1225 16.9655
7 2 77.9427 15.4027 15.2623
7 3 77.5125 13.8174 13.751
7 4 79.0335 16.3371 16.3012
7 5 87.6123 19.3267 19.3382
7 6 77.3013 13.6112 13.5546
7 7 86.0044 17.2296 17.1902
7 8 94.3792 19.7488 19.7168
7 9 106.049 23.7044 23.6885
7 10 113.064 22.5506 22.4361
7 11 127.727 32.1304 32.1455
7 12 125.186 26.19 26.1756
7 13 134.016 23.8094 23.8267
7 14 149.419 30.2233 30.2567
7 15 180.756 39.9491 39.9826
7 16 213.77 43.4606 43.512
7 17 232.071 41.3864 41.4235
7 18 288.347 52.2607 52.326
7 19 398.031 74.5193 74.6613
7 20 0 0.151737 0
8 0 25.5647 6.53334 6.35791
8 1 22.1729 6.633 6.5382
8 2 18.6278 5.80555 5.73884
8 3 17.6417 5.46956 5.39886
8 4 19.8346 6.11653 6.03146
8 5 19.4478 8.08817 8.01551
8 6 16.0898 4.70357 4.61076
8 7 13.1759 4.3275 4.24542
8 8 21.5606 6.31846 6.23897
8 9 26.814 8.66825 8.60052
8 10 30.7977 9.82978 9.77529
8 11 26.2953 8.25058 8.1752
8 12 30.8525 8.24396 8.19842
8 13 30.6954 8.8595 8.78377
8 14 40.0912 10.2035 10.0519
8 15 47.5871 12.6793 12.6266
8 16 73.5993 19.6258 19.6059
8 17 99.3256 26.364 26.3681
8 18 140.12 39.3188 39.3484
8 19 243.704 67.2692 67.4141
8 20 0 0.151737 0
9 0 32.7852 8.98528 8.91189
9 1 17.2932 4.14742 3.99015
9 2 18.3399 4.43838 4.30778
9 3 17.7502 5.39758 5.29827
9 4 14.0622 3.23598 3.06722
9 5 20.3932 6.13789 6.06972
9 6 17.4698 4.39038 4.31721
9 7 20.6435 6.33106 6.24202
9 8 18.8675 4.39195 4.23447
9 9 24.9785 8.36922 8.29243
9 10 24.1612 5.77951 5.62731
9 11 24.7302 5.78291 5.70272
9 12 28.3609 9.04801 8.98693
9 13 34.6102 9.82148 9.77604
9 14 39.6319 9.30866 9.24758
9 15 40.219 10.8521 10.7947
9 16 60.198 16.2105 16.1702
9 17 63.0966 14.8175 14.772
9 18 75.4494 17.8638 17.8588
9 19 128.017 36.244 36.3088
9 20 0 0.151737 0
