0 0
1 0 204.208 47.9259 48.012
1 1 158.877 38.5042 38.5233
1 2 143.639 32.2957 32.3113
1 3 137.955 32.9713 32.9813
1 4 142.203 33.2833 33.3216
1 5 151.799 40.2615 40.3368
1 6 128.755 27.8201 27.8209
1 7 150.505 38.8374 38.8703
1 8 170.428 40.5155 40.5316
1 9 190.269 47.9791 48.0166
1 10 206.549 51.6552 51.7308
1 11 233.718 61.1962 61.2875
1 12 258.038 62.6108 62.7134
1 13 290.567 68.5953 68.7352
1 14 343.507 81.5892 81.7661
1 15 433.657 108.891 109.145
1 16 547.733 124.031 124.297
1 17 638.872 134.098 134.37
1 18 870.302 190.36 190.724
1 19 1377.53 321.21 321.679
1 20 0 0.151737 0
2 0 148.357 32.9478 32.9552
2 1 121.232 27.9617 27.95
2 2 108.918 22.6179 22.6042
2 3 104.272 22.3253 22.3053
2 4 110.494 24.6703 24.6798
2 5 114.272 26.6594 26.6962
2 6 97.3464 19.3917 19.3521
2 7 118.119 28.4188 28.4212
2 8 133.517 30.6615 30.6492
2 9 142.598 32.1077 32.1056
2 10 155.894 37.0374 37.0718
2 11 186.156 47.8438 47.8978
2 12 202.782 45.7703 45.8271
2 13 231.423 51.1958 51.2898
2 14 269.629 62.6609 62.7912
2 15 350.119 85.5634 85.7612
2 16 423.141 90.2241 90.4168
2 17 486.509 94.2815 94.4674
2 18 665.219 133.788 134.058
2 19 1014.96 214.679 215.052
2 20 0 0.151737 0
3 0 55.8503 15.1136 15.0568
3 1 37.645 10.6511 10.5733
3 2 34.7209 9.75099 9.70707
3 3 33.6832 10.7355 10.676
3 4 31.7092 8.71039 8.64172
3 5 37.5271 13.6899 13.6405
3 6 31.4083 8.53323 8.46885
3 7 32.386 10.5039 10.4492
3 8 36.911 9.93986 9.88239
3 9 47.671 15.9526 15.911
3 10 50.6548 14.6859 14.659
3 11 47.5615 13.4208 13.3897
3 12 55.2561 16.9082 16.8863
3 13 59.1439 17.4717 17.4454
3 14 73.8779 19.0133 18.9749
3 15 83.5382 23.3868 23.3838
3 16 124.592 33.8629 33.8799
3 17 152.363 39.8589 39.9024
3 18 205.083 56.5459 56.6658
3 19 362.571 106.374 106.628
3 20 0 0.151737 0
4 0 82.3102 19.8659 19.879
4 1 67.5646 19.8085 19.7628
4 2 62.6025 15.1708 15.1401
4 3 59.2545 16.6096 16.5774
4 4 64.2219 15.4818 15.4479
4 5 60.9708 17.5986 17.6018
4 6 51.3467 12.6127 12.5423
4 7 60.6891 17.911 17.8855
4 8 77.7413 19.8792 19.841
4 9 82.4017 19.9781 19.9423
4 10 93.3706 27.0226 27.0322
4 11 107.017 27.6739 27.6725
4 12 130.5 31.3126 31.3314
4 13 151.498 38.4507 38.5074
4 14 185.72 45.625 45.7114
4 15 248.909 62.5457 62.6769
4 16 309.844 68.1878 68.3298
4 17 390.504 84.3157 84.4977
4 18 554.202 123.332 123.592
4 19 888.791 203.88 204.275
4 20 0 0.151737 0
5 0 121.898 28.152 28.133
5 1 91.3121 18.9124 18.7604
5 2 81.0366 17.3122 17.1712
5 3 78.7008 16.4658 16.4039
5 4 77.9811 17.8808 17.8736
5 5 90.8283 22.7134 22.7349
5 6 77.4081 15.3116 15.2786
5 7 89.8155 21.0129 20.9849
5 8 92.6867 20.7199 20.6906
5 9 107.867 28.0809 28.0742
5 10 113.178 24.8066 24.6986
5 11 126.701 33.5955 33.615
5 12 127.538 31.381 31.382
5 13 139.068 30.1916 30.2278
5 14 157.787 35.997 36.0546
5 15 184.748 46.4224 46.468
5 16 237.889 55.88 55.9669
5 17 248.368 49.8116 49.8722
5 18 316.1 66.9897 67.1315
5 19 488.734 117.153 117.404
5 20 0 0.151737 0
6 0 57.9442 13.8379 13.7996
6 1 45.7662 13.2037 13.1375
6 2 44.5913 9.5052 9.43739
6 3 42.0726 11.1399 11.0908
6 4 45.1619 9.62357 9.57264
6 5 41.8665 9.52546 9.50539
6 6 35.3929 8.06613 7.909
6 7 47.914 13.7081 13.6697
6 8 57.5951 13.9135 13.8568
6 9 56.877 11.8474 11.6871
6 10 63.765 17.3342 17.3145
6 11 81.4861 19.5291 19.5032
6 12 101.098 23.2881 23.2832
6 13 123.155 30.2198 30.2531
6 14 146.946 35.582 35.6402
6 15 202.442 49.9728 50.0705
6 16 239.291 49.2279 49.3212
6 17 294.137 58.1561 58.2683
6 18 419.178 84.4964 84.6718
6 19 649.214 135.225 135.509
6 20 0 0.151737 0
7 0 90.4133 19.1988 19.1556
7 1 75.4655 14.9767 14.8125
7 2 64.327 13.3142 13.1668
7 3 62.1995 11.2889 11.2145
7 4 65.332 15.147 15.1072
7 5 72.4056 17.1858 17.1908
7 6 61.9535 11.5063 11.4431
7 7 70.2046 14.7983 14.7514
7 8 75.9219 16.8336 16.7924
7 9 85.721 20.4444 20.4185
7 10 92.1289 19.8804 19.7573
7 11 104.67 28.3905 28.3946
7 12 101.684 22.5692 22.5438
7 13 108.267 21.0274 21.0367
7 14 122.683 27.1263 27.151
7 15 147.677 35.6691 35.6907
7 16 183.849 41.0501 41.0956
7 17 192.372 36.1759 36.1992
7 18 246.04 49.3269 49.3864
7 19 365.74 79.3801 79.5424
7 20 0 0.151737 0
8 0 24.3661 6.25568 6.0794
8 1 21.7984 6.71999 6.62537
8 2 18.0112 5.76968 5.70273
8 3 17.1818 5.55724 5.48664
8 4 19.06 5.96095 5.8753
8 5 19.1044 8.16899 8.09643
8 6 15.9537 4.72612 4.6333
8 7 12.7751 4.29808 4.21574
8 8 20.1462 6.06463 5.98421
8 9 25.5246 8.32416 8.25526
8 10 29.6056 9.77258 9.71774
8 11 25.5306 8.24485 8.16934
8 12 29.4026 8.09434 8.04817
8 13 28.343 8.33177 8.25429
8 14 38.7738 10.2229 10.0712
8 15 46.4673 12.6593 12.6064
8 16 70.5527 19.0304 19.0086
8 17 96.3671 26.2259 26.2294
8 18 135.023 38.8924 38.9207
8 19 239.577 68.6168 68.7658
8 20 0 0.151737 0
9 0 31.4843 9.05072 8.97739
9 1 15.8466 4.10572 3.94795
9 2 16.7097 4.13596 4.00434
9 3 16.5014 5.28931 5.18933
9 4 12.6492 2.93598 2.76642
9 5 18.4227 5.61405 5.54412
9 6 15.4546 3.91032 3.83556
9 7 19.6109 6.32273 6.23342
9 8 16.7648 4.05682 3.89818
9 9 22.1464 7.73479 7.65573
9 10 21.0492 5.09566 4.94126
9 11 22.0309 5.30215 5.22038
9 12 25.8535 8.89994 8.83814
9 13 30.8009 9.2385 9.19107
9 14 35.104 8.96597 8.90366
9 15 37.0709 10.835 10.7773
9 16 54.0395 14.9157 14.8713
9 17 55.996 13.722 13.673
9 18 70.06 17.7506 17.7451
9 19 122.994 37.7922 37.8619
9 20 0 0.151737 0
