0 0
1 0 345.347 82.9037 82.7684
1 1 624.394 139.144 138.979
1 2 499.651 98.9777 98.8569
1 3 324.969 63.7943 63.6993
1 4 208.764 43.834 43.7387
1 5 131.163 28.2433 28.1481
1 6 84.483 18.5611 18.4643
1 7 50.1876 11.4613 11.4586
1 8 48.2259 14.9578 14.7698
1 9 26.1871 5.807 5.27112
1 10 25.2061 6.9341 6.72928
1 11 19.247 4.56979 4.48866
1 12 158.407 42.9615 42.811
2 0 208.48 46.0467 45.942
2 1 546.62 111.062 110.929
2 2 424.345 79.0555 78.9555
2 3 262.241 51.9085 51.8422
2 4 171.609 36.0274 36.0655
2 5 110.434 30.8793 30.84
2 6 65.2343 16.691 16.5177
2 7 41.9314 10.3279 10.2253
2 8 25.143 5.31188 4.94437
2 9 22.2416 4.7655 4.3969
2 10 18.8009 4.43434 3.98734
2 11 17.5373 4.33228 4.00103
2 12 145.753 37.1311 37.1492
3 0 104.437 31.0324 30.8559
3 1 192.3 54.8278 54.6597
3 2 167.036 50.4771 50.2909
3 3 132.086 40.926 40.7327
3 4 80.8128 23.8028 23.6306
3 5 59.6203 16.3893 16.2403
3 6 27.6612 7.45039 7.24758
3 7 22.1599 5.6571 5.50665
3 8 14.1827 3.93715 3.48985
3 9 12.7227 5.02341 4.90626
3 10 8.02746 2.53167 2.16869
3 11 5.69134 1.93121 1.50633
3 12 69.0864 20.5788 20.4034
4 0 55.1239 16.4549 16.3505
4 1 158.376 45.9421 45.7707
4 2 108.98 28.0707 27.9371
4 3 84.7041 22.5126 22.4871
4 4 59.5316 17.4356 17.2666
4 5 31.0411 7.12223 7.01975
4 6 27.0453 8.64141 8.49933
4 7 12.3213 3.40006 2.96912
4 8 9.86312 2.68749 2.31784
4 9 8.12317 2.31769 1.94908
4 10 8.09933 2.59041 2.37225
4 11 6.43957 2.06984 1.70166
4 12 40.0321 12.1922 12.0948
