0 0
1 0 2.05531 0.30207 0.298312
1 1 7.65868 0.478131 0.479234
1 2 25.1542 1.87225 1.87739
1 3 46.0306 3.12037 3.11081
1 4 68.2669 4.80571 4.79497
1 5 72.0973 5.08887 5.07798
1 6 71.0692 4.87489 4.86457
1 7 57.5786 3.77184 3.7755
1 8 46.1456 2.91948 2.9111
1 9 40.2677 2.44272 2.4426
1 10 34.3684 2.18468 2.17641
1 11 26.8548 1.54655 1.54378
1 12 24.1736 1.46808 1.46506
1 13 19.3744 1.21308 1.21035
1 14 15.6987 0.941335 0.936708
1 15 12.0086 0.710457 0.707905
1 16 10.641 0.663691 0.665414
1 17 7.41038 0.431313 0.392841
1 18 7.94939 0.521452 0.520106
1 19 5.82354 0.35115 0.348366
1 20 3.75941 0.262964 0.259281
1 21 2.76375 0.176604 0.148033
1 22 2.77339 0.181027 0.142151
1 23 2.8248 0.190763 0.185928
1 24 18.2895 1.18477 1.18454
2 0 98.8674 7.27038 7.25783
2 1 144.023 10.0142 10.0008
2 2 121.786 8.07236 8.06095
2 3 96.5875 6.03951 6.03002
2 4 62.8951 3.90304 3.89462
2 5 37.6895 2.25734 2.24992
2 6 25.1987 1.52576 1.52653
2 7 16.3144 0.921553 0.922135
2 8 10.1064 0.567753 0.565089
2 9 6.51512 0.388797 0.387764
2 10 4.02074 0.247691 0.218959
2 11 2.43004 0.17155 0.132829
2 12 1.69297 0.122625 0.118019
2 13 1.08235 0.0788055 0.0595295
2 14 0.568338 0.0493842 0.0294317
2 15 0.199933 0.0236506 0.00864055
2 16 1.06033 0.0761419 0.0562267
