0 0
1 0 12.0298 3.13752 2.99865
1 1 19.104 5.4982 5.36383
1 2 31.7962 15.4471 15.3788
1 3 53.7663 14.2377 14.1475
1 4 128.166 63.4644 63.5586
1 5 271.908 153.436 153.808
1 6 505.794 221.829 222.38
1 7 1096 553.478 554.795
1 8 1640.47 783.493 785.146
1 9 2479.19 1217.29 1219.33
1 10 3454.22 1720.76 1722.88
1 11 4869.6 2635.92 2637.71
1 12 6315.93 3482.55 3482.92
1 13 7219.55 3964.43 3963.09
1 14 7607.47 3990.09 3987.37
1 15 7877.4 4219.45 4216.56
1 16 7961.9 4229.28 4226.13
1 17 7827.93 3904.03 3900.22
1 18 7978.97 3887.92 3883.34
1 19 8220.82 3891.31 3885.79
1 20 8243.28 3630.7 3624.39
1 21 8514.8 3965.7 3959.64
1 22 8329.96 3689.88 3683.31
1 23 8122.21 3524.27 3518.13
1 24 7797.91 3412.53 3407.26
1 25 7473.25 3221.85 3217.42
1 26 6901.44 2921.16 2917.8
1 27 6439.45 2607.64 2604.97
1 28 6194.97 2527.78 2525.61
1 29 6023.77 2402.17 2400.24
1 30 5921.62 2311.83 2309.9
1 31 7039.58 2651.79 2647.08
1 32 6328.52 2351.72 2348.66
1 33 5599.56 2045.86 2044.05
1 34 5168.21 1841.01 1839.84
1 35 4981.55 1782 1780.99
1 36 4554.22 1653.59 1653.31
1 37 4085.72 1404.98 1404.99
1 38 3694.37 1264.79 1265.11
1 39 3368.12 1149.38 1149.91
1 40 2936.16 987.876 988.638
1 41 2597.55 827.707 828.482
1 42 2327.04 729.512 730.305
1 43 1898.99 582.64 583.471
1 44 1567.09 448.401 449.12
1 45 1374.42 356.369 356.942
1 46 1187.07 294.29 294.794
1 47 1087.95 257.15 257.596
1 48 904.395 197.857 198.224
1 49 761.097 157.066 157.366
1 50 674.934 128.404 128.651
1 51 586.376 97.6997 97.8707
1 52 495.258 77.6147 77.7643
1 53 389.547 55.7958 55.6906
1 54 249.186 34.1309 34.0887
1 55 129.547 16.4497 16.2935
1 56 69.7018 9.53221 9.45675
1 57 29.2538 3.92409 3.74673
1 58 10.6516 1.45856 1.29205
1 59 3.5472 0.636979 0.488521
1 60 0.404218 0.113397 0.0180333
1 61 0.573201 0.21548 0.0887107
1 62 97.0439 39.9007 39.9452
2 0 4.97251 1.39632 1.24932
2 1 9.80869 2.9875 2.84153
2 2 11.9916 7.62873 7.49082
2 3 18.0145 4.90207 4.76295
2 4 45.4007 27.2832 27.2079
2 5 81.2428 45.0754 45.061
2 6 141.086 52.5623 52.5584
2 7 351.579 174.035 174.393
2 8 546.215 277.773 278.401
2 9 830.583 422.237 423.219
2 10 1231.54 660.502 662.066
2 11 1721.1 990.833 993.044
2 12 2161.71 1331.48 1334.28
2 13 2256.95 1371.67 1374.44
2 14 2187.99 1138.68 1140.87
2 15 2135.58 1146.29 1148.55
2 16 1991.01 977.924 979.833
2 17 1961.19 921.724 923.5
2 18 2031.41 957.627 959.433
2 19 2091.52 1002.41 1004.28
2 20 2157.24 931.122 932.723
2 21 2160.37 979.845 981.574
2 22 2218.68 942.181 943.749
2 23 2204 922.902 924.434
2 24 2207.61 913.258 914.723
2 25 2198.44 912.256 913.717
2 26 2178.02 892.762 894.205
2 27 2141.96 830.038 831.336
2 28 2150.86 848.113 849.476
2 29 2336.48 920.094 921.489
2 30 2471.67 948.387 949.675
2 31 3648.71 1345.71 1346.34
2 32 3409.22 1195.36 1195.94
2 33 2900.45 1030.77 1031.72
2 34 2651.92 925.037 925.999
2 35 2667.14 968.553 969.661
2 36 2437.61 891.648 892.824
2 37 2187.65 728.741 729.704
2 38 1950.89 652.617 653.596
2 39 1760.82 571.706 572.616
2 40 1641.82 533.98 534.893
2 41 1537.01 471.043 471.837
2 42 1464.13 450.284 451.079
2 43 1183.55 342.215 342.873
2 44 983.935 266.046 266.582
2 45 899.747 220.047 220.482
2 46 829.431 192.237 192.615
2 47 800.635 180.286 180.64
2 48 699.3 143.695 143.979
2 49 606.616 121.836 122.08
2 50 546.634 96.8548 97.0026
2 51 507.344 82.3471 82.4907
2 52 446.519 68.1459 68.274
2 53 357.118 49.9605 49.8409
2 54 230.515 31.1897 31.1397
2 55 122.962 15.5874 15.427
2 56 63.7733 8.37515 8.21774
2 57 26.4614 3.52896 3.35994
2 58 10.0653 1.37665 1.21018
2 59 3.39408 0.625817 0.477494
2 60 0.404218 0.113397 0.0180333
2 61 0.573201 0.21548 0.0887107
2 62 34.5467 12.5638 12.5253
3 0 7.05733 1.89184 1.74933
3 1 9.29527 2.66313 2.5223
3 2 19.8046 7.97932 7.88798
3 3 35.7518 9.48983 9.38454
3 4 82.765 36.3375 36.3507
3 5 190.665 108.502 108.747
3 6 364.708 169.413 169.821
3 7 744.424 379.445 380.402
3 8 1094.26 505.57 506.745
3 9 1648.61 794.438 796.107
3 10 2222.69 1058.9 1060.81
3 11 3148.5 1642.27 1644.66
3 12 4154.21 2146.55 2148.65
3 13 4962.6 2587.22 2588.65
3 14 5419.48 2845.39 2846.51
3 15 5741.82 3067.24 3068.01
3 16 5970.89 3245.64 3246.3
3 17 5866.74 2976.38 2976.72
3 18 5947.57 2924.19 2923.91
3 19 6129.3 2882.27 2881.51
3 20 6086.05 2692.91 2691.67
3 21 6354.43 2979.34 2978.06
3 22 6111.28 2740.9 2739.55
3 23 5918.22 2594.73 2593.69
3 24 5590.31 2492.92 2492.54
3 25 5274.81 2303.86 2303.7
3 26 4723.42 2023.15 2023.6
3 27 4297.49 1773.02 1773.63
3 28 4044.12 1675.29 1676.14
3 29 3687.29 1477.75 1478.75
3 30 3449.95 1359.2 1360.23
3 31 3390.87 1299.72 1300.74
3 32 2919.3 1151.43 1152.73
3 33 2699.11 1011.17 1012.34
3 34 2516.29 912.739 913.837
3 35 2314.41 810.261 811.325
3 36 2116.6 759.346 760.489
3 37 1898.07 674.18 675.285
3 38 1743.49 610.473 611.512
3 39 1607.3 576.251 577.296
3 40 1294.35 452.824 453.745
3 41 1060.53 355.875 356.644
3 42 862.907 278.608 279.226
3 43 715.448 240.04 240.599
3 44 583.158 182.102 182.539
3 45 474.676 136.141 136.459
3 46 357.64 101.942 102.179
3 47 287.31 76.7887 76.9564
3 48 205.095 54.1369 54.2452
3 49 154.482 35.2633 35.2858
3 50 128.3 31.6101 31.648
3 51 79.0316 15.5527 15.3799
3 52 48.7395 9.56875 9.4903
3 53 32.4292 6.03259 5.84964
3 54 18.6715 3.12396 2.94904
3 55 6.585 1.02749 0.866527
3 56 5.92852 1.36002 1.23901
3 57 2.79246 0.537899 0.386796
3 58 0.586236 0.20393 0.0818644
3 59 0.153118 0.0918339 0.0110276
3 60 0 0.151737 0
3 61 0 0.151737 0
3 62 62.4972 27.4201 27.4199
