0.03 0
1 0 0.909228 0.0708297 0.0481764
1 1 287.274 27.027 26.9952
1 2 656.728 64.0623 63.9702
1 3 796.482 78.2247 78.0982
1 4 833.325 78.0398 77.9049
1 5 850.53 84.9431 84.8009
1 6 835.317 78.7043 78.5686
1 7 832.613 81.6527 81.5163
1 8 844.718 85.965 85.8237
1 9 836.238 81.2202 81.0831
1 10 829.426 81.0867 80.9513
1 11 815.228 77.0476 76.9174
1 12 814.044 77.6456 77.5154
1 13 828.916 83.4838 83.3474
1 14 855.588 89.5782 89.4326
1 15 844.272 84.3496 84.2092
1 16 841.258 86.612 86.4712
1 17 869.701 87.1812 87.0333
1 18 868.642 87.1552 87.0075
1 19 893.307 92.4424 92.2861
1 20 926.051 98.9217 98.7541
1 21 924.123 98.768 98.601
1 22 821.82 96.1928 96.0513
1 23 596.79 70.8874 70.7988
1 24 1.47547 0.136401 0.132428
1 25 2.60544 0.223399 0.216371
2 0 0.23687 0.0276781 0.012166
2 1 6.15895 0.372834 0.337845
2 2 16.5143 1.11958 1.05428
2 3 25.3059 1.4219 1.34916
2 4 28.9631 1.73109 1.72383
2 5 29.5939 1.69071 1.68404
2 6 33.329 2.04952 2.04825
2 7 31.5119 1.8815 1.87421
2 8 31.857 2.04484 2.03645
2 9 31.7405 2.1579 2.14852
2 10 31.5564 1.8475 1.84049
2 11 31.2649 1.87362 1.86629
2 12 33.0888 2.1664 2.15767
2 13 31.4955 2.13827 2.12892
2 14 33.4465 2.01261 2.00518
2 15 29.5705 1.97067 1.96168
2 16 34.1427 2.59022 2.57856
2 17 33.4262 2.37075 2.36054
2 18 34.5183 2.41564 2.42227
2 19 31.5777 2.18141 2.17174
2 20 34.2804 2.48621 2.48623
2 21 30.3857 2.37993 2.37964
2 22 22.3554 1.81585 1.80273
2 23 10.7024 0.797465 0.792344
2 24 0.187183 0.0226459 0.00847798
2 25 0.149413 0.0223932 0.0080023
