0 0
1 0 5.22041 0.347504 0.339054
1 1 4.65405 0.290257 0.282857
1 2 4.06687 0.253846 0.251667
1 3 2.85424 0.216867 0.206401
1 4 4.1896 0.25096 0.251573
1 5 3.60818 0.221425 0.218222
1 6 3.21248 0.227339 0.178073
1 7 3.93415 0.278813 0.269422
1 8 5.02764 0.372434 0.362049
1 9 4.50462 0.294162 0.239709
1 10 6.39654 0.434897 0.43236
1 11 7.08394 0.498743 0.489185
1 12 7.79807 0.519129 0.510533
1 13 10.0825 0.706581 0.69699
1 14 13.0461 0.955959 0.945407
1 15 16.692 1.44026 1.4256
1 16 23.01 1.42591 1.41819
1 17 25.0983 1.38762 1.38142
1 18 38.9249 2.36008 2.35246
1 19 59.0046 3.73022 3.7216
1 20 0 0.0290603 0
2 0 9.07719 0.531386 0.524675
2 1 7.45621 0.473981 0.399575
2 2 6.39564 0.409312 0.340597
2 3 6.06855 0.359897 0.357142
2 4 8.04717 0.64315 0.644922
2 5 7.26826 0.519122 0.516844
2 6 7.37515 0.448132 0.449324
2 7 6.75569 0.390954 0.389216
2 8 7.96899 0.516349 0.51499
2 9 9.75445 0.70267 0.700956
2 10 9.20675 0.547936 0.496511
2 11 10.8191 0.92822 0.913912
2 12 11.4789 0.876479 0.878932
2 13 10.6182 0.622477 0.624172
2 14 13.5958 0.925633 0.92461
2 15 15.0668 1.05006 1.04941
2 16 19.2278 1.19447 1.19426
2 17 19.4541 1.16259 1.15544
2 18 23.5431 1.32208 1.32225
2 19 34.6351 2.03847 2.03135
2 20 0 0.0290603 0
3 0 2.02249 0.180654 0.110926
3 1 1.38349 0.143444 0.126673
3 2 1.45594 0.111401 0.107733
3 3 1.23931 0.139955 0.120913
3 4 1.54945 0.109646 0.109836
3 5 1.89386 0.183958 0.184369
3 6 1.73639 0.154679 0.152058
3 7 1.0331 0.0855166 0.0816693
3 8 1.73756 0.154682 0.151113
3 9 1.74472 0.143913 0.140341
3 10 2.48384 0.196359 0.193006
3 11 2.03979 0.221975 0.21856
3 12 2.13169 0.136459 0.132961
3 13 2.8412 0.211769 0.212267
3 14 2.42888 0.190228 0.119677
3 15 4.61366 0.349549 0.338754
3 16 6.05677 0.426177 0.416694
3 17 6.89553 0.538624 0.526925
3 18 11.5493 0.775656 0.7668
3 19 20.2665 1.45923 1.44891
3 20 0 0.0290603 0
4 0 2.99011 0.19717 0.194796
4 1 1.95832 0.158819 0.109582
4 2 1.28009 0.116153 0.0687773
4 3 2.07159 0.178332 0.175819
4 4 1.21366 0.124245 0.0683594
4 5 1.26569 0.122477 0.119661
4 6 1.53226 0.117536 0.11483
4 7 1.41476 0.103365 0.10062
4 8 1.9055 0.160716 0.111478
4 9 2.3854 0.229442 0.213425
4 10 1.77385 0.142439 0.0936927
4 11 2.16761 0.160821 0.158292
4 12 2.40285 0.260581 0.25828
4 13 3.25996 0.328842 0.326808
4 14 3.29933 0.208182 0.200768
4 15 3.17484 0.220791 0.221316
4 16 4.62689 0.330661 0.328711
4 17 5.03635 0.343486 0.334643
4 18 7.1024 0.421613 0.419971
4 19 10.8505 0.849411 0.837461
4 20 0 0.0290603 0
