0 0
1 0 13.2586 0.866426 0.858001
1 1 33.3307 2.16974 2.16109
1 2 48.7261 2.81777 2.81065
1 3 54.3527 3.45033 3.44174
1 4 54.9816 3.62746 3.61822
1 5 48.6091 3.03014 3.02195
1 6 49.0754 3.29332 3.28389
1 7 43.3211 2.96873 2.97685
1 8 40.6118 2.75715 2.74767
1 9 32.606 2.25403 2.24433
1 10 28.2415 1.97684 1.98224
1 11 26.6683 2.08073 2.0814
1 12 21.2891 1.40473 1.40515
1 13 17.7592 1.23568 1.23899
1 14 18.3212 1.08035 1.08319
1 15 17.7162 1.28765 1.28407
1 16 16.0051 1.24123 1.23937
1 17 13.3819 0.871689 0.863314
1 18 14.2318 0.864711 0.861736
1 19 12.5321 0.771964 0.764476
1 20 9.218 0.52666 0.52026
1 21 9.20048 0.628892 0.619787
1 22 5.72942 0.358146 0.310517
1 23 1.87045 0.128636 0.100447
1 24 0 0.0157525 0
2 0 6.13719 0.384351 0.379657
2 1 22.9019 1.53351 1.52453
2 2 32.647 2.19833 2.18911
2 3 39.3768 2.48227 2.47406
2 4 45.364 3.24044 3.24929
2 5 42.7802 2.48282 2.47576
2 6 44.4623 2.89297 2.88416
2 7 41.5375 2.64771 2.63929
2 8 42.0313 2.64411 2.63589
2 9 35.3161 2.63278 2.6215
2 10 31.434 1.86028 1.85843
2 11 31.642 2.20773 2.20693
2 12 28.6425 2.05814 2.06379
2 13 25.2254 1.72777 1.71835
2 14 25.0846 1.89025 1.87889
2 15 24.3107 1.53419 1.52617
2 16 19.5516 1.2437 1.24188
2 17 19.541 1.15067 1.1467
2 18 18.4939 1.12812 1.12069
2 19 16.7684 1.04907 1.04129
2 20 15.6713 1.11406 1.11101
2 21 11.3633 0.758834 0.75008
2 22 7.96276 0.570502 0.571883
2 23 2.79174 0.214048 0.210011
2 24 0 0.0157525 0
