0 0
1 0 32.9512 2.28681 2.27703
1 1 55.3651 3.5606 3.55178
1 2 47.5134 3.03742 3.02885
1 3 33.6734 1.88981 1.88332
1 4 23.0176 1.3659 1.3588
1 5 16.0009 1.05115 1.04259
1 6 7.11373 0.400694 0.394522
1 7 5.36924 0.377568 0.374846
1 8 5.05887 0.404945 0.392869
1 9 2.55903 0.206609 0.140572
1 10 2.42198 0.184729 0.181346
1 11 2.2677 0.149426 0.149738
1 12 1.58445 0.1738 0.17114
1 13 1.11685 0.107867 0.0611074
1 14 0.774374 0.0835257 0.0421901
1 15 11.6215 0.934711 0.922079
2 0 23.4379 1.46025 1.45245
2 1 64.9014 4.17063 4.16162
2 2 51.2794 3.13241 3.12447
2 3 32.3475 1.95256 1.94511
2 4 22.7699 1.53343 1.53513
2 5 12.5834 0.79879 0.798295
2 6 7.64483 0.625285 0.612427
2 7 4.66492 0.316007 0.314014
2 8 3.21196 0.228132 0.177516
2 9 2.23611 0.173567 0.123908
2 10 2.49332 0.201169 0.147945
2 11 1.96497 0.153975 0.108687
2 12 1.46815 0.127716 0.0796858
2 13 1.04545 0.0901039 0.0879457
2 14 0.962406 0.0946104 0.0488925
2 15 10.8016 0.709045 0.711
3 0 8.73932 0.533433 0.526157
3 1 15.5673 1.11784 1.10765
3 2 14.5419 1.1115 1.1
3 3 11.831 0.978016 0.964677
3 4 7.43685 0.624791 0.611258
3 5 5.0663 0.393777 0.382371
3 6 2.84318 0.195315 0.186684
3 7 2.27306 0.160406 0.160749
3 8 0.833073 0.0883358 0.0409669
3 9 1.16076 0.122624 0.118755
3 10 0.520665 0.0629038 0.0232965
3 11 0.40095 0.0603801 0.0203857
3 12 0.788099 0.0712023 0.0688921
3 13 0.459068 0.0621608 0.0241214
3 14 0.555137 0.061667 0.0581919
3 15 4.08675 0.274516 0.26603
4 0 5.84823 0.513541 0.511205
4 1 16.6294 1.29044 1.27855
4 2 11.4133 0.836605 0.826088
4 3 7.91531 0.475457 0.476728
4 4 5.88506 0.43793 0.427367
4 5 4.00505 0.258779 0.250918
4 6 2.6696 0.228853 0.2294
4 7 1.37049 0.137659 0.0752505
4 8 0.884562 0.0900247 0.0448014
4 9 0.636984 0.0792238 0.0356075
4 10 1.09107 0.0924467 0.0897857
4 11 0.397592 0.0522243 0.0202948
4 12 0.351663 0.056615 0.0197864
4 13 0.162163 0.0337767 0.00816487
4 14 0.126653 0.0274371 0.00467642
4 15 2.32486 0.161171 0.158662
