0 0
1 0 793.048 180.202 180.566
1 1 2301.18 502.923 503.064
1 2 1474.03 324.725 325.134
1 3 869.542 208.647 209.061
1 4 508.557 134.862 135.172
1 5 289.273 73.4612 73.6217
1 6 176.544 54.274 54.3854
1 7 114.189 32.3133 32.3286
1 8 70.1715 19.6392 19.6173
1 9 42.2592 11.545 11.4827
1 10 30.0292 8.4911 8.33062
1 11 23.7039 7.21852 7.16341
1 12 86.5892 27.2427 27.2468
2 0 677.22 148.552 148.863
2 1 1892.01 387.729 387.982
2 2 1105.51 223.443 223.79
2 3 629.265 142.962 143.266
2 4 348.847 86.4651 86.6188
2 5 200.49 49.1535 49.2041
2 6 115.683 35.3141 35.3391
2 7 74.7455 19.7144 19.6584
2 8 43.5002 11.782 11.6447
2 9 26.5692 6.50576 6.33703
2 10 17.24 5.12851 4.9531
2 11 11.206 2.58374 2.42918
2 12 42.6663 12.4312 12.2672
3 0 115.828 31.6894 31.7037
3 1 409.16 114.811 115.082
3 2 368.52 101.148 101.344
3 3 240.277 65.6838 65.7951
3 4 159.71 48.4638 48.5528
3 5 88.7831 24.4219 24.4177
3 6 60.8607 19.068 19.0463
3 7 39.4439 12.7064 12.6701
3 8 26.6713 8.0463 7.97265
3 9 15.6901 5.2183 5.14567
3 10 12.7892 3.54166 3.37752
3 11 12.4979 4.83137 4.73423
3 12 43.9229 15.0108 14.9797
4 0 534.725 128.791 129.081
4 1 1408.75 316.328 316.765
4 2 789.909 183.647 184.016
4 3 419.181 104.761 104.961
4 4 224.832 56.9947 57.1185
4 5 123.585 32.0584 32.1052
4 6 76.8988 22.0109 22.0245
4 7 44.1749 11.5103 11.3556
4 8 25.0546 6.68815 6.62992
4 9 18.8983 5.18982 5.08638
4 10 16.0381 5.08665 4.92481
4 11 9.79462 2.45917 2.29794
4 12 37.6245 12.0567 11.8824
5 0 258.323 51.4264 51.4857
5 1 892.421 185.963 186.299
5 2 684.122 140.846 141.118
5 3 450.361 103.874 104.101
5 4 283.725 77.9353 78.0531
5 5 165.688 41.4759 41.5165
5 6 99.6452 32.3593 32.3609
5 7 70.0145 21.0011 20.973
5 8 45.1169 13.0869 12.9874
5 9 23.3609 6.54909 6.39632
5 10 13.991 3.56231 3.4058
5 11 13.9093 4.95212 4.86547
5 12 48.9647 15.4124 15.3644
6 0 448.461 103.771 104.004
6 1 1133.37 236.752 237.112
6 2 565.411 117.971 118.216
6 3 287.064 66.2152 66.3182
6 4 150.511 36.7628 36.7909
6 5 79.3666 19.3678 19.341
6 6 45.3165 12.472 12.4317
6 7 27.9093 7.09235 6.90361
6 8 13.1271 3.29155 3.12947
6 9 11.1461 2.84409 2.6681
6 10 9.14181 3.14199 2.96401
6 11 5.4592 1.35441 1.18899
6 12 19.6176 6.61624 6.43267
7 0 228.759 44.8175 44.8583
7 1 758.641 150.585 150.869
7 2 540.1 105.37 105.574
7 3 342.201 76.7834 76.9481
7 4 198.336 49.8019 49.8278
7 5 121.123 29.8734 29.863
7 6 70.367 22.9414 22.9074
7 7 46.8362 12.831 12.7548
7 8 30.3731 8.67144 8.51523
7 9 15.4231 3.8235 3.66892
7 10 8.09819 2.15903 1.98909
7 11 5.7468 1.39332 1.24019
7 12 23.0487 5.9989 5.83448
8 0 86.2639 25.0798 25.0764
8 1 275.379 79.505 79.6522
8 2 224.499 65.6899 65.8003
8 3 132.118 38.6301 38.6424
8 4 74.3205 20.346 20.3275
8 5 44.2184 12.8037 12.7641
8 6 31.5824 9.64307 9.59276
8 7 16.2656 4.60351 4.45196
8 8 11.9275 3.57858 3.50046
8 9 7.75224 2.51283 2.41827
8 10 6.89634 2.11487 1.96081
8 11 4.33542 1.26199 1.10895
8 12 18.0069 5.61 5.44976
9 0 29.5638 6.69679 6.62738
9 1 133.781 35.3803 35.4295
9 2 144.022 35.5196 35.5441
9 3 108.159 27.1459 27.1527
9 4 85.3895 28.2302 28.2252
9 5 44.5647 11.7095 11.6535
9 6 29.2783 9.52623 9.45354
9 7 23.1784 8.30715 8.21818
9 8 14.7437 4.59165 4.47219
9 9 7.93786 2.86997 2.72739
9 10 5.89284 1.5763 1.41671
9 11 8.16251 3.74158 3.62527
9 12 25.916 9.59019 9.52993
