0 0
1 0 7.8915 5.19592 4.89016
1 1 55.695 15.6835 15.3451
1 2 142.983 38.5457 38.2008
1 3 200.205 59.0347 59.0782
1 4 177.653 45.6711 45.4674
1 5 153.469 39.4348 39.1727
1 6 125.831 33.3435 33.291
1 7 96.2136 24.8028 24.724
1 8 71.9375 20.4606 20.1475
1 9 57.7679 15.8987 15.6049
1 10 42.5675 11.2137 10.9054
1 11 31.8487 9.43514 9.03755
1 12 27.5682 8.04434 7.6971
1 13 17.9412 5.0673 4.74113
1 14 12.1058 3.70765 3.37852
1 15 6.96163 2.07362 1.74613
1 16 8.85087 2.40636 2.07844
1 17 5.20218 1.64465 1.31944
1 18 4.49463 1.37147 1.07674
1 19 4.29345 1.52315 1.23468
1 20 17.0444 4.68159 4.35481
2 0 0.196715 0.216271 0.0386969
2 1 6.75358 2.16715 1.83845
2 2 75.6391 30.2919 30.0409
2 3 206.508 53.8464 53.6719
2 4 273.467 73.6737 73.6995
2 5 301.211 79.4672 79.3678
2 6 277.585 72.8695 72.7087
2 7 225.41 72.9823 72.8216
2 8 190.679 53.6715 53.467
2 9 152.577 40.6698 40.4264
2 10 120.65 32.7126 32.4291
2 11 89.555 28.1137 28.0026
2 12 62.9891 16.5072 16.1868
2 13 43.7374 11.8301 11.4799
2 14 36.2207 10.743 10.4326
2 15 32.6581 8.86065 8.50143
2 16 22.9554 6.32929 5.97779
2 17 14.6211 3.83263 3.50469
2 18 13.7102 3.96542 3.63707
2 19 11.379 3.29584 2.96683
2 20 44.2067 11.3363 11.0285
3 0 4.7658 1.74615 1.55043
3 1 69.0558 20.0874 19.922
3 2 166.198 46.7321 46.6517
3 3 218.748 63.9568 63.9266
3 4 232.943 60.5887 60.4447
3 5 194.318 55.5188 55.5527
3 6 152.703 41.4379 41.3414
3 7 106.169 28.0058 27.6441
3 8 93.4153 24.3775 24.286
3 9 67.5576 18.6635 18.2702
3 10 49.4553 13.5597 13.4456
3 11 34.0418 9.50111 9.46023
3 12 23.1267 7.4778 7.11354
3 13 16.5177 5.37302 5.04646
3 14 10.8662 2.75324 2.42509
3 15 7.29213 2.23584 1.91596
3 16 6.11644 1.85562 1.68057
3 17 4.71128 1.4881 1.20601
3 18 2.2776 0.825945 0.551001
3 19 1.30628 0.544822 0.298056
3 20 10.7782 4.16447 3.97801
4 0 0 0.249966 0
4 1 6.95065 2.08674 1.7326
4 2 77.215 19.4482 19.3138
4 3 244.294 64.1251 63.9384
4 4 362.067 94.837 94.9746
4 5 380.2 96.9795 96.8856
4 6 337.786 88.7897 88.828
4 7 294.736 79.3607 79.46
4 8 225.534 58.6716 58.4067
4 9 190.918 52.5461 52.5387
4 10 126.558 35.1993 34.8437
4 11 112.177 32.1402 32.105
4 12 74.5718 22.4518 22.3866
4 13 49.85 13.7619 13.6091
4 14 38.3329 10.6127 10.2586
4 15 31.4125 9.36411 9.25783
4 16 19.6953 5.41667 5.03604
4 17 12.1097 3.89612 3.52456
4 18 10.8194 3.3201 3.13384
4 19 9.54711 3.60101 3.41027
4 20 31.0101 9.32204 9.15466
