0.03 0
1 0 4343.09 1886.75 1883.21
1 1 4000.04 1627.31 1624.29
1 2 4068.35 1741.41 1738.26
1 3 4095.25 1724.77 1721.61
1 4 4038.64 1681.17 1678.09
1 5 4044.56 1605.77 1602.71
1 6 4019.59 1649.18 1646.14
1 7 4022.04 1657.66 1654.61
1 8 4063.01 1615.18 1612.1
1 9 4132.65 1748.94 1745.72
1 10 4099.99 1667.94 1664.79
1 11 4204.09 1737.54 1734.23
1 12 4109.9 1667.66 1664.49
1 13 4097.68 1641.5 1638.37
1 14 4199.39 1794.08 1790.76
1 15 4204.82 1781.98 1778.66
1 16 4141.85 1688.13 1684.92
1 17 4096.05 1718.01 1714.85
1 18 4089.26 1711.18 1708.02
1 19 4106.42 1675.27 1672.11
1 20 4082.11 1717.52 1714.37
1 21 4024.63 1693.47 1690.4
1 22 3981.03 1621.37 1618.38
1 23 3809.36 1526.84 1524.08
1 24 3598.08 1457.15 1454.65
1 25 2674.28 1123.74 1125.27
1 26 104.748 42.604 42.6248
2 0 2927.95 1280.75 1282.39
2 1 4186.16 1918.16 1914.8
2 2 4395.42 2022.01 2023.16
2 3 4464.17 2060.23 2061.37
2 4 4603.28 2140.35 2141.45
2 5 4734.57 2266.28 2262.06
2 6 4810.74 2240.55 2241.38
2 7 4880.35 2321.38 2322.34
2 8 4849.86 2216.47 2212.11
2 9 4981.5 2272.07 2272.68
2 10 4951.24 2246.35 2246.88
2 11 4949.73 2226.11 2226.58
2 12 4996.11 2314.1 2314.74
2 13 4885.07 2296.44 2292
2 14 4949.39 2276.16 2276.78
2 15 4935.84 2198.84 2199.22
2 16 5014.45 2203.65 2203.81
2 17 4891.86 2282.56 2278.11
2 18 5047.53 2280.91 2281.27
2 19 4912.05 2150.49 2146.06
2 20 4920.65 2186.56 2182.1
2 21 4919.1 2209.89 2205.43
2 22 4972.23 2247.68 2248.18
2 23 4723.55 2147.7 2143.55
2 24 4452.14 2158.21 2154.41
2 25 1714.17 800.543 802.177
2 26 28.0126 9.50661 9.41256
