0 0
1 0 388.018 97.9301 97.7773
1 1 674.27 162.343 162.15
1 2 568.531 126.398 126.244
1 3 401.019 86.8765 86.7554
1 4 272.227 60.5742 60.4627
1 5 166.157 37.4225 37.3168
1 6 110.746 25.623 25.5146
1 7 60.6864 14.4 14.4062
1 8 56.5641 17.8109 17.6163
1 9 30.7239 7.05343 6.51955
1 10 27.8988 7.89627 7.69431
1 11 24.3885 6.06215 5.98569
1 12 182.474 49.2867 49.1358
2 0 112.507 33.791 33.6103
2 1 203.497 58.7525 58.5796
2 2 177.498 54.9954 54.7993
2 3 145.662 45.1869 44.9923
2 4 88.9719 25.7783 25.6111
2 5 64.6773 17.9316 17.7797
2 6 31.6385 8.52404 8.32457
2 7 22.8403 5.87132 5.72153
2 8 14.8276 4.25047 3.80299
2 9 13.3821 5.25233 5.13609
2 10 8.65581 2.76035 2.39669
2 11 6.03775 2.0013 1.57578
2 12 77.5042 23.1512 22.9744
