0.03 0
1 0 1.43052 0.110002 0.0934284
1 1 1.7714 0.1236 0.105318
1 2 3.48859 0.590194 0.586066
1 3 6.00491 0.417722 0.413708
1 4 11.2723 1.18471 1.18297
1 5 25.5019 2.89873 2.90131
1 6 50.2375 5.27413 5.28379
1 7 104.324 10.2462 10.2692
1 8 156.517 18.9295 18.9753
1 9 229.431 23.9726 24.0275
1 10 324.17 37.5822 37.6653
1 11 457.72 55.0842 55.1936
1 12 564.912 70.0448 70.1722
1 13 614.819 71.7553 71.8728
1 14 661.287 81.2349 81.3675
1 15 682.781 80.4977 80.6207
1 16 678.833 72.9588 72.8577
1 17 673.461 70.933 70.834
1 18 697.923 75.3984 75.2926
1 19 709.702 74.2414 74.1342
1 20 722.527 76.1846 76.074
1 21 720.706 76.0696 75.9594
1 22 717.996 77.2425 77.1321
1 23 682.963 69.138 69.0385
1 24 646.852 64.1694 64.0789
1 25 624.556 63.0446 62.9581
1 26 584.811 59.9098 59.8308
1 27 536.164 50.206 50.1396
1 28 519.448 47.6849 47.6222
1 29 518.508 49.2955 49.2318
1 30 536.271 50.9536 50.8867
1 31 564.061 51.4679 51.3973
1 32 510.089 46.3113 46.2506
1 33 448.989 41.4487 41.3974
1 34 435.356 39.3324 39.2838
1 35 402.99 35.3647 35.3216
1 36 364.49 33.6499 33.6102
1 37 323.819 28.3042 28.271
1 38 294.415 26.3856 26.3546
1 39 258.167 22.0791 22.053
1 40 223.155 18.6951 18.6725
1 41 205.003 16.5679 16.5476
1 42 166.472 15.312 15.2902
1 43 138.632 10.2197 10.2054
1 44 122.649 8.9641 8.95076
1 45 104.796 7.62578 7.61325
1 46 97.8235 6.92329 6.91157
1 47 78.531 4.78918 4.78063
1 48 66.8994 4.46582 4.4561
1 49 60.1034 3.72957 3.72121
1 50 50.2661 2.95929 2.96061
1 51 41.8569 2.53012 2.52251
1 52 33.4156 1.87624 1.83265
1 53 21.4584 1.24272 1.24206
1 54 10.4237 0.584944 0.561224
1 55 5.28967 0.322464 0.317955
1 56 2.05718 0.131092 0.11038
1 57 0.685109 0.0529554 0.0361729
1 58 0.112957 0.0162233 0.00448885
1 59 0.0874567 0.0161202 0.00416372
1 60 9.34111 1.09201 1.08878
2 0 916.995 98.561 98.3959
2 1 2805.89 275.915 274.574
2 2 2758.45 272.351 271.053
2 3 2411.15 230.728 229.733
2 4 2025.82 191.118 190.41
2 5 1691.05 169.05 168.549
2 6 1380.45 141.507 141.165
2 7 1076.33 113.81 113.592
2 8 815.529 84.4246 84.2908
2 9 613.629 68.3369 68.2483
2 10 446.865 48.527 48.4695
2 11 338.461 39.6514 39.6044
2 12 259.359 32.7132 32.6699
2 13 188.035 20.5524 20.5224
2 14 145.781 17.0374 17.0064
2 15 114.49 13.69 13.6592
2 16 85.0355 9.81314 9.78533
2 17 65.8701 6.74069 6.71906
2 18 55.5732 7.07421 7.0415
2 19 44.6288 4.27743 4.2894
2 20 269.892 28.9191 28.8836
