0.03 0
1 0 688.642 185.601 185.97
1 1 1547.35 393.663 394.192
1 2 1298.29 316.262 316.733
1 3 928.516 233.669 234.082
1 4 590.745 145.689 145.954
1 5 354.606 97.4799 97.6451
1 6 206.474 52.2076 52.2589
1 7 129.853 33.8876 33.8863
1 8 92.5225 27.2853 27.2638
1 9 65.0804 18.1486 17.9975
1 10 55.9637 15.9875 15.9242
1 11 47.2194 13.7441 13.6737
1 12 415.207 122.406 122.646
2 0 551.323 138.309 138.569
2 1 1246.63 297.997 298.463
2 2 1048.24 236.333 236.702
2 3 726.772 170.154 170.454
2 4 464.301 107.696 107.874
2 5 274.811 74.9673 75.0824
2 6 160.431 39.114 39.0285
2 7 98.4138 25.0178 24.9899
2 8 70.9136 20.9851 20.9382
2 9 48.4809 11.5802 11.4089
2 10 43.7038 11.767 11.6908
2 11 36.284 10.4003 10.3195
2 12 318.052 88.0598 88.2104
3 0 137.319 47.4747 47.4009
3 1 300.722 95.6449 95.7297
3 2 250.049 80.0084 80.0309
3 3 201.744 63.6242 63.628
3 4 126.444 38.0758 38.0806
3 5 79.795 22.6917 22.5627
3 6 46.0423 13.3011 13.2304
3 7 31.4391 9.08017 8.89631
3 8 21.6089 6.48493 6.32567
3 9 16.5995 6.79959 6.58854
3 10 12.2599 4.42367 4.23342
3 11 10.9355 3.54601 3.35426
3 12 97.1556 34.4428 34.4357
4 0 409.232 115.307 115.516
4 1 724.539 187.809 188.166
4 2 633.523 159.851 160.146
4 3 477.687 123.339 123.56
4 4 298.326 73.6079 73.7163
4 5 193.522 48.5713 48.6015
4 6 112.008 27.4704 27.3493
4 7 71.6564 17.0452 16.9929
4 8 54.7387 17.4752 17.3506
4 9 35.5521 10.9184 10.7237
4 10 27.9914 8.13733 8.0492
4 11 23.2162 6.61917 6.42761
4 12 203.302 57.3512 57.4111
5 0 279.411 70.3642 70.454
5 1 822.812 205.657 206.027
5 2 664.769 156.311 156.588
5 3 450.829 110.325 110.522
5 4 292.419 72.143 72.2379
5 5 161.084 49.0834 49.0435
5 6 94.4658 24.9489 24.9096
5 7 58.1965 17.0274 16.8934
5 8 37.7837 9.99313 9.9132
5 9 29.5284 7.42726 7.27379
5 10 27.9723 8.01461 7.87497
5 11 24.0033 7.34099 7.24612
5 12 211.905 65.1457 65.235
6 0 317.212 80.7804 80.8986
6 1 571.18 138.113 138.361
6 2 503.226 115.919 116.115
6 3 372.57 90.1038 90.2426
6 4 232.686 54.5361 54.5929
6 5 144.76 34.1381 34.1373
6 6 90.0704 21.3825 21.2426
6 7 52.3363 11.8672 11.799
6 8 42.7101 14.0422 13.9152
6 9 25.9688 6.35605 6.14824
6 10 22.6042 6.37167 6.27907
6 11 17.8452 4.91223 4.71568
6 12 150.548 39.6331 39.6415
7 0 234.111 57.6151 57.6708
7 1 675.449 159.82 160.102
7 2 545.018 120.387 120.587
7 3 354.202 80.0894 80.2115
7 4 231.615 53.3364 53.2807
7 5 130.051 41.0092 40.945
7 6 70.361 17.9095 17.7859
7 7 46.0775 13.3248 13.191
7 8 28.2034 7.11149 7.02301
7 9 22.5121 5.46136 5.26071
7 10 21.0996 5.55872 5.41168
7 11 18.4388 5.70402 5.60379
7 12 167.504 48.5344 48.5689
8 0 92.0197 34.7186 34.6177
8 1 153.359 49.8417 49.8045
8 2 130.297 44.0711 44.0302
8 3 105.117 33.4048 33.3177
8 4 65.6405 19.2401 19.1234
8 5 48.7622 14.619 14.4642
8 6 21.9376 6.29922 6.10663
8 7 19.3201 5.38911 5.19389
8 8 12.0286 3.64955 3.43548
8 9 9.58323 4.77199 4.57545
8 10 5.38717 1.98739 1.77013
8 11 5.37099 1.90944 1.71193
8 12 52.7545 17.8259 17.7696
9 0 45.2994 12.9127 12.7832
9 1 147.363 45.9583 45.9252
9 2 119.752 36.096 36.0007
9 3 96.6272 30.4295 30.3102
9 4 60.8036 19.0138 18.9572
9 5 31.0327 8.2371 8.09851
9 6 24.1047 7.21735 7.12376
9 7 12.119 3.89305 3.70242
9 8 9.58034 3.07812 2.89019
9 9 7.01626 2.24249 2.01309
9 10 6.87272 2.64281 2.46329
9 11 5.56447 1.86339 1.64233
9 12 44.4011 16.8061 16.6661
