0 0
1 0 153.194 10.4884 10.4749
1 1 29.6062 1.85845 1.8635
1 2 26.7417 1.89769 1.88757
1 3 22.7878 1.41027 1.40708
1 4 19.0177 1.27025 1.26136
1 5 15.4567 0.971726 0.974263
1 6 9.61827 0.594761 0.587274
1 7 8.98959 0.545702 0.544648
1 8 7.97507 0.543271 0.544569
1 9 6.20304 0.393726 0.389981
1 10 4.35321 0.259068 0.252301
1 11 2.70715 0.205434 0.202749
1 12 2.77261 0.182133 0.178169
1 13 3.00253 0.280472 0.276244
1 14 1.43207 0.0963314 0.0744341
1 15 1.85157 0.134516 0.101187
1 16 1.23449 0.09725 0.0921808
1 17 0.609922 0.0539992 0.0321597
1 18 7.95877 0.494457 0.488426
2 0 73.1451 5.06755 5.05699
2 1 46.243 2.81189 2.80411
2 2 36.8998 2.28268 2.2748
2 3 29.1974 1.8061 1.811
2 4 25.1092 1.76107 1.76148
2 5 17.9353 1.20647 1.20454
2 6 14.4257 1.01852 1.01411
2 7 12.58 0.799582 0.797099
2 8 10.5276 0.711583 0.706219
2 9 7.77727 0.558255 0.557733
2 10 5.97769 0.368785 0.364255
2 11 3.50995 0.223493 0.178934
2 12 3.56072 0.236377 0.198051
2 13 2.66155 0.169618 0.139423
2 14 2.82448 0.211581 0.207721
2 15 1.79155 0.150078 0.108545
2 16 1.48941 0.110048 0.105173
2 17 1.15694 0.113953 0.108577
2 18 8.71254 0.49364 0.487621
