0.03 0
1 0 150.709 53.4421 53.448
1 1 154.297 39.4905 39.5124
1 2 152.429 38.5196 38.4531
1 3 161.462 42.2156 42.2551
1 4 172.134 46.6004 46.6363
1 5 191.047 56.6434 56.7248
1 6 204.988 52.1766 52.1678
1 7 223.176 65.8172 65.9222
1 8 252.567 69.7529 69.8709
1 9 260.035 67.4252 67.5203
1 10 288.632 77.1952 77.3278
1 11 306.011 84.7444 84.8964
1 12 325.943 86.9325 87.0136
1 13 367.623 93.4882 93.6998
1 14 439.897 115.658 115.905
1 15 498.881 130.11 130.386
1 16 583.922 156.101 156.338
1 17 675.735 174.644 175.006
1 18 908.15 231.981 232.427
1 19 1209.87 314.845 315.396
1 20 0 0.151737 0
2 0 57.3395 14.5426 14.4381
2 1 64.8226 16.4641 16.3981
2 2 58.5324 15.0014 14.8866
2 3 62.4423 16.8658 16.8149
2 4 61.01 15.4 15.2828
2 5 69.0643 17.0004 16.901
2 6 75.2982 18.9734 18.8701
2 7 87.3597 26.5213 26.4407
2 8 96.5443 25.2364 25.1961
2 9 93.8127 25.0883 25.032
2 10 106.394 27.4307 27.3395
2 11 110.902 28.8318 28.8163
2 12 122.882 30.4537 30.3859
2 13 133.326 32.9769 32.9688
2 14 157.75 40.3113 40.2699
2 15 172.202 42.4006 42.3433
2 16 211.857 55.3862 55.3609
2 17 247.7 63.5906 63.6091
2 18 313.421 78.8531 78.902
2 19 413.82 106.763 106.878
2 20 0 0.151737 0
3 0 93.3693 39.0533 39.01
3 1 89.4747 23.1443 23.1143
3 2 93.8964 23.6812 23.5665
3 3 99.0198 25.4457 25.4401
3 4 111.124 31.3666 31.3535
3 5 121.983 39.8115 39.8238
3 6 129.689 33.3564 33.2977
3 7 135.817 39.4648 39.4815
3 8 156.023 44.6378 44.6748
3 9 166.222 42.4577 42.4883
3 10 182.237 49.9278 49.9882
3 11 195.109 56.0043 56.0801
3 12 203.061 56.6283 56.6277
3 13 234.297 60.7168 60.7309
3 14 282.147 75.4867 75.6353
3 15 326.679 87.8792 88.043
3 16 372.064 100.866 100.977
3 17 428.036 111.179 111.396
3 18 594.729 153.216 153.525
3 19 796.046 208.075 208.518
3 20 0 0.151737 0
4 0 37.7326 9.66199 9.52606
4 1 38.4506 9.7892 9.69812
4 2 40.9325 10.3658 10.2236
4 3 45.4292 11.669 11.6018
4 4 47.6135 12.5555 12.4798
4 5 60.319 18.372 18.3278
4 6 56.9222 14.8127 14.6962
4 7 71.2385 27.5332 27.5097
4 8 72.5572 20.4369 20.3378
4 9 76.7864 19.6368 19.5349
4 10 92.3928 25.371 25.3259
4 11 95.59 26.6673 26.6619
4 12 107.75 27.0521 26.9665
4 13 129.722 32.4449 32.454
4 14 150.137 38.3239 38.3518
4 15 175.96 45.6034 45.5666
4 16 212.551 62.0788 62.0768
4 17 270.75 70.2204 70.3031
4 18 373.075 94.3568 94.548
4 19 564.541 148.587 148.916
4 20 0 0.151737 0
5 0 112.976 43.9412 43.922
5 1 115.847 29.8206 29.8143
5 2 111.496 28.3065 28.2296
5 3 116.033 30.6536 30.6532
5 4 124.52 34.1579 34.1565
5 5 130.728 38.4467 38.397
5 6 148.066 37.518 37.4715
5 7 151.938 38.3934 38.4125
5 8 180.01 49.4916 49.5331
5 9 183.248 47.9622 47.9854
5 10 196.239 51.9301 52.0018
5 11 210.421 58.1613 58.2346
5 12 218.192 60.0384 60.0471
5 13 237.902 61.2235 61.2457
5 14 289.76 77.4161 77.5533
5 15 322.921 84.6518 84.8197
5 16 371.37 94.1694 94.2615
5 17 404.985 104.601 104.702
5 18 535.074 137.689 137.879
5 19 645.325 166.134 166.48
5 20 0 0.151737 0
6 0 14.9987 3.98953 3.84997
6 1 17.3698 4.7435 4.64146
6 2 15.885 4.15241 4.00981
6 3 16.9567 4.285 4.14299
6 4 14.9147 3.74404 3.59697
6 5 21.0107 5.46 5.31897
6 6 20.3121 5.4045 5.26572
6 7 26.8645 11.6382 11.5194
6 8 27.8923 7.21016 7.06818
6 9 28.7947 7.6341 7.48103
6 10 32.9933 9.59938 9.46312
6 11 33.4381 9.3749 9.29244
6 12 39.548 10.0015 9.87472
6 13 45.6477 11.4657 11.3834
6 14 50.0352 12.6889 12.557
6 15 61.2038 15.4453 15.3221
6 16 78.0041 21.9068 21.783
6 17 97.8695 25.9064 25.8072
6 18 120.707 29.8852 29.8016
6 19 191.324 51.74 51.7173
6 20 0 0.151737 0
7 0 42.3408 10.7164 10.5881
7 1 47.4528 11.9 11.7566
7 2 42.6474 11.0079 10.8768
7 3 45.4856 12.7486 12.672
7 4 46.0953 11.8167 11.6858
7 5 48.0536 11.7031 11.582
7 6 54.9862 13.7205 13.6044
7 7 60.4952 15.0437 14.9213
7 8 68.652 18.1925 18.128
7 9 65.018 17.6251 17.551
7 10 73.4008 17.9902 17.8764
7 11 77.4636 19.6237 19.5239
7 12 83.3339 20.6204 20.5111
7 13 87.6784 21.6908 21.5854
7 14 107.715 27.7917 27.7129
7 15 110.998 27.1217 27.0212
7 16 133.853 33.6535 33.5779
7 17 149.83 37.8461 37.8019
7 18 192.714 49.1331 49.1004
7 19 222.496 55.1564 55.1612
7 20 0 0.151737 0
8 0 22.7339 5.83425 5.67609
8 1 21.0808 5.21353 5.05666
8 2 25.0475 6.36314 6.21375
8 3 28.4725 7.53429 7.45882
8 4 32.6988 8.9663 8.88282
8 5 39.3083 13.0673 13.0088
8 6 36.6101 9.55996 9.43051
8 7 44.374 16.0462 15.9903
8 8 44.6649 13.3913 13.2696
8 9 47.9917 12.1664 12.0539
8 10 59.3995 15.9339 15.8628
8 11 62.1519 17.4137 17.3694
8 12 68.2025 17.212 17.0917
8 13 84.0739 21.1729 21.0706
8 14 100.102 25.8127 25.7948
8 15 114.756 30.3168 30.2445
8 16 134.547 40.3485 40.2938
8 17 172.881 44.4778 44.4959
8 18 252.368 64.6463 64.7464
8 19 373.217 96.9853 97.199
8 20 0 0.151737 0
9 0 70.6354 33.3837 33.3339
9 1 68.3939 18.0977 18.0576
9 2 68.8489 17.4635 17.3527
9 3 70.5472 18.0677 17.9813
9 4 78.4249 22.5107 22.4707
9 5 82.6747 26.8994 26.815
9 6 93.0794 23.9492 23.8672
9 7 91.4428 23.5252 23.4912
9 8 111.358 31.415 31.4051
9 9 118.23 30.4583 30.4344
9 10 122.838 34.1132 34.1254
9 11 132.958 38.6892 38.7106
9 12 134.858 39.5864 39.5359
9 13 150.223 39.695 39.6603
9 14 182.045 49.7772 49.8404
9 15 211.923 57.7166 57.7985
9 16 237.517 60.6729 60.6836
9 17 255.155 66.8819 66.9006
9 18 342.361 88.708 88.779
9 19 422.83 111.104 111.319
9 20 0 0.151737 0
