0 0
1 0 200.392 49.8354 49.7053
1 1 426.594 99.4317 99.2923
1 2 532.258 121.1 120.949
1 3 492.823 107.732 107.595
1 4 404.78 84.6213 84.5062
1 5 348.67 72.9957 73.1252
1 6 282.423 65.5551 65.434
1 7 197.615 38.7976 38.714
1 8 160.494 35.3769 35.4083
1 9 129.275 28.3448 28.2703
1 10 87.1418 19.416 19.2495
1 11 66.9385 13.7881 13.6903
1 12 48.0745 11.5481 11.4536
1 13 47.1184 12.9409 12.8036
1 14 37.228 9.31518 9.15682
1 15 24.3609 5.44409 5.27419
1 16 27.5237 7.23302 7.11514
1 17 19.2938 4.65661 4.54953
1 18 20.5919 5.77467 5.64156
1 19 18.0202 4.32019 4.02507
1 20 15.9162 3.69549 3.55559
1 21 19.3548 7.21737 7.16743
1 22 14.7241 3.4307 3.21564
1 23 8.46323 1.92519 1.72543
1 24 9.95231 2.64156 2.52194
1 25 180.976 46.3841 46.2478
2 0 85.591 17.0724 16.9926
2 1 381.306 81.6758 81.826
2 2 570.914 122.212 122.447
2 3 509.427 96.7567 96.6406
2 4 398.655 78.0051 77.9015
2 5 309.39 59.4231 59.4346
2 6 254.961 54.7054 54.7714
2 7 180.861 36.4615 36.4172
2 8 135.681 28.6845 28.6516
2 9 93.4373 24.1127 24.0258
2 10 66.8609 15.5846 15.5127
2 11 53.406 13.9446 13.8542
2 12 34.9851 7.26984 7.17869
2 13 28.9288 7.28778 7.2157
2 14 24.5894 5.17141 4.97665
2 15 22.4664 4.71718 4.49152
2 16 19.0199 4.09833 3.85272
2 17 20.0137 5.01679 4.90319
2 18 14.895 3.47694 3.26999
2 19 16.365 3.78659 3.55845
2 20 10.3086 2.32378 2.12661
2 21 10.8161 3.55044 3.342
2 22 9.22342 2.23981 2.11309
2 23 6.7668 1.52205 1.32402
2 24 8.5236 2.24926 2.03025
2 25 176.205 43.8277 43.8653
