0 0
1 0 1211.98 300.081 300.602
1 1 1665.93 381.121 381.559
1 2 1466.35 314.206 314.589
1 3 1099.96 224.561 224.914
1 4 738.828 156.281 156.588
1 5 473.42 93.9244 94.1184
1 6 297.453 58.5226 58.6423
1 7 197.012 38.7556 38.7849
1 8 115.427 23.3169 23.1803
1 9 69.8379 14.1479 14.08
1 10 50.3394 10.3923 10.2362
1 11 33.1114 7.03404 6.94985
1 12 17.7894 3.91889 3.75772
1 13 9.85329 1.98292 1.81441
1 14 8.89315 2.17046 1.99782
1 15 5.37569 1.2873 1.12393
1 16 12.2546 2.93647 2.78035
2 0 934.646 216.925 217.337
2 1 1276.19 266.446 266.825
2 2 1140.93 225.32 225.657
2 3 849.121 161.63 161.915
2 4 593.204 114.356 114.583
2 5 358.616 66.614 66.7477
2 6 227.712 42.6022 42.6801
2 7 154.264 28.6338 28.6192
2 8 95.363 18.926 18.7757
2 9 52.7559 9.63654 9.45737
2 10 39.1826 7.82511 7.66915
2 11 25.3974 5.116 4.94007
2 12 15.1788 3.34249 3.17464
2 13 7.58623 1.49485 1.3269
2 14 6.84031 1.63794 1.46774
2 15 3.86932 0.87035 0.710592
2 16 7.90436 1.89392 1.73185
3 0 277.336 83.0747 83.2654
3 1 389.739 114.466 114.733
3 2 325.42 88.7312 88.9322
3 3 250.838 62.9 62.999
3 4 145.624 41.935 42.0052
3 5 114.804 27.3711 27.3706
3 6 69.7413 16.1141 15.9622
3 7 42.7485 10.2113 10.1657
3 8 20.0643 4.57829 4.40459
3 9 17.082 4.7187 4.62267
3 10 11.1569 2.73028 2.56705
3 11 7.71404 2.11837 2.00978
3 12 2.6106 0.732563 0.583079
3 13 2.26706 0.647968 0.487515
3 14 2.05284 0.683576 0.530087
3 15 1.50637 0.56529 0.413342
3 16 4.35024 1.20178 1.04849
4 0 668.511 161.288 161.632
4 1 873.933 210.254 210.675
4 2 734.193 165.392 165.728
4 3 559.94 116.28 116.522
4 4 392.57 89.9771 90.1666
4 5 259.508 54.0873 54.1524
4 6 155.784 30.2857 30.3315
4 7 103.939 20.9381 20.919
4 8 57.6965 11.9552 11.7896
4 9 35.8565 6.87635 6.69851
4 10 24.1029 5.11164 4.96052
4 11 16.7863 3.70255 3.60042
4 12 9.85199 2.28122 2.11657
4 13 4.86724 1.01636 0.847908
4 14 4.33696 1.02298 0.848855
4 15 2.44286 0.660616 0.508715
4 16 5.78413 1.42665 1.26552
5 0 543.471 138.661 138.97
5 1 791.995 170.564 170.884
5 2 732.153 148.581 148.862
5 3 540.019 108.204 108.392
5 4 346.258 66.2948 66.4212
5 5 213.912 39.9013 39.966
5 6 141.669 28.3042 28.3107
5 7 93.0734 17.9026 17.8659
5 8 57.7308 11.5406 11.3907
5 9 33.9814 7.47723 7.38153
5 10 26.2365 5.43732 5.27568
5 11 16.3251 3.51112 3.34943
5 12 7.93742 1.79711 1.64115
5 13 4.98605 1.12418 0.966504
5 14 4.55619 1.30243 1.14897
5 15 2.93283 0.775372 0.615219
5 16 6.47047 1.66022 1.51483
6 0 504.321 112.521 112.762
6 1 644.375 141.841 142.14
6 2 556.162 115.089 115.326
6 3 417.465 79.3662 79.5256
6 4 307.966 62.0889 62.2077
6 5 189.592 36.831 36.8494
6 6 117.909 21.8006 21.7573
6 7 82.9753 15.8488 15.6974
6 8 46.7287 9.52077 9.34757
6 9 26.8075 4.93402 4.76688
6 10 18.4178 3.79973 3.64526
6 11 12.3935 2.56166 2.38137
6 12 7.87391 1.806 1.63636
6 13 3.90524 0.842901 0.683617
6 14 3.77907 0.933424 0.767942
6 15 1.82443 0.50339 0.355314
6 16 3.61145 0.950078 0.789654
7 0 430.325 104.343 104.575
7 1 631.814 124.452 124.685
7 2 584.765 110.12 110.331
7 3 431.657 82.2602 82.3896
7 4 285.237 52.3165 52.3749
7 5 169.023 29.9094 29.8984
7 6 109.802 20.9373 20.9228
7 7 71.2883 12.9735 12.9218
7 8 48.6343 9.57599 9.42817
7 9 25.9484 4.86185 4.69048
7 10 20.7648 4.1873 4.0239
7 11 13.0039 2.72766 2.5587
7 12 7.3049 1.69451 1.53828
7 13 3.68099 0.806806 0.643279
7 14 3.06124 0.852336 0.699795
7 15 2.04489 0.508403 0.355278
7 16 4.29292 1.09149 0.9422
8 0 164.19 48.7772 48.8704
8 1 229.558 68.3892 68.5349
8 2 178.031 50.3328 50.4016
8 3 142.476 36.9672 36.9968
8 4 84.6039 27.9548 27.9589
8 5 69.9157 17.3545 17.303
8 6 37.8749 8.72724 8.57425
8 7 20.9634 5.28263 5.22156
8 8 10.9678 2.60321 2.44207
8 9 9.04895 2.1037 1.93162
8 10 5.68515 1.47589 1.31526
8 11 4.39278 1.34208 1.21905
8 12 1.97807 0.623947 0.480209
8 13 0.962004 0.305969 0.164291
8 14 0.557893 0.20481 0.0809129
8 15 0.618431 0.298841 0.153401
8 16 2.17269 0.631499 0.475864
9 0 113.145 34.336 34.3949
9 1 160.181 46.1524 46.1985
9 2 147.388 38.4981 38.5306
9 3 108.362 26.0176 26.0022
9 4 61.02 14.0602 14.0463
9 5 44.8885 10.2175 10.0676
9 6 31.8664 7.54013 7.38796
9 7 21.7851 5.10681 4.94417
9 8 9.09649 2.12674 1.96252
9 9 8.03304 2.80411 2.69105
9 10 5.47174 1.40629 1.25179
9 11 3.32125 0.945316 0.790724
9 12 0.632526 0.233467 0.102869
9 13 1.30506 0.471752 0.323224
9 14 1.49495 0.604646 0.449175
9 15 0.887943 0.412029 0.259941
9 16 2.17756 0.717617 0.572629
