0 0
1 0 16.6865 1.09167 1.08317
1 1 38.5346 2.59078 2.5815
1 2 44.5204 2.88689 2.87813
1 3 39.2226 2.77251 2.76227
1 4 35.7141 2.29485 2.28638
1 5 30.5459 1.90961 1.90792
1 6 22.6295 1.47391 1.4654
1 7 17.129 0.995262 0.988526
1 8 14.5573 1.04864 1.04432
1 9 12.1643 0.839911 0.836841
1 10 6.00219 0.335183 0.335864
1 11 5.74013 0.350691 0.347013
1 12 4.6661 0.369644 0.368011
1 13 4.33507 0.300669 0.297086
1 14 2.74766 0.202382 0.202663
1 15 2.13384 0.150423 0.146326
1 16 2.45554 0.165387 0.159069
1 17 1.51184 0.10778 0.102125
1 18 1.81679 0.155215 0.150291
1 19 1.41307 0.127559 0.0762815
1 20 1.21944 0.0996821 0.0953115
1 21 1.40225 0.163665 0.157037
1 22 1.02795 0.0841364 0.0569076
1 23 0.734315 0.0586468 0.0398489
1 24 0.894023 0.0821756 0.0765377
1 25 15.7083 1.19962 1.18811
2 0 7.97936 0.499098 0.494978
2 1 33.1531 2.16473 2.16378
2 2 51.3017 3.45699 3.45979
2 3 47.0576 2.9241 2.91598
2 4 34.0178 2.32939 2.31985
2 5 26.769 1.67116 1.67569
2 6 20.6668 1.3754 1.37926
2 7 16.7048 1.01355 1.01391
2 8 12.5049 0.819165 0.821349
2 9 8.8607 0.547294 0.54333
2 10 6.63328 0.43785 0.439017
2 11 4.618 0.458464 0.453261
2 12 3.64447 0.230716 0.226032
2 13 2.85645 0.193062 0.187636
2 14 2.69418 0.177699 0.147463
2 15 1.81116 0.135807 0.104495
2 16 1.92336 0.144283 0.106893
2 17 2.02058 0.144862 0.140343
2 18 1.49571 0.108647 0.0862437
2 19 1.56924 0.117852 0.0882536
2 20 1.20757 0.0883003 0.0641689
2 21 0.922181 0.0733043 0.0523604
2 22 0.835711 0.0806414 0.0752148
2 23 0.486009 0.0471493 0.0244826
2 24 0.665006 0.0616902 0.0329249
2 25 13.1264 0.867251 0.869663
