0.03 0
1 0 38.02 12.1302 12.0576
1 1 35.0654 9.27752 9.2042
1 2 36.9855 9.95499 9.82418
1 3 49.8392 14.8352 14.7772
1 4 49.307 13.9599 13.8267
1 5 54.4831 14.415 14.2995
1 6 61.3112 15.8753 15.8167
1 7 73.2351 20.2987 20.2619
1 8 73.4989 19.1064 19.0807
1 9 93.2541 24.9757 24.9657
1 10 94.1815 25.1304 25.1217
1 11 115.511 31.3399 31.338
1 12 145.825 40.304 40.3381
1 13 162.083 42.1869 42.124
1 14 170.176 44.8773 44.9393
1 15 210.249 53.672 53.6506
1 16 262.211 72.8229 72.936
1 17 276.675 71.713 71.8344
1 18 341.82 88.4434 88.6202
1 19 432.535 112.269 112.501
1 20 535.425 158.448 158.799
1 21 660.006 167.555 167.922
1 22 916.364 243.324 243.8
1 23 1283.38 335.806 336.368
1 24 1356.07 355.91 356.499
1 25 0 0.151737 0
2 0 16.3508 4.48418 4.33007
2 1 18.4172 4.91226 4.80723
2 2 21.7852 5.92017 5.77727
2 3 21.7225 5.41715 5.26641
2 4 28.3305 7.42809 7.27354
2 5 29.8595 7.53258 7.4057
2 6 33.5668 8.82124 8.66034
2 7 35.5234 10.1078 10.0236
2 8 35.704 9.05682 8.92986
2 9 45.5834 11.432 11.2991
2 10 46.4128 11.6652 11.5402
2 11 54.7632 13.8498 13.7353
2 12 73.3656 19.4903 19.3885
2 13 77.7394 20.1036 20.001
2 14 78.917 20.9145 20.8208
2 15 93.7734 23.7939 23.68
2 16 108.962 28.9406 28.9104
2 17 119.392 31.2107 31.1839
2 18 132.006 33.2659 33.1949
2 19 159.769 39.9637 39.9612
2 20 184.179 46.0498 46.0402
2 21 219.259 53.76 53.7622
2 22 303.604 78.772 78.8195
2 23 379.956 94.2419 94.3119
2 24 397.538 107.903 108.012
2 25 0 0.151737 0
3 0 21.6692 7.80956 7.72757
3 1 16.6482 4.52854 4.39697
3 2 15.2003 4.19268 4.04691
3 3 28.1167 9.58451 9.51082
3 4 20.9765 6.69292 6.55317
3 5 24.6236 7.02916 6.89375
3 6 27.7444 7.23334 7.15636
3 7 37.7117 10.3789 10.2383
3 8 37.7949 10.2116 10.1508
3 9 47.6707 13.7066 13.6666
3 10 47.7687 13.6222 13.5815
3 11 60.7478 17.6452 17.6027
3 12 72.4597 20.968 20.9496
3 13 84.3433 22.2322 22.123
3 14 91.2587 24.1169 24.1185
3 15 116.476 30.0246 29.9706
3 16 153.248 43.9995 44.0256
3 17 157.284 40.6342 40.6505
3 18 209.814 55.3354 55.4254
3 19 272.766 72.4041 72.5401
3 20 351.247 112.53 112.759
3 21 440.746 113.902 114.16
3 22 612.76 164.67 164.981
3 23 903.419 241.571 242.056
3 24 958.531 248.01 248.488
3 25 0 0.151737 0
4 0 12.7669 5.33738 5.19419
4 1 9.11428 2.65383 2.556
4 2 9.89716 2.68114 2.52872
4 3 12.9004 3.64013 3.49226
4 4 13.219 3.71388 3.55932
4 5 14.198 3.91534 3.78318
4 6 16.9003 4.33559 4.20122
4 7 19.5853 5.21247 5.06543
4 8 21.4227 5.75944 5.61884
4 9 27.1806 7.35365 7.21982
4 10 25.0542 6.45655 6.33295
4 11 36.4631 10.9089 10.8417
4 12 46.0417 13.4264 13.3759
4 13 50.6763 13.0593 12.9147
4 14 56.5375 14.7554 14.6531
4 15 69.6914 17.9722 17.8573
4 16 83.0219 23.3385 23.2926
4 17 103.957 27.7607 27.7299
4 18 114.236 30.9633 30.9696
4 19 145.42 38.0845 38.113
4 20 183.602 48.6867 48.7606
4 21 241.33 62.5237 62.6365
4 22 357.07 98.5651 98.7486
4 23 491.603 126.515 126.778
4 24 558.563 148.691 148.883
4 25 0 0.151737 0
5 0 25.2531 6.96866 6.86345
5 1 25.9511 6.7828 6.64819
5 2 27.0883 7.43469 7.29545
5 3 36.9388 11.3714 11.285
5 4 36.088 10.4009 10.2674
5 5 40.2851 10.6484 10.5163
5 6 44.4108 11.7083 11.6155
5 7 53.6499 15.2462 15.1965
5 8 52.0762 13.5172 13.4619
5 9 66.0735 17.7863 17.7459
5 10 69.1273 18.8244 18.7887
5 11 79.0479 20.6017 20.4963
5 12 99.7836 26.9869 26.9622
5 13 111.406 29.2714 29.2092
5 14 113.638 30.2884 30.2862
5 15 140.558 35.8488 35.7934
5 16 179.189 49.5998 49.6433
5 17 172.718 44.0875 44.1045
5 18 227.584 57.5761 57.6507
5 19 287.115 74.25 74.3883
5 20 351.824 109.881 110.039
5 21 418.675 105.097 105.285
5 22 559.294 144.759 145.052
5 23 791.772 209.164 209.59
5 24 797.506 207.2 207.616
5 25 0 0.151737 0
6 0 5.21404 1.55947 1.40562
6 1 4.81153 1.50912 1.3844
6 2 4.32191 1.14692 0.994878
6 3 3.99419 1.16426 1.01159
6 4 7.10952 1.94747 1.79174
6 5 7.92416 2.26429 2.1252
6 6 8.17058 2.15203 1.99801
6 7 8.3082 2.27473 2.1235
6 8 9.63007 2.53784 2.39329
6 9 12.7154 3.5751 3.42579
6 10 12.5527 3.27247 3.12487
6 11 16.8606 4.4927 4.35668
6 12 20.4555 5.2084 5.06017
6 13 22.1713 5.84479 5.69358
6 14 25.4788 6.8469 6.71546
6 15 29.1033 7.48149 7.32217
6 16 32.8391 8.7903 8.69933
6 17 42.2086 11.9603 11.8224
6 18 42.3437 11.1894 11.0567
6 19 56.2238 14.4397 14.3654
6 20 61.6097 15.7145 15.6073
6 21 79.5659 19.5919 19.4965
6 22 124.28 34.2987 34.2173
6 23 148.322 36.7508 36.6841
6 24 169.555 51.0522 51.0204
6 25 0 0.151737 0
7 0 11.1368 3.07956 2.92445
7 1 13.6057 3.56794 3.42282
7 2 17.4633 4.926 4.78239
7 3 17.7283 4.40541 4.25482
7 4 21.221 5.63215 5.4818
7 5 21.9353 5.42798 5.2805
7 6 25.3962 6.82484 6.66233
7 7 27.2152 7.99114 7.90011
7 8 26.074 6.67404 6.53658
7 9 32.868 8.02119 7.87327
7 10 33.8601 8.54655 8.41529
7 11 37.9026 9.51685 9.37865
7 12 52.9101 14.4421 14.3284
7 13 55.5681 14.4165 14.3074
7 14 53.4382 14.2265 14.1054
7 15 64.67 16.4641 16.3579
7 16 76.1234 20.2704 20.211
7 17 77.183 19.4195 19.3615
7 18 89.6628 22.2329 22.1382
7 19 103.545 25.6998 25.5957
7 20 122.569 30.4843 30.4329
7 21 139.693 34.3301 34.2657
7 22 179.324 44.6325 44.6022
7 23 231.633 57.6454 57.6278
7 24 227.983 56.991 56.9912
7 25 0 0.151737 0
8 0 7.55291 3.93884 3.78857
8 1 4.30275 1.31501 1.1716
8 2 5.57525 1.68643 1.53384
8 3 8.90624 2.62719 2.48066
8 4 6.10944 1.92082 1.76758
8 5 6.27385 1.80245 1.65798
8 6 8.72974 2.34248 2.20321
8 7 11.2771 3.09406 2.94193
8 8 11.7926 3.3743 3.22555
8 9 14.4653 3.92707 3.79403
8 10 12.5015 3.34228 3.20808
8 11 19.6025 6.56411 6.48501
8 12 25.5862 8.38047 8.31572
8 13 28.505 7.36651 7.22116
8 14 31.0587 8.05347 7.93764
8 15 40.5881 10.6483 10.5351
8 16 50.1828 14.6703 14.5933
8 17 61.7483 15.9675 15.9075
8 18 71.8924 19.9444 19.9129
8 19 89.1966 23.7606 23.7476
8 20 121.992 33.1447 33.1533
8 21 161.764 43.096 43.14
8 22 232.789 64.4553 64.5313
8 23 343.28 89.9106 90.0938
8 24 389.008 97.7833 97.863
8 25 0 0.151737 0
9 0 14.1163 4.04688 3.939
9 1 12.3454 3.36774 3.22537
9 2 9.62507 2.66389 2.51307
9 3 19.2104 7.12682 7.03016
9 4 14.8671 4.93064 4.78559
9 5 18.3498 5.38085 5.23578
9 6 19.0147 5.05351 4.95315
9 7 26.4346 7.43664 7.2964
9 8 26.0022 7.00049 6.92528
9 9 33.2054 9.9335 9.87259
9 10 35.2672 10.4308 10.3734
9 11 41.1453 11.2453 11.1176
9 12 46.8735 12.6965 12.6339
9 13 55.8383 15.0137 14.9018
9 14 60.2 16.2297 16.1808
9 15 75.8876 19.5287 19.4355
9 16 103.065 29.4414 29.4323
9 17 95.5354 24.7961 24.743
9 18 137.921 35.5085 35.5125
9 19 183.57 48.7348 48.7926
9 20 229.255 79.5348 79.606
9 21 278.982 70.9164 71.0196
9 22 379.97 100.285 100.45
9 23 560.139 151.636 151.962
9 24 569.523 150.326 150.625
9 25 0 0.151737 0
