0 0
1 0 362.031 86.5356 86.3992
1 1 639.754 143.27 143.101
1 2 550.129 112.127 111.992
1 3 378.012 75.3881 75.2843
1 4 243.27 53.3291 53.2232
1 5 151.793 31.6916 31.6008
1 6 100.831 22.7323 22.6298
1 7 57.75 12.971 12.9729
1 8 56.5667 17.0614 16.8827
1 9 29.4364 6.45285 5.91794
1 10 28.648 7.55308 7.35041
1 11 21.5691 4.9396 4.85978
1 12 19.8698 6.47821 6.42728
1 13 15.9648 3.84978 3.41777
1 14 10.8426 2.94858 2.61576
1 15 129.974 34.6962 34.5519
2 0 228.823 52.1445 52.0321
2 1 597.876 125.301 125.152
2 2 488.308 93.3004 93.187
2 3 318.257 62.8585 62.8208
2 4 216.532 45.2558 45.3194
2 5 135.79 37.4263 37.407
2 6 78.5466 20.1677 20.0056
2 7 49.7191 12.3846 12.2886
2 8 33.5 7.8434 7.48197
2 9 26.565 6.52969 6.1646
2 10 22.4772 5.34679 4.90074
2 11 21.5233 6.16885 5.84089
2 12 13.7743 3.45146 3.08126
2 13 11.4356 3.49805 3.35112
2 14 10.5233 2.79199 2.42222
2 15 133.601 34.5313 34.5419
3 0 106.634 31.3455 31.1725
3 1 195.289 55.9149 55.7453
3 2 172.166 52.6079 52.4173
3 3 137.575 42.0123 41.8241
3 4 86.5007 24.9039 24.739
3 5 63.4135 17.3575 17.2094
3 6 29.1002 7.64337 7.4413
3 7 24.2164 6.26125 6.11265
3 8 16.1788 4.55837 4.11106
3 9 13.1251 5.06538 4.94862
3 10 8.54366 2.61577 2.25286
3 11 6.27877 2.01619 1.59077
3 12 10.1072 3.56838 3.42021
3 13 5.85766 1.96318 1.59528
3 14 4.63048 1.70819 1.51483
3 15 53.3491 15.1034 14.9459
4 0 58.5513 17.566 17.465
4 1 167.053 49.3674 49.1891
4 2 115.681 29.5194 29.3879
4 3 92.8054 24.1193 24.0991
4 4 65.4178 18.8679 18.7036
4 5 36.317 8.90005 8.7828
4 6 30.1896 9.53534 9.39621
4 7 13.7329 3.85933 3.42791
4 8 11.4991 3.45405 3.08294
4 9 9.15457 3.01898 2.6472
4 10 9.51485 3.19097 2.97356
4 11 6.88324 2.14038 1.77208
4 12 7.15321 3.69941 3.38155
4 13 2.94978 1.26054 0.933695
4 14 3.05324 1.45222 1.14329
4 15 31.6262 8.93856 8.83116
