0.03 0
1 0 5.65527 1.52362 1.32981
1 1 280.685 107.758 107.958
1 2 1704.51 642.223 643.377
1 3 2494.51 987.764 986.405
1 4 3256.99 1302.13 1300.03
1 5 3716.57 1506.45 1503.81
1 6 3911.63 1529.1 1526.22
1 7 4039.68 1612.05 1609
1 8 4087.94 1679.04 1675.9
1 9 4160.01 1597.11 1593.91
1 10 4189.88 1618.56 1615.32
1 11 4152.27 1686.58 1683.36
1 12 4390.73 1751.06 1747.51
1 13 4275.18 1759 1755.59
1 14 4168.74 1720.4 1717.14
1 15 4222.8 1689.94 1686.63
1 16 4143.65 1725.03 1721.8
1 17 4102.64 1698.84 1695.67
1 18 4121.94 1703.44 1700.25
1 19 4174.43 1754.92 1751.64
1 20 4081.78 1716.5 1713.35
1 21 3860.47 1654.35 1651.49
1 22 3275.72 1407.71 1405.54
1 23 2564.98 1110.16 1108.68
1 24 772.133 319.2 319.962
1 25 5.88283 1.90067 1.71837
1 26 20.8632 6.92465 6.88442
2 0 7.15613 3.43945 3.26551
2 1 2790.83 1136.32 1137.74
2 2 5790.98 2527.77 2521.76
2 3 6483.11 2902.05 2894.61
2 4 6209.28 2770.69 2763.83
2 5 5905.23 2718.61 2712.34
2 6 5755.31 2647.99 2642.01
2 7 5655.48 2685.66 2679.85
2 8 5502.29 2500.51 2500.35
2 9 5489.31 2547.5 2542.02
2 10 5406.07 2533.52 2528.18
2 11 5367.64 2350.26 2345.04
2 12 5690.26 2501.36 2495.55
2 13 5314.02 2495.33 2490.16
2 14 5417.78 2558.16 2552.79
2 15 5644.75 2686.6 2680.81
2 16 5689.77 2768.46 2762.56
2 17 5770.83 2621.18 2615.18
2 18 5977.2 2743.98 2737.57
2 19 6187.87 2832.09 2825.25
2 20 6490.57 2916.65 2909.18
2 21 7058.91 3214.37 3205.6
2 22 7549.49 3375.84 3365.89
2 23 7586.1 3441.13 3431.07
2 24 6268.85 2754.96 2753.26
2 25 15.1974 6.82422 6.70312
2 26 22.971 8.60134 8.42057
3 0 12.8114 4.78738 4.59531
3 1 3071.51 1244.38 1245.7
3 2 7495.49 3174.92 3165.14
3 3 8977.62 3894.9 3881.01
3 4 9466.27 4079.25 4063.86
3 5 9621.8 4232.05 4216.15
3 6 9666.94 4184.27 4168.24
3 7 9695.16 4304.99 4288.84
3 8 9590.24 4192.05 4176.25
3 9 9649.31 4151.9 4135.93
3 10 9595.96 4159.31 4143.5
3 11 9519.91 4043.95 4028.4
3 12 10081 4260.45 4243.06
3 13 9589.2 4261.56 4245.75
3 14 9586.52 4285.74 4269.93
3 15 9867.55 4384.15 4367.44
3 16 9833.42 4500.98 4484.35
3 17 9873.47 4327.57 4310.85
3 18 10099.1 4455.3 4437.82
3 19 10362.3 4595.28 4576.89
3 20 10572.3 4641.64 4622.52
3 21 10919.4 4877.47 4857.09
3 22 10825.2 4791.46 4771.43
3 23 10151.1 4557.42 4539.75
3 24 7040.98 3081.92 3073.22
3 25 21.0803 8.53714 8.42149
3 26 43.8342 15.3197 15.305
