0.03 0
1 0 282.074 64.4764 64.5996
1 1 275.716 60.2881 60.404
1 2 273.928 60.7158 60.8403
1 3 268.836 60.9212 61.0494
1 4 246.441 59.0274 59.1439
1 5 252.168 57.4463 57.5616
1 6 287.981 71.4986 71.6567
1 7 251.558 56.4631 56.5259
1 8 255.511 61.5417 61.6825
1 9 264.602 65.9564 66.0996
1 10 260.754 59.916 59.9986
1 11 279.263 64.1196 64.2504
1 12 283.2 66.5477 66.6946
1 13 277.552 60.6841 60.8077
1 14 267.028 60.5981 60.6843
1 15 284.529 66.0438 66.1816
1 16 265.214 58.7272 58.8455
1 17 286.934 71.0316 71.1868
1 18 267.211 67.6303 67.7797
1 19 269.965 69.4857 69.6306
1 20 259.465 66.7838 66.9364
1 21 266.017 62.3063 62.4313
1 22 266.162 56.7345 56.8115
1 23 289.584 65.6367 65.7734
1 24 297.411 69.4474 69.5974
1 25 0 0.151737 0
2 0 213.948 47.5975 47.6368
2 1 216.283 43.6265 43.6982
2 2 206.793 41.9179 41.9884
2 3 205.146 43.8745 43.9572
2 4 186.022 40.1033 40.1675
2 5 189.388 39.6849 39.7525
2 6 216.509 49.9993 50.1005
2 7 196.687 42.2123 42.2357
2 8 199.425 47.1058 47.1921
2 9 205.392 49.4497 49.5479
2 10 194.881 39.8656 39.8913
2 11 216.759 47.0123 47.0909
2 12 215.866 49.6231 49.7256
2 13 216.421 45.1398 45.2219
2 14 207.053 44.5385 44.5804
2 15 222.89 47.462 47.5508
2 16 202.697 41.8824 41.9556
2 17 222.223 52.701 52.8084
2 18 202.601 45.3974 45.4856
2 19 199.485 46.0927 46.1728
2 20 197.582 47.4479 47.5325
2 21 203.541 41.7394 41.7729
2 22 206.152 41.9065 41.945
2 23 214.671 44.481 44.5616
2 24 226.538 49.6807 49.7795
2 25 0 0.151737 0
3 0 68.1261 16.9643 16.9628
3 1 59.4335 16.7514 16.7058
3 2 67.1345 18.8796 18.8519
3 3 63.6899 17.1257 17.0922
3 4 60.4195 18.9956 18.9764
3 5 62.7801 17.8118 17.8091
3 6 71.4723 21.6012 21.5562
3 7 54.8712 14.327 14.2902
3 8 56.0866 14.5231 14.4905
3 9 59.2104 16.5901 16.5517
3 10 65.8733 20.1486 20.1073
3 11 62.5037 17.181 17.1596
3 12 67.3334 16.999 16.9691
3 13 61.1319 15.6121 15.5858
3 14 59.9747 16.1314 16.1039
3 15 61.6385 18.6787 18.6308
3 16 62.5175 16.9398 16.8899
3 17 64.7115 18.4036 18.3784
3 18 64.6097 22.3078 22.2941
3 19 70.4797 23.4482 23.4577
3 20 61.8832 19.4219 19.4039
3 21 62.4767 20.7686 20.6583
3 22 60.0098 14.9021 14.8665
3 23 74.913 21.231 21.2118
3 24 70.8726 19.8382 19.8179
3 25 0 0.151737 0
4 0 141.211 33.2084 33.2022
4 1 146.23 31.3565 31.3957
4 2 149.966 33.7192 33.7642
4 3 150.505 35.5554 35.5733
4 4 130.835 31.4048 31.4491
4 5 139.517 32.253 32.2997
4 6 167.365 42.8158 42.9011
4 7 141.926 33.5392 33.5516
4 8 140.558 33.039 33.0904
4 9 145.06 34.8182 34.8463
4 10 144.164 34.3991 34.4176
4 11 153.163 36.9496 36.9798
4 12 149.948 36.2658 36.293
4 13 147.366 30.8861 30.9369
4 14 155.128 37.1151 37.141
4 15 151.015 35.0729 35.1284
4 16 147.761 34.5511 34.6086
4 17 163.335 41.8669 41.9357
4 18 147.585 39.1336 39.2062
4 19 141.255 33.4318 33.4799
4 20 144.684 35.4998 35.5043
4 21 152.566 38.2012 38.235
4 22 153.41 34.3936 34.4153
4 23 163.026 38.6688 38.728
4 24 161.881 39.1381 39.1638
4 25 0 0.151737 0
5 0 140.863 31.3632 31.3974
5 1 129.486 29.0103 29.0083
5 2 123.962 27.0427 27.0761
5 3 118.331 25.4791 25.476
5 4 115.607 27.665 27.6947
5 5 112.651 25.2699 25.2619
5 6 120.616 28.7234 28.7556
5 7 109.632 23.0109 22.9744
5 8 114.953 28.5846 28.5921
5 9 119.542 31.2367 31.2533
5 10 116.59 25.5976 25.581
5 11 126.1 27.2916 27.2706
5 12 133.252 30.3822 30.4017
5 13 130.187 29.8588 29.8708
5 14 111.9 23.5703 23.5433
5 15 133.513 31.0757 31.0532
5 16 117.453 24.2637 24.2369
5 17 123.599 29.2719 29.2511
5 18 119.627 28.5631 28.5735
5 19 128.709 36.0981 36.1506
5 20 114.781 31.4221 31.4321
5 21 113.452 24.2066 24.1963
5 22 112.752 22.4142 22.3963
5 23 126.558 27.0106 27.0454
5 24 135.53 30.4243 30.4336
5 25 0 0.151737 0
6 0 106.806 24.8687 24.8374
6 1 113.841 23.0801 23.0917
6 2 109.799 22.0094 22.0228
6 3 110.937 24.5576 24.5552
6 4 96.4527 19.7912 19.8041
6 5 102.72 22.3685 22.3887
6 6 121.516 28.5724 28.617
6 7 107.928 24.2176 24.2045
6 8 105.276 22.9113 22.9291
6 9 110.765 25.9527 25.9348
6 10 108.656 23.6954 23.6826
6 11 119.502 28.1097 28.1126
6 12 112.287 26.354 26.3529
6 13 110.696 21.0668 21.0893
6 14 117.534 26.3424 26.3367
6 15 117.998 25.6215 25.6502
6 16 110.917 23.9125 23.9396
6 17 121.605 28.9967 29.0285
6 18 110.243 25.1974 25.2295
6 19 103.388 21.9632 21.9782
6 20 108.32 25.5522 25.5293
6 21 111.747 23.1959 23.1864
6 22 117.638 25.4865 25.4822
6 23 119.556 26.8151 26.8405
6 24 119.769 26.7164 26.6772
6 25 0 0.151737 0
7 0 107.143 22.8179 22.7994
7 1 102.441 20.6333 20.6066
7 2 96.9944 19.957 19.9656
7 3 94.2091 19.4248 19.402
7 4 89.5692 20.4045 20.3633
7 5 86.6686 17.414 17.3638
7 6 94.993 21.4688 21.4835
7 7 88.7592 18.0767 18.0313
7 8 94.1489 24.2674 24.2629
7 9 94.6265 23.6193 23.6131
7 10 86.2243 16.265 16.2087
7 11 97.2567 19.0241 18.9782
7 12 103.58 23.3738 23.3727
7 13 105.725 24.1376 24.1326
7 14 89.5194 18.2864 18.2437
7 15 104.892 21.9453 21.9006
7 16 91.7795 18.0562 18.016
7 17 100.618 23.817 23.7799
7 18 92.3585 20.2671 20.2561
7 19 96.0974 24.3373 24.1946
7 20 89.2616 22.1211 22.0032
7 21 91.7941 18.6305 18.5865
7 22 88.5146 16.6228 16.4628
7 23 95.1147 17.7446 17.721
7 24 106.769 23.1084 23.1023
7 25 0 0.151737 0
8 0 34.4056 8.52101 8.36483
8 1 32.3887 8.37322 8.30403
8 2 40.1672 11.7865 11.7414
8 3 39.5683 11.0694 11.0181
8 4 34.3821 11.7052 11.645
8 5 36.7976 10.0878 9.91097
8 6 45.8491 14.3481 14.2841
8 7 33.9983 9.39887 9.34708
8 8 35.2826 10.2074 10.1613
8 9 34.2952 8.97352 8.91149
8 10 35.5075 10.818 10.735
8 11 33.6602 9.03578 8.86716
8 12 37.6607 9.9914 9.94003
8 13 36.67 9.89182 9.84759
8 14 37.5941 10.8483 10.8044
8 15 33.0175 9.54686 9.47819
8 16 36.844 10.7339 10.669
8 17 41.7301 12.9449 12.9072
8 18 37.3417 14.0319 13.9767
8 19 37.8677 11.5252 11.5017
8 20 36.3635 10.0179 9.97501
8 21 40.8192 15.1838 15.0486
8 22 35.772 8.98422 8.93302
8 23 43.4698 11.9319 11.8875
8 24 42.1116 12.5463 12.4867
8 25 0 0.151737 0
9 0 33.7205 8.62092 8.59799
9 1 27.0447 8.47588 8.40174
9 2 26.9674 7.1746 7.11049
9 3 24.1216 6.24264 6.07403
9 4 26.0374 7.38105 7.3314
9 5 25.9825 7.9496 7.89814
9 6 25.6233 7.35667 7.27208
9 7 20.8729 5.10418 4.94311
9 8 20.804 4.48611 4.32914
9 9 24.9152 7.71521 7.64019
9 10 30.3659 9.42819 9.37233
9 11 28.8435 8.37004 8.2924
9 12 29.6727 7.10804 7.02903
9 13 24.462 5.87255 5.73816
9 14 22.3806 5.46381 5.29953
9 15 28.621 9.23209 9.15261
9 16 25.6736 6.39904 6.22086
9 17 22.9814 5.62986 5.47128
9 18 27.2681 8.36885 8.31744
9 19 32.612 12.0178 11.956
9 20 25.5197 9.52061 9.42887
9 21 21.6575 5.76462 5.60974
9 22 24.2378 5.99077 5.93346
9 23 31.4432 9.39078 9.32434
9 24 28.761 7.39622 7.33127
9 25 0 0.151737 0
