0 0
1 0 48.3599 3.60375 3.59226
1 1 229.434 14.8593 14.8418
1 2 135.01 8.21188 8.20126
1 3 51.4189 2.96942 2.97743
1 4 16.6498 0.971841 0.972348
1 5 7.31643 0.423711 0.422362
1 6 2.15344 0.355021 0.303274
1 7 0.825956 0.0819256 0.0379777
1 8 0.3766 0.0565706 0.0200934
1 9 0.26237 0.039778 0.0124912
1 10 0.0874567 0.0249292 0.00416372
1 11 0.190555 0.0354291 0.00856964
1 12 0 0.0290603 0
1 13 0.0747065 0.024908 0.00400115
1 14 0 0.0290603 0
1 15 0.0619563 0.0242182 0.00383858
1 16 0 0.0290603 0
1 17 0 0.0290603 0
1 18 0 0.0290603 0
1 19 0 0.0290603 0
1 20 0 0.0290603 0
1 21 0 0.0290603 0
1 22 0 0.0290603 0
1 23 0 0.0290603 0
1 24 0 0.0290603 0
1 25 0 0.0290603 0
1 26 0 0.0290603 0
1 27 0 0.0290603 0
1 28 0 0.0290603 0
1 29 0 0.0290603 0
1 30 0 0.0290603 0
2 0 15.1974 1.63486 1.61229
2 1 55.4319 3.88796 3.87759
2 2 38.7168 2.72273 2.71261
2 3 16.4782 1.08232 1.0854
2 4 6.1949 0.360359 0.361334
2 5 2.8866 0.17935 0.177113
2 6 1.39886 0.104393 0.101794
2 7 0.908217 0.0811806 0.0760825
2 8 0.484214 0.0657669 0.0275083
2 9 0.318863 0.052564 0.0171232
2 10 0.224119 0.0428748 0.0120034
2 11 0.273756 0.0508717 0.0436217
2 12 0.0377702 0.012077 0.000475684
2 13 0.164559 0.0334268 0.00823171
2 14 0 0.0290603 0
2 15 0.0122699 0.00766163 0.000150549
2 16 0 0.0290603 0
2 17 0.0747065 0.024908 0.00400115
2 18 0.0122699 0.00766163 0.000150549
2 19 0 0.0290603 0
2 20 0 0.0290603 0
2 21 0 0.0290603 0
2 22 0 0.0290603 0
2 23 0 0.0290603 0
2 24 0 0.0290603 0
2 25 0 0.0290603 0
2 26 0 0.0290603 0
2 27 0 0.0290603 0
2 28 0 0.0290603 0
2 29 0 0.0290603 0
2 30 0 0.0290603 0
