0.03 0
1 0 0 0.151737 0
1 1 93.7368 25.7069 25.7145
1 2 614.834 160.974 161.31
1 3 1034.15 261.277 261.76
1 4 1252.15 350.931 351.56
1 5 1082.34 284.002 284.542
1 6 814.435 212.542 212.993
1 7 623.716 164.222 164.56
1 8 473.864 124.372 124.618
1 9 372.318 96.2359 96.412
1 10 295.519 79.2084 79.3476
1 11 193.889 49.0782 49.0651
1 12 148.944 37.3686 37.3677
1 13 115.195 29.5335 29.4637
1 14 87.4456 26.8063 26.7347
1 15 73.2118 19.6144 19.5603
1 16 62.0289 16.0661 16.0108
1 17 39.6135 12.4572 12.3356
1 18 33.7178 8.52046 8.39284
1 19 30.3164 12.7973 12.6898
1 20 19.8892 5.17356 5.02968
1 21 16.4762 4.3678 4.22578
1 22 10.5297 2.6547 2.50994
1 23 11.4374 7.59351 7.45264
1 24 5.27534 1.57416 1.4275
1 25 22.4747 5.9582 5.8239
2 0 0 0.151737 0
2 1 25.8211 6.72199 6.56682
2 2 200.244 50.6291 50.7056
2 3 419.78 102.88 102.989
2 4 464.984 117.171 117.39
2 5 401.054 101.841 102.037
2 6 289.292 74.6726 74.8171
2 7 215.076 53.3866 53.3765
2 8 171.298 45.2452 45.2129
2 9 127.453 32.4058 32.3521
2 10 101.372 26.7428 26.7055
2 11 67.8638 16.7793 16.6679
2 12 52.3597 13.0628 12.941
2 13 45.5408 11.7907 11.6633
2 14 35.232 13.9495 13.837
2 15 25.4707 6.49137 6.35456
2 16 22.2446 5.68991 5.5532
2 17 12.637 3.30498 3.16014
2 18 10.1947 2.72728 2.58374
2 19 10.1 7.72893 7.5826
2 20 6.43225 1.85214 1.70054
2 21 3.57276 0.9921 0.848236
2 22 2.29719 0.645429 0.498717
2 23 2.14757 0.769351 0.617671
2 24 0.785171 0.292799 0.154126
2 25 3.22509 0.971891 0.819302
3 0 0 0.151737 0
3 1 67.9157 19.1756 19.1476
3 2 414.59 110.375 110.604
3 3 614.367 158.439 158.771
3 4 787.168 233.673 234.17
3 5 681.283 182.106 182.505
3 6 525.142 137.882 138.176
3 7 408.64 110.968 111.183
3 8 302.566 79.2743 79.4056
3 9 244.865 63.9709 64.0599
3 10 194.147 52.5748 52.6421
3 11 126.025 32.4483 32.3972
3 12 96.5847 24.463 24.4267
3 13 69.6543 17.8961 17.8004
3 14 52.2136 13.0106 12.8978
3 15 47.7411 13.2784 13.2058
3 16 39.7843 10.5302 10.4576
3 17 26.9765 9.30643 9.17546
3 18 23.5231 5.94382 5.8091
3 19 20.2164 5.23508 5.10715
3 20 13.457 3.47538 3.32915
3 21 12.9034 3.52236 3.37755
3 22 8.23247 2.15754 2.01122
3 23 9.28987 6.98319 6.83497
3 24 4.49017 1.42128 1.27338
3 25 19.2496 5.13866 5.00459
4 0 0 0.151737 0
4 1 30.7075 7.89943 7.75356
4 2 171.405 44.6013 44.6591
4 3 336.068 85.3615 85.5295
4 4 441.918 119.283 119.528
4 5 404.932 107.611 107.857
4 6 309.148 80.6402 80.7989
4 7 226.717 61.3499 61.4195
4 8 172.978 45.6359 45.6729
4 9 149.802 40.6376 40.6593
4 10 115.489 30.5368 30.547
4 11 77.2204 19.5212 19.4269
4 12 61.3372 15.275 15.1556
4 13 46.9731 12.6066 12.492
4 14 37.0641 14.015 13.8984
4 15 27.4366 7.24106 7.1034
4 16 29.3305 7.63901 7.51705
4 17 15.2828 3.78254 3.63459
4 18 16.735 4.25039 4.11031
4 19 12.6143 8.20072 8.07135
4 20 9.59581 2.67664 2.52473
4 21 6.92409 1.85797 1.70871
4 22 4.76622 1.23398 1.08633
4 23 3.90956 1.11439 0.962632
4 24 1.32375 0.453836 0.309206
4 25 10.7741 2.82137 2.68001
5 0 0 0.151737 0
5 1 63.0293 17.9751 17.9609
5 2 443.429 116.407 116.651
5 3 698.079 175.867 176.231
5 4 810.234 231.554 232.032
5 5 677.405 176.318 176.684
5 6 505.287 131.917 132.194
5 7 397 102.949 103.14
5 8 300.887 78.8318 78.9456
5 9 222.516 55.7452 55.7527
5 10 180.03 48.7729 48.8006
5 11 116.668 29.7095 29.6382
5 12 87.6073 22.2537 22.2121
5 13 68.222 17.082 16.9717
5 14 50.3815 12.9465 12.8363
5 15 45.7752 12.534 12.4569
5 16 32.6984 8.58323 8.49373
5 17 24.3307 8.82844 8.70101
5 18 16.9827 4.42328 4.28253
5 19 17.7022 4.75716 4.61841
5 20 10.2934 2.65094 2.50495
5 21 9.55212 2.66251 2.51707
5 22 5.76344 1.57152 1.42361
5 23 7.52788 6.64625 6.49001
5 24 3.95159 1.26977 1.1183
5 25 11.7006 3.28752 3.14389
6 0 0 0.151737 0
6 1 9.19506 2.30872 2.14599
6 2 48.1021 11.9684 11.8213
6 3 118.968 29.8679 29.7746
6 4 159.26 41.133 41.1617
6 5 145.356 36.2319 36.2558
6 6 109.486 30.0269 30.0056
6 7 81.2377 20.281 20.1769
6 8 60.6302 16.5016 16.3766
6 9 54.5574 14.5686 14.4618
6 10 39.1571 9.80575 9.67222
6 11 26.6723 6.74243 6.60221
6 12 22.2104 5.59837 5.45716
6 13 19.5583 5.23203 5.0908
6 14 14.6876 8.52369 8.38861
6 15 9.26432 2.49685 2.34751
6 16 10.4683 2.74053 2.59469
6 17 6.5782 1.72815 1.57917
6 18 6.50381 1.76449 1.61937
6 19 4.77652 6.41172 6.19542
6 20 3.38244 0.965951 0.812094
6 21 1.85558 0.606302 0.461637
6 22 1.31868 0.453708 0.307219
6 23 0.930324 0.377939 0.231812
6 24 0.196715 0.160946 0.0386969
6 25 1.41769 0.46501 0.317352
7 0 0 0.151737 0
7 1 16.6261 4.57511 4.42083
7 2 152.142 38.8402 38.8842
7 3 300.813 73.1665 73.2147
7 4 305.724 76.1896 76.228
7 5 255.698 65.6948 65.7813
7 6 179.806 44.8351 44.8115
7 7 133.839 33.2684 33.1996
7 8 110.668 28.9043 28.8363
7 9 72.896 17.9912 17.8903
7 10 62.215 17.0945 17.0332
7 11 41.1914 10.1906 10.0657
7 12 30.1494 7.61701 7.48384
7 13 25.9825 6.71283 6.57255
7 14 20.5444 5.58565 5.44836
7 15 16.2064 4.14858 4.00705
7 16 11.7763 3.10335 2.95851
7 17 6.05882 1.72758 1.58097
7 18 3.69087 1.11574 0.964365
7 19 5.32352 1.53348 1.38719
7 20 3.04981 1.03719 0.888443
7 21 1.71719 0.529202 0.386599
7 22 0.978505 0.330452 0.191498
7 23 1.21725 0.542244 0.385859
7 24 0.588456 0.251097 0.115429
7 25 1.80739 0.650945 0.50195
8 0 0 0.151737 0
8 1 21.5124 5.74163 5.60757
8 2 123.303 32.8144 32.8377
8 3 217.101 55.6621 55.7549
8 4 282.658 78.2142 78.3666
8 5 259.576 71.4644 71.6015
8 6 199.662 50.7306 50.7933
8 7 145.479 41.2357 41.2426
8 8 112.348 29.3118 29.2963
8 9 95.2448 26.2137 26.1975
8 10 76.3315 20.8931 20.8748
8 11 50.5481 12.9308 12.8247
8 12 39.1268 9.83169 9.69839
8 13 27.4148 7.52763 7.4012
8 14 22.3765 5.64974 5.50981
8 15 18.1723 4.89671 4.75589
8 16 18.8622 5.05155 4.92236
8 17 8.70456 2.20666 2.05542
8 18 10.2312 2.63587 2.49094
8 19 7.83773 2.01111 1.87593
8 20 6.21338 1.86209 1.71264
8 21 5.06851 1.39736 1.24707
8 22 3.44754 0.926703 0.779114
8 23 2.97923 0.882627 0.730821
8 24 1.12704 0.41558 0.270509
8 25 9.35643 2.50239 2.36266
9 0 0 0.151737 0
9 1 46.4033 13.5832 13.5401
9 2 291.287 77.6155 77.7663
9 3 397.266 102.804 103.016
9 4 504.51 155.466 155.804
9 5 421.707 110.688 110.903
9 6 325.48 87.2202 87.3827
9 7 263.162 69.8382 69.9407
9 8 190.218 50.0768 50.1093
9 9 149.62 37.9065 37.8624
9 10 117.815 31.8446 31.7673
9 11 75.477 19.6717 19.5725
9 12 57.4579 14.7916 14.7283
9 13 42.2395 10.5243 10.3992
9 14 29.8371 7.51418 7.38794
9 15 29.5688 8.53985 8.44989
9 16 20.9221 5.63422 5.53522
9 17 18.2719 7.25338 7.12004
9 18 13.2919 3.46079 3.31817
9 19 12.3786 3.37437 3.23122
9 20 7.24358 1.76619 1.61651
9 21 7.83493 2.27741 2.13047
9 22 4.78494 1.38099 1.23211
9 23 6.31064 6.27314 6.10415
9 24 3.36313 1.15378 1.00287
9 25 9.89317 2.7871 2.64194
