0 0
1 0 2074.62 497.953 498.355
1 1 399.53 88.7313 88.8741
1 2 385.876 85.9752 86.1614
1 3 367.723 87.4493 87.6365
1 4 353.477 82.0338 82.2074
1 5 297.095 60.8321 60.9535
1 6 293.823 65.7559 65.8932
1 7 253.379 53.1868 53.2847
1 8 244.066 54.683 54.7955
1 9 225.093 52.8703 52.9384
1 10 185.717 40.6913 40.7165
1 11 166.088 37.9522 37.9751
1 12 139.322 32.1188 32.1651
1 13 124.658 27.9665 28.0162
1 14 111.665 24.3246 24.3159
1 15 110.224 26.6325 26.6291
1 16 106.958 27.671 27.7004
1 17 90.2776 25.5023 25.4959
1 18 80.2578 20.5833 20.5475
1 19 65.4132 15.3894 15.3598
1 20 703.842 176.776 177.153
2 0 1620.24 367.808 368.24
2 1 284.416 56.6598 56.7206
2 2 293.357 62.8027 62.8876
2 3 268.693 59.1885 59.2676
2 4 261.89 53.5703 53.666
2 5 222.518 40.9323 41.0048
2 6 216.471 43.5579 43.6356
2 7 193.841 37.3091 37.3641
2 8 183.073 37.6962 37.7617
2 9 168.573 34.8164 34.8334
2 10 139.6 28.5331 28.5277
2 11 131.824 29.3377 29.3404
2 12 110.94 24.5031 24.5289
2 13 100.163 21.4847 21.5154
2 14 84.2918 16.1386 15.9513
2 15 89.405 20.6644 20.6433
2 16 82.2898 19.9154 19.918
2 17 71.9371 20.39 20.3736
2 18 61.0097 14.2734 14.2203
2 19 48.9975 9.71952 9.56616
2 20 551.425 132.098 132.386
3 0 454.381 129.817 130.115
3 1 115.115 32.1372 32.1536
3 2 92.5198 23.2791 23.2738
3 3 99.0301 28.3657 28.3689
3 4 91.5875 28.5359 28.5414
3 5 74.577 19.9929 19.9487
3 6 77.3519 22.2848 22.2576
3 7 59.5381 15.9746 15.9207
3 8 60.9931 17.0639 17.0338
3 9 56.5198 18.1379 18.105
3 10 46.1167 12.2463 12.1887
3 11 34.2648 8.78952 8.63472
3 12 28.3821 7.70637 7.63624
3 13 24.4951 6.66701 6.50076
3 14 27.3736 8.41125 8.36461
3 15 20.8187 6.05824 5.98582
3 16 24.6685 7.85305 7.7824
3 17 18.3405 5.27189 5.1223
3 18 19.2481 6.39867 6.32712
3 19 16.4157 5.88332 5.7936
3 20 152.417 44.7197 44.7672
4 0 1545.5 365.353 365.842
4 1 169.116 38.3386 38.3646
4 2 173.943 39.7974 39.825
4 3 162.267 36.7093 36.7307
4 4 165.829 43.9389 44.0145
4 5 137.794 30.9252 30.9762
4 6 128.897 28.2329 28.2625
4 7 123.418 27.4753 27.504
4 8 118.262 28.3113 28.345
4 9 115.086 29.6562 29.6691
4 10 90.0768 21.4612 21.4493
4 11 79.9493 17.649 17.6187
4 12 69.9603 16.847 16.8166
4 13 61.4749 14.1918 14.1537
4 14 48.6326 10.6827 10.6387
4 15 48.3181 10.1589 10.1117
4 16 47.3521 11.7244 11.6541
4 17 40.658 10.2245 10.1528
4 18 37.1353 8.61142 8.54418
4 19 30.2654 7.04974 6.87729
4 20 335.526 90.4953 90.6968
5 0 529.12 132.218 132.513
5 1 230.415 50.4421 50.5095
5 2 211.934 46.2918 46.3364
5 3 205.456 50.8385 50.9058
5 4 187.649 38.1711 38.1929
5 5 159.301 29.9927 29.9773
5 6 164.925 37.631 37.6307
5 7 129.962 25.7827 25.7807
5 8 125.804 26.4429 26.4505
5 9 110.007 23.3001 23.2693
5 10 95.6399 19.3198 19.2671
5 11 86.1392 20.3954 20.3564
5 12 69.362 15.4023 15.3485
5 13 63.1828 13.9038 13.8624
5 14 63.0328 13.7298 13.6773
5 15 61.9055 16.5458 16.5175
5 16 59.6062 16.0819 16.0463
5 17 49.6196 15.3714 15.3431
5 18 43.1225 12.0781 12.0033
5 19 35.1478 8.54621 8.48247
5 20 368.316 86.2737 86.4561
6 0 1206.13 268.61 269.04
6 1 115.598 23.571 23.5539
6 2 126.796 27.76 27.7169
6 3 113.305 23.3312 23.1501
6 4 116.171 26.4022 26.4271
6 5 97.676 19.7378 19.5238
6 6 93.2594 18.2736 18.2738
6 7 87.8382 17.6016 17.3793
6 8 83.4782 17.6747 17.4931
6 9 81.0756 17.5522 17.5063
6 10 66.7852 15.2633 15.2101
6 11 61.3201 12.862 12.8212
6 12 53.5388 12.6873 12.6473
6 13 48.8065 10.8944 10.8462
6 14 34.722 6.80083 6.61174
6 15 39.0066 7.88634 7.80185
6 16 36 8.46817 8.39336
6 17 32.1811 8.07415 8.00182
6 18 28.3089 5.92987 5.85439
6 19 22.115 4.63906 4.46796
6 20 251.787 64.6459 64.7804
7 0 414.11 98.9812 99.1994
7 1 168.818 33.1474 33.1666
7 2 166.561 35.1502 35.1706
7 3 155.388 36.0897 36.1174
7 4 145.719 27.2438 27.2388
7 5 124.842 21.5188 21.481
7 6 123.211 25.3947 25.3618
7 7 106.003 20.0038 19.9848
7 8 99.5951 20.2791 20.2686
7 9 87.4974 17.3756 17.3271
7 10 72.8149 13.3852 13.3176
7 11 70.5036 16.5655 16.5192
7 12 57.4013 11.946 11.8815
7 13 51.356 10.7147 10.6692
7 14 49.5698 9.49848 9.33959
7 15 50.3984 12.8993 12.8415
7 16 46.2898 11.5681 11.5246
7 17 39.756 12.4257 12.3718
7 18 32.7009 8.45735 8.36595
7 19 26.8825 5.23788 5.09821
7 20 299.638 67.4689 67.6053
8 0 339.37 96.5831 96.8014
8 1 53.518 14.8438 14.8107
8 2 47.1473 12.1472 12.1081
8 3 48.9624 13.6157 13.5806
8 4 49.6582 17.6126 17.5874
8 5 40.1181 11.5205 11.4524
8 6 35.6381 10.0521 9.98869
8 7 35.5795 10.2142 10.1247
8 8 34.7841 10.9151 10.8519
8 9 34.0105 12.213 12.1627
8 10 23.2917 6.30972 6.23919
8 11 18.6292 4.94353 4.79753
8 12 16.4214 4.34661 4.16928
8 13 12.6684 3.4854 3.30753
8 14 13.9107 4.08532 4.02692
8 15 9.31159 2.45306 2.30981
8 16 11.3521 3.41143 3.2607
8 17 8.47691 2.30863 2.15096
8 18 8.82641 2.77816 2.6898
8 19 8.15045 2.55574 2.40933
8 20 83.7391 25.9138 25.9164
9 0 115.011 33.2649 33.3134
9 1 61.5966 17.3788 17.3429
9 2 45.3725 11.2228 11.1657
9 3 50.0676 14.8622 14.7883
9 4 41.9293 11.0096 10.954
9 5 34.4589 8.63929 8.49625
9 6 41.7138 12.334 12.2689
9 7 23.9586 5.9561 5.79596
9 8 26.209 6.25155 6.1819
9 9 22.5094 6.02351 5.94221
9 10 22.825 6.04269 5.94954
9 11 15.6356 4.00414 3.83718
9 12 11.9607 3.57344 3.46696
9 13 11.8267 3.34743 3.19323
9 14 13.463 4.43711 4.33769
9 15 11.5072 3.7498 3.67601
9 16 13.3164 4.63529 4.5217
9 17 9.8636 3.11599 2.97134
9 18 10.4217 3.73051 3.63733
9 19 8.26522 3.48843 3.38426
9 20 68.6777 18.8929 18.8508
