0.03 0
1 0 19.7161 1.28481 1.27633
1 1 56.6317 3.64385 3.635
1 2 75.4198 4.82517 4.81595
1 3 68.8681 4.44829 4.43909
1 4 54.8127 3.43823 3.42982
1 5 43.4897 2.55965 2.55985
1 6 33.4945 2.07982 2.07193
1 7 26.2686 1.51592 1.50917
1 8 21.0956 1.40695 1.39806
1 9 16.0441 1.02672 1.02424
1 10 9.31049 0.534788 0.536054
1 11 7.45753 0.588272 0.582482
1 12 6.02902 0.439151 0.434599
1 13 5.69148 0.412101 0.407465
1 14 4.57504 0.305004 0.305594
1 15 3.14794 0.230141 0.180674
1 16 3.02455 0.197164 0.163668
1 17 2.551 0.168739 0.163239
1 18 2.72475 0.20984 0.204604
1 19 2.49486 0.199355 0.14001
1 20 1.69227 0.119757 0.0916893
1 21 1.75773 0.185553 0.180357
1 22 1.46607 0.116513 0.111828
1 23 0.970704 0.0818611 0.0520029
1 24 1.0649 0.089129 0.0550842
1 25 22.4231 1.6438 1.63308
2 0 14.2976 0.868583 0.863729
2 1 12.1103 0.680738 0.682432
2 2 10.4625 0.595167 0.592264
2 3 8.92279 0.567449 0.563542
2 4 12.2368 0.899839 0.896495
2 5 10.8764 0.738662 0.735066
2 6 10.5876 0.629927 0.627398
2 7 10.6898 0.661073 0.658639
2 8 12.9966 0.874776 0.877039
2 9 14.2591 0.94053 0.940665
2 10 15.6033 0.928765 0.928871
2 11 17.9031 1.3993 1.4031
2 12 19.277 1.39085 1.38947
2 13 20.7008 1.32462 1.32116
2 14 26.6419 1.88003 1.87002
2 15 31.7588 2.48736 2.475
2 16 42.2378 2.62046 2.61245
2 17 44.5525 2.53674 2.53687
2 18 62.468 3.68238 3.67472
2 19 93.6397 5.76209 5.75295
2 20 0 0.0157525 0
3 0 75.3144 4.9061 4.8966
3 1 60.9651 3.80232 3.79387
3 2 54.073 3.38097 3.37262
3 3 49.8547 3.22884 3.22001
3 4 45.2348 2.9044 2.8958
3 5 43.5957 2.82194 2.81323
3 6 35.8075 2.36892 2.35997
3 7 30.6506 1.81327 1.81817
3 8 25.2569 1.72681 1.71742
3 9 19.3412 1.25696 1.24853
3 10 13.155 0.760689 0.709688
3 11 10.5801 0.592905 0.587206
3 12 10.0504 0.678463 0.678306
3 13 8.25341 0.57743 0.574447
3 14 5.39304 0.354902 0.28647
3 15 4.16555 0.256093 0.253002
3 16 2.60031 0.183097 0.137258
3 17 3.10423 0.205518 0.202244
3 18 1.80606 0.119756 0.0931284
3 19 1.25081 0.0847309 0.0617259
3 20 0.972018 0.0737593 0.0489652
3 21 1.33565 0.105834 0.101878
3 22 1.08366 0.0771932 0.0564918
3 23 0.572152 0.0501655 0.0316841
3 24 0.634538 0.068947 0.0634649
3 25 0.438277 0.0434714 0.0258487
3 26 0.177894 0.0230383 0.00841565
3 27 0.298826 0.0320916 0.0160046
3 28 0.151208 0.017427 0.00497655
3 29 0.136663 0.0213628 0.00783973
3 30 0.639804 0.0507672 0.0295348
