0.03 0
1 0 428.167 99.9663 100.174
1 1 221.95 49.5257 49.6155
1 2 178.116 39.6499 39.6817
1 3 159.656 34.2238 34.2712
1 4 159.289 39.8686 39.9396
1 5 170.938 41.0225 41.0877
1 6 179.631 40.6599 40.7343
1 7 174.044 41.277 41.3078
1 8 170.155 35.5032 35.5317
1 9 190.451 40.5261 40.5576
1 10 215.29 47.1199 47.2041
1 11 235.434 50.2992 50.3319
1 12 241.98 48.6835 48.7394
1 13 276.343 57.8817 57.9651
1 14 305.452 65.9617 66.0918
1 15 298.5 57.3541 57.4211
1 16 322.325 65.904 66.0034
1 17 371.582 83.033 83.2102
1 18 404.746 88.5248 88.6756
1 19 447.106 89.3549 89.5395
1 20 525.962 109.753 109.984
1 21 602.111 125.238 125.504
1 22 615.982 138.698 138.99
1 23 578.463 142.841 143.154
1 24 0.1395 0.070656 0.00389205
2 0 339.823 73.1263 73.2685
2 1 176.913 36.8196 36.8739
2 2 144.255 31.436 31.4439
2 3 121.679 23.6312 23.6483
2 4 123.058 27.7486 27.7846
2 5 136.92 31.7057 31.724
2 6 140.67 30.9346 30.9818
2 7 136.533 28.803 28.8002
2 8 131.491 24.6687 24.664
2 9 151.75 29.217 29.2161
2 10 168.265 33.2784 33.2886
2 11 186.004 36.0885 36.0806
2 12 190.213 35.6379 35.6572
2 13 215.301 40.6029 40.6388
2 14 238.848 47.2797 47.3314
2 15 238.424 43.004 43.033
2 16 256.73 46.3161 46.3633
2 17 293.185 62.5635 62.6935
2 18 317.562 64.1481 64.2385
2 19 341.156 61.7242 61.8472
2 20 400.424 76.635 76.7864
2 21 452.257 88.2916 88.4809
2 22 453.821 94.5524 94.7544
2 23 433.332 103.787 104.015
2 24 0.1395 0.070656 0.00389205
3 0 88.3439 26.9053 26.9059
3 1 45.0367 12.7824 12.7417
3 2 33.8605 8.3791 8.23782
3 3 37.9765 10.6904 10.6229
3 4 36.2318 12.2095 12.155
3 5 34.018 9.41311 9.36367
3 6 38.9607 9.82822 9.75251
3 7 37.5111 12.5458 12.5076
3 8 38.6638 10.908 10.8677
3 9 38.7001 11.408 11.3416
3 10 47.0255 13.9612 13.9154
3 11 49.4296 14.3051 14.2513
3 12 51.7669 13.1392 13.0822
3 13 61.0421 17.3727 17.3263
3 14 66.6031 18.7805 18.7603
3 15 60.0752 14.4429 14.388
3 16 65.5954 19.6616 19.6401
3 17 78.3964 20.5327 20.5167
3 18 87.1845 24.4483 24.4372
3 19 105.95 27.6653 27.6923
3 20 125.538 33.1779 33.1971
3 21 149.853 36.9606 37.0232
3 22 162.161 44.1512 44.2351
3 23 145.131 39.0737 39.1388
3 24 0 0.151737 0
4 0 324.819 78.1354 78.2956
4 1 140.978 31.8912 31.929
4 2 103.198 23.5767 23.5666
4 3 82.6284 17.4086 17.408
4 4 79.7537 20.1175 20.1345
4 5 85.1193 19.8926 19.8964
4 6 87.9383 20.9847 20.9927
4 7 83.0339 20.9198 20.8906
4 8 77.6308 15.8845 15.75
4 9 86.5861 19.6784 19.6547
4 10 96.8384 22.3372 22.3288
4 11 101.188 21.2165 21.1735
4 12 114.401 22.9165 22.78
4 13 133.3 30.1584 30.1694
4 14 150.656 33.2293 33.2699
4 15 141.654 28.6217 28.6229
4 16 153.553 33.1301 33.1448
4 17 186.791 39.9473 39.9649
4 18 199.033 41.4983 41.5396
4 19 234.844 48.3195 48.41
4 20 284.315 63.7161 63.8495
4 21 321.578 71.6975 71.8571
4 22 341.821 79.9549 80.1334
4 23 298.333 76.8347 76.9986
4 24 0.1116 0.0656629 0.00311364
5 0 103.348 21.8957 21.8788
5 1 80.9721 17.715 17.6865
5 2 74.9171 16.1434 16.1151
5 3 77.0272 16.8936 16.8632
5 4 79.5356 19.8391 19.8051
5 5 85.8184 21.3024 21.1913
5 6 91.6927 19.7837 19.7417
5 7 91.0102 20.4312 20.4171
5 8 92.5243 19.7999 19.7816
5 9 103.864 20.9334 20.903
5 10 118.452 24.8964 24.8753
5 11 134.246 29.1686 29.1584
5 12 127.58 25.9595 25.9594
5 13 143.043 27.8131 27.7957
5 14 154.795 32.8078 32.8219
5 15 156.845 28.8277 28.7981
5 16 168.772 32.8461 32.8586
5 17 184.79 43.172 43.2453
5 18 205.713 47.0754 47.136
5 19 212.261 41.0972 41.1295
5 20 241.647 46.0845 46.1341
5 21 280.533 53.5454 53.647
5 22 274.161 58.7449 58.8561
5 23 280.13 66.0117 66.1553
5 24 0.0279 0.0439888 0.000778409
6 0 256.363 56.4257 56.5275
6 1 110.385 23.4384 23.4521
6 2 80.8526 18.1089 18.0824
6 3 61.2524 11.8431 11.8257
6 4 59.2315 15.0734 14.8951
6 5 65.401 14.6752 14.6408
6 6 64.1639 14.6275 14.613
6 7 60.96 13.0341 12.9837
6 8 59.871 11.149 11.0077
6 9 66.5225 13.4853 13.4428
6 10 73.1148 14.9169 14.8677
6 11 79.7474 14.741 14.6784
6 12 88.6785 17.1074 16.9641
6 13 103.075 21.6391 21.625
6 14 112.15 22.2326 22.2155
6 15 110.425 20.9255 20.744
6 16 118 20.4605 20.298
6 17 141.683 27.0044 26.9844
6 18 153.589 30.5486 30.5584
6 19 173.592 30.9824 31.0288
6 20 210.112 42.8878 42.9614
6 21 238.378 50.1109 50.2157
6 22 247.238 52.8792 52.9891
6 23 211.209 52.9307 53.0351
6 24 0.1116 0.0656629 0.00311364
7 0 83.4597 16.773 16.741
7 1 66.5285 13.5907 13.4218
7 2 63.4024 13.4289 13.3615
7 3 60.4268 11.8857 11.8226
7 4 63.8261 12.9578 12.8895
7 5 71.5188 17.204 17.0832
7 6 76.5064 16.4179 16.3688
7 7 75.5729 15.8718 15.8165
7 8 71.6204 13.7073 13.6563
7 9 85.228 15.819 15.7733
7 10 95.15 18.461 18.4209
7 11 106.257 21.4354 21.4022
7 12 101.535 18.7148 18.6931
7 13 112.226 19.052 19.0138
7 14 126.698 25.1244 25.1159
7 15 127.999 22.3324 22.289
7 16 138.73 26.0725 26.0653
7 17 151.503 35.6547 35.7091
7 18 163.973 33.673 33.68
7 19 167.564 30.8157 30.8184
7 20 190.312 33.828 33.8251
7 21 213.88 38.2077 38.2653
7 22 206.583 41.7283 41.7653
7 23 222.123 50.8889 50.98
7 24 0.0279 0.0439888 0.000778409
8 0 68.4556 21.7832 21.768
8 1 30.593 8.52893 8.47694
8 2 22.3459 5.63984 5.48421
8 3 21.3761 5.656 5.58233
8 4 20.5222 5.33781 5.23938
8 5 19.7184 5.34767 5.25558
8 6 23.7743 6.45795 6.37965
8 7 22.0739 7.95823 7.90693
8 8 17.7599 4.87755 4.74232
8 9 20.0636 6.29038 6.21192
8 10 23.7236 7.52273 7.46101
8 11 21.4406 6.56925 6.49513
8 12 25.7222 5.98551 5.81585
8 13 30.225 8.61045 8.54444
8 14 38.5057 11.0944 11.0543
8 15 31.2288 7.94687 7.87892
8 16 35.5535 12.9027 12.8469
8 17 45.1087 13.0344 12.9805
8 18 45.4439 11.028 10.9812
8 19 61.2522 17.3853 17.3812
8 20 74.2028 20.9303 20.8881
8 21 83.2001 21.6575 21.6415
8 22 94.5831 27.114 27.1442
8 23 87.1248 23.9495 23.9635
8 24 0 0.151737 0
9 0 19.8883 5.2063 5.13783
9 1 14.4436 4.36401 4.26472
9 2 11.5146 2.89483 2.75361
9 3 16.6004 5.1393 5.04057
9 4 15.7096 6.98243 6.91558
9 5 14.2997 4.26084 4.1081
9 6 15.1863 3.53286 3.37286
9 7 15.4373 4.69267 4.60063
9 8 20.904 6.19425 6.12536
9 9 18.6365 5.28422 5.12965
9 10 23.3018 6.5346 6.45443
9 11 27.989 7.83354 7.75618
9 12 26.0447 7.33182 7.26632
9 13 30.817 8.85782 8.78186
9 14 28.0974 7.78159 7.70598
9 15 28.8464 6.67463 6.5091
9 16 30.0419 6.96752 6.79326
9 17 33.2877 7.61541 7.53614
9 18 41.7406 13.5095 13.456
9 19 44.6976 10.4521 10.3111
9 20 51.3354 12.3596 12.309
9 21 66.6532 15.4145 15.3818
9 22 67.5781 17.1001 17.0908
9 23 58.0064 15.2225 15.1753
9 24 0 0.151737 0
