0.03 0
1 0 226.339 15.5502 15.5319
1 1 75.8491 4.67625 4.66761
1 2 63.6415 4.17169 4.16237
1 3 51.9852 3.22627 3.21808
1 4 44.1268 3.03262 3.02284
1 5 33.392 2.17288 2.1788
1 6 24.044 1.61038 1.60138
1 7 21.5696 1.34043 1.34175
1 8 18.5026 1.26001 1.25079
1 9 13.9803 0.947561 0.947714
1 10 10.3309 0.622181 0.616556
1 11 6.2171 0.385252 0.381683
1 12 6.33333 0.380707 0.376221
1 13 5.66408 0.41936 0.415667
1 14 4.25655 0.285737 0.282155
1 15 3.64311 0.256303 0.209732
1 16 2.7239 0.200674 0.197354
1 17 1.76686 0.1452 0.140737
1 18 16.6713 0.980556 0.976047
2 0 113.936 7.63353 7.62225
2 1 64.7466 4.25254 4.24316
2 2 56.6556 3.7189 3.72891
2 3 54.6258 3.50909 3.5003
2 4 49.5803 3.39667 3.38685
2 5 41.929 2.75257 2.76006
2 6 33.3344 2.12664 2.11832
2 7 30.9524 1.92468 1.92303
2 8 25.8699 1.63581 1.64025
2 9 23.392 1.47178 1.47573
2 10 17.3136 1.08755 1.0797
2 11 14.2179 0.859155 0.851918
2 12 13.3309 0.869106 0.871354
2 13 11.4032 0.913556 0.908783
2 14 7.33335 0.416504 0.410244
2 15 8.53043 0.616329 0.610646
2 16 7.13122 0.410473 0.404191
2 17 5.04983 0.4479 0.446286
2 18 51.705 3.54723 3.53735
