0.03 0
1 0 216.336 44.6776 44.7531
1 1 175.137 38.0215 38.0387
1 2 160.313 33.4035 33.4223
1 3 153.491 32.6974 32.706
1 4 157.69 32.8284 32.8644
1 5 163.358 37.0646 37.1302
1 6 148.664 30.2754 30.2833
1 7 162.745 36.1495 36.1741
1 8 191.833 41.7381 41.758
1 9 208.667 46.3504 46.3828
1 10 231.278 52.0259 52.1009
1 11 256.087 60.2952 60.3828
1 12 284.594 62.6806 62.7812
1 13 316.519 65.4842 65.6122
1 14 373.437 78.8053 78.9709
1 15 473.003 108.182 108.427
1 16 591.584 122.129 122.377
1 17 700.883 138.568 138.836
1 18 940.266 187.679 188.006
1 19 1428.42 294.31 294.675
1 20 0 0.151737 0
2 0 159.911 30.7177 30.7183
2 1 137.596 28.7547 28.7454
2 2 124.863 24.4536 24.4454
2 3 120.023 23.2611 23.2439
2 4 125.718 24.9908 25.0007
2 5 127.367 25.4821 25.515
2 6 115.105 21.3889 21.3553
2 7 132.776 28.155 28.1567
2 8 151.405 31.2951 31.2845
2 9 160.318 31.7978 31.7945
2 10 179.762 38.9637 39.003
2 11 205.061 46.4559 46.5049
2 12 229.23 48.0042 48.0658
2 13 255.063 49.4358 49.5224
2 14 293.714 59.5531 59.6714
2 15 387.122 86.047 86.2403
2 16 463.155 89.9581 90.1402
2 17 540.386 98.7428 98.9306
2 18 726.215 131.621 131.868
2 19 1064.72 195.707 195.997
2 20 0 0.151737 0
3 0 56.4251 14.0947 14.0348
3 1 37.5412 9.37469 9.29334
3 2 35.4495 9.02292 8.97693
3 3 33.4671 9.52511 9.46212
3 4 31.972 7.93455 7.86367
3 5 35.9914 11.6705 11.6152
3 6 33.5595 8.99088 8.92797
3 7 29.9697 8.07924 8.01743
3 8 40.428 10.5289 10.4734
3 9 48.3494 14.6337 14.5883
3 10 51.5158 13.1292 13.0979
3 11 51.0255 13.9074 13.8779
3 12 55.3637 14.7436 14.7153
3 13 61.456 16.12 16.0898
3 14 79.7231 19.3367 19.2995
3 15 85.8813 22.1925 22.1862
3 16 128.429 32.2243 32.2364
3 17 160.497 39.8617 39.9051
3 18 214.051 56.0192 56.1375
3 19 363.697 98.4476 98.6776
3 20 0 0.151737 0
4 0 104.147 22.1941 22.2141
4 1 82.863 20.413 20.3697
4 2 78.1564 16.3793 16.3476
4 3 76.544 18.574 18.5483
4 4 78.8426 17.0115 17.0058
4 5 76.8656 19.63 19.6378
4 6 69.9892 15.826 15.7721
4 7 76.2036 18.8189 18.796
4 8 101.683 23.9226 23.8966
4 9 105.94 24.5212 24.4992
4 10 118.447 28.8342 28.8447
4 11 135.679 35.1528 35.1735
4 12 162.377 35.7477 35.7788
4 13 185.792 40.6992 40.7612
4 14 240.023 52.5447 52.6503
4 15 321.777 73.4485 73.6046
4 16 418.881 88.1642 88.3514
4 17 512.786 102.948 103.159
4 18 736.809 151.724 152.018
4 19 1153.46 234.97 235.327
4 20 0 0.151737 0
5 0 112.189 22.5749 22.5391
5 1 92.2743 17.8195 17.6691
5 2 82.1563 17.2122 17.0747
5 3 76.9466 14.224 14.1578
5 4 78.8478 15.8699 15.8586
5 5 86.4926 17.4864 17.4925
5 6 78.675 14.5625 14.5111
5 7 86.5417 17.4169 17.3782
5 8 90.1508 17.8991 17.8614
5 9 102.727 21.9088 21.8836
5 10 112.831 23.3537 23.2563
5 11 120.408 25.2028 25.2093
5 12 122.216 27.0145 27.0024
5 13 130.728 24.8291 24.8509
5 14 133.414 26.321 26.3206
5 15 151.227 34.8069 34.8219
5 16 172.704 33.9994 34.0252
5 17 188.097 35.6536 35.6766
5 18 203.457 35.9245 35.9879
5 19 274.96 59.281 59.3477
5 20 0 0.151737 0
6 0 71.7155 14.106 14.0688
6 1 59.8583 14.4928 14.4312
6 2 58.1728 11.224 11.1569
6 3 54.259 11.7549 11.7082
6 4 58.6783 11.7835 11.7569
6 5 57.3608 12.4138 12.4012
6 6 49.9712 10.049 9.87746
6 7 61.0905 14.7549 14.7195
6 8 76.3253 16.7658 16.7183
6 9 76.499 15.5253 15.4764
6 10 86.1567 20.1408 20.1254
6 11 104.647 25.6185 25.6111
6 12 127.332 26.3626 26.3666
6 13 148.866 30.5018 30.535
6 14 188.098 39.4807 39.551
6 15 261.198 57.5632 57.6781
6 16 328.823 65.347 65.48
6 17 391.34 71.6622 71.7972
6 18 563.057 103.817 104.018
6 19 859.557 157.45 157.72
6 20 0 0.151737 0
7 0 88.1952 16.6998 16.6495
7 1 77.7377 14.4752 14.3143
7 2 66.6904 13.4324 13.2885
7 3 65.7645 11.6068 11.5356
7 4 67.0401 13.2845 13.2439
7 5 70.0061 13.1208 13.1138
7 6 65.1334 11.552 11.4778
7 7 71.6851 13.578 13.4372
7 8 75.08 14.6138 14.5662
7 9 83.8188 16.3558 16.318
7 10 93.6051 18.9884 18.8776
7 11 100.414 20.8998 20.8938
7 12 101.898 21.7271 21.6992
7 13 106.197 18.981 18.9873
7 14 105.616 20.1366 20.1204
7 15 125.924 28.5597 28.5622
7 16 134.332 24.6614 24.6602
7 17 149.046 27.1332 27.1334
7 18 163.158 27.9835 27.8501
7 19 205.165 38.2684 38.2775
7 20 0 0.151737 0
8 0 32.4316 8.32586 8.14522
8 1 23.0047 6.02373 5.93853
8 2 19.9836 5.25857 5.19074
8 3 22.285 6.90601 6.84001
8 4 20.1643 5.33783 5.24893
8 5 19.5048 7.31242 7.23655
8 6 20.018 5.98337 5.89466
8 7 15.1131 4.16146 4.07645
8 8 25.3572 7.25621 7.17828
8 9 29.4413 9.08021 9.02273
8 10 32.29 8.78072 8.71924
8 11 31.0321 9.60563 9.56243
8 12 35.0451 9.45395 9.41217
8 13 36.9251 10.2696 10.2262
8 14 51.9251 13.2504 13.0993
8 15 60.5784 15.9519 15.9265
8 16 90.0576 22.8821 22.8714
8 17 121.446 31.3433 31.3619
8 18 173.752 47.9092 47.9997
8 19 293.903 77.4308 77.6074
8 20 0 0.151737 0
9 0 23.9934 5.97071 5.88957
9 1 14.5366 3.51311 3.35481
9 2 15.4658 3.9186 3.78619
9 3 11.1821 2.72683 2.62211
9 4 11.8077 2.77841 2.61475
9 5 16.4865 4.45066 4.37866
9 6 13.5416 3.18057 3.03331
9 7 14.8566 4.03531 3.94098
9 8 15.0708 3.46949 3.29516
9 9 18.9082 5.66003 5.56554
9 10 19.2259 4.53465 4.37867
9 11 19.9934 4.47275 4.31549
9 12 20.3187 5.37534 5.30316
9 13 24.5308 5.94489 5.86363
9 14 27.798 6.30165 6.20018
9 15 25.3028 6.33117 6.2597
9 16 38.3718 9.42628 9.365
9 17 39.0513 8.60825 8.54321
9 18 40.2988 8.18617 8.13776
9 19 69.7947 21.2187 21.0702
9 20 0 0.151737 0
