0 0
1 0 10.2204 5.82746 5.72104
1 1 94.3111 26.2161 26.1957
1 2 328.245 89.0705 89.2355
1 3 658.104 187.231 187.636
1 4 898.78 236.049 236.501
1 5 953.161 252.139 252.631
1 6 891.315 229.542 229.974
1 7 774.195 213.565 214.013
1 8 603.889 152.948 153.248
1 9 518.767 135.415 135.699
1 10 416.944 107.828 108.051
1 11 320.557 81.2454 81.4288
1 12 247.846 66.6244 66.7697
1 13 188.63 50.7857 50.8508
1 14 140.533 35.9503 35.9488
1 15 101.55 26.5552 26.4693
1 16 75.1969 19.7419 19.6985
1 17 65.9351 17.1227 17.0185
1 18 48.543 12.3719 12.2845
1 19 33.3763 8.59353 8.45307
1 20 156.629 42.8517 42.8857
2 0 2.18794 0.708882 0.558515
2 1 31.2558 8.80982 8.68049
2 2 109.189 27.6463 27.5589
2 3 251.926 71.5016 71.6161
2 4 335.814 83.6111 83.6806
2 5 346.023 93.4 93.591
2 6 340.832 85.8192 85.9412
2 7 293.451 73.569 73.7088
2 8 224.84 55.9956 55.9898
2 9 191.474 46.8738 46.8323
2 10 147.728 36.701 36.6348
2 11 115.987 28.7376 28.6734
2 12 90.9862 24.3125 24.263
2 13 65.6309 17.0472 16.9237
2 14 41.5979 10.228 10.0874
2 15 33.3432 9.20174 9.0864
2 16 23.955 5.92424 5.77701
2 17 19.8909 5.14952 5.02061
2 18 13.435 3.70153 3.55147
2 19 10.5612 2.75933 2.60177
2 20 26.3296 6.50058 6.35628
3 0 8.03246 5.27532 5.16252
3 1 63.0553 17.5867 17.5153
3 2 219.057 61.5834 61.6766
3 3 406.178 115.77 116.02
3 4 562.966 152.505 152.821
3 5 607.138 158.717 159.04
3 6 550.482 143.744 144.033
3 7 480.744 140.016 140.305
3 8 379.049 97.0768 97.2581
3 9 327.293 88.6889 88.867
3 10 269.216 71.3001 71.4158
3 11 204.57 52.6462 52.7553
3 12 156.86 42.4328 42.5067
3 13 123 33.9099 33.9271
3 14 98.9351 25.8889 25.8614
3 15 68.2066 17.502 17.3829
3 16 51.2419 13.9875 13.9215
3 17 46.0442 12.1138 11.9979
3 18 35.108 8.8293 8.73303
3 19 22.8151 5.99223 5.8513
3 20 130.299 36.5285 36.5294
4 0 10.0237 5.78921 5.68234
4 1 88.1697 24.5303 24.5048
4 2 243.073 65.2975 65.4007
4 3 349.319 100.337 100.534
4 4 378.194 100.901 101.091
4 5 346.706 93.0295 93.185
4 6 293.218 73.785 73.9068
4 7 230.356 59.4566 59.5379
4 8 170.976 42.5026 42.438
4 9 144.849 37.647 37.6545
4 10 115.096 30.0396 29.9686
4 11 86.2416 21.783 21.7652
4 12 61.4743 16.2975 16.2281
4 13 48.4637 13.1895 13.139
4 14 37.2793 9.63404 9.5037
4 15 25.5523 6.47521 6.32254
4 16 15.5289 3.85125 3.69902
4 17 12.8143 3.53288 3.39111
4 18 13.5801 3.48751 3.38443
4 19 8.91911 2.39862 2.25736
4 20 40.2071 11.5125 11.4346
5 0 0.196715 0.160946 0.0386969
5 1 6.14143 1.83954 1.6909
5 2 85.1724 23.8831 23.8348
5 3 308.785 87.0164 87.1022
5 4 520.586 135.146 135.41
5 5 606.455 159.107 159.446
5 6 598.097 155.755 156.067
5 7 543.839 154.136 154.475
5 8 432.913 110.591 110.81
5 9 373.917 97.9269 98.0448
5 10 301.848 77.9325 78.082
5 11 234.316 59.6742 59.6636
5 12 186.371 50.4629 50.5415
5 13 140.167 37.6842 37.7118
5 14 103.254 26.4904 26.4451
5 15 75.9976 20.2373 20.1468
5 16 59.668 16.0594 15.9995
5 17 53.1208 13.7381 13.6274
5 18 34.9628 9.05055 8.90006
5 19 24.4572 6.33926 6.19571
5 20 116.422 31.4467 31.4511
6 0 2.18794 0.708882 0.558515
6 1 28.9329 8.18621 8.05846
6 2 82.5309 20.9858 20.8777
6 3 134.266 42.2588 42.2905
6 4 138.889 35.2599 35.1892
6 5 120.015 34.9119 34.8349
6 6 113.299 28.2734 28.2395
6 7 86.5238 22.5424 22.5091
6 8 61.4141 15.1443 15.0204
6 9 45.6833 10.737 10.5833
6 10 39.3805 10.1501 10.0142
6 11 26.0259 6.49345 6.35281
6 12 21.0253 5.48434 5.34054
6 13 17.234 4.57341 4.42536
6 14 10.7383 2.76641 2.61084
6 15 8.51584 2.38635 2.23933
6 16 4.74383 1.26294 1.11033
6 17 3.46795 1.07573 0.925552
6 18 3.01052 0.880348 0.732924
6 19 2.22365 0.729923 0.578136
6 20 5.64578 1.55886 1.40427
7 0 0 0.151737 0
7 1 2.32293 0.775879 0.622028
7 2 26.6576 6.82118 6.68118
7 3 117.66 29.4053 29.3256
7 4 196.925 48.5116 48.4914
7 5 226.008 58.6852 58.7561
7 6 227.534 57.7095 57.7017
7 7 206.927 51.2134 51.1996
7 8 163.426 41.0085 40.9694
7 9 145.791 36.3025 36.2491
7 10 108.347 26.712 26.6206
7 11 89.9609 22.4007 22.3206
7 12 69.9609 18.9866 18.9224
7 13 48.3969 12.6204 12.4984
7 14 30.8596 7.62072 7.47656
7 15 24.8274 6.9686 6.84707
7 16 19.2112 4.82088 4.66669
7 17 16.4229 4.22685 4.09506
7 18 10.4244 2.97104 2.81855
7 19 8.33755 2.17947 2.02363
7 20 20.6838 5.10048 4.95201
8 0 7.83574 5.23743 5.12383
8 1 59.2368 16.5211 16.4464
8 2 160.542 44.4888 44.523
8 3 215.053 58.16 58.2437
8 4 239.305 65.812 65.9016
8 5 226.691 58.2782 58.3501
8 6 179.919 45.7014 45.6673
8 7 143.832 37.0107 37.0287
8 8 109.562 27.5195 27.4176
8 9 99.166 27.0938 27.0713
8 10 75.7157 20.0516 19.9544
8 11 60.2156 15.4594 15.4124
8 12 40.4491 10.9695 10.8876
8 13 31.2296 8.77664 8.71368
8 14 26.541 7.02411 6.89286
8 15 17.0364 4.24106 4.08321
8 16 10.785 2.74288 2.58869
8 17 9.34637 2.60727 2.46555
8 18 10.5696 2.75703 2.65151
8 19 6.69545 1.82208 1.67922
8 20 34.5614 10.1087 10.0303
9 0 0.196715 0.160946 0.0386969
9 1 3.8185 1.21724 1.06887
9 2 58.5148 17.2204 17.1536
9 3 191.125 57.7713 57.7766
9 4 323.661 86.7673 86.919
9 5 380.448 100.564 100.689
9 6 370.563 98.1777 98.3652
9 7 336.913 103.083 103.276
9 8 269.487 69.7229 69.8405
9 9 228.127 61.7691 61.7957
9 10 193.5 51.3974 51.4614
9 11 144.355 37.4091 37.3429
9 12 116.411 31.5933 31.6191
9 13 91.7699 25.2335 25.2134
9 14 72.3942 19.0411 18.9686
9 15 51.1702 13.4233 13.2997
9 16 40.4569 11.4032 11.3328
9 17 36.6979 9.65222 9.53237
9 18 24.5384 6.23668 6.08152
9 19 16.1197 4.31153 4.17208
9 20 95.7379 26.5267 26.4991
