0 0
1 0 0 0.0290603 0
1 1 10.7222 0.756577 0.746837
1 2 52.0117 4.09635 4.0835
1 3 54.187 3.78042 3.77017
1 4 38.8062 2.4424 2.43423
1 5 24.4475 1.30554 1.29975
1 6 16.9937 0.973027 0.97572
1 7 11.7834 0.719148 0.717508
1 8 8.41469 0.688125 0.619321
1 9 5.04991 0.360942 0.359085
1 10 3.72509 0.280352 0.278945
1 11 1.8375 0.18545 0.135727
1 12 2.0121 0.184356 0.181841
1 13 1.6294 0.163275 0.117897
1 14 0.822846 0.0855313 0.0439491
1 15 0.401684 0.058912 0.0215162
1 16 0.447982 0.0698656 0.0304138
1 17 0.0255004 0.011081 0.000325135
1 18 0.640198 0.293314 0.22987
1 19 0.224119 0.039552 0.0120034
1 20 0.0747065 0.0254797 0.00400115
1 21 0.0619563 0.0249033 0.00383858
1 22 0.136663 0.032193 0.00783973
1 23 0.0255004 0.0105939 0.000325135
1 24 0.0747065 0.0254797 0.00400115
1 25 0.137977 0.0277136 0.00480197
2 0 0 0.0290603 0
2 1 0.246416 0.0447763 0.0168059
2 2 6.94253 0.350297 0.345329
2 3 24.7873 1.79781 1.78728
2 4 35.2941 2.16887 2.16111
2 5 30.9378 1.70743 1.70118
2 6 27.4073 1.5473 1.54082
2 7 20.9318 1.40811 1.40854
2 8 15.3459 0.950435 0.9504
2 9 11.493 0.730675 0.679593
2 10 9.26801 0.642425 0.573545
2 11 6.20447 0.533129 0.53179
2 12 4.41922 0.393028 0.341648
2 13 3.05842 0.260575 0.209774
2 14 3.60727 0.415654 0.364074
2 15 1.4413 0.152051 0.150076
2 16 0.901349 0.136295 0.0910814
2 17 0.50262 0.0722627 0.0298605
2 18 0.256652 0.0374016 0.00930839
2 19 0.24914 0.0486567 0.0123166
2 20 0.0520759 0.0133244 0.000678842
2 21 0.153983 0.0488224 0.0168329
2 22 0 0.0290603 0
2 23 0.0905242 0.0267182 0.00425135
2 24 0.0127502 0.00857964 0.000162567
2 25 0.45161 0.0531513 0.0240986
3 0 0 0.0290603 0
3 1 2.89151 0.318835 0.297636
3 2 14.3081 1.28478 1.26899
3 3 14.856 1.21818 1.20497
3 4 11.8672 0.825518 0.816019
3 5 9.56451 0.709139 0.698443
3 6 6.49622 0.429358 0.420942
3 7 4.4782 0.347796 0.348698
3 8 2.75815 0.259797 0.192891
3 9 2.21317 0.158867 0.156342
3 10 1.7528 0.154594 0.105584
3 11 0.915485 0.0973507 0.0515477
3 12 0.582392 0.0963618 0.0505043
3 13 0.456203 0.0655829 0.02697
3 14 0.543287 0.0782023 0.0348564
3 15 0.236389 0.0457748 0.012154
3 16 0.162163 0.0337767 0.00816487
3 17 0.190075 0.034666 0.00966083
3 18 0.0869763 0.026513 0.0041517
3 19 0.136663 0.032193 0.00783973
3 20 0.148452 0.0321859 0.00797826
3 21 0.123913 0.0310272 0.00767716
3 22 0.0122699 0.00840066 0.000150549
3 23 0 0.0290603 0
3 24 0.0127502 0.00857964 0.000162567
3 25 0.231406 0.0393892 0.0129595
4 0 0 0.0290603 0
4 1 0.0619563 0.0249033 0.00383858
4 2 3.7231 0.522616 0.520159
4 3 5.2128 0.369936 0.360364
4 4 8.22943 0.499299 0.492122
4 5 6.72477 0.466998 0.457714
4 6 6.75053 0.395353 0.393627
4 7 5.7099 0.434942 0.43331
4 8 4.92206 0.405355 0.403617
4 9 3.43292 0.246848 0.244622
4 10 2.65581 0.227493 0.161075
4 11 1.65536 0.121765 0.119817
4 12 1.89855 0.187377 0.137611
4 13 1.0311 0.0788602 0.0789504
4 14 0.843329 0.110604 0.0638536
4 15 0.497817 0.0853308 0.0502624
4 16 0.434165 0.0758941 0.037584
4 17 0.666494 0.0905144 0.0883575
4 18 0.311526 0.0512517 0.0440974
4 19 0.223639 0.0394821 0.0119914
4 20 0.149413 0.033618 0.0080023
4 21 0.112957 0.0258249 0.00448885
4 22 0 0.0290603 0
4 23 0.247825 0.0412462 0.0153543
4 24 0.0619563 0.0249033 0.00383858
4 25 0.812201 0.0710723 0.0687973
