0 0
1 0 191.966 49.9918 50.0266
1 1 155.69 43.1913 43.1058
1 2 145.187 37.5508 37.477
1 3 131.264 32.8643 32.7802
1 4 133.205 32.6963 32.6803
1 5 131.783 35.6627 35.6665
1 6 124.773 30.5042 30.4002
1 7 140.646 39.2072 39.1332
1 8 154.847 38.5875 38.5165
1 9 180.074 47.34 47.2994
1 10 192.912 53.6546 53.6286
1 11 215.37 58.6995 58.6879
1 12 240.6 61.5219 61.4903
1 13 270.454 65.8305 65.9079
1 14 323.84 83.1724 83.297
1 15 405.861 111.745 111.955
1 16 520.171 130.937 131.174
1 17 626.538 154.09 154.37
1 18 834.78 210.245 210.637
1 19 1300.51 339.439 339.994
1 20 0 0.218376 0
2 0 147.12 36.4018 36.3966
2 1 123.901 33.9531 33.8391
2 2 114.822 28.3966 28.295
2 3 107.627 26.2275 26.1229
2 4 108.362 25.2713 25.2321
2 5 104.223 24.4717 24.4422
2 6 98.9193 22.8502 22.6789
2 7 117.125 31.9725 31.8766
2 8 124.393 29.303 29.2044
2 9 143.768 34.3085 34.2288
2 10 156.859 43.0581 43.0009
2 11 175.538 46.5778 46.5312
2 12 199.093 49.3373 49.2695
2 13 223.255 52.4887 52.5288
2 14 250.81 60.4899 60.5533
2 15 339.83 91.3079 91.4654
2 16 418.362 100.554 100.718
2 17 494.049 114.779 114.974
2 18 657.021 151.192 151.466
2 19 983.282 230.516 230.908
2 20 0 0.218376 0
3 0 44.8455 13.8234 13.63
3 1 31.7895 9.45842 9.26678
3 2 30.3657 9.31799 9.182
3 3 23.6374 6.82801 6.65721
3 4 24.8431 7.65322 7.44814
3 5 27.5597 11.3553 11.2243
3 6 25.854 7.85665 7.72135
3 7 23.5206 7.43598 7.25658
3 8 30.4541 9.44761 9.31217
3 9 36.3065 13.1949 13.0706
3 10 36.0534 10.7588 10.6277
3 11 39.8321 12.2787 12.1567
3 12 41.507 12.3521 12.2208
3 13 47.1988 13.5124 13.3791
3 14 73.0294 22.8551 22.7437
3 15 66.0314 20.5894 20.4893
3 16 101.81 30.5416 30.4567
3 17 132.489 39.4509 39.3964
3 18 177.759 59.0986 59.1714
3 19 317.228 108.885 109.086
3 20 0 0.218376 0
4 0 70.773 18.2287 18.18
4 1 60.3052 19.2579 19.1097
4 2 54.5961 13.6532 13.5053
4 3 47.324 12.9521 12.8055
4 4 55.7753 14.992 14.859
4 5 48.8253 16.1921 16.1357
4 6 44.8379 12.3492 12.1753
4 7 49.5008 16.2866 16.1599
4 8 58.6494 14.863 14.7189
4 9 71.2771 19.182 19.0655
4 10 69.6063 20.6504 20.5347
4 11 85.3874 21.8078 21.6964
4 12 109.501 28.5667 28.4654
4 13 119.118 30.1525 30.1248
4 14 157.01 41.4711 41.485
4 15 209.127 55.818 55.8692
4 16 272.402 66.7445 66.8277
4 17 361.476 91.2419 91.3961
4 18 506.769 129.683 129.918
4 19 813.033 210.575 210.978
4 20 0 0.218376 0
5 0 121.193 31.9467 31.8467
5 1 95.3852 24.1073 23.9961
5 2 90.5912 24.0761 23.9717
5 3 83.9401 20.1311 19.9747
5 4 77.4295 17.8715 17.8213
5 5 82.9578 19.5824 19.5308
5 6 79.9354 18.3665 18.225
5 7 91.1451 23.0842 22.9732
5 8 96.1974 23.8867 23.7977
5 9 108.797 28.3152 28.2338
5 10 123.306 33.1606 33.0939
5 11 129.982 37.0668 36.9914
5 12 131.099 33.098 33.0249
5 13 151.336 35.7861 35.7832
5 14 166.83 41.8047 41.812
5 15 196.734 56.1086 56.0855
5 16 247.769 64.2689 64.3467
5 17 265.062 62.9045 62.9743
5 18 328.011 80.5924 80.7191
5 19 487.476 128.779 129.016
5 20 0 0.218376 0
6 0 51.1082 12.3096 12.2355
6 1 42.2288 13.8832 13.7177
6 2 40.9063 9.46394 9.25822
6 3 36.8239 10.2451 10.0897
6 4 42.796 10.9333 10.8059
6 5 36.8845 9.65627 9.58008
6 6 34.6576 9.18278 8.99893
6 7 42.1167 14.1941 14.0608
6 8 44.5258 10.2698 10.1115
6 9 54.3449 13.6 13.4662
6 10 53.4664 16.0433 15.9131
6 11 65.5396 15.1548 15.0229
6 12 87.9217 21.6879 21.5796
6 13 99.1288 24.2847 24.2395
6 14 121.204 30.0912 30.0713
6 15 177.783 46.1943 46.2178
6 16 221.359 51.2411 51.2817
6 17 283.38 67.1481 67.2387
6 18 393.592 90.383 90.5208
6 19 613.949 143.404 143.68
6 20 0 0.218376 0
7 0 96.0118 24.2681 24.1611
7 1 81.6721 20.2444 20.1214
7 2 73.9153 19.1564 19.0367
7 3 70.8028 16.202 16.0333
7 4 65.5657 14.4924 14.4262
7 5 67.3389 14.928 14.8621
7 6 64.2617 13.8796 13.6799
7 7 75.0086 17.9426 17.8158
7 8 79.8669 19.1963 19.0929
7 9 89.4228 20.8664 20.7625
7 10 103.393 27.1726 27.0878
7 11 109.998 31.6005 31.5083
7 12 111.172 27.7796 27.69
7 13 124.126 28.3146 28.2894
7 14 129.607 30.5053 30.4819
7 15 162.047 45.3032 45.2476
7 16 197.002 49.4001 49.436
7 17 210.669 47.7079 47.7352
7 18 263.429 60.8713 60.9449
7 19 369.333 87.0973 87.2283
7 20 0 0.218376 0
8 0 19.6648 6.12574 5.94448
8 1 18.0764 5.6176 5.39203
8 2 13.6898 4.42817 4.24705
8 3 10.5001 2.88809 2.71578
8 4 12.9792 4.24283 4.05311
8 5 11.9408 6.72498 6.55557
8 6 10.1803 3.38022 3.17632
8 7 7.38418 2.2963 2.09917
8 8 14.1236 4.78781 4.60736
8 9 16.9322 5.77017 5.59928
8 10 16.1399 4.79898 4.62166
8 11 19.8478 6.87293 6.67358
8 12 21.5793 7.02425 6.88589
8 13 19.9892 6.07409 5.88531
8 14 35.8061 11.5531 11.4136
8 15 31.3445 9.82312 9.6514
8 16 51.0427 15.6776 15.5461
8 17 78.096 24.2585 24.1573
8 18 113.176 39.4831 39.3972
8 19 199.084 67.2176 67.2987
8 20 0 0.218376 0
9 0 25.1807 7.8825 7.68555
9 1 13.7131 4.05428 3.87475
9 2 16.6759 5.07424 4.93495
9 3 13.1374 4.11326 3.94143
9 4 11.8639 3.59004 3.39504
9 5 15.6189 4.81207 4.66872
9 6 15.6737 4.68672 4.54503
9 7 16.1364 5.37072 5.15741
9 8 16.3305 4.85473 4.70481
9 9 19.3743 7.65186 7.4713
9 10 19.9136 6.18932 6.00608
9 11 19.9843 5.65505 5.48314
9 12 19.9277 5.48776 5.33486
9 13 27.2095 7.63996 7.49379
9 14 37.2233 11.4683 11.3301
9 15 34.6869 10.9615 10.8379
9 16 50.7671 15.0229 14.9106
9 17 54.3931 15.3552 15.2391
9 18 64.5829 19.827 19.7742
9 19 118.143 41.7766 41.7875
9 20 0 0.218376 0
