0 0
1 0 340.552 69.5519 69.6894
1 1 343.494 77.6328 77.7988
1 2 332.415 65.3176 65.448
1 3 335.645 69.7298 69.8702
1 4 266.289 52.2255 52.3246
1 5 276.027 60.6328 60.7158
1 6 281.961 63.9223 64.0506
1 7 274.757 57.9856 58.0646
1 8 301.217 61.0408 61.1575
1 9 295.493 60.1194 60.2336
1 10 323.484 71.6012 71.7079
1 11 298.52 63.2131 63.3416
1 12 308.686 60.4933 60.6128
1 13 321.211 69.4601 69.6172
1 14 330.192 68.704 68.84
1 15 299.642 60.4821 60.6118
1 16 294.859 67.2016 67.3019
1 17 275.558 63.1634 63.2973
1 18 278.68 60.0263 60.1529
1 19 283.86 59.499 59.6173
1 20 317.763 64.2595 64.3394
1 21 315.321 64.1076 64.237
1 22 324.088 65.3173 65.4524
1 23 314.591 67.0511 67.1982
1 24 0 0.151737 0
2 0 259.789 49.2284 49.2781
2 1 272.067 61.2288 61.3539
2 2 265.765 50.3004 50.3497
2 3 263.076 51.0859 51.179
2 4 214.013 39.8131 39.8797
2 5 212.052 41.877 41.908
2 6 214.574 42.8724 42.9424
2 7 213.558 41.3059 41.3399
2 8 237.2 45.3317 45.4072
2 9 234.452 45.2261 45.3028
2 10 253.499 53.2126 53.2713
2 11 228.066 42.2931 42.3666
2 12 237.308 42.9337 43.0077
2 13 246.076 49.7716 49.8778
2 14 256.101 49.0144 49.0987
2 15 237.887 45.1725 45.2627
2 16 219.277 44.9841 45.0252
2 17 209.407 43.5852 43.6669
2 18 210.31 40.5559 40.6292
2 19 219.246 42.8803 42.9558
2 20 244.92 45.666 45.697
2 21 255.064 50.0149 50.1084
2 22 255.661 47.7018 47.7921
2 23 240.143 48.4564 48.5038
2 24 0 0.151737 0
3 0 80.7636 20.4254 20.4113
3 1 71.4268 16.4465 16.4449
3 2 66.6498 15.2721 15.0983
3 3 72.569 18.7129 18.6911
3 4 52.2765 12.4852 12.4449
3 5 63.9751 18.8287 18.8078
3 6 67.3871 21.1535 21.1082
3 7 61.1993 16.7705 16.7247
3 8 64.0167 15.7573 15.7503
3 9 61.0407 14.9775 14.9308
3 10 69.9851 18.4855 18.4366
3 11 70.4543 20.9889 20.975
3 12 71.3776 17.6506 17.605
3 13 75.1357 19.7227 19.7393
3 14 74.0909 19.7614 19.7413
3 15 61.7546 15.3801 15.3491
3 16 75.5815 22.2895 22.2768
3 17 66.1511 19.6495 19.6304
3 18 68.3692 19.5613 19.5236
3 19 64.6141 16.6868 16.6616
3 20 72.8424 18.685 18.6424
3 21 60.2566 14.1681 14.1286
3 22 68.4271 17.6873 17.6602
3 23 74.4483 18.6909 18.6944
3 24 0 0.151737 0
4 0 218.681 44.593 44.6746
4 1 222.949 46.2551 46.3452
4 2 224.818 44.8525 44.9406
4 3 228.634 48.8501 48.9401
4 4 177.703 35.7566 35.8169
4 5 186.051 40.7719 40.8006
4 6 197.873 47.4142 47.5036
4 7 176.201 38.6535 38.6827
4 8 197.293 40.8154 40.8837
4 9 195.357 39.4057 39.4674
4 10 203.425 46.6151 46.671
4 11 185.554 40.8114 40.8799
4 12 186.478 36.208 36.224
4 13 200.207 43.728 43.806
4 14 215.11 47.2594 47.3461
4 15 203.106 41.9739 42.0093
4 16 195.757 47.6549 47.7077
4 17 190.297 46.0009 46.0904
4 18 198.082 44.3667 44.4522
4 19 188.781 41.3608 41.4377
4 20 222.313 46.9511 46.9873
4 21 214.7 45.2062 45.2832
4 22 213.321 44.6132 44.6911
4 23 194.574 41.0428 41.1147
4 24 0 0.151737 0
5 0 121.871 25.035 25.0148
5 1 120.545 31.4122 31.4536
5 2 107.597 20.5271 20.5074
5 3 107.011 20.9401 20.9301
5 4 88.5863 16.5094 16.5077
5 5 89.9759 19.9441 19.9152
5 6 84.088 16.5721 16.547
5 7 98.556 19.4185 19.3819
5 8 103.924 20.3201 20.2738
5 9 100.136 20.7551 20.7662
5 10 120.059 25.0614 25.0368
5 11 112.967 22.5662 22.4617
5 12 122.208 24.3955 24.3887
5 13 121.005 25.8314 25.8112
5 14 115.083 21.6652 21.494
5 15 96.5357 18.6198 18.6026
5 16 99.1024 19.6366 19.5942
5 17 85.2608 17.3771 17.207
5 18 80.5975 15.7278 15.7007
5 19 95.0798 18.2113 18.1796
5 20 95.45 17.3838 17.3521
5 21 100.621 18.9811 18.9537
5 22 110.767 20.7934 20.7612
5 23 120.017 26.0825 26.0835
5 24 0 0.151737 0
6 0 161.883 30.0986 30.1061
6 1 173.611 34.8916 34.9508
6 2 176.089 33.5031 33.52
6 3 176.684 35.2122 35.2649
6 4 139.64 26.2982 26.3353
6 5 141.497 28.7452 28.7422
6 6 147.843 30.4701 30.5114
6 7 135.033 26.5851 26.5795
6 8 152.196 29.4833 29.52
6 9 154.333 30.3473 30.3761
6 10 156.262 33.6875 33.7071
6 11 138.289 25.0678 25.055
6 12 139.227 24.3526 24.1403
6 13 155.138 32.7907 32.8391
6 14 161.567 32.3562 32.4013
6 15 158.295 30.4873 30.4905
6 16 141.386 30.7739 30.7779
6 17 144.213 32.0646 32.1151
6 18 146.426 28.9943 29.0372
6 19 139.174 28.0608 28.0912
6 20 167.961 33.0486 33.0513
6 21 170.404 34.585 34.6334
6 22 163.375 31.033 31.0737
6 23 142.48 27.8851 27.8779
6 24 0 0.151737 0
7 0 97.9062 19.3019 19.172
7 1 98.4559 26.3794 26.4031
7 2 89.6765 16.8603 16.8297
7 3 86.3918 15.9393 15.9142
7 4 74.3725 13.5549 13.5445
7 5 70.5545 13.215 13.1658
7 6 66.7307 12.4981 12.431
7 7 78.5243 14.8089 14.7604
7 8 85.0043 15.9491 15.8872
7 9 80.1197 14.9569 14.9267
7 10 97.2374 19.6049 19.5641
7 11 89.7772 17.4371 17.3116
7 12 98.0814 18.9115 18.8674
7 13 90.9378 17.0829 17.0387
7 14 94.5348 16.8816 16.6974
7 15 79.5922 14.8156 14.7722
7 16 77.8914 14.4082 14.2472
7 17 65.1941 11.7129 11.5518
7 18 63.8841 11.6315 11.5921
7 19 80.0721 14.9063 14.8646
7 20 76.9588 12.8041 12.6457
7 21 84.6605 15.5103 15.4749
7 22 92.286 16.8548 16.7184
7 23 97.6626 20.6585 20.6259
7 24 0 0.151737 0
8 0 56.7988 14.5988 14.5685
8 1 49.3378 11.4354 11.3944
8 2 48.7291 11.5879 11.4206
8 3 51.9498 13.712 13.6752
8 4 38.0627 9.53126 9.48157
8 5 44.5536 12.1173 12.0584
8 6 50.0299 17.0504 16.9922
8 7 41.1676 12.1619 12.1032
8 8 45.097 11.3887 11.3637
8 9 41.0247 9.18001 9.09128
8 10 47.1636 13.027 12.9639
8 11 47.2648 15.8737 15.8248
8 12 47.2507 12.1618 12.0837
8 13 45.0689 10.9808 10.9669
8 14 53.543 14.9773 14.9447
8 15 44.8111 11.5766 11.5188
8 16 54.3706 16.9542 16.9298
8 17 46.0844 14.028 13.9752
8 18 51.6558 15.4635 15.415
8 19 49.6065 13.3818 13.3465
8 20 54.3512 13.9887 13.936
8 21 44.2963 10.6972 10.6498
8 22 49.9459 13.6558 13.6174
8 23 52.094 13.2499 13.2368
8 24 0 0.151737 0
9 0 23.9648 5.94296 5.84276
9 1 22.0891 5.23231 5.05051
9 2 17.9207 3.84202 3.67774
9 3 20.6192 5.15959 5.01592
9 4 14.2138 3.07056 2.96328
9 5 19.4214 6.84678 6.74938
9 6 17.3573 4.21139 4.11604
9 7 20.0317 4.71507 4.62145
9 8 18.9197 4.55377 4.38661
9 9 20.016 5.98256 5.83953
9 10 22.8215 5.62783 5.47272
9 11 23.1895 5.31463 5.15013
9 12 24.127 5.61788 5.52136
9 13 30.0668 8.92465 8.77246
9 14 20.548 4.94887 4.79658
9 15 16.9435 3.90622 3.83034
9 16 21.2109 5.43383 5.347
9 17 20.0667 5.7935 5.65514
9 18 16.7134 4.18365 4.10864
9 19 15.0076 3.48003 3.31502
9 20 18.4912 4.79745 4.70637
9 21 15.9603 3.64435 3.4788
9 22 18.4812 4.15105 4.04278
9 23 22.3543 5.60577 5.45757
9 24 0 0.151737 0
