0.03 0
1 0 15.4672 0.950645 0.946044
1 1 12.8454 0.763412 0.765348
1 2 11.7699 0.717321 0.719125
1 3 10.9706 0.656212 0.657833
1 4 9.14139 0.627288 0.628836
1 5 11.8453 0.904795 0.901456
1 6 12.2483 0.861227 0.856316
1 7 11.1186 0.770288 0.767003
1 8 10.2772 0.624102 0.621083
1 9 10.5404 0.706621 0.703142
1 10 13.5815 0.944781 0.947259
1 11 13.5511 0.883484 0.885766
1 12 15.5801 1.1094 1.11004
1 13 16.6664 0.976177 0.973545
1 14 17.6213 1.50885 1.51298
1 15 18.6222 1.38112 1.3797
1 16 20.2804 1.45086 1.44966
1 17 24.4494 1.66174 1.65247
1 18 27.5436 1.83283 1.8378
1 19 31.6351 2.56003 2.54686
1 20 40.7584 2.61506 2.60655
1 21 45.2696 2.81857 2.81952
1 22 54.429 3.28272 3.27491
1 23 72.5464 4.35105 4.3429
1 24 102.279 6.62346 6.61321
1 25 0 0.0157525 0
