0 0
1 0 331.415 114.742 114.485
1 1 571.305 199.907 199.608
1 2 493.491 172.886 172.6
1 3 372.855 135.111 134.826
1 4 232.162 81.5315 81.277
1 5 148.548 51.5673 51.3246
1 6 90.5565 31.5304 31.2901
1 7 53.0659 18.1125 17.8848
1 8 41.0956 17.4477 17.101
1 9 23.5976 8.12605 7.90168
1 10 22.0631 8.71124 8.41985
1 11 21.5465 8.09153 7.82747
1 12 158.444 57.3802 57.1159
2 0 244.119 86.8454 86.5835
2 1 688.195 250.392 250.048
2 2 519.534 179.806 179.521
2 3 364.488 127.805 127.537
2 4 217.843 76.7162 76.4616
2 5 130.844 55.6571 55.2968
2 6 82.533 29.9698 29.7093
2 7 51.1001 19.5153 19.2315
2 8 29.162 10.7862 10.5254
2 9 27.5482 9.65644 9.42231
2 10 16.961 6.14512 5.90281
2 11 20.1004 7.71376 7.43968
2 12 156.774 60.6167 60.3164
3 0 92.0239 38.0071 37.6704
3 1 153.771 55.9269 55.6606
3 2 135.998 53.1306 52.8255
3 3 110.181 40.5493 40.2798
3 4 62.7026 22.3319 22.083
3 5 44.8801 15.753 15.5136
3 6 21.5652 7.61934 7.38471
3 7 18.7222 5.81675 5.63546
3 8 8.74445 3.24909 3.01181
3 9 10.5828 5.69529 5.21044
3 10 6.71773 2.6748 2.41607
3 11 4.9751 2.0816 1.81531
3 12 55.163 21.6862 21.385
4 0 46.6331 15.6063 15.3881
4 1 147.341 54.4605 54.1862
4 2 129.883 48.6106 48.3307
4 3 94.0186 37.011 36.7046
4 4 64.4683 24.031 23.7586
4 5 33.699 11.8106 11.5744
4 6 23.8947 8.5808 8.33718
4 7 14.9364 5.43824 5.19613
4 8 10.8924 4.18905 3.92881
4 9 7.15505 2.47652 2.27441
4 10 5.94189 2.73762 2.35447
4 11 5.65788 2.16965 1.93557
4 12 40.9003 17.5285 17.1754
