0.03 0
1 0 191.327 50.1236 50.1559
1 1 870.189 242.105 242.581
1 2 1280.77 345.385 345.982
1 3 1162.45 315.674 316.265
1 4 921.224 240.422 240.915
1 5 792.027 206.146 206.579
1 6 606.462 157.91 158.259
1 7 439.006 113.169 113.405
1 8 305.44 78.2426 78.3753
1 9 229.041 59.4137 59.416
1 10 142.137 34.7457 34.6739
1 11 114.078 34.169 34.1183
1 12 82.2204 20.8905 20.8401
1 13 64.1523 16.0879 16.0257
1 14 44.9966 11.7194 11.5819
1 15 38.7466 9.8221 9.67531
1 16 32.7914 8.73857 8.61477
1 17 26.1698 6.81963 6.67918
1 18 20.9466 5.60125 5.45626
1 19 17.9147 4.56872 4.42185
1 20 15.5473 4.09151 3.94664
1 21 16.5829 4.61247 4.46297
1 22 12.0573 3.04752 2.88474
1 23 9.50727 2.86787 2.7081
1 24 9.21145 2.67236 2.52023
1 25 82.5083 20.491 20.3647
2 0 56.4863 13.9993 13.8577
2 1 324.34 88.2348 88.3054
2 2 469.418 124.954 125.208
2 3 414.035 104.274 104.389
2 4 334.296 84.7339 84.8877
2 5 288.007 73.7509 73.7821
2 6 219.824 54.6401 54.6234
2 7 157.724 38.5447 38.4659
2 8 120.563 30.4495 30.432
2 9 80.873 21.449 21.3502
2 10 55.6861 13.6807 13.5581
2 11 42.1434 10.6268 10.484
2 12 24.6559 6.02891 5.88343
2 13 20.1761 4.92462 4.77569
2 14 16.9864 4.57961 4.42588
2 15 13.0713 3.15121 3.00322
2 16 10.8312 2.809 2.67115
2 17 9.50933 2.6693 2.51607
2 18 4.71025 1.35381 1.20028
2 19 7.0798 1.91737 1.76987
2 20 4.52504 1.26 1.10541
2 21 5.12137 1.59198 1.43823
2 22 4.3731 1.10304 0.948224
2 23 2.79596 0.839402 0.689239
2 24 2.94092 0.991455 0.841368
2 25 26.3073 6.6746 6.52295
3 0 134.841 36.2955 36.2982
3 1 545.85 153.966 154.276
3 2 811.352 220.322 220.774
3 3 748.413 211.4 211.876
3 4 586.928 155.676 156.027
3 5 504.02 132.499 132.797
3 6 386.639 103.419 103.635
3 7 281.282 74.8123 74.9387
3 8 184.877 47.8901 47.9434
3 9 148.168 38.1174 38.0658
3 10 86.4513 21.2334 21.1158
3 11 71.9343 23.7057 23.6342
3 12 57.5645 15.0237 14.9567
3 13 43.9763 11.3328 11.25
3 14 28.0102 7.29519 7.15603
3 15 25.6753 6.82427 6.67208
3 16 21.9603 6.08936 5.94361
3 17 16.6605 4.3034 4.16311
3 18 16.2364 4.40478 4.25598
3 19 10.8349 2.80435 2.65198
3 20 11.0222 2.99041 2.84123
3 21 11.4615 3.17364 3.02474
3 22 7.68423 2.09604 1.93651
3 23 6.71131 2.17822 2.01886
3 24 6.27052 1.83228 1.67886
3 25 56.201 13.9596 13.8417
4 0 56.2494 14.553 14.4181
4 1 267.855 81.8468 81.9942
4 2 383.948 108.282 108.501
4 3 390.574 100.936 101.14
4 4 358.197 93.2394 93.45
4 5 318 84.7101 84.8763
4 6 226.915 57.6089 57.6051
4 7 173.676 44.9836 45.0446
4 8 129.571 32.4936 32.4785
4 9 97.9506 25.4609 25.3654
4 10 61.2985 15.084 14.9533
4 11 44.5995 11.5393 11.4181
4 12 34.0958 8.90035 8.81404
4 13 29.5587 7.68854 7.59615
4 14 19.7848 5.22415 5.07467
4 15 20.2157 5.3476 5.19083
4 16 15.7546 4.37706 4.24202
4 17 8.75244 2.28262 2.13481
4 18 7.8045 2.05865 1.89929
4 19 8.27477 2.23988 2.09199
4 20 5.56904 1.54437 1.38688
4 21 8.6858 2.20905 2.06418
4 22 4.95927 1.21777 1.06313
4 23 4.70756 1.65684 1.49871
4 24 4.14008 1.23798 1.09301
4 25 39.3151 9.84667 9.71272
5 0 135.078 35.738 35.7378
5 1 602.334 160.275 160.587
5 2 896.823 237.008 237.481
5 3 771.874 214.674 215.125
5 4 563.027 147.169 147.465
5 5 474.027 121.462 121.703
5 6 379.548 100.444 100.654
5 7 265.33 68.2484 68.36
5 8 175.869 45.8451 45.8969
5 9 131.091 34.0951 34.0506
5 10 80.8389 19.8242 19.7206
5 11 69.4782 22.8009 22.7001
5 12 48.1246 12.1488 12.0261
5 13 34.5937 8.56704 8.42955
5 14 25.2118 6.64851 6.50724
5 15 18.5308 4.62823 4.48447
5 16 17.0368 4.52092 4.37275
5 17 17.4174 4.69053 4.54436
5 18 13.1421 3.70143 3.55697
5 19 9.63992 2.47855 2.32986
5 20 9.97825 2.70586 2.55976
5 21 7.89712 2.56132 2.39879
5 22 7.09805 1.98165 1.82161
5 23 4.79971 1.36292 1.20939
5 24 5.07136 1.58511 1.42722
5 25 43.1932 10.8116 10.6519
6 0 16.0076 4.18096 4.03047
6 1 99.3703 30.8316 30.7579
6 2 131.293 38.9639 38.97
6 3 139.902 35.9251 35.8513
6 4 125.299 31.724 31.7248
6 5 114.475 30.6434 30.5638
6 6 79.241 19.694 19.5661
6 7 60.9204 15.0626 14.9242
6 8 52.1677 13.514 13.4422
6 9 34.969 9.62293 9.48828
6 10 21.9121 5.45026 5.30169
6 11 16.7069 4.26375 4.10579
6 12 8.9467 2.22582 2.07238
6 13 9.29118 2.36286 2.20943
6 14 6.48302 1.76787 1.60966
6 15 6.49091 1.65408 1.50483
6 16 4.25052 1.21532 1.07351
6 17 3.38723 1.04547 0.890833
6 18 1.52047 0.492382 0.347902
6 19 2.6799 0.751465 0.600946
6 20 1.78193 0.591896 0.438334
6 21 2.46003 0.685264 0.536417
6 22 2.30414 0.599056 0.446544
6 23 1.17562 0.440501 0.291982
6 24 1.50441 0.634501 0.479237
6 25 11.2301 2.82817 2.66785
7 0 40.4787 9.9749 9.8272
7 1 224.969 57.5559 57.5475
7 2 338.125 86.0786 86.238
7 3 274.133 68.5061 68.5378
7 4 208.997 53.115 53.1629
7 5 173.532 43.2555 43.2184
7 6 140.583 35.111 35.0573
7 7 96.8038 23.6523 23.5417
7 8 68.3952 17.1148 16.9898
7 9 45.904 11.9823 11.8619
7 10 33.774 8.39221 8.25637
7 11 25.4366 6.52598 6.37822
7 12 15.7092 3.95662 3.81105
7 13 10.8849 2.71537 2.56627
7 14 10.5034 2.97174 2.81622
7 15 6.58037 1.64753 1.49839
7 16 6.58064 1.75074 1.59764
7 17 6.12211 1.77823 1.62523
7 18 3.18978 1.00487 0.852378
7 19 4.39991 1.31277 1.16892
7 20 2.74311 0.818902 0.66708
7 21 2.66134 1.05955 0.901816
7 22 2.06895 0.648983 0.50168
7 23 1.62033 0.54242 0.397257
7 24 1.43652 0.511863 0.362131
7 25 15.0772 4.00883 3.8551
8 0 40.2418 10.5288 10.3876
8 1 168.485 51.1853 51.2363
8 2 252.655 69.4129 69.5308
8 3 250.672 65.1902 65.2886
8 4 232.898 61.6165 61.7252
8 5 203.525 54.2276 54.3126
8 6 147.674 38.0925 38.039
8 7 112.756 30.1337 30.1204
8 8 77.4029 19.0899 19.0363
8 9 62.9816 16.0057 15.8771
8 10 39.3864 9.79365 9.65157
8 11 27.8926 7.43294 7.31235
8 12 25.1491 6.83152 6.74166
8 13 20.2675 5.48365 5.38672
8 14 13.3018 3.61292 3.465
8 15 13.7248 3.84378 3.686
8 16 11.5041 3.3167 3.16851
8 17 5.36522 1.39408 1.24398
8 18 6.28403 1.71166 1.55139
8 19 5.59488 1.63939 1.49105
8 20 3.78711 1.1041 0.948546
8 21 6.22577 1.67189 1.52776
8 22 2.65513 0.767772 0.616585
8 23 3.53194 1.36551 1.20673
8 24 2.63568 0.760138 0.613775
8 25 28.085 7.16854 7.04488
9 0 94.5989 25.9336 25.9106
9 1 377.364 102.85 103.039
9 2 558.697 150.922 151.243
9 3 497.741 146.266 146.588
9 4 354.03 94.1981 94.3017
9 5 300.495 78.3454 78.4846
9 6 238.965 65.4899 65.5963
9 7 168.526 44.7793 44.8183
9 8 107.474 28.9032 28.9071
9 9 85.1869 22.2647 22.1887
9 10 47.0649 11.5997 11.4643
9 11 44.0416 16.4338 16.3219
9 12 32.4154 8.3533 8.21506
9 13 23.7088 6.00889 5.86328
9 14 14.7084 3.83436 3.69102
9 15 11.9505 3.13346 2.98609
9 16 10.4562 2.92755 2.77511
9 17 11.2953 3.06321 2.91913
9 18 9.95233 2.84768 2.70459
9 19 5.24002 1.31466 1.16093
9 20 7.23514 2.04211 1.89268
9 21 5.23577 1.66019 1.49698
9 22 5.0291 1.48 1.31993
9 23 3.17937 0.962734 0.812135
9 24 3.63485 1.22198 1.06509
9 25 28.116 6.95211 6.79684
