0 0
1 0 0.402698 0.0406699 0.0254103
1 1 0.85504 0.0648563 0.0482637
1 2 1.37003 0.443865 0.422261
1 3 2.25794 0.164237 0.148148
1 4 3.25493 0.402689 0.385644
1 5 7.50225 0.905264 0.886483
1 6 14.4068 1.52673 1.51157
1 7 30.7882 2.30502 2.28461
1 8 52.6317 7.26868 7.26515
1 9 76.9339 7.91757 7.93484
1 10 120.399 15.7396 15.7782
1 11 159.811 18.7501 18.7951
1 12 193.101 27.2972 27.3656
1 13 188.75 23.4502 23.5075
1 14 179.986 20.0405 20.0877
1 15 178.867 17.9809 18.0221
1 16 168.862 16.1924 16.2288
1 17 168.036 16.6682 16.7056
1 18 172.496 15.3552 15.3931
1 19 177.284 17.3776 17.4164
1 20 180.782 17.9586 18.0005
1 21 180.06 16.977 16.9536
1 22 185.91 17.2277 17.2701
1 23 185.335 16.8285 16.8651
1 24 189.278 19.0363 19.0835
1 25 186.227 17.7123 17.6882
1 26 186.262 16.943 16.9204
1 27 181.858 16.6378 16.6154
1 28 192.238 17.2405 17.218
1 29 208.485 18.4009 18.3778
1 30 255.799 24.2123 24.1832
1 31 309.503 27.4422 27.4101
1 32 262.279 23.1999 23.1724
1 33 226.054 19.8447 19.8204
1 34 228.927 19.6069 19.5831
1 35 213.354 18.1653 18.1429
1 36 191.746 16.4737 16.4525
1 37 174.713 14.3501 14.3313
1 38 149.542 12.4825 12.4646
1 39 139.365 11.0125 10.9966
1 40 131.352 10.6663 10.6501
1 41 128.296 9.98513 9.97012
1 42 105.086 9.34601 9.32825
1 43 86.6651 6.11851 6.1072
1 44 81.381 5.62143 5.6107
1 45 72.7408 4.8462 4.83638
1 46 71.4523 4.83278 4.82272
1 47 61.9542 3.75201 3.74397
1 48 53.5586 3.66909 3.65919
1 49 48.4369 3.0208 3.02414
1 50 43.8712 2.60003 2.60032
1 51 38.1328 2.30921 2.30163
1 52 30.1914 1.7018 1.65766
1 53 20.2267 1.17539 1.17453
1 54 10.0119 0.56337 0.540731
1 55 4.72804 0.280283 0.261517
1 56 1.89502 0.121142 0.102215
1 57 0.672358 0.0527976 0.0360103
1 58 0.112957 0.0162233 0.00448885
1 59 0.0874567 0.0161202 0.00416372
1 60 3.94762 0.587807 0.582803
