0 0
1 0 7037.64 3012.16 3008.51
1 1 8010.73 3421.89 3415.77
1 2 8275.21 3637.79 3631.48
1 3 8368.27 3656.38 3649.57
1 4 8456.64 3695.64 3688.91
1 5 8580.74 3735.92 3728.53
1 6 8636.51 3760.82 3753.35
1 7 8716.86 3854.98 3847.63
1 8 8737.29 3710.11 3701.89
1 9 8883.3 3868.76 3860.43
1 10 8844.62 3774.93 3766.48
1 11 8967.18 3839.76 3831.04
1 12 8874.23 3830.37 3821.95
1 13 8785.17 3801.27 3793.23
1 14 8923.65 3921.57 3913.27
1 15 8911.68 3829.12 3820.46
1 16 8905.09 3725.91 3717.07
1 17 8804.58 3872.42 3864.41
1 18 8918.35 3848.79 3840.14
1 19 8785.41 3666.87 3658.63
1 20 8731.53 3721.01 3712.87
1 21 8720.05 3751.59 3743.53
1 22 8712.53 3709.79 3701.79
1 23 8322.53 3530.14 3523.54
1 24 7841.2 3470.75 3465.39
1 25 4206.84 1805.53 1806.47
1 26 115.797 41.0311 41.0806
2 0 1006.62 406.644 407.591
2 1 2102.78 818.132 819.476
2 2 2679.89 1125.9 1127.43
2 3 2922.77 1147.05 1148.29
2 4 3174.87 1306.79 1308.18
2 5 3320.74 1326.54 1327.69
2 6 3468.47 1404.77 1405.96
2 7 3612.77 1508.1 1509.33
2 8 3683.47 1413.04 1413.83
2 9 3859.57 1563.73 1564.63
2 10 3883.53 1577.36 1578.3
2 11 3877.75 1534.78 1535.52
2 12 3918.01 1675.91 1677.04
2 13 3771.4 1509.37 1510.29
2 14 3858.37 1595.52 1596.51
2 15 3785 1562.73 1563.83
2 16 3780.93 1474.71 1475.53
2 17 3605.01 1420.47 1421.46
2 18 3702.79 1542.29 1543.41
2 19 3509.05 1350.1 1351.06
2 20 3394.11 1293.53 1294.48
2 21 3261.81 1289 1290.18
2 22 3029.88 1162.14 1163.31
2 23 2682.37 994.852 996.005
2 24 2097.75 878.691 880.198
2 25 597.727 202.871 203.362
2 26 35.824 12.1323 12.0942
3 0 6031.02 2602.28 2600.92
3 1 5907.95 2597.38 2596.29
3 2 5595.33 2504.42 2504.05
3 3 5445.51 2501.4 2501.28
3 4 5281.77 2380.77 2380.73
3 5 5260 2400.67 2400.84
3 6 5168.04 2347.07 2347.38
3 7 5104.08 2337.8 2338.29
3 8 5053.82 2287.68 2288.06
3 9 5023.73 2295.27 2295.8
3 10 4961.09 2187.82 2188.18
3 11 5089.43 2295.18 2295.53
3 12 4956.22 2144.7 2144.91
3 13 5013.76 2282.5 2282.94
3 14 5065.28 2316.22 2316.76
3 15 5126.67 2256.49 2256.63
3 16 5124.17 2241.45 2241.55
3 17 5199.58 2442.48 2442.96
3 18 5215.56 2296.8 2296.73
3 19 5276.36 2307.67 2307.57
3 20 5337.42 2418.44 2418.4
3 21 5458.24 2453.53 2453.35
3 22 5682.65 2539.1 2538.48
3 23 5640.17 2527.99 2527.54
3 24 5743.45 2585.7 2585.2
3 25 3609.11 1601.57 1603.11
3 26 79.9729 28.9664 28.9863
