0 0
1 0 350.177 75.7098 75.8644
1 1 343.818 77.7369 77.904
1 2 335.776 67.5554 67.6926
1 3 345.269 75.887 76.0452
1 4 268.214 53.4569 53.5596
1 5 293.351 71.7174 71.8308
1 6 288.847 68.52 68.66
1 7 274.757 57.9856 58.0646
1 8 308.103 65.6375 65.7668
1 9 298.936 62.4174 62.5383
1 10 325.002 72.6674 72.7776
1 11 298.52 63.2131 63.3416
1 12 312.536 62.956 63.0828
1 13 321.211 69.4601 69.6172
1 14 334.042 71.168 71.3101
1 15 302.596 62.5559 62.6911
1 16 306.732 74.695 74.8172
1 17 285.182 69.3211 69.4724
1 18 292.154 68.6478 68.7979
1 19 291.56 64.4254 64.5573
1 20 325.462 69.1845 69.2794
1 21 319.413 66.617 66.7521
1 22 331.787 70.2446 70.3924
1 23 320.365 70.7458 70.9032
1 24 0 0.151737 0
2 0 265.563 52.9219 52.9832
2 1 272.391 61.3334 61.4591
2 2 269.126 52.5381 52.5943
2 3 268.851 54.7803 54.884
2 4 215.938 41.0453 41.1148
2 5 219.751 46.8024 46.8481
2 6 218.017 45.1701 45.2471
2 7 213.558 41.3059 41.3399
2 8 242.568 48.8609 48.9469
2 9 236.377 46.4589 46.5378
2 10 255.017 54.2796 54.341
2 11 228.066 42.2931 42.3666
2 12 239.233 44.1647 44.2427
2 13 246.076 49.7716 49.8778
2 14 259.951 51.4776 51.5687
2 15 241.248 47.411 47.5073
2 16 225.052 48.6789 48.7302
2 17 215.181 47.2807 47.3719
2 18 216.085 44.2503 44.3343
2 19 226.946 47.806 47.8958
2 20 250.695 49.3599 49.402
2 21 259.563 52.6879 52.7888
2 22 259.511 50.165 50.2621
2 23 243.992 50.9197 50.9738
2 24 0 0.151737 0
3 0 84.6133 22.8882 22.8813
3 1 71.4268 16.4465 16.4449
3 2 66.6498 15.2721 15.0983
3 3 76.4187 21.1756 21.1611
3 4 52.2765 12.4852 12.4449
3 5 73.5993 24.9852 24.9828
3 6 70.8302 23.4513 23.4129
3 7 61.1993 16.7705 16.7247
3 8 65.5349 16.8236 16.82
3 9 62.5589 16.0442 16.0005
3 10 69.9851 18.4855 18.4366
3 11 70.4543 20.9889 20.975
3 12 73.3025 18.882 18.84
3 13 75.1357 19.7227 19.7393
3 14 74.0909 19.7614 19.7413
3 15 61.348 15.2152 15.1838
3 16 81.6805 26.0884 26.087
3 17 70.0008 22.1119 22.1004
3 18 76.0686 24.4867 24.4636
3 19 64.6141 16.6868 16.6616
3 20 74.7672 19.9162 19.8774
3 21 59.85 14.0034 13.9633
3 22 72.2768 20.1499 20.1302
3 23 76.3731 19.9223 19.9294
3 24 0 0.151737 0
4 0 172.697 35.6936 35.7514
4 1 171.747 35.7583 35.8163
4 2 173.524 34.5544 34.6146
4 3 185.555 43.4314 43.5112
4 4 143.527 30.3463 30.3819
4 5 158.028 38.362 38.3874
4 6 160.014 39.8813 39.9499
4 7 142.275 32.1032 32.1149
4 8 165.204 36.81 36.8718
4 9 153.566 31.8117 31.852
4 10 162.011 36.6302 36.6585
4 11 152.007 34.6898 34.7415
4 12 147.936 29.3184 29.3152
4 13 160.429 36.2701 36.3287
4 14 175.774 41.7261 41.7983
4 15 166.07 37.1675 37.1901
4 16 162.895 40.0501 40.0815
4 17 154.894 39.1885 39.2598
4 18 168.103 40.3457 40.424
4 19 155.201 37.0769 37.1394
4 20 178.058 39.4335 39.4492
4 21 174.678 39.7456 39.809
4 22 173.79 39.3685 39.4374
4 23 152.125 31.8334 31.8796
4 24 0 0.151737 0
5 0 177.48 40.0947 40.113
5 1 172.071 42.0201 42.0877
5 2 162.253 33.069 33.078
5 3 159.715 32.5126 32.534
5 4 124.687 23.1597 23.1777
5 5 135.322 33.4354 33.4435
5 6 128.833 28.7053 28.7101
5 7 132.482 25.9533 25.9497
5 8 142.899 28.8969 28.895
5 9 145.37 30.653 30.6863
5 10 162.992 36.0924 36.1191
5 11 146.514 28.6975 28.6001
5 12 164.6 33.7499 33.7676
5 13 160.783 33.2762 33.2885
5 14 158.268 29.4889 29.5117
5 15 136.526 25.5053 25.5011
5 16 143.837 34.7361 34.7357
5 17 130.288 30.2029 30.2125
5 18 124.051 28.3424 28.3739
5 19 136.359 27.4243 27.4179
5 20 147.404 29.8238 29.8302
5 21 144.734 26.9483 26.9431
5 22 157.998 30.9185 30.955
5 23 168.24 38.9615 39.0236
5 24 0 0.151737 0
6 0 125.7 23.8593 23.8491
6 1 131.55 26.3502 26.3819
6 2 133.143 25.2166 25.21
6 3 139.423 29.4647 29.5052
6 4 112.97 22.5965 22.6133
6 5 119.304 26.3566 26.3465
6 6 116.196 24.0075 24.0303
6 7 107.267 21.5264 21.5073
6 8 126.291 26.477 26.5093
6 9 118.815 23.1439 23.1521
6 10 123.788 27.2112 27.2117
6 11 113.166 20.7066 20.6809
6 12 110.013 19.1405 18.9118
6 13 125.124 27.8581 27.8598
6 14 132.011 29.3862 29.4235
6 15 130.395 27.8066 27.8017
6 16 113.34 23.1131 23.0946
6 17 116.332 26.5592 26.5939
6 18 122.899 26.0251 26.0625
6 19 115.133 26.1749 26.1991
6 20 135.117 28.5664 28.5566
6 21 136.79 30.6072 30.6448
6 22 132.109 27.3653 27.4001
6 23 109.23 21.1446 21.0937
6 24 0 0.151737 0
7 0 139.864 29.1452 29.1341
7 1 140.841 35.0315 35.0772
7 2 135.983 27.3916 27.3843
7 3 129.427 25.3779 25.3788
7 4 102.968 18.4972 18.5014
7 5 100.448 20.5319 20.5015
7 6 101.821 21.2342 21.2168
7 7 106.291 19.8531 19.8326
7 8 116.277 22.4853 22.4376
7 9 117.563 23.4039 23.3857
7 10 131.229 27.1281 27.1292
7 11 114.901 21.8086 21.6857
7 12 129.22 25.3583 25.3309
7 13 120.951 22.0374 22.0181
7 14 127.94 22.3137 22.1453
7 15 110.853 19.7428 19.7057
7 16 111.712 25.6594 25.6356
7 17 98.849 20.8305 20.7781
7 18 93.1859 18.2696 18.2717
7 19 111.813 21.7199 21.6966
7 20 115.578 20.8642 20.8454
7 21 122.773 22.1606 22.1441
7 22 127.402 22.997 22.8621
7 23 134.762 29.8679 29.8802
7 24 0 0.151737 0
8 0 46.9969 11.9408 11.9024
8 1 40.1969 9.47959 9.4344
8 2 40.3802 9.58195 9.40461
8 3 46.1314 14.0417 14.0059
8 4 30.5567 7.82343 7.76861
8 5 38.7246 12.0972 12.0408
8 6 43.8183 15.9815 15.9196
8 7 35.0077 10.6647 10.6075
8 8 38.9125 10.4285 10.3626
8 9 34.751 8.79028 8.6999
8 10 38.2227 9.61535 9.44673
8 11 38.841 14.1114 14.0606
8 12 37.9225 10.4836 10.4034
8 13 35.3042 8.62026 8.46895
8 14 43.7631 12.4152 12.3749
8 15 35.675 9.453 9.3884
8 16 49.5551 17.0132 16.987
8 17 38.5614 12.7211 12.666
8 18 45.204 14.4278 14.3615
8 19 40.0682 10.9831 10.9403
8 20 42.9404 10.9547 10.8926
8 21 37.8884 9.21634 9.16423
8 22 41.6811 12.0804 12.0374
8 23 42.8947 10.8311 10.786
8 24 0 0.151737 0
9 0 37.6164 11.0634 10.9789
9 1 31.2299 7.18612 7.01047
9 2 26.2696 5.85412 5.69372
9 3 30.2873 7.3139 7.1552
9 4 21.7198 4.76102 4.67625
9 5 34.8746 13.0137 12.9419
9 6 27.0119 7.58483 7.49331
9 7 26.1916 6.21184 6.11716
9 8 26.6224 6.62982 6.45739
9 9 27.8079 7.44326 7.30059
9 10 31.7623 9.06673 8.98988
9 11 31.6133 7.06143 6.91439
9 12 35.38 8.49861 8.43667
9 13 39.8316 11.3258 11.2704
9 14 30.3279 7.43297 7.36645
9 15 25.6731 5.86584 5.7954
9 16 32.1254 9.17599 9.10007
9 17 31.4394 9.48219 9.43443
9 18 30.8646 10.1597 10.1022
9 19 24.546 5.88434 5.72126
9 20 31.8268 9.04579 8.98481
9 21 21.9617 4.95364 4.79907
9 22 30.5957 8.1729 8.09287
9 23 33.4784 9.19328 9.14337
9 24 0 0.151737 0
