0 0
1 0 6488.54 2963.56 2956.08
1 1 2175.04 968.005 966.814
1 2 1840.32 790.369 789.431
1 3 1265.86 488.646 488.079
1 4 915.745 353.544 353.105
1 5 651.771 226.074 225.762
1 6 472.286 161.438 161.167
1 7 326.859 102.275 102.062
1 8 237.885 76.2529 75.6876
1 9 200.135 85.7847 85.583
1 10 140.337 46.4979 46.1918
1 11 111.34 38.827 38.3488
1 12 79.4843 25.0555 24.666
1 13 58.813 15.5382 15.2435
1 14 47.9742 18.5593 18.2234
1 15 38.3145 12.2072 11.861
1 16 28.8145 7.82429 7.44954
1 17 21.8749 5.85559 5.53161
1 18 20.4852 5.85655 5.53217
1 19 18.704 6.08421 5.71638
1 20 102.44 31.2671 31.1661
2 0 1475.22 726.856 728.1
2 1 4429.88 2465.89 2461.98
2 2 4009.2 2573.1 2569.58
2 3 3508.02 2013.26 2010.54
2 4 2572.11 1171.66 1170.14
2 5 1824.06 660.944 662.067
2 6 1386.29 465.276 464.727
2 7 1024.84 346.098 346.726
2 8 752.513 243.666 244.158
2 9 561.648 206.481 206.916
2 10 409.159 149.43 149.488
2 11 308.401 92.5402 92.6591
2 12 232.653 89.5274 89.4157
2 13 162.182 49.2602 49.2757
2 14 130.461 46.647 46.4198
2 15 102.912 35.1426 34.8645
2 16 90.7403 43.7886 43.5494
2 17 55.208 17.7458 17.4279
2 18 44.4492 12.1867 11.8768
2 19 36.5287 10.3225 10.0111
2 20 230.88 71.7053 71.5414
3 0 9101.5 4274.29 4259.96
3 1 3989.25 1941.07 1937.93
3 2 3613.53 1612.09 1609.5
3 3 2631.53 1148.96 1147.42
3 4 1765.83 661.36 660.556
3 5 1233 443.9 443.385
3 6 873.496 292.95 292.597
3 7 609.57 208.105 207.809
3 8 457.679 151.818 151.563
3 9 327.236 108.252 108.016
3 10 241.633 96.2969 96.3624
3 11 165.083 51.7493 51.8103
3 12 122.609 43.3809 43.1307
3 13 92.0478 32.8126 32.5608
3 14 63.725 23.7455 23.5925
3 15 52.8005 16.7638 16.2492
3 16 31.6871 9.4859 9.33901
3 17 27.9256 7.73727 7.31202
3 18 23.7715 22.5311 22.4348
3 19 11.8468 3.548 3.18447
3 20 67.5581 20.7287 20.5429
4 0 3209.88 1458.83 1456.69
4 1 10541.8 5541.76 5522.58
4 2 10302.3 6553.71 6535.11
4 3 8659.9 5449.07 5435.71
4 4 5974.38 2783.61 2777.19
4 5 4105.87 1597.84 1594.71
4 6 2760.57 980.054 978.523
4 7 1975.69 709.368 708.455
4 8 1399.68 494.207 493.628
4 9 988.389 330.713 330.324
4 10 715.692 258.961 259.497
4 11 531.983 200.151 200.555
4 12 363.207 118.332 118.599
4 13 272.265 92.6864 92.4431
4 14 184.644 59.7584 59.8667
4 15 149.892 53.2172 53.2125
4 16 95.3273 38.8891 38.7828
4 17 74.6267 42.6588 42.3993
4 18 57.8599 17.0631 16.9811
4 19 42.4415 16.1836 16.1627
4 20 182.769 76.1213 75.7717
