0 0
1 0 1008.13 100.822 100.631
1 1 759.682 75.787 75.6695
1 2 769.724 80.8656 80.7433
1 3 765.881 77.5961 77.4763
1 4 766.004 76.802 76.6826
1 5 754.106 77.2845 77.1673
1 6 769.177 81.3064 81.184
1 7 760.284 76.2982 76.1803
1 8 744.471 74.45 74.3362
1 9 732.384 73.1476 73.0369
1 10 742.004 73.6978 73.5849
1 11 745.758 74.6709 74.5568
1 12 753.59 76.0957 75.9792
1 13 740.859 76.687 76.5727
1 14 750.812 75.26 75.1445
1 15 736.849 73.9224 73.8104
1 16 820.181 85.869 85.7333
1 17 755.743 79.6813 79.5624
1 18 721.591 73.602 73.4931
1 19 725.949 72.4098 72.3007
1 20 724.548 73.7375 73.6279
1 21 720.243 70.7239 70.6168
1 22 697.325 66.4597 66.3592
1 23 715.34 71.3025 71.196
1 24 325.419 32.8829 32.8443
1 25 0.0660549 0.0175256 0.00436326
2 0 19.4168 1.15974 1.1526
2 1 27.4763 1.99951 1.98886
2 2 24.8965 1.6696 1.66056
2 3 28.8011 2.29727 2.28451
2 4 26.7062 1.887 1.89216
2 5 29.2207 2.04384 2.03396
2 6 28.2597 2.0419 2.03139
2 7 26.8065 1.72227 1.72001
2 8 27.8818 1.84208 1.84018
2 9 25.0172 1.58506 1.57697
2 10 29.0768 1.89654 1.88793
2 11 29.5793 1.92129 1.91274
2 12 28.8208 1.75817 1.75602
2 13 26.5172 1.76408 1.75517
2 14 27.7396 1.80484 1.80643
2 15 27.8816 1.97261 1.96253
2 16 28.1757 1.83591 1.83401
2 17 24.9716 1.54087 1.53319
2 18 25.0213 1.61276 1.6044
2 19 29.6851 1.84092 1.84261
2 20 24.0175 1.38726 1.38052
2 21 27.804 1.79404 1.78562
2 22 27.814 1.79862 1.79658
2 23 25.8638 1.5798 1.57711
2 24 9.96739 0.621032 0.622557
2 25 0 0.0157525 0
