0 0
1 0 0 0.151737 0
1 1 13.0228 3.41089 3.31196
1 2 350.137 93.7783 93.996
1 3 796.812 183.636 184.009
1 4 946.664 203.197 203.566
1 5 966.282 193.631 193.961
1 6 880.015 177.648 177.968
1 7 732.766 145.187 145.456
1 8 625.549 128.361 128.625
1 9 465.277 96.2199 96.4221
1 10 362.782 87.7853 87.9854
1 11 266.558 59.1691 59.2275
1 12 199.871 48.3301 48.3885
1 13 156.51 35.8333 35.8852
1 14 107.483 23.6994 23.7182
1 15 77.238 17.6347 17.5897
1 16 68.551 16.8691 16.8278
1 17 51.1583 12.0602 11.9023
1 18 38.6086 8.87941 8.81821
1 19 30.4993 7.00212 6.82847
1 20 128.813 38.5937 38.631
2 0 0 0.151737 0
2 1 10.2592 2.74845 2.6411
2 2 275.161 69.1917 69.3407
2 3 622.917 130.602 130.876
2 4 751.625 147.479 147.76
2 5 774.156 142.778 143.039
2 6 704.439 132.902 133.153
2 7 567.532 102.704 102.896
2 8 480.67 91.7267 91.9123
2 9 363.84 71.1094 71.2505
2 10 278.209 65.5637 65.7088
2 11 195.644 40.0405 40.0507
2 12 142.754 31.4184 31.4287
2 13 114.031 24.8813 24.737
2 14 74.3831 14.4243 14.3905
2 15 58.7999 12.9764 12.9082
2 16 49.433 11.666 11.5994
2 17 39.0751 9.08065 8.94102
2 18 24.8779 5.16322 4.98654
2 19 22.6693 4.83576 4.65577
2 20 71.0146 19.5809 19.5619
3 0 0 0.151737 0
3 1 2.76363 0.813854 0.670867
3 2 74.9759 24.6618 24.6553
3 3 173.895 53.056 53.1329
3 4 195.039 55.722 55.8056
3 5 192.126 50.8524 50.9213
3 6 175.576 44.7645 44.8148
3 7 165.234 42.5155 42.5593
3 8 144.879 36.6536 36.7129
3 9 101.438 25.1872 25.1716
3 10 84.5731 22.3183 22.2766
3 11 70.9147 19.2196 19.1768
3 12 57.1174 16.9922 16.9599
3 13 42.4789 11.2045 11.1482
3 14 33.0998 9.48047 9.32776
3 15 18.4381 4.77632 4.68151
3 16 19.118 5.37758 5.22841
3 17 12.0833 3.13217 2.96128
3 18 13.7306 3.92417 3.83168
3 19 7.83002 2.32855 2.1727
3 20 57.7986 19.0877 19.0691
4 0 0 0.151737 0
4 1 12.9949 3.41013 3.31119
4 2 328.098 89.9622 90.1708
4 3 636.983 147.195 147.507
4 4 627.957 136.668 136.954
4 5 538.217 109.105 109.329
4 6 443.232 95.8621 96.0246
4 7 334.275 69.5156 69.6619
4 8 250.143 52.149 52.2566
4 9 176.986 38.102 38.1668
4 10 128.51 32.0007 32.0417
4 11 84.6124 18.3736 18.2077
4 12 62.2314 15.579 15.5246
4 13 48.9385 11.7245 11.5705
4 14 34.2959 9.08295 9.03184
4 15 19.6433 4.46694 4.29846
4 16 20.9473 6.26409 6.17487
4 17 13.7132 3.34707 3.17963
4 18 10.7771 2.57026 2.40773
4 19 9.44901 2.63854 2.48738
4 20 38.9968 12.2548 12.0852
5 0 0 0.151737 0
5 1 0.0279 0.0439888 0.000778409
5 2 22.0389 3.99273 3.82518
5 3 159.83 36.4882 36.5015
5 4 318.707 66.4817 66.6116
5 5 428.064 84.5 84.6312
5 6 436.783 81.7855 81.9433
5 7 398.491 75.6905 75.7936
5 8 375.406 76.2134 76.3686
5 9 288.291 58.1421 58.2553
5 10 234.272 55.853 55.9438
5 11 181.946 40.9931 41.0197
5 12 137.64 32.843 32.8639
5 13 107.572 24.3365 24.3147
5 14 73.187 14.8204 14.6864
5 15 57.5947 13.354 13.2913
5 16 47.6037 10.7974 10.653
5 17 37.4451 8.87743 8.72268
5 18 27.8314 6.48869 6.41048
5 19 21.0503 4.50502 4.34108
5 20 89.8164 26.5443 26.5458
6 0 0 0.151737 0
6 1 10.2592 2.74845 2.6411
6 2 256.781 66.1012 66.2413
6 3 499.158 107.554 107.783
6 4 485.639 93.3088 93.5019
6 5 419.024 76.3842 76.5353
6 6 335.087 64.716 64.8017
6 7 241.869 45.4199 45.5042
6 8 183.354 35.1734 35.2268
6 9 134.329 27.8088 27.8406
6 10 89.7156 21.4111 21.2554
6 11 59.1733 12.4217 12.2617
6 12 40.3714 9.72535 9.65534
6 13 30.9391 6.91331 6.75261
6 14 20.1684 4.32047 4.1968
6 15 13.9805 3.10571 2.94591
6 16 14.2159 4.40354 4.30167
6 17 9.14032 2.19138 2.01498
6 18 6.41417 1.46219 1.29719
6 19 6.58642 1.65552 1.49856
6 20 22.1716 7.85307 7.67221
7 0 0 0.151737 0
7 1 0 0.151737 0
7 2 18.3806 3.25717 3.0994
7 3 123.759 23.1187 23.0927
7 4 265.985 54.1587 54.2581
7 5 355.131 66.4172 66.5041
7 6 369.351 68.2218 68.3514
7 7 325.663 57.329 57.3921
7 8 297.316 56.6358 56.6855
7 9 229.511 43.3638 43.4098
7 10 188.493 44.4119 44.4534
7 11 136.47 27.7991 27.789
7 12 102.382 21.8796 21.7733
7 13 83.0923 18.1275 17.9844
7 14 54.2148 10.3343 10.1937
7 15 44.8194 10.0418 9.9623
7 16 35.2171 7.44865 7.29775
7 17 29.9348 7.06897 6.92604
7 18 18.4638 3.84806 3.68935
7 19 16.0829 3.33585 3.15721
7 20 48.843 11.9317 11.8897
8 0 0 0.151737 0
8 1 2.73573 0.813248 0.670089
8 2 71.3176 23.9382 23.9296
8 3 137.824 39.6848 39.7242
8 4 142.317 43.4036 43.4521
8 5 119.193 32.7946 32.7942
8 6 108.145 31.2119 31.223
8 7 92.4066 24.165 24.1578
8 8 66.7891 17.0524 17.0298
8 9 42.6572 10.3941 10.3261
8 10 38.7941 10.862 10.7863
8 11 25.4391 6.13116 5.946
8 12 21.86 5.95113 5.86924
8 13 17.9994 4.96325 4.81793
8 14 14.1276 4.99354 4.83503
8 15 5.66288 1.50981 1.35255
8 16 6.73139 2.01153 1.87319
8 17 4.5729 1.32754 1.16465
8 18 4.36295 1.26317 1.11054
8 19 2.86259 1.14829 0.988825
8 20 16.8252 4.57556 4.41296
9 0 0 0.151737 0
9 1 0.0279 0.0439888 0.000778409
9 2 3.65831 0.894253 0.72578
9 3 36.0708 13.4665 13.4088
9 4 52.7218 12.4182 12.3534
9 5 72.9328 18.1499 18.1271
9 6 67.4318 13.6583 13.5919
9 7 72.8274 18.4364 18.4016
9 8 78.0903 19.6977 19.6831
9 9 58.7803 14.8786 14.8455
9 10 45.779 11.5525 11.4903
9 11 45.4756 13.2893 13.2308
9 12 35.2574 11.154 11.0906
9 13 24.4795 6.39972 6.33032
9 14 18.9723 4.64113 4.49272
9 15 12.7753 3.42524 3.32896
9 16 12.3866 3.51024 3.35522
9 17 7.51036 1.9642 1.79664
9 18 9.36766 2.82327 2.72113
9 19 4.96743 1.33562 1.18387
9 20 40.9734 14.6886 14.6561
