0 0
1 0 0 0.0157525 0
1 1 0 0.0157525 0
1 2 0 0.0157525 0
1 3 80.2164 5.9114 5.89939
1 4 94.0053 6.73909 6.72724
1 5 89.3405 6.51432 6.50227
1 6 71.8945 4.47725 4.46856
1 7 64.2541 4.31657 4.3068
1 8 55.3723 3.43293 3.42468
1 9 47.5401 2.75408 2.75483
1 10 41.1094 2.4746 2.47457
1 11 33.288 2.0038 1.93287
1 12 25.8208 1.4854 1.48433
1 13 14.3535 0.811145 0.770496
1 14 8.14759 0.474425 0.470175
1 15 3.45432 0.203647 0.183093
1 16 1.29372 0.0900975 0.0713704
1 17 0.697859 0.0531142 0.0363355
1 18 0.100207 0.0161218 0.00432628
1 19 0.0874567 0.0161202 0.00416372
1 20 0.0619563 0.0164735 0.00383858
