0 0
1 0 53.0067 12.8366 12.6514
1 1 42.1784 12.1904 12.0022
1 2 42.0179 8.59058 8.54752
1 3 39.4961 10.6741 10.5315
1 4 43.4638 9.51825 9.45309
1 5 40.601 9.37315 9.36403
1 6 34.5735 8.31607 7.94328
1 7 45.6245 13.0368 12.8771
1 8 54.928 13.3773 13.1938
1 9 53.9363 11.7698 11.3407
1 10 61.9872 16.9746 16.9882
1 11 77.2589 18.6695 18.5531
1 12 96.4843 22.1863 22.0799
1 13 118.128 29.5817 29.4549
1 14 138.997 34.3487 34.224
1 15 188.436 46.6347 46.5067
1 16 221.397 46.1002 46.0053
1 17 262.864 51.5926 51.5039
1 18 374.956 75.3238 75.2193
1 19 554.033 110.707 110.575
1 20 0 0.250592 0
2 0 79.5698 16.7709 16.599
2 1 67.0876 13.8469 13.0863
2 2 57.1219 12.1532 11.7421
2 3 55.7259 10.1751 10.0527
2 4 59.103 13.1808 13.0549
2 5 66.0137 15.9342 15.9448
2 6 56.7124 10.64 10.5788
2 7 63.7295 13.572 13.4802
2 8 68.6149 15.508 15.4221
2 9 78.4898 19.0987 19.0035
2 10 83.8429 17.8609 17.5313
2 11 94.357 26.5757 26.4173
2 12 91.6779 20.9472 20.8455
2 13 93.5088 17.2232 17.1824
2 14 107.64 23.9741 24.0084
2 15 125.493 30.7689 30.8229
2 16 156.562 34.386 34.3376
2 17 159.14 29.7714 29.6401
2 18 201.605 38.0653 38.0272
2 19 295.159 57.9026 57.8109
2 20 0 0.250592 0
3 0 23.9254 7.02965 6.25533
3 1 20.9313 6.6756 6.46934
3 2 17.7567 5.55153 5.52998
3 3 16.6529 5.43558 5.23766
3 4 18.4398 5.87291 5.72189
3 5 18.8166 8.12661 7.98039
3 6 15.3943 4.64332 4.52168
3 7 13.0446 4.37589 4.35031
3 8 19.5683 5.92001 5.782
3 9 25.3491 8.39833 8.26779
3 10 29.603 9.85201 9.84383
3 11 25.3032 8.37756 8.3648
3 12 28.5072 7.67175 7.65713
3 13 28.7917 8.55852 8.41655
3 14 37.8929 10.3796 9.84731
3 15 45.6282 12.7203 12.5682
3 16 67.7706 18.4378 18.2912
3 17 92.4581 25.503 25.351
3 18 129.337 37.7479 37.5761
3 19 220.914 63.4878 63.315
3 20 0 0.250592 0
4 0 29.5012 8.26989 8.16035
4 1 14.9046 3.79781 3.42766
4 2 15.9964 4.31584 3.88368
4 3 15.4609 4.97771 4.79603
4 4 12.1663 3.12842 2.70191
4 5 17.5274 5.54412 5.42517
4 6 15.1278 3.90582 3.7827
4 7 18.8684 6.01007 5.89258
4 8 15.7618 4.04686 3.67689
4 9 21.2016 7.72415 7.52007
4 10 20.0043 5.12487 4.75648
4 11 20.8332 5.09059 4.97145
4 12 24.158 8.36553 8.25525
4 13 29.4651 8.86292 8.81988
4 14 31.2599 7.52582 7.3238
4 15 34.1203 9.82047 9.6827
4 16 50.5038 14.6265 14.537
4 17 51.0071 12.4883 12.3019
4 18 62.5344 15.5587 15.5369
4 19 110.028 33.4178 33.2331
4 20 0 0.250592 0
