0.03 0
1 0 320.078 66.8744 67.0003
1 1 308.281 60.4993 60.6119
1 2 311.56 61.5741 61.6957
1 3 303.579 64.6631 64.7964
1 4 274.45 58.1763 58.2493
1 5 292.498 61.7172 61.8462
1 6 308.632 66.8739 67.0119
1 7 285.514 59.836 59.9165
1 8 289.46 63.641 63.7793
1 9 289.463 62.2768 62.3693
1 10 313.73 65.2168 65.3465
1 11 309.642 64.1484 64.2752
1 12 324.592 67.1331 67.2698
1 13 302.015 62.1114 62.2006
1 14 314.809 62.9661 63.0484
1 15 298.111 60.3086 60.4286
1 16 320.678 67.7828 67.9291
1 17 300.582 64.6076 64.7526
1 18 296.771 69.6458 69.7886
1 19 301.46 69.6639 69.8202
1 20 306.402 66.1567 66.2881
1 21 295.784 56.9254 57.0003
1 22 331.046 68.8732 69.0152
1 23 335.169 71.0901 71.2407
1 24 0 0.151737 0
2 0 243.908 48.2154 48.2552
2 1 245.476 45.081 45.1543
2 2 243.447 44.6759 44.7511
2 3 236.111 47.9517 48.0444
2 4 212.252 40.5696 40.5936
2 5 220.362 41.5316 41.608
2 6 237.432 47.5114 47.599
2 7 226.151 45.0805 45.1211
2 8 223.755 47.4215 47.512
2 9 224.176 44.3741 44.4198
2 10 243.352 46.5248 46.6068
2 11 242.632 47.949 48.0356
2 12 250.508 49.2819 49.3737
2 13 239.643 47.1479 47.1978
2 14 249.303 46.1962 46.2347
2 15 236.913 45.8326 45.915
2 16 250.36 49.6959 49.7965
2 17 234.547 47.1912 47.2809
2 18 229.088 47.354 47.4368
2 19 232.713 49.93 50.0197
2 20 238.595 45.3606 45.4012
2 21 232.491 41.8524 41.8893
2 22 250.244 47.7135 47.8008
2 23 256.053 50.06 50.1567
2 24 0 0.151737 0
3 0 76.17 18.7412 18.7452
3 1 62.8052 15.5066 15.4575
3 2 68.1134 16.9858 16.9446
3 3 67.4685 16.7835 16.752
3 4 62.1979 17.7039 17.6557
3 5 72.1362 20.23 20.2383
3 6 71.1995 19.4407 19.4129
3 7 59.3629 14.8297 14.7953
3 8 65.7051 16.2901 16.2673
3 9 65.2871 18.0062 17.9495
3 10 70.3779 18.7628 18.7397
3 11 67.0106 16.2665 16.2396
3 12 74.0836 17.9222 17.8961
3 13 62.3721 15.035 15.0028
3 14 65.5056 16.8636 16.8137
3 15 61.1975 14.5681 14.5136
3 16 70.3181 18.1576 18.1326
3 17 66.0351 17.4988 17.4717
3 18 67.683 22.3435 22.3518
3 19 68.7467 19.8223 19.8005
3 20 67.8075 20.8694 20.8869
3 21 63.2923 15.1408 15.1109
3 22 80.8015 21.2317 21.2144
3 23 79.1161 21.1003 21.0839
3 24 0 0.151737 0
4 0 201.247 43.2461 43.2665
4 1 201.155 39.667 39.7285
4 2 204.928 40.8019 40.8699
4 3 199.113 42.4683 42.5509
4 4 180.292 39.5612 39.5872
4 5 197.951 43.2016 43.2861
4 6 213.36 48.302 48.3489
4 7 193.368 41.2892 41.323
4 8 193.978 44.3917 44.4757
4 9 190.409 42.237 42.2777
4 10 202.581 42.8386 42.9157
4 11 196.498 42.1423 42.2182
4 12 201.462 40.4781 40.5447
4 13 199.935 42.8164 42.8563
4 14 213.338 44.1766 44.2151
4 15 195.735 40.8609 40.9319
4 16 217.001 47.8206 47.912
4 17 199.256 45.587 45.6689
4 18 189.393 43.9011 43.9806
4 19 198.092 42.757 42.8428
4 20 206.613 48.096 48.183
4 21 200.121 39.7217 39.7573
4 22 225.755 48.8843 48.9803
4 23 215.682 45.9912 46.0346
4 24 0 0.151737 0
5 0 118.83 23.7217 23.7339
5 1 107.127 20.9291 20.8834
5 2 106.632 20.8147 20.8259
5 3 104.466 22.2357 22.2455
5 4 94.1586 18.7012 18.662
5 5 94.5467 18.5774 18.5601
5 6 95.2715 18.6799 18.663
5 7 92.1454 18.6329 18.5934
5 8 95.4814 19.3169 19.3036
5 9 99.0543 20.1176 20.0916
5 10 111.149 22.4567 22.4308
5 11 113.144 22.0683 22.057
5 12 123.13 26.8368 26.7252
5 13 102.08 19.3735 19.3443
5 14 101.471 18.8745 18.8333
5 15 102.376 19.535 19.4967
5 16 103.678 20.0548 20.0171
5 17 101.326 19.2578 19.0837
5 18 107.378 25.8062 25.808
5 19 103.367 27.1034 26.9774
5 20 99.7896 18.1461 18.1051
5 21 95.6628 17.2706 17.2429
5 22 105.291 20.1764 20.0349
5 23 119.487 25.2036 25.206
5 24 0 0.151737 0
6 0 152.358 31.557 31.5458
6 1 155.506 28.8531 28.8874
6 2 157.216 28.7066 28.7424
6 3 150.82 30.4533 30.5032
6 4 135.781 25.6668 25.6525
6 5 144.858 28.0597 28.102
6 6 159.868 32.848 32.8503
6 7 148.9 29.6841 29.6852
6 8 147.669 32.3339 32.3803
6 9 142.848 29.2928 29.2963
6 10 156.331 30.5871 30.6261
6 11 151.589 31.0955 31.1069
6 12 154.123 28.8802 28.9146
6 13 156.635 32.1718 32.1815
6 14 167.352 32.0182 32.0222
6 15 152.097 30.5031 30.5457
6 16 165.243 33.7985 33.8511
6 17 154.56 32.992 33.0387
6 18 142.643 27.4743 27.5069
6 19 150.171 29.6818 29.7161
6 20 154.628 30.7242 30.7334
6 21 154.949 28.801 28.8112
6 22 167.71 34.0404 34.0959
6 23 159.152 30.4021 30.4017
6 24 0 0.151737 0
7 0 91.5495 16.7656 16.7094
7 1 89.9698 16.3263 16.2669
7 2 86.2314 16.0146 16.0087
7 3 85.2905 17.5673 17.5412
7 4 76.471 15.0022 14.9411
7 5 75.5041 13.652 13.506
7 6 77.564 14.7742 14.7487
7 7 77.2512 15.4808 15.4359
7 8 76.0858 15.1578 15.1316
7 9 81.3284 15.175 15.1234
7 10 87.0205 16.0257 15.9806
7 11 91.0427 16.9929 16.9287
7 12 96.3851 20.5791 20.4591
7 13 83.0082 15.0561 15.0163
7 14 81.9517 14.2629 14.2125
7 15 84.8165 15.4199 15.3693
7 16 85.1168 15.9956 15.9454
7 17 79.9872 14.4012 14.2422
7 18 86.4451 19.961 19.9299
7 19 82.5425 20.4179 20.3036
7 20 83.9668 14.732 14.6678
7 21 77.5418 13.2367 13.0782
7 22 82.5348 13.856 13.705
7 23 96.9013 19.7687 19.755
7 24 0 0.151737 0
8 0 48.8894 11.8687 11.7206
8 1 45.6483 10.9044 10.841
8 2 47.7126 12.1763 12.1275
8 3 48.2929 12.0915 12.0478
8 4 44.5103 13.992 13.9347
8 5 53.0936 15.2146 15.1841
8 6 53.4919 15.5349 15.4986
8 7 44.4687 11.6819 11.6378
8 8 46.3095 12.1314 12.0954
8 9 47.5612 13.0535 12.9814
8 10 46.2499 12.3521 12.2895
8 11 44.9094 11.1541 11.1113
8 12 47.3392 11.6897 11.6301
8 13 43.3001 10.7205 10.6748
8 14 45.9866 12.2502 12.1929
8 15 43.6378 10.4516 10.3863
8 16 51.7571 14.0984 14.0609
8 17 44.696 12.6893 12.6302
8 18 46.7499 16.4818 16.4737
8 19 47.9218 13.1673 13.1267
8 20 51.9847 17.5815 17.4496
8 21 45.1713 10.9868 10.9462
8 22 58.045 14.918 14.8844
8 23 56.5305 15.6876 15.6329
8 24 0 0.151737 0
9 0 27.2806 7.05912 7.02452
9 1 17.157 4.78521 4.61653
9 2 20.4007 4.96671 4.81716
9 3 19.1755 4.86175 4.70425
9 4 17.6876 3.89505 3.72094
9 5 19.0427 5.12525 5.05413
9 6 17.7075 4.07998 3.9143
9 7 14.8943 3.3358 3.15751
9 8 19.3955 4.32832 4.1719
9 9 17.7259 5.05787 4.96817
9 10 24.1281 6.51503 6.45016
9 11 22.1012 5.2218 5.1283
9 12 26.7444 6.40563 6.26605
9 13 19.072 4.48681 4.32794
9 14 19.5189 4.70622 4.62079
9 15 17.5597 4.29439 4.12738
9 16 18.561 4.23885 4.07171
9 17 21.3391 4.99688 4.84146
9 18 20.933 5.95254 5.87812
9 19 20.825 6.83917 6.67375
9 20 15.8228 3.53929 3.43729
9 21 18.121 4.26241 4.16473
9 22 22.7564 6.50702 6.32995
9 23 22.5856 5.5872 5.45105
9 24 0 0.151737 0
