0 0
1 0 23.908 9.50697 9.45835
1 1 171.28 45.4831 45.5659
1 2 594.533 146.04 146.361
1 3 812.241 190.067 190.445
1 4 666.218 148.293 148.594
1 5 482.326 102.079 102.292
1 6 352.317 74.2225 74.3479
1 7 231.65 44.1677 44.2125
1 8 149.801 29.82 29.8473
1 9 107.468 21.715 21.7051
1 10 71.032 14.0388 13.989
1 11 43.6918 8.39386 8.18879
1 12 30.2096 6.12637 5.96995
1 13 19.8419 3.69124 3.5043
1 14 13.7747 2.98635 2.8056
1 15 10.0642 2.0163 1.84131
1 16 4.15111 0.831135 0.666502
1 17 7.06076 1.72316 1.54489
1 18 4.75075 1.09358 0.938483
1 19 2.08817 0.521009 0.368966
1 20 22.5927 7.91291 7.74519
2 0 38.4125 11.556 11.4982
2 1 233.161 58.7338 58.814
2 2 618.787 132.019 132.285
2 3 751.908 151.939 152.22
2 4 549.267 113.345 113.574
2 5 371.737 71.0944 71.2316
2 6 282.671 54.7846 54.8541
2 7 188.714 35.0264 34.9284
2 8 124.817 26.9928 26.9964
2 9 78.2372 15.3996 15.3576
2 10 55.2332 16.176 16.053
2 11 37.9779 9.7926 9.64246
2 12 23.7784 4.6978 4.5287
2 13 18.2184 3.71564 3.56887
2 14 14.337 2.87354 2.71305
2 15 10.7503 2.38564 2.2097
2 16 7.50834 2.67003 2.49025
2 17 5.68349 1.24857 1.08538
2 18 2.7641 0.713661 0.560897
2 19 2.95544 0.742272 0.584833
2 20 26.6791 7.60741 7.52739
