0 0
1 0 0 0.0157525 0
1 1 5.71552 0.593079 0.589136
1 2 7.18536 0.484042 0.475271
1 3 8.40823 0.636729 0.625631
1 4 8.78522 0.639247 0.634718
1 5 9.68766 0.684973 0.675225
1 6 11.186 0.73944 0.730863
1 7 11.445 0.831479 0.765505
1 8 10.3067 0.906342 0.89135
1 9 12.3521 0.725812 0.720518
1 10 16.9412 1.09377 1.0896
1 11 16.9323 0.942289 0.937677
1 12 20.7253 1.41459 1.40529
1 13 21.5989 1.36767 1.36623
1 14 17.4072 0.99038 0.987799
1 15 13.9732 0.798222 0.793159
1 16 8.13148 0.499756 0.425265
1 17 5.74566 0.339703 0.334783
1 18 4.416 0.277568 0.274543
1 19 3.34102 0.204136 0.200308
1 20 2.496 0.166273 0.132514
1 21 2.88912 0.191204 0.185998
1 22 2.34634 0.150845 0.146307
1 23 2.61705 0.181371 0.176205
1 24 1.68644 0.11162 0.0886465
1 25 1.99979 0.138569 0.107773
1 26 1.55194 0.114454 0.108804
1 27 0.898577 0.0653824 0.0449995
1 28 0.835405 0.0711036 0.0447169
1 29 13.1108 0.763992 0.766006
2 0 0 0.0157525 0
2 1 6.51223 0.55065 0.54618
2 2 7.91643 0.682929 0.668638
2 3 6.99897 0.569965 0.565568
2 4 6.45071 0.377138 0.370522
2 5 7.03243 0.470685 0.464563
2 6 10.7712 0.770085 0.766792
2 7 9.43873 0.549872 0.546402
2 8 10.7651 0.680282 0.677438
2 9 14.1349 0.869058 0.866992
2 10 19.151 1.23188 1.23123
2 11 20.9736 1.25149 1.24781
2 12 26.5807 1.55727 1.55708
2 13 25.9107 1.54822 1.541
2 14 21.4521 1.51317 1.51727
2 15 10.0707 0.567219 0.563809
2 16 5.38924 0.350924 0.34712
2 17 3.65685 0.223344 0.196192
2 18 2.73225 0.170239 0.146424
2 19 1.73207 0.114518 0.0891654
2 20 1.34888 0.10024 0.0677303
2 21 1.72883 0.121621 0.100035
2 22 1.52872 0.113454 0.0922003
2 23 1.56884 0.106417 0.0840241
2 24 1.29984 0.0971518 0.0776098
2 25 0.795791 0.0624492 0.0436755
2 26 1.31862 0.103668 0.0729425
2 27 0.796271 0.0666819 0.0436875
2 28 0.685539 0.0700624 0.0641151
2 29 8.11482 0.481736 0.432677
