0.03 0
1 0 155.043 40.33 40.3952
1 1 201.647 43.9984 44.071
1 2 233.815 53.1653 53.2704
1 3 240.333 52.429 52.5309
1 4 242.792 54.1698 54.2777
1 5 257.833 56.0793 56.16
1 6 238.249 47.7124 47.76
1 7 261.044 54.8202 54.9268
1 8 266.819 59.4628 59.5838
1 9 269.149 64.1449 64.2771
1 10 271.63 61.3494 61.439
1 11 269.448 61.3633 61.4563
1 12 272.976 61.5269 61.653
1 13 282.4 63.7745 63.8695
1 14 268.138 59.7091 59.8298
1 15 275.282 61.5152 61.5745
1 16 299.003 69.2203 69.3693
1 17 295.079 67.1373 67.2781
1 18 285.038 66.7203 66.8503
1 19 304.982 76.8281 76.9905
1 20 306.704 72.0521 72.2095
1 21 301.29 75.2275 75.391
1 22 309.257 85.1267 85.329
1 23 283.885 67.733 67.8273
1 24 241.015 66.944 67.0844
1 25 125.45 36.3776 36.406
1 26 9.63008 2.69091 2.59604
2 0 75.2321 19.278 19.1484
2 1 125.228 24.7631 24.781
2 2 161.934 34.3114 34.365
2 3 184.669 37.8499 37.9126
2 4 194.29 42.497 42.573
2 5 209.549 43.2169 43.2632
2 6 197.499 36.3917 36.4084
2 7 216.33 42.5514 42.621
2 8 222.947 46.8268 46.9139
2 9 218.08 48.1954 48.2837
2 10 228.022 48.8681 48.9241
2 11 220.494 47.4235 47.4785
2 12 224.153 48.1893 48.2799
2 13 233.534 49.3036 49.359
2 14 219.745 44.7846 44.8658
2 15 225.342 47.4285 47.4496
2 16 245.886 55.3143 55.427
2 17 231.12 48.6698 48.7611
2 18 234.935 53.865 53.9601
2 19 248.629 60.0267 60.1453
2 20 236.495 51.5307 51.6284
2 21 224.081 49.9156 50.0113
2 22 212.007 50.6776 50.7866
2 23 185.602 40.5847 40.5781
2 24 142.48 39.2039 39.2677
2 25 54.5894 16.5157 16.4631
2 26 5.45037 1.3861 1.23976
3 0 79.8106 21.2743 21.2468
3 1 76.4187 19.3078 19.29
3 2 71.8808 18.8998 18.9054
3 3 55.6641 14.6558 14.6183
3 4 48.5019 11.7964 11.7046
3 5 48.2843 12.9538 12.8968
3 6 40.7507 11.4089 11.3516
3 7 44.7137 12.358 12.3058
3 8 43.8718 12.7244 12.67
3 9 51.0688 16.0232 15.9934
3 10 43.6075 12.5555 12.5149
3 11 48.9545 14.0109 13.9778
3 12 48.8223 13.4289 13.3731
3 13 48.866 14.5616 14.5105
3 14 48.3931 14.9774 14.964
3 15 49.9407 14.2804 14.1249
3 16 53.1169 13.9993 13.9422
3 17 63.9589 18.5447 18.517
3 18 50.103 12.9305 12.8903
3 19 56.353 16.8688 16.8452
3 20 70.2087 20.597 20.5811
3 21 77.2091 25.3865 25.3797
3 22 97.2495 34.5435 34.5424
3 23 98.283 27.2491 27.2492
3 24 98.5351 27.7843 27.8166
3 25 70.8605 19.9563 19.9429
3 26 4.17971 1.47701 1.35628
4 0 92.8942 26.323 26.3248
4 1 132.156 30.2748 30.3087
4 2 151.988 37.4943 37.5565
4 3 146.094 32.8326 32.8807
4 4 142.382 29.7991 29.7968
4 5 154.683 36.7918 36.82
4 6 137.714 28.836 28.8344
4 7 147.315 32.6926 32.7448
4 8 149.462 32.6535 32.7034
4 9 151.6 37.2454 37.3049
4 10 139.236 31.8308 31.8442
4 11 143.102 32.9187 32.9131
4 12 137.449 31.211 31.2532
4 13 145.275 31.3913 31.4044
4 14 149.427 35.5978 35.6625
4 15 145.314 32.2461 32.224
4 16 157.132 37.3424 37.372
4 17 154.718 35.5622 35.6266
4 18 137.918 30.3998 30.4106
4 19 161.062 42.7297 42.8067
4 20 153.912 34.6822 34.7341
4 21 162.394 43.1394 43.1757
4 22 159.631 45.6981 45.7518
4 23 161.593 39.7543 39.7927
4 24 136.952 37.5653 37.6261
4 25 61.915 16.1094 16.0846
4 26 6.31151 1.92561 1.82689
5 0 62.1485 14.2012 14.0704
5 1 69.4913 13.7945 13.7624
5 2 81.8272 15.7173 15.7139
5 3 94.2391 19.6736 19.6502
5 4 100.41 24.4957 24.4809
5 5 103.15 19.3766 19.34
5 6 100.535 18.9687 18.9256
5 7 113.729 22.2105 22.1819
5 8 117.357 26.8601 26.8804
5 9 117.549 26.9402 26.9722
5 10 132.394 29.6068 29.5948
5 11 126.346 28.5328 28.5432
5 12 135.527 30.3941 30.3998
5 13 137.125 32.4662 32.4651
5 14 118.711 24.2004 24.1673
5 15 129.968 29.3583 29.3505
5 16 141.87 31.957 31.9972
5 17 140.361 31.6396 31.6515
5 18 147.12 36.4271 36.4397
5 19 143.92 34.1657 34.1838
5 20 152.792 37.4112 37.4753
5 21 138.896 32.2139 32.2152
5 22 149.626 39.4943 39.5773
5 23 122.292 28.0455 28.0346
5 24 104.063 29.447 29.4583
5 25 63.5349 20.3364 20.3215
5 26 3.31858 0.924452 0.769147
6 0 46.4878 12.9742 12.8188
6 1 82.6773 17.6262 17.6229
6 2 102.026 23.3636 23.3805
6 3 108.897 22.7713 22.615
6 4 110.478 21.6867 21.6631
6 5 122.658 27.4489 27.4509
6 6 111.262 21.7298 21.7074
6 7 117.755 24.0061 24.0271
6 8 122.36 25.4987 25.3344
6 9 121.129 27.7359 27.7678
6 10 110.919 23.0831 23.071
6 11 115.48 25.5997 25.5721
6 12 108.275 22.3669 22.3831
6 13 121.076 25.008 25.0021
6 14 119.54 25.3842 25.3784
6 15 118.123 25.3779 25.345
6 16 129.072 29.282 29.2881
6 17 118.174 25.5724 25.6017
6 18 112.533 23.4446 23.4349
6 19 130.405 33.2684 33.3146
6 20 115.102 23.6076 23.6198
6 21 120.83 28.8256 28.8201
6 22 109.972 27.3643 27.3703
6 23 104.778 25.1544 25.1289
6 24 79.4811 20.6126 20.6205
6 25 27.0917 7.1784 7.003
6 26 3.31225 0.96574 0.824765
7 0 28.7443 6.48306 6.32959
7 1 42.5508 7.31011 7.1581
7 2 59.9078 11.0314 10.9845
7 3 75.7723 15.3632 15.2976
7 4 83.812 20.9293 20.9099
7 5 86.8909 15.9599 15.8123
7 6 86.2367 14.8771 14.7011
7 7 98.5754 18.6331 18.5938
7 8 100.588 21.5744 21.5794
7 9 96.9508 20.5272 20.5159
7 10 117.104 25.8732 25.8531
7 11 105.013 21.9158 21.9063
7 12 115.879 25.8995 25.8968
7 13 112.458 24.3818 24.3569
7 14 100.205 19.5312 19.4874
7 15 107.219 22.134 22.1046
7 16 116.814 26.1187 26.1389
7 17 112.946 23.1723 23.1594
7 18 122.403 30.5297 30.5251
7 19 118.224 26.8333 26.8307
7 20 121.393 27.9758 28.0086
7 21 103.251 21.2146 21.1912
7 22 102.035 23.3953 23.4163
7 23 80.8242 15.6381 15.4492
7 24 62.9989 18.7924 18.6473
7 25 27.4977 9.52171 9.46013
7 26 2.13812 0.565537 0.41499
8 0 46.4064 13.554 13.506
8 1 49.4782 12.7236 12.6857
8 2 49.9614 14.228 14.176
8 3 37.1973 10.3431 10.2657
8 4 31.9037 8.22731 8.13367
8 5 32.0252 9.43415 9.36913
8 6 26.4525 7.19526 7.12702
8 7 29.56 8.79716 8.71771
8 8 27.1028 7.45291 7.36896
8 9 30.4709 9.59957 9.53712
8 10 28.317 8.82536 8.77318
8 11 27.6217 7.41156 7.34095
8 12 29.1741 8.93009 8.87007
8 13 24.1992 6.47699 6.40232
8 14 29.8874 10.3123 10.2841
8 15 27.1913 7.04791 6.87903
8 16 28.0606 8.15736 8.0839
8 17 36.5434 10.1677 10.0249
8 18 25.3855 7.04547 6.97568
8 19 30.6565 9.55068 9.49209
8 20 38.8098 11.1589 11.1143
8 21 41.5635 14.3954 14.3556
8 22 49.6581 18.426 18.3815
8 23 56.8156 14.6972 14.6637
8 24 57.4712 17.0306 17.0056
8 25 34.8233 9.12836 9.08159
8 26 2.99926 1.12477 1.00213
9 0 33.4042 7.89024 7.74079
9 1 26.9405 6.67148 6.60427
9 2 21.9194 4.87543 4.72937
9 3 18.4668 4.5043 4.35261
9 4 16.5982 3.66279 3.57097
9 5 16.2591 3.63054 3.52768
9 6 14.2982 4.32912 4.22456
9 7 15.1537 3.69056 3.58807
9 8 16.7691 5.40177 5.30101
9 9 20.5979 6.52434 6.45623
9 10 15.2905 3.90602 3.74177
9 11 21.3329 6.69234 6.63688
9 12 19.6482 4.66305 4.50299
9 13 24.6668 8.18511 8.10821
9 14 18.5057 4.82799 4.67989
9 15 22.7495 7.38938 7.24583
9 16 25.0563 6.03874 5.85833
9 17 27.4155 8.56388 8.49211
9 18 24.7175 6.07689 5.91459
9 19 25.6966 7.44111 7.35313
9 20 31.3989 9.51501 9.46677
9 21 35.6457 11.103 11.0241
9 22 47.5914 16.2087 16.1609
9 23 41.4675 12.6427 12.5854
9 24 41.0639 10.8556 10.811
9 25 36.0372 10.9164 10.8613
9 26 1.18045 0.510484 0.354156
