0 0
1 0 1198.1 283.911 283.556
1 1 1144.3 250.068 249.752
1 2 494.494 117.572 117.417
1 3 162.905 42.3923 42.253
1 4 83.7832 21.6914 21.5577
1 5 61.3605 15.7342 15.6042
1 6 35.4388 9.56221 9.5297
1 7 27.1402 7.31687 7.27635
1 8 20.9866 5.10984 5.06093
1 9 13.0557 3.4305 2.71795
1 10 10.8679 3.38814 2.49032
1 11 10.4549 3.01339 2.30561
1 12 10.3011 3.05504 2.96676
1 13 7.31164 2.36765 1.69705
1 14 6.88733 2.44599 1.74943
1 15 66.4377 20.8839 20.6891
2 0 316.397 95.5219 95.3232
2 1 320.074 95.4906 95.2958
2 2 154.01 45.6923 45.5134
2 3 54.4084 15.9785 15.809
2 4 29.0952 7.92009 7.88258
2 5 19.8335 5.69477 5.5387
2 6 12.0776 3.69723 3.64269
2 7 8.48112 2.74797 2.68922
2 8 6.2451 2.09733 2.03628
2 9 4.39916 1.64627 1.58041
2 10 3.06697 1.46826 0.81594
2 11 3.51543 1.39097 1.32226
2 12 1.75663 0.895248 0.450832
2 13 2.0496 1.01726 0.604252
2 14 3.0909 1.91092 0.847722
2 15 23.5882 7.1926 6.47543
