0 0
1 0 1.02782 0.0845046 0.0680181
1 1 0.916364 0.07386 0.0570546
1 2 2.11856 0.168969 0.163805
1 3 3.74698 0.270058 0.26556
1 4 8.01736 0.800245 0.797326
1 5 17.9997 2.01439 2.01483
1 6 35.8307 3.76691 3.77222
1 7 73.5354 7.96748 7.98463
1 8 103.885 11.6829 11.7101
1 9 152.498 16.0552 16.0927
1 10 203.771 21.836 21.8871
1 11 297.909 36.315 36.3986
1 12 371.811 42.7167 42.8066
1 13 426.069 48.2693 48.3653
1 14 481.302 61.1573 61.2797
1 15 503.915 62.4764 62.5987
1 16 509.971 56.6978 56.6289
1 17 505.424 54.1949 54.1285
1 18 525.427 59.9724 59.8995
1 19 532.418 56.6207 56.7178
1 20 541.745 58.1464 58.0736
1 21 540.646 59.0793 59.0058
1 22 532.086 59.9355 59.862
1 23 497.628 52.2376 52.1735
1 24 457.575 45.0503 44.9953
1 25 438.329 45.3241 45.27
1 26 398.549 42.9607 42.9104
1 27 354.306 33.5637 33.5243
1 28 327.21 30.4399 30.4042
1 29 310.023 30.8903 30.854
1 30 280.472 26.7353 26.7036
1 31 254.558 24.0161 23.9872
1 32 247.81 23.1062 23.0782
1 33 222.935 21.6043 21.5769
1 34 206.429 19.7263 19.7006
1 35 189.636 17.2014 17.1787
1 36 172.743 17.1826 17.1577
1 37 149.106 13.9611 13.9397
1 38 144.873 13.9121 13.89
1 39 118.802 11.0762 11.0564
1 40 91.8031 8.03923 8.02242
1 41 76.707 6.59324 6.57744
1 42 61.3859 5.98157 5.96199
1 43 51.9668 4.11119 4.09823
1 44 41.2685 3.3535 3.34006
1 45 32.0554 2.7921 2.77687
1 46 26.3711 2.10156 2.08885
1 47 16.5768 1.04455 1.03666
1 48 13.3407 0.800083 0.79691
1 49 11.6665 0.695155 0.697069
1 50 6.39493 0.366714 0.360291
1 51 3.72414 0.225395 0.220881
1 52 3.22425 0.205354 0.174997
1 53 1.23176 0.0869221 0.0675318
1 54 0.411783 0.0364321 0.0204934
1 55 0.561626 0.0620415 0.056438
1 56 0.162163 0.0220593 0.00816487
1 57 0.0127502 0.0052207 0.000162567
1 58 0 0.0157525 0
1 59 0 0.0157525 0
1 60 5.3935 0.510159 0.505982
