0.03 0
1 0 7285.25 3173.24 3169.41
1 1 8210.59 3551.46 3545.1
1 2 8483.3 3773.35 3766.43
1 3 8585.04 3797.12 3789.92
1 4 8666.39 3832.98 3825.66
1 5 8800.09 3878.18 3870.12
1 6 8852.96 3901.29 3893.18
1 7 8927 3991.62 3983.34
1 8 8937.35 3839.02 3830.33
1 9 9136.09 4032.73 4023.82
1 10 9078.08 3927.9 3918.79
1 11 9178.52 3976.59 3967.32
1 12 9129.24 3994.36 3985.35
1 13 9004.08 3943.97 3935.33
1 14 9169.89 4082.3 4073.15
1 15 9166.73 3993.39 3984.45
1 16 9180.01 3904.23 3894.5
1 17 9008.57 4006.58 3998.05
1 18 9155.96 4002.93 3993.83
1 19 9041.97 3833.11 3824.1
1 20 9024.74 3910.8 3901.86
1 21 8962.8 3908.99 3900.45
1 22 8976.63 3880.8 3872.21
1 23 8553.82 3680.17 3672.91
1 24 8070.53 3619.81 3614.39
1 25 4397.75 1928.62 1929.57
1 26 132.956 51.9935 52.0754
2 0 1045.81 432.304 433.297
2 1 2153.71 850.473 851.842
2 2 2735.76 1162.05 1163.64
2 3 2979.94 1183.74 1185.05
2 4 3240.17 1349.47 1350.91
2 5 3389.13 1370.42 1371.62
2 6 3538.29 1449.92 1451.11
2 7 3671.93 1546.42 1547.66
2 8 3729.17 1442.29 1443.11
2 9 3941.25 1616.73 1617.7
2 10 3984.28 1642.72 1643.66
2 11 3942.86 1576.57 1577.27
2 12 4005.83 1731.96 1733.05
2 13 3841.78 1555.12 1555.99
2 14 3922.87 1637.89 1638.91
2 15 3875.14 1620.42 1621.5
2 16 3868.78 1531.51 1532.32
2 17 3667.11 1460.96 1461.93
2 18 3782.79 1594.14 1595.28
2 19 3577.6 1394.18 1395.12
2 20 3467.96 1341.03 1342.01
2 21 3337.49 1337.72 1338.89
2 22 3095.22 1204.5 1205.71
2 23 2737.86 1030.42 1031.58
2 24 2161.62 920.395 921.921
2 25 612.719 212.558 213.077
2 26 41.9229 15.9311 15.9045
3 0 6239.44 2737.77 2736.11
3 1 6056.88 2694.53 2693.25
3 2 5747.54 2603.29 2602.79
3 3 5605.1 2605.1 2604.86
3 4 5426.22 2474.79 2474.75
3 5 5410.96 2498.4 2498.5
3 6 5314.67 2441.96 2442.08
3 7 5255.06 2435.3 2435.68
3 8 5208.18 2386.96 2387.22
3 9 5194.84 2405.71 2406.13
3 10 5093.8 2274.95 2275.13
3 11 5235.66 2389.89 2390.05
3 12 5123.41 2252.2 2252.31
3 13 5162.3 2378.99 2379.34
3 14 5247.02 2434 2434.24
3 15 5291.6 2363.05 2362.95
3 16 5311.23 2362.28 2362.18
3 17 5341.47 2535.85 2536.12
3 18 5373.17 2398.66 2398.55
3 19 5464.36 2429.26 2428.98
3 20 5556.79 2560.09 2559.85
3 21 5625.31 2561.84 2561.56
3 22 5881.41 2667.22 2666.5
3 23 5815.97 2642.05 2641.33
3 24 5908.92 2693.34 2692.47
3 25 3785.03 1715.02 1716.49
3 26 91.0332 36.1296 36.1709
