0.03 0
1 0 3821 861.547 860.393
1 1 2552.1 524.139 524.051
1 2 660.359 145.43 145.726
1 3 173.521 37.8816 37.9116
1 4 44.9421 12.0093 11.9583
1 5 12.6787 3.1639 3.07731
2 0 2878.38 594.225 593.929
2 1 2033.92 389.469 389.583
2 2 531.389 111.013 111.243
2 3 133.858 26.7415 26.7213
2 4 34.4797 8.40588 8.34628
2 5 9.46336 2.1703 2.01506
3 0 942.624 265.907 266.464
3 1 518.175 134.163 134.468
3 2 128.97 34.4551 34.4824
3 3 39.6631 11.2467 11.1902
3 4 10.4624 3.72256 3.61205
3 5 3.21535 1.17214 1.06225
4 0 3821 861.547 860.393
4 1 0 0.151737 0
4 2 0 0.151737 0
4 3 0 0.151737 0
4 4 0 0.151737 0
4 5 0 0.151737 0
5 0 0 0.151737 0
5 1 2552.1 524.139 524.051
5 2 660.359 145.43 145.726
5 3 173.521 37.8816 37.9116
5 4 44.9421 12.0093 11.9583
5 5 12.6787 3.1639 3.07731
6 0 2878.38 594.225 593.929
6 1 0 0.151737 0
6 2 0 0.151737 0
6 3 0 0.151737 0
6 4 0 0.151737 0
6 5 0 0.151737 0
7 0 0 0.151737 0
7 1 2033.92 389.469 389.583
7 2 531.389 111.013 111.243
7 3 133.858 26.7415 26.7213
7 4 34.4797 8.40588 8.34628
7 5 9.46336 2.1703 2.01506
8 0 942.624 265.907 266.464
8 1 0 0.151737 0
8 2 0 0.151737 0
8 3 0 0.151737 0
8 4 0 0.151737 0
8 5 0 0.151737 0
9 0 0 0.151737 0
9 1 518.175 134.163 134.468
9 2 128.97 34.4551 34.4824
9 3 39.6631 11.2467 11.1902
9 4 10.4624 3.72256 3.61205
9 5 3.21535 1.17214 1.06225
