0 0
1 0 7.84771 2.1365 1.96597
1 1 14.336 4.28214 4.10493
1 2 22.6051 11.9392 11.8426
1 3 38.4447 11.5558 11.4646
1 4 108.916 62.2468 62.3008
1 5 222.695 113.251 113.502
1 6 388.752 159.347 159.701
1 7 713.862 314.29 315.052
1 8 945.085 432.173 433.196
1 9 1366.71 660.395 661.866
1 10 1687.41 806.452 808.12
1 11 2090.15 981.091 982.888
1 12 2501.44 1231.97 1234.06
1 13 2709.44 1277.61 1279.6
1 14 3003.92 1430.52 1432.45
1 15 3136.12 1441.23 1443.1
1 16 3331.54 1568.6 1570.47
1 17 3485.09 1596.27 1598
1 18 3769.9 1701.86 1703.33
1 19 4031.05 1808.67 1810.02
1 20 4279.58 1827.43 1828.26
1 21 4453.25 1874.72 1875.33
1 22 4429.13 1862.89 1863.58
1 23 4281.61 1818.87 1819.66
1 24 4045.92 1666.37 1667.15
1 25 3802.07 1582.08 1583.15
1 26 3469.95 1354.04 1355.01
1 27 3288.34 1300.23 1298.1
1 28 3198.47 1283.83 1285.07
1 29 3191.75 1361.17 1362.68
1 30 2836.67 1133.08 1134.43
1 31 2791.88 1110.97 1112.29
1 32 2916.58 1176.52 1174.76
1 33 2618.79 1023.47 1022.01
1 34 2390.87 930.196 928.933
1 35 2115.09 795.628 794.593
1 36 2052.69 747.091 746.118
1 37 1977.37 759.65 758.698
1 38 1877.69 692.646 691.781
1 39 1659.56 601.363 600.637
1 40 1490.67 513.026 512.416
1 41 1310.03 429.677 429.173
1 42 1130.81 381.391 380.948
1 43 988.976 302.221 301.869
1 44 852.038 234.952 234.678
1 45 719.62 190.312 190.084
1 46 627.125 152.511 152.326
1 47 511.201 117.427 117.278
1 48 403.318 87.2813 87.1601
1 49 343.15 68.5348 68.6497
1 50 282.882 48.6567 48.72
1 51 211.49 34.0837 34.0241
1 52 160.988 24.3814 24.1367
1 53 106.604 15.177 15.0294
1 54 64.4654 8.1548 7.96679
1 55 37.724 5.35916 5.15061
1 56 17.2506 2.33467 2.12676
1 57 5.55808 0.887968 0.70885
1 58 1.9932 0.398016 0.233916
1 59 0.1395 0.0797801 0.00389205
1 60 75.1762 30.3381 30.3314
2 0 4.5223 1.32294 1.1484
2 1 5.78797 1.65451 1.48031
2 2 10.6818 4.2547 4.08605
2 3 22.3791 14.4239 14.284
2 4 35.6147 13.8916 13.7553
2 5 74.836 40.8327 40.7651
2 6 201.606 121.717 121.881
2 7 508.246 283.273 283.96
2 8 886.773 464.157 465.299
2 9 1374.17 673.848 675.258
2 10 2178.22 1196.85 1199.22
2 11 3311.46 1883.64 1886.45
2 12 4370.32 2581.66 2584.51
2 13 4830.37 2785.91 2788.31
2 14 4956.3 2835.36 2837.65
2 15 5079.66 3003.47 3006
2 16 4836.83 2593.86 2595.72
2 17 4671.74 2476.71 2478.64
2 18 4623.13 2332.38 2333.95
2 19 4567.65 2217.41 2218.74
2 20 4458.57 2159.69 2161.15
2 21 4384.83 2177.67 2179.37
2 22 4220.2 1940.79 1942.13
2 23 4130.72 1957.2 1958.78
2 24 3978.56 1822.18 1823.62
2 25 3731 1706.54 1708.15
2 26 3462.09 1487.57 1488.93
2 27 3306.43 1427.03 1428.56
2 28 3187.59 1351.97 1353.42
2 29 3226.71 1250.81 1251.91
2 30 3714.39 1430.23 1431.03
2 31 4727.12 1733.14 1729.12
2 32 3365.51 1261.17 1262.05
2 33 2932.48 1049.75 1050.73
2 34 2987.54 1074.88 1073.12
2 35 2766.43 984.162 985.164
2 36 2439.17 886.587 887.737
2 37 2018.79 676.408 677.398
2 38 1752.46 593.306 592.561
2 39 1530.74 524.907 524.278
2 40 1286.78 421.091 420.598
2 41 1188.17 383.489 383.043
2 42 907.197 294.035 293.686
2 43 678.825 201.213 201.669
2 44 591.652 164.704 164.49
2 45 517.726 131.592 131.418
2 46 479.485 121.486 121.758
2 47 395.856 85.3351 85.4433
2 48 354.241 73.4159 73.5769
2 49 326.545 58.9358 58.9439
2 50 294.341 46.5109 46.5663
2 51 284.084 45.78 45.8445
2 52 214.629 28.4981 28.2937
2 53 131.243 17.9674 17.8651
2 54 58.6202 7.4763 7.28364
2 55 25.8921 4.57677 4.43874
2 56 8.55229 1.27739 1.09404
2 57 2.97754 0.582722 0.406389
2 58 0.683386 0.190981 0.0585763
2 59 0.1116 0.0737603 0.00311364
2 60 27.7809 13.4118 13.2414
