0.03 0
1 0 92.9124 24.4388 24.4375
1 1 86.005 19.5745 19.4085
1 2 80.2535 18.6238 18.523
1 3 77.1859 15.1732 15.0801
1 4 80.9439 17.028 16.7031
1 5 82.5859 16.275 16.1639
1 6 82.6938 17.9 17.7952
1 7 89.6152 20.1143 20.0146
1 8 79.5404 16.9229 16.8497
1 9 84.8532 17.7778 17.5007
1 10 79.7272 17.1162 17.008
1 11 78.1338 15.3608 15.2789
1 12 81.6747 18.6158 18.5378
1 13 92.4873 24.0931 24.1281
1 14 93.4209 23.0275 22.9688
1 15 91.4956 20.9601 20.8892
1 16 94.4397 20.5068 20.4349
1 17 95.778 21.3133 21.2181
1 18 96.0968 21.1745 21.0783
1 19 97.3948 21.4959 21.4409
1 20 96.3393 23.9072 23.8404
1 21 106.003 27.1382 27.1562
1 22 108.794 24.6499 24.5643
1 23 97.9145 20.101 20.0157
1 24 104.063 21.1164 21.0281
1 25 106.729 23.003 23.0087
1 26 110.773 23.3305 23.3373
1 27 114.751 24.5422 24.5422
1 28 125.656 29.0102 28.97
1 29 131.222 30.2852 30.3022
1 30 132.52 31.37 31.2556
1 31 157.411 42.8101 42.7149
1 32 163.755 36.7948 36.8299
1 33 187.034 39.7295 39.6336
1 34 340.686 77.8553 77.7313
1 35 0.1116 0.0741677 0.00311364
2 0 90.397 18.8447 18.7883
2 1 92.1624 18.8779 18.802
2 2 86.6796 16.7309 16.6816
2 3 92.428 19.4037 19.3691
2 4 86.0562 15.235 15.1764
2 5 94.2022 18.2987 18.0872
2 6 84.994 15.3271 15.2235
2 7 88.6854 18.5676 18.5579
2 8 82.5515 15.4144 15.1181
2 9 100.144 21.5889 21.5792
2 10 94.0667 19.1449 19.0746
2 11 93.9718 17.37 17.1502
2 12 88.0183 16.8142 16.581
2 13 89.0259 17.9202 17.8529
2 14 86.7998 16.4556 16.2286
2 15 89.5384 19.5866 19.5531
2 16 88.5764 17.0631 17.0191
2 17 92.1433 18.4221 18.3465
2 18 93.3189 17.9939 17.9318
2 19 94.0935 17.6135 17.3825
2 20 86.1434 17.5245 17.4549
2 21 96.2166 22.4852 22.4301
2 22 93.7584 17.1803 17.1184
2 23 93.3691 19.1601 19.1035
2 24 91.4544 19.8384 19.7652
2 25 95.9434 17.8728 17.7698
2 26 97.7386 19.7798 19.7008
2 27 113.092 27.1788 27.1329
2 28 103.065 21.2496 21.2432
2 29 113.321 29.1268 29.0758
2 30 110.133 24.6829 24.6295
2 31 122.694 26.0188 25.9637
2 32 132.637 40.4817 40.4658
2 33 125.817 26.2475 26.2883
2 34 160.333 40.0325 40.0777
2 35 0.0279 0.0497763 0.000778409
