0 0
1 0 125.611 28.9079 28.9511
1 1 138.801 29.1939 29.2003
1 2 77.1919 18.7114 18.669
1 3 32.2286 8.99709 8.84539
1 4 18.4936 4.09729 3.92469
1 5 15.3761 4.9273 4.83454
1 6 8.69753 1.97871 1.81252
1 7 5.8868 1.40798 1.23651
1 8 7.32494 3.8607 3.76306
1 9 4.99306 1.24944 1.082
1 10 3.77255 0.901404 0.747181
1 11 2.96634 0.832288 0.681112
1 12 33.8389 9.94847 9.9184
2 0 91.3369 22.3337 22.3089
2 1 187.923 46.1584 46.2327
2 2 146.185 30.8927 30.8775
2 3 84.7926 18.4656 18.4133
2 4 46.6301 12.6728 12.6349
2 5 26.1762 6.37532 6.30131
2 6 20.1027 5.70236 5.61704
2 7 9.97512 2.68105 2.57564
2 8 14.5237 5.72677 5.64775
2 9 4.492 1.22158 1.07064
2 10 6.62814 2.77981 2.66338
2 11 4.32912 1.34945 1.22915
2 12 29.4273 8.25925 8.23996
3 0 71.097 15.3539 15.3141
3 1 165.783 35.0321 35.0447
3 2 164.125 30.9526 30.8054
3 3 125.71 24.4667 24.4237
3 4 79.9694 16.6737 16.6227
3 5 43.4307 8.88297 8.81703
3 6 27.68 5.90587 5.76046
3 7 18.6788 4.84241 4.67382
3 8 14.3451 3.24521 3.08498
3 9 8.97584 1.99217 1.82114
3 10 6.94448 1.6732 1.55551
3 11 5.10815 1.20009 1.03951
3 12 36.8462 8.88339 8.82072
4 0 72.5937 19.3512 19.3545
4 1 147.802 32.4664 32.5219
4 2 162.843 31.3915 31.3933
4 3 135.756 23.9417 23.829
4 4 99.2782 20.0997 20.0795
4 5 66.7098 11.7562 11.5423
4 6 44.8701 9.67042 9.48974
4 7 23.116 4.50948 4.37674
4 8 20.3569 4.42951 4.3205
4 9 10.6674 2.0031 1.8208
4 10 11.4654 2.56215 2.39597
4 11 9.11281 2.05292 1.88192
4 12 74.9285 19.221 19.2332
5 0 90.7255 18.9651 18.966
5 1 238.182 43.7717 43.8221
5 2 139.34 25.7092 25.7035
5 3 71.384 18.0678 18.0231
5 4 41.6023 11.3978 11.3258
5 5 25.4062 7.33393 7.26826
5 6 14.9046 3.96921 3.81293
5 7 12.6446 3.47326 3.38746
5 8 8.67699 2.26446 2.10844
5 9 8.93915 2.25671 2.09119
5 10 5.92777 1.33733 1.1762
5 11 6.44593 1.62551 1.4642
5 12 59.7648 14.9401 14.9037
6 0 66.9018 16.2763 16.265
6 1 177.736 41.2048 41.2467
6 2 153.747 27.618 27.6194
6 3 91.8516 17.8875 17.8401
6 4 54.4343 12.4262 12.3762
6 5 27.816 7.22686 7.16333
6 6 14.2016 4.57147 4.40181
6 7 9.80903 2.76379 2.6663
6 8 3.79768 0.870021 0.704735
6 9 3.67173 0.987139 0.842439
6 10 3.76829 1.10082 0.95383
6 11 3.78428 1.17802 1.02014
6 12 32.5121 9.51323 9.36367
7 0 41.293 9.51447 9.45165
7 1 99.4635 21.9927 21.9734
7 2 110.296 21.1239 20.9932
7 3 82.3018 12.8186 12.6517
7 4 63.5792 10.9658 10.9017
7 5 38.9253 13.9082 13.8509
7 6 22.3953 5.91424 5.81623
7 7 12.4789 3.17737 3.02862
7 8 8.48644 2.01235 1.85431
7 9 4.73948 1.27579 1.10893
7 10 5.09271 1.20887 1.05934
7 11 5.24731 1.84017 1.66708
7 12 29.5162 9.04553 8.9597
8 0 30.3861 7.49341 7.42616
8 1 80.0146 17.5329 17.459
8 2 86.3322 19.0901 19.0595
8 3 72.8553 14.2096 14.1372
8 4 57.8258 10.6877 10.6127
8 5 44.2729 9.25381 9.0774
8 6 27.0414 6.08488 5.91601
8 7 14.6163 3.23525 3.0652
8 8 12.7292 2.99439 2.82551
8 9 8.78879 2.00271 1.83582
8 10 7.79628 1.87046 1.71429
8 11 6.1199 1.85575 1.69137
8 12 48.4874 10.3634 10.1972
9 0 41.4766 10.6867 10.6193
9 1 53.1609 17.0366 17.0123
9 2 29.9813 10.7954 10.7395
9 3 20.4931 8.55427 8.49083
9 4 8.61289 2.34249 2.19113
9 5 5.51702 1.66184 1.51756
9 6 4.76515 1.64508 1.49543
9 7 3.43661 1.0875 0.940292
9 8 1.61409 0.510383 0.355715
9 9 3.50392 1.2536 1.14557
9 10 1.35233 0.587073 0.436495
9 11 1.12542 0.467157 0.316068
9 12 18.8822 5.76831 5.69414
10 0 24.6559 6.17606 6.01371
10 1 45.3847 12.2029 12.1505
10 2 41.0649 11.3765 11.338
10 3 26.7759 8.16556 8.11741
10 4 18.1009 6.5165 6.42678
10 5 9.26468 2.79829 2.63855
10 6 3.58759 1.22809 1.08226
10 7 4.24317 1.4681 1.35792
10 8 1.44266 0.521627 0.373449
10 9 1.82014 0.616635 0.464456
10 10 1.18537 0.508918 0.35403
10 11 0.833238 0.370726 0.220777
10 12 10.3307 3.59379 3.5098
11 0 20.8612 5.40998 5.25035
11 1 45.8002 12.1057 12.0628
11 2 43.4615 11.0147 10.9535
11 3 44.9975 14.6284 14.5982
11 4 23.5637 5.50369 5.33554
11 5 18.7427 5.23175 5.15942
11 6 9.28962 2.65327 2.55397
11 7 4.85993 1.26797 1.11493
11 8 5.07054 1.53949 1.39363
11 9 4.43809 1.62922 1.5215
11 10 2.42786 0.845246 0.692866
11 11 1.41687 0.585082 0.438314
11 12 12.8635 3.87934 3.79408
12 0 19.6029 9.41642 9.2559
12 1 51.4335 14.6202 14.5863
12 2 57.3703 19.3425 19.3039
12 3 45.4944 10.6459 10.5956
12 4 35.9971 10.735 10.6738
12 5 30.4838 8.09006 8.02058
12 6 11.5187 2.49421 2.31252
12 7 12.0031 2.97573 2.80608
12 8 8.01277 2.13485 1.96726
12 9 3.42817 2.01249 1.81927
12 10 3.5781 0.918511 0.769464
12 11 2.90325 0.779327 0.615609
12 12 31.3337 8.29619 8.1487
13 0 22.8665 6.26901 6.20095
13 1 62.0662 18.2785 18.2592
13 2 34.3049 8.28833 8.12054
13 3 16.0678 4.08793 4.01349
13 4 11.9723 4.19461 4.1098
13 5 6.3125 2.3058 2.19048
13 6 6.92905 2.85576 2.73849
13 7 2.89621 0.85004 0.697161
13 8 3.09375 0.925407 0.772101
13 9 1.92235 0.626127 0.473346
13 10 2.55172 1.09727 0.978606
13 11 1.53766 0.488075 0.342333
13 12 13.0696 3.31681 3.15591
14 0 17.1582 5.6911 5.62322
14 1 45.5411 13.437 13.3906
14 2 31.4696 7.61096 7.54436
14 3 27.878 7.28716 7.19546
14 4 13.4493 3.5884 3.50892
14 5 8.11734 1.94337 1.79309
14 6 8.1871 3.22824 3.11933
14 7 1.48631 0.429817 0.279204
14 8 1.07102 0.373441 0.228709
14 9 0.682294 0.298706 0.156479
14 10 0.947549 0.319328 0.175655
14 11 0.951513 0.527876 0.350916
14 12 7.05705 2.35754 2.24789
15 0 12.542 4.26713 4.1625
15 1 35.6612 11.338 11.2805
15 2 27.4414 6.26199 6.10119
15 3 24.4865 5.74381 5.58126
15 4 17.5825 4.00065 3.84211
15 5 10.3254 2.34222 2.18947
15 6 5.90886 1.42861 1.31011
15 7 3.90271 1.08851 0.922865
15 8 3.71001 1.09448 0.943187
15 9 2.79745 0.838526 0.6871
15 10 1.20285 0.411102 0.261428
15 11 1.60961 0.522256 0.3717
15 12 4.97693 1.36587 1.20593
16 0 6.19972 1.66452 1.49601
16 1 23.7117 6.29794 6.15755
16 2 22.386 7.70255 7.54835
16 3 24.0436 7.32563 7.15823
16 4 22.6155 7.32635 7.261
16 5 11.3516 2.67456 2.49749
16 6 9.09198 2.32397 2.15255
16 7 5.1751 1.57902 1.41583
16 8 3.17649 1.15032 0.989047
16 9 3.69472 1.48005 1.30948
16 10 4.93794 1.732 1.56812
16 11 2.9597 0.961665 0.806192
16 12 19.511 7.36597 7.19012
