0 0
1 0 0.182594 0.0430908 0.0124271
1 1 1.26696 0.126529 0.111136
1 2 76.8396 6.94606 6.92871
1 3 220.232 21.2377 21.2107
1 4 343.786 33.0848 33.0461
1 5 406.729 36.0314 35.9875
1 6 438.065 42.9038 42.8519
1 7 409.842 39.4049 39.3577
1 8 352.747 35.0363 34.9953
1 9 292.245 30.1156 30.0797
1 10 235.221 23.9522 23.922
1 11 178.388 19.184 19.1554
1 12 125.904 12.7919 12.7685
1 13 88.1877 7.72377 7.70707
1 14 56.159 5.31997 5.26702
1 15 43.551 4.34093 4.28326
1 16 29.2193 3.03451 3.01306
1 17 19.1727 1.92531 1.90546
1 18 12.8689 1.05218 0.980608
1 19 10.8237 1.759 1.69411
1 20 5.85316 0.378224 0.324437
1 21 4.49188 0.265055 0.265744
1 22 2.51193 0.17762 0.125269
1 23 2.25318 0.157971 0.156407
1 24 1.46016 0.118082 0.0745263
1 25 8.83349 0.489241 0.488247
2 0 1.71718 0.169905 0.101761
2 1 17.4656 1.66235 1.64454
2 2 226.3 23.2029 23.173
2 3 555.536 59.9605 59.8848
2 4 841.124 88.7025 88.5607
2 5 957.915 100.81 100.633
2 6 953.766 105.563 105.385
2 7 870.914 91.2486 91.0985
2 8 739.859 75.8785 75.7648
2 9 607.546 66.6066 66.5199
2 10 460.572 46.456 46.3996
2 11 347.974 35.0868 35.0458
2 12 241.771 20.6077 20.5831
2 13 180.052 18.1014 18.0756
2 14 124.954 9.70508 9.69027
2 15 96.2608 8.65772 8.63992
2 16 67.1193 5.74136 5.72596
2 17 48.5015 3.44496 3.43447
2 18 39.0616 3.55104 3.53436
2 19 29.5456 2.46907 2.45507
2 20 21.7101 1.86039 1.84582
2 21 19.4266 1.81819 1.80091
2 22 15.8036 1.45762 1.45885
2 23 12.3329 0.748678 0.750785
2 24 9.24555 0.852185 0.854617
2 25 50.4434 3.63282 3.62201
