0 0
1 0 724.3 776.039 773.669
1 1 1597.23 1548.43 1546.12
1 2 1299.71 1200.86 1198.87
1 3 872.367 720.022 718.536
1 4 582.477 555.676 553.811
1 5 363.463 367.161 365.12
1 6 176.056 203.081 200.482
1 7 119.112 136.28 135.715
1 8 104.059 118.879 116.376
1 9 63.3147 70.954 51.5705
1 10 60.2258 66.4888 65.6723
1 11 62.0155 63.2364 61.2827
1 12 38.1679 54.4487 53.5583
1 13 28.9599 32.9696 32.0179
1 14 25.4454 34.9699 21.3115
1 15 26.8058 42.7847 41.824
1 16 21.5118 26.9391 24.3718
1 17 17.9613 28.5064 15.3104
1 18 13.7652 22.8136 10.1799
1 19 11.5951 23.0813 10.5368
1 20 9.27279 19.0621 7.13543
1 21 6.95359 17.2356 5.79076
1 22 9.24763 22.4549 10.0499
1 23 9.99854 19.1095 7.11646
1 24 11.8036 18.8734 17.7597
1 25 9.63017 21.2686 9.0202
1 26 4.74583 15.6475 4.68443
1 27 7.53092 21.819 6.66905
1 28 4.34649 13.7588 3.39963
1 29 3.76798 13.1855 3.06346
1 30 109.672 180.191 175.091
2 0 194.622 249.605 246.393
2 1 409.668 553.745 550.11
2 2 333.351 447.441 443.875
2 3 269.526 345.147 341.916
2 4 178.676 248.656 244.894
2 5 117.138 146.775 143.76
2 6 70.465 100.172 96.4263
2 7 41.7727 50.5478 47.9159
2 8 25.2073 34.4079 20.7719
2 9 27.9853 41.2937 40.341
2 10 24.5282 33.6468 30.5451
2 11 12.1678 23.1498 10.573
2 12 10.644 18.2397 17.0874
2 13 9.99452 21.1184 8.87319
2 14 8.26456 16.4406 15.2096
2 15 6.20262 16.1218 6.42422
2 16 5.79399 16.2797 5.11842
2 17 7.65877 16.0562 14.8095
2 18 2.17325 10.6333 1.69982
2 19 5.86367 14.323 12.9964
2 20 3.62074 13.7506 3.4186
2 21 2.02729 10.0754 2.05496
2 22 5.86367 14.323 12.9964
2 23 1.1596 6.52735 0.672337
2 24 2.02729 10.0754 2.05496
2 25 2.02729 10.0754 2.05496
2 26 0 9.98265 0
2 27 2.24724 11.0048 2.54924
2 28 1.73694 10.6389 1.55063
2 29 0.5798 5.41547 0.336168
2 30 32.4242 47.7464 33.6858
