0 0
1 0 1.04476 0.12369 0.118581
1 1 3.63658 0.244872 0.181008
1 2 11.5996 0.791918 0.789248
1 3 19.8866 1.30268 1.30628
1 4 27.291 1.81314 1.81234
1 5 30.5042 2.05137 2.05139
1 6 28.9745 1.96764 1.96733
1 7 20.8614 1.30858 1.30757
1 8 16.9786 1.03749 1.03838
1 9 14.6248 0.898791 0.897392
1 10 11.807 0.681277 0.677511
1 11 10.2865 0.626956 0.623625
1 12 8.95761 0.526314 0.523029
1 13 6.81793 0.407848 0.4046
1 14 5.7555 0.35317 0.319853
1 15 3.96574 0.241516 0.238607
1 16 3.53692 0.220194 0.21567
1 17 3.11806 0.208784 0.1754
1 18 2.64108 0.169984 0.143463
1 19 1.85869 0.125138 0.103053
1 20 1.29594 0.101166 0.0962869
1 21 1.02048 0.0752642 0.0556932
1 22 0.938464 0.0639581 0.0455313
1 23 1.0829 0.085826 0.0626206
1 24 5.32831 0.328199 0.274621
2 0 35.9869 2.68808 2.67674
2 1 54.2845 3.35637 3.34819
2 2 50.1852 3.17966 3.18344
2 3 38.0205 2.41075 2.41594
2 4 24.8275 1.51309 1.5056
2 5 14.2638 0.824163 0.822535
2 6 9.61561 0.564966 0.564763
2 7 6.44885 0.378615 0.342917
2 8 4.35082 0.262682 0.258409
2 9 2.23148 0.145508 0.119966
2 10 1.46815 0.105644 0.0796858
2 11 0.623152 0.0511383 0.0323343
2 12 0.672148 0.0539853 0.0343855
2 13 0.286076 0.032206 0.015842
2 14 0.112957 0.016204 0.00448885
2 15 0.0747065 0.0158693 0.00400115
2 16 0.360782 0.0355301 0.0198432
3 0 2.57476 0.16252 0.135085
3 1 9.13784 0.524753 0.523757
3 2 13.7315 0.768071 0.761862
3 3 15.115 0.844467 0.841895
3 4 16.7166 1.10536 1.1084
3 5 16.4165 0.972249 0.970302
3 6 18.3624 1.23618 1.23969
3 7 16.2986 0.969662 0.968531
3 8 16.5637 1.06497 1.06329
3 9 15.1755 0.931748 0.929208
3 10 14.1997 1.00469 1.00542
3 11 13.9814 1.13424 1.13333
3 12 10.6125 0.698188 0.696892
3 13 8.83677 0.598561 0.594404
3 14 8.97033 0.517606 0.51488
3 15 9.72869 0.666837 0.663283
3 16 7.66553 0.651793 0.649197
3 17 5.60653 0.323845 0.290996
3 18 6.48622 0.386769 0.351992
3 19 5.93745 0.364394 0.326841
3 20 4.17151 0.270258 0.223791
3 21 4.14527 0.258535 0.254235
3 22 2.61592 0.184557 0.141186
3 23 0.763081 0.0604894 0.0406041
3 24 0 0.0157525 0
4 0 2.37848 0.167066 0.162371
4 1 7.6552 0.50971 0.508815
4 2 10.1801 0.640787 0.64016
4 3 12.737 0.827091 0.822771
4 4 15.7338 1.08442 1.04419
4 5 15.067 0.841526 0.837361
4 6 15.7275 0.953474 0.949667
4 7 16.401 1.06599 1.06255
4 8 15.5215 0.954811 0.952773
4 9 14.117 0.949828 0.940889
4 10 13.367 0.799355 0.763434
4 11 13.0247 0.815725 0.811392
4 12 13.3275 0.965747 0.966817
4 13 12.2504 0.831065 0.828539
4 14 10.2858 0.638514 0.640181
4 15 10.3838 0.627561 0.62393
4 16 8.47778 0.529905 0.527004
4 17 8.76801 0.544775 0.541255
4 18 7.60339 0.470888 0.420149
4 19 7.02986 0.448385 0.445635
4 20 5.72834 0.370931 0.367037
4 21 4.59168 0.359233 0.358273
4 22 2.6852 0.17512 0.142583
4 23 0.771201 0.076341 0.0713046
4 24 0 0.0157525 0
