0 0
1 0 559.201 148.251 148.585
1 1 859.317 213.616 214.051
1 2 910.356 223.388 223.829
1 3 857.333 201.142 201.54
1 4 740.391 162.267 162.598
1 5 627.446 134.824 135.058
1 6 502.861 115.131 115.378
1 7 398.414 87.6916 87.8757
1 8 291.646 62.3463 62.4758
1 9 243.802 51.8697 51.9319
1 10 176.11 37.4325 37.4605
1 11 136.731 28.9906 28.9944
1 12 115.439 28.0948 28.1004
1 13 78.1595 18.4184 18.2775
1 14 61.3501 15.1225 14.9708
1 15 48.5632 12.2175 12.1461
1 16 33.3943 8.27308 8.12488
1 17 26.877 6.46647 6.32156
1 18 29.3251 7.99009 7.81374
1 19 18.5037 4.79769 4.70489
1 20 63.8836 17.0819 16.9361
2 0 441.841 113.668 113.924
2 1 639.497 146.321 146.635
2 2 683.442 152.839 153.153
2 3 651.345 139.222 139.51
2 4 574.853 118.227 118.475
2 5 469.674 92.5555 92.6987
2 6 389.812 79.3113 79.4769
2 7 315.558 67.1786 67.3116
2 8 230.779 48.3023 48.3964
2 9 177.139 34.601 34.6157
2 10 135.545 27.6918 27.6919
2 11 101.983 19.6497 19.6115
2 12 88.036 20.7913 20.7534
2 13 63.6769 15.0169 14.8652
2 14 50.6837 12.7715 12.622
2 15 36.231 8.64951 8.48536
2 16 26.4786 6.63672 6.4898
2 17 20.917 4.83765 4.68499
2 18 23.4807 6.64821 6.47563
2 19 14.0282 3.34595 3.18099
2 20 49.949 13.445 13.2936
3 0 117.36 34.6043 34.6606
3 1 219.819 67.2744 67.4162
3 2 226.915 70.5198 70.6753
3 3 205.988 61.93 62.0297
3 4 165.538 44.0416 44.1227
3 5 157.771 42.3148 42.3596
3 6 113.049 35.8754 35.9012
3 7 82.8557 20.5773 20.5641
3 8 60.8671 14.0941 14.0794
3 9 66.6625 17.3596 17.3162
3 10 40.5647 9.91849 9.7686
3 11 34.7486 9.45016 9.38295
3 12 27.4031 7.49374 7.34703
3 13 14.4826 3.56605 3.41231
3 14 10.6664 2.52493 2.34888
3 15 12.3322 3.75852 3.66075
3 16 6.91564 1.799 1.63507
3 17 5.96004 1.7876 1.63657
3 18 5.84443 1.49933 1.33811
3 19 4.47551 1.64505 1.52391
3 20 13.9346 3.80791 3.64253
4 0 311.876 79.6582 79.8373
4 1 495.06 122.876 123.158
4 2 503.833 125.892 126.174
4 3 467.41 113.785 114.041
4 4 402.946 94.3429 94.5501
4 5 341.116 72.4743 72.5828
4 6 283.612 71.363 71.5188
4 7 217.944 50.8443 50.9365
4 8 165.148 36.6025 36.6634
4 9 139.417 30.2188 30.2037
4 10 93.322 18.9581 18.9335
4 11 74.0582 15.1726 15.1365
4 12 56.927 13.3945 13.2518
4 13 42.4251 10.5364 10.379
4 14 27.6901 5.99819 5.81937
4 15 23.8405 5.08916 4.90287
4 16 15.7065 3.38039 3.2296
4 17 10.4927 2.43333 2.2816
4 18 14.985 3.75783 3.58099
4 19 9.36826 2.63438 2.51215
4 20 32.2823 8.72718 8.55476
5 0 247.325 68.6027 68.7473
5 1 364.257 90.6973 90.8935
5 2 406.524 97.4419 97.6551
5 3 389.924 87.3207 87.4988
5 4 337.445 67.9151 68.0481
5 5 286.329 62.3845 62.4756
5 6 219.249 43.8375 43.8592
5 7 180.47 36.8894 36.9392
5 8 126.498 25.794 25.8124
5 9 104.385 21.8541 21.7282
5 10 82.788 18.6442 18.527
5 11 62.6731 13.9099 13.8579
5 12 58.5122 14.8951 14.8486
5 13 35.7343 8.05364 7.89851
5 14 33.66 9.29319 9.15146
5 15 24.7227 7.34353 7.24323
5 16 17.6878 5.06351 4.89528
5 17 16.3843 4.20085 4.03997
5 18 14.3401 4.39365 4.23275
5 19 9.13544 2.35799 2.19275
5 20 31.6013 8.52002 8.38137
6 0 240.37 58.9544 59.079
6 1 360.777 81.3686 81.5511
6 2 372.655 86.5488 86.7374
6 3 341.673 74.0838 74.2437
6 4 311.744 69.6682 69.8151
6 5 246.104 46.7309 46.7705
6 6 215.099 46.1906 46.2772
6 7 172.037 39.6324 39.6944
6 8 129.535 28.129 28.1325
6 9 96.5712 18.5472 18.5002
6 10 71.2918 13.9713 13.8913
6 11 54.4219 10.264 10.0979
6 12 45.8302 10.7862 10.6269
6 13 33.9403 8.58412 8.40764
6 14 21.9844 4.67607 4.50029
6 15 18.134 3.84627 3.67184
6 16 10.993 2.18419 2.03194
6 17 8.05499 1.86671 1.70711
6 18 12.4424 3.21654 3.04097
6 19 6.67556 1.81937 1.6455
6 20 25.5608 7.26208 7.07863
7 0 201.472 54.7726 54.8451
7 1 278.72 64.9537 65.084
7 2 310.787 66.2798 66.4161
7 3 309.672 65.1387 65.2664
7 4 263.108 48.6122 48.6604
7 5 223.57 45.8732 45.9282
7 6 174.713 33.2084 33.1997
7 7 143.521 27.6181 27.6172
7 8 101.244 20.2879 20.2639
7 9 80.5682 16.2528 16.1155
7 10 64.2536 13.9326 13.8006
7 11 47.5607 9.62228 9.51351
7 12 42.2058 10.1862 10.1265
7 13 29.7366 6.61718 6.45754
7 14 28.6993 8.25664 8.12166
7 15 18.097 4.97788 4.81351
7 16 15.4856 4.61681 4.45786
7 17 12.862 3.14371 2.97788
7 18 11.0383 3.59712 3.43466
7 19 7.35263 1.7002 1.53548
7 20 24.3882 6.36033 6.21497
8 0 71.5063 20.7451 20.7583
8 1 134.283 41.534 41.6066
8 2 131.178 39.4013 39.4363
8 3 125.736 39.7577 39.7973
8 4 91.2016 24.741 24.7351
8 5 95.0121 25.816 25.8123
8 6 68.5134 25.2456 25.2416
8 7 45.9068 11.2838 11.2421
8 8 35.6129 8.60416 8.53086
8 9 42.846 11.7625 11.7035
8 10 22.0302 5.1979 5.04216
8 11 19.6363 5.14783 5.03859
8 12 11.0967 2.76941 2.62486
8 13 8.48487 2.11624 1.97134
8 14 5.70573 1.48212 1.31908
8 15 5.70648 1.39934 1.23103
8 16 4.71348 1.35621 1.19766
8 17 2.43774 0.725846 0.574482
8 18 2.54261 0.698798 0.540023
8 19 2.6927 0.994272 0.866644
8 20 6.72145 1.64417 1.47613
9 0 45.8534 13.9363 13.9023
9 1 85.5367 25.7865 25.8095
9 2 95.7367 31.2188 31.239
9 3 80.2519 22.2666 22.2324
9 4 74.3365 19.4121 19.3877
9 5 62.7592 16.5882 16.5473
9 6 44.5358 10.7181 10.6595
9 7 36.9489 9.36706 9.32199
9 8 25.2542 5.71015 5.54856
9 9 23.8164 5.77045 5.61268
9 10 18.5345 4.87792 4.72644
9 11 15.1124 4.49434 4.34436
9 12 16.3064 4.88108 4.72217
9 13 5.99769 1.59927 1.44097
9 14 4.96071 1.19301 1.0298
9 15 6.62568 2.55103 2.42972
9 16 2.20215 0.588537 0.437412
9 17 3.5223 1.2152 1.06208
9 18 3.30183 0.949832 0.798083
9 19 1.78281 0.823506 0.657261
9 20 7.21312 2.31681 2.1664
