0.03 0
1 0 5.80746 4.52953 4.39847
1 1 41.9253 12.036 11.9031
1 2 151.897 42.7423 42.7849
1 3 337.172 90.779 90.9502
1 4 554.692 158.569 158.918
1 5 719.205 191.772 192.171
1 6 753.77 196.013 196.428
1 7 741.538 194.142 194.525
1 8 698.769 179.948 180.323
1 9 611.373 172.43 172.791
1 10 497.95 126.898 127.149
1 11 426.552 110.759 110.989
1 12 382.65 99.7853 99.9862
1 13 315.371 81.2278 81.4042
1 14 247.749 62.7824 62.8964
1 15 207.128 57.996 58.1214
1 16 175.479 49.96 50.037
1 17 127.967 33.2722 33.2002
1 18 98.0712 25.3533 25.317
1 19 82.0142 21.5753 21.4804
1 20 60.4378 15.375 15.2693
1 21 60.4632 16.421 16.3703
1 22 44.1988 11.74 11.6034
1 23 35.084 8.90885 8.80817
1 24 25.989 6.68292 6.54793
1 25 158.631 43.3919 43.4257
2 0 0.928633 0.377245 0.231149
2 1 14.2226 4.5541 4.40467
2 2 49.2747 12.8147 12.6914
2 3 118.568 32.2141 32.1522
2 4 211.564 58.8543 58.9345
2 5 266.64 67.2691 67.2996
2 6 277.531 71.8181 71.9517
2 7 283.243 75.6209 75.6561
2 8 265.334 66.5447 66.666
2 9 226.993 56.9633 57.0448
2 10 186.575 46.87 46.8403
2 11 158.056 39.5225 39.4544
2 12 136.837 33.825 33.7501
2 13 116.908 29.4264 29.3481
2 14 87.9071 21.6526 21.5665
2 15 80.9504 23.2821 23.2261
2 16 61.1358 17.6716 17.5603
2 17 41.5303 10.3724 10.2296
2 18 28.9904 7.62443 7.47405
2 19 26.0175 7.11185 6.98417
2 20 20.4556 5.08748 4.94532
2 21 17.7633 4.49112 4.34079
2 22 13.1463 3.87759 3.74087
2 23 8.7786 2.17705 2.02042
2 24 8.23515 2.21088 2.05788
2 25 27.0099 6.73136 6.58773
3 0 4.87883 4.31002 4.16733
3 1 27.7028 7.63727 7.49839
3 2 102.623 30.1151 30.0935
3 3 218.604 58.712 58.7979
3 4 343.128 99.7713 99.9838
3 5 452.566 124.605 124.871
3 6 476.238 124.234 124.476
3 7 458.295 118.632 118.868
3 8 433.435 113.418 113.657
3 9 384.38 115.526 115.746
3 10 311.375 80.1649 80.3091
3 11 268.497 71.4183 71.535
3 12 245.813 66.12 66.2362
3 13 198.464 51.9586 52.0561
3 14 159.842 41.2745 41.3299
3 15 126.177 34.8434 34.8954
3 16 114.343 32.4502 32.4766
3 17 86.4364 23.0612 22.9707
3 18 69.0808 17.9016 17.8429
3 19 55.9967 14.6201 14.4962
3 20 39.9822 10.447 10.324
3 21 42.6999 12.0916 12.0295
3 22 31.0525 8.00291 7.86256
3 23 26.3054 6.89286 6.78775
3 24 17.7539 4.62839 4.49005
3 25 131.621 36.8295 36.838
4 0 5.80746 4.52953 4.39847
4 1 40.7581 11.7536 11.6197
4 2 131.726 36.7196 36.7445
4 3 227.859 61.7526 61.7544
4 4 284.926 81.6094 81.7563
4 5 309.888 84.9596 85.1301
4 6 286.057 72.6958 72.8161
4 7 255.648 68.8126 68.925
4 8 217.042 54.656 54.7489
4 9 183.869 48.1673 48.2056
4 10 142.589 36.0056 35.9372
4 11 120.045 29.829 29.8279
4 12 111.432 30.5881 30.5151
4 13 79.9764 20.188 20.0947
4 14 67.691 17.2916 17.2491
4 15 51.7205 13.8204 13.6848
4 16 41.0471 11.2422 11.1788
4 17 35.2239 9.37059 9.24732
4 18 25.2888 6.86157 6.72964
4 19 21.4602 5.28377 5.12837
4 20 13.3897 3.32497 3.17121
4 21 10.7402 2.95724 2.81674
4 22 11.5655 3.07469 2.92455
4 23 9.08338 2.41762 2.30686
4 24 6.86343 1.90117 1.7557
4 25 40.2071 11.5125 11.4346
5 0 0 0.151737 0
5 1 1.16718 0.42972 0.283339
5 2 20.1713 6.18216 6.04038
5 3 109.314 29.2109 29.1957
5 4 269.766 77.1024 77.162
5 5 409.317 106.827 107.041
5 6 467.714 123.375 123.612
5 7 485.89 125.428 125.6
5 8 481.727 125.31 125.574
5 9 427.504 124.327 124.585
5 10 355.361 91.0401 91.2122
5 11 306.507 81.0788 81.1616
5 12 271.218 69.3459 69.4711
5 13 235.395 61.2048 61.3095
5 14 180.058 45.6984 45.6473
5 15 155.407 44.3753 44.4366
5 16 134.432 38.8131 38.8582
5 17 92.7428 24.0456 23.9529
5 18 72.7825 18.6486 18.5873
5 19 60.554 16.4504 16.352
5 20 47.0481 12.2146 12.0981
5 21 49.723 13.6131 13.5535
5 22 32.6333 8.81884 8.67888
5 23 26.0006 6.65192 6.50131
5 24 19.1256 4.92955 4.79223
5 25 118.424 31.9861 31.9911
6 0 0.928633 0.377245 0.231149
6 1 13.7738 4.45379 4.30395
6 2 44.0055 11.4255 11.3019
6 3 80.5287 22.6013 22.5051
6 4 108.681 33.4362 33.4432
6 5 111.468 29.3896 29.311
6 6 103.625 25.8059 25.7082
6 7 97.8025 29.3353 29.2441
6 8 78.9102 19.6831 19.6411
6 9 69.2549 18.3109 18.2648
6 10 51.7491 13.0319 12.9027
6 11 39.8762 9.73746 9.57915
6 12 34.9056 8.87931 8.73761
6 13 28.2358 7.26265 7.12085
6 14 20.6837 5.15205 5.00723
6 15 18.8881 5.01852 4.86675
6 16 14.9633 4.14434 3.9979
6 17 10.7788 2.82412 2.66539
6 18 7.35932 2.11753 1.96951
6 19 6.56623 1.81277 1.66085
6 20 4.20694 1.10507 0.955908
6 21 2.93274 0.922018 0.771797
6 22 3.07621 0.997632 0.84882
6 23 1.88348 0.610418 0.462415
6 24 1.34658 0.454779 0.307997
6 25 5.64578 1.55562 1.40427
7 0 0 0.151737 0
7 1 0.448785 0.23811 0.100712
7 2 5.26919 1.54376 1.38957
7 3 38.0392 9.77436 9.64713
7 4 102.883 25.5827 25.4914
7 5 155.171 38.039 37.9887
7 6 173.906 46.1985 46.2435
7 7 185.44 46.4468 46.412
7 8 186.424 47.0588 47.0249
7 9 157.738 38.8283 38.7801
7 10 134.825 33.9977 33.9377
7 11 118.179 29.9436 29.8753
7 12 101.932 25.1077 25.0125
7 13 88.6721 22.3275 22.2272
7 14 67.2235 16.6572 16.5593
7 15 62.0623 18.4256 18.3593
7 16 46.1725 13.6806 13.5624
7 17 30.7515 7.70207 7.5642
7 18 21.6311 5.65563 5.50454
7 19 19.4512 5.44969 5.32333
7 20 16.2487 4.13855 3.98941
7 21 14.8306 3.72162 3.56899
7 22 10.07 3.03167 2.89205
7 23 6.89512 1.71548 1.55801
7 24 6.88857 1.90384 1.74989
7 25 21.3641 5.33128 5.18345
8 0 4.87883 4.31002 4.16733
8 1 26.9844 7.45525 7.31576
8 2 87.7207 25.4783 25.4426
8 3 147.33 39.304 39.2493
8 4 176.246 48.2567 48.3132
8 5 198.42 55.7428 55.8191
8 6 182.431 47.0698 47.1079
8 7 157.846 39.6439 39.6808
8 8 138.132 35.1814 35.1078
8 9 114.614 29.9553 29.9408
8 10 90.8398 23.1345 23.0345
8 11 80.1692 20.2919 20.2487
8 12 76.5263 21.8815 21.7775
8 13 51.7407 13.0753 12.9738
8 14 47.0074 12.3083 12.2419
8 15 32.8324 8.95511 8.81805
8 16 26.0838 7.25501 7.18088
8 17 24.4451 6.70571 6.58192
8 18 17.9295 4.89797 4.76013
8 19 14.8939 3.62356 3.46753
8 20 9.18271 2.37053 2.2153
8 21 7.80743 2.18512 2.04495
8 22 8.48925 2.22805 2.07573
8 23 7.19991 1.95683 1.84445
8 24 5.51685 1.59433 1.4477
8 25 34.5614 10.1087 10.0303
9 0 0 0.151737 0
9 1 0.718394 0.329836 0.182628
9 2 14.9021 4.7946 4.65081
9 3 71.2744 19.5973 19.5486
9 4 166.882 51.6832 51.6707
9 5 254.146 68.9356 69.0523
9 6 293.807 77.2555 77.3683
9 7 300.449 79.1295 79.1876
9 8 295.303 78.4118 78.5488
9 9 269.766 85.6524 85.8051
9 10 220.536 57.19 57.2745
9 11 188.327 51.292 51.2863
9 12 169.286 44.4017 44.4587
9 13 146.723 39.0594 39.0822
9 14 112.835 29.1796 29.088
9 15 93.3448 26.0682 26.0773
9 16 88.2597 25.3041 25.2958
9 17 61.9913 16.5044 16.3887
9 18 51.1514 13.1684 13.0828
9 19 41.1028 11.1597 11.0287
9 20 30.7994 8.23237 8.1087
9 21 34.8925 10.0531 9.98452
9 22 22.5633 5.92926 5.78683
9 23 19.1055 5.09537 4.9433
9 24 12.237 3.17907 3.04235
9 25 97.06 26.8272 26.8077
