0.03 0
1 0 8.15235 3.93979 3.78902
1 1 36.8968 10.2486 10.1626
1 2 107.333 30.4954 30.4267
1 3 248.372 60.7015 60.8019
1 4 390.792 90.77 90.8068
1 5 425.357 101.931 101.785
1 6 426.325 99.3555 99.2161
1 7 373.956 88.6349 88.8058
1 8 314.494 68.1663 68.0556
1 9 259.134 51.6155 51.6894
1 10 215.482 45.725 45.7225
1 11 175.134 38.6806 38.7213
1 12 154.61 32.4771 32.4424
1 13 119.174 23.498 23.4245
1 14 97.0086 20.2971 20.2117
1 15 76.6488 13.9538 13.8194
1 16 64.8609 11.9962 11.8694
1 17 48.8473 10.8367 10.5192
1 18 51.0765 11.4375 11.4
1 19 36.3512 7.01965 6.90588
1 20 26.1385 5.08682 4.8393
1 21 20.8491 3.98264 3.75756
1 22 19.0181 3.97167 3.7254
1 23 16.2781 3.3023 3.17565
1 24 108.713 24.5539 24.3192
2 0 13.4929 4.99743 4.87242
2 1 55.5656 13.4439 13.1676
2 2 164.788 39.8876 39.8817
2 3 290.402 60.5518 60.5689
2 4 408.554 83.4377 83.5893
2 5 403.062 79.1343 79.2731
2 6 388.207 84.3344 84.4914
2 7 305.346 66.8391 66.8998
2 8 235.492 43.5522 43.5712
2 9 197.417 38.8187 38.8294
2 10 176.071 36.7389 36.6912
2 11 139.764 28.2201 28.1902
2 12 113.124 21.4981 21.447
2 13 98.9102 20.9174 20.8618
2 14 71.3264 14.2873 14.0321
2 15 62.7793 12.6789 12.5796
2 16 53.502 10.6439 10.5433
2 17 38.6196 7.25164 7.03511
2 18 33.7717 7.07027 6.93501
2 19 23.0213 4.36326 4.14941
2 20 17.8287 4.50759 4.36706
2 21 14.4082 2.75293 2.55291
2 22 14.2766 3.26168 3.08669
2 23 11.4805 2.30835 2.09214
2 24 112.388 33.0681 33.0155
