0 0
1 0 0 0.151737 0
1 1 10.2592 2.74845 2.6411
1 2 256.781 66.1012 66.2413
1 3 499.158 107.554 107.783
1 4 485.639 93.3088 93.5019
1 5 419.024 76.3842 76.5353
1 6 335.087 64.716 64.8017
1 7 241.869 45.4199 45.5042
1 8 183.354 35.1734 35.2268
1 9 134.329 27.8088 27.8406
1 10 89.7156 21.4111 21.2554
1 11 59.1733 12.4217 12.2617
1 12 40.3714 9.72535 9.65534
1 13 30.9391 6.91331 6.75261
1 14 20.1684 4.32047 4.1968
1 15 13.9805 3.10571 2.94591
1 16 14.2159 4.40354 4.30167
1 17 9.14032 2.19138 2.01498
1 18 6.41417 1.46219 1.29719
1 19 6.58642 1.65552 1.49856
1 20 22.1716 7.85307 7.67221
2 0 0 0.151737 0
2 1 0 0.151737 0
2 2 18.3806 3.25717 3.0994
2 3 123.759 23.1187 23.0927
2 4 265.985 54.1587 54.2581
2 5 355.131 66.4172 66.5041
2 6 369.351 68.2218 68.3514
2 7 325.663 57.329 57.3921
2 8 297.316 56.6358 56.6855
2 9 229.511 43.3638 43.4098
2 10 188.493 44.4119 44.4534
2 11 136.47 27.7991 27.789
2 12 102.382 21.8796 21.7733
2 13 83.0923 18.1275 17.9844
2 14 54.2148 10.3343 10.1937
2 15 44.8194 10.0418 9.9623
2 16 35.2171 7.44865 7.29775
2 17 29.9348 7.06897 6.92604
2 18 18.4638 3.84806 3.68935
2 19 16.0829 3.33585 3.15721
2 20 48.843 11.9317 11.8897
