0.03 0
1 0 2.77189 0.816907 0.667219
1 1 62.0191 14.3296 14.1707
1 2 161.036 34.3759 34.2233
1 3 267.606 58.2313 58.0898
1 4 313.108 64.6867 64.8187
1 5 311.721 58.056 58.1676
1 6 340.667 61.947 62.0609
1 7 341.176 65.0976 65.2271
1 8 326.349 61.7047 61.8339
1 9 342.431 67.649 67.7866
1 10 337.988 64.9724 65.1013
1 11 337.7 65.1457 65.2749
1 12 342.393 67.6173 67.7594
1 13 337.89 65.9661 66.0449
1 14 330.99 64.6977 64.7828
1 15 352.098 70.3972 70.541
1 16 337.523 71.423 71.5796
1 17 337.094 69.8924 70.0362
1 18 353.122 79.8697 80.0417
1 19 362.252 83.0972 83.2798
1 20 359.727 81.3084 81.4954
1 21 366.29 92.2727 92.4734
1 22 326.64 78.5806 78.746
1 23 252.74 64.9199 65.0628
1 24 117.503 32.9023 32.9464
1 25 4.6431 1.44638 1.29621
1 26 3.75454 1.01622 0.87139
2 0 2.18344 0.702421 0.551791
2 1 31.3648 7.29211 7.13597
2 2 84.1472 15.7696 15.5821
2 3 165.633 35.9557 35.7905
2 4 229.781 46.3333 46.4129
2 5 251.221 45.5272 45.5631
2 6 288.146 49.3624 49.1522
2 7 283.264 49.1606 49.2493
2 8 278.35 49.4198 49.5186
2 9 292.238 53.5357 53.631
2 10 296.01 53.9644 54.0648
2 11 287.145 52.7777 52.8764
2 12 298.36 57.4901 57.6086
2 13 295.244 55.5212 55.5719
2 14 281.439 52.1098 52.1663
2 15 298.393 56.8136 56.9231
2 16 287.847 58.249 58.3735
2 17 276.227 52.6396 52.7389
2 18 285.069 61.2181 61.3428
2 19 291.637 60.9733 61.1
2 20 276.542 58.4964 58.6263
2 21 247.215 54.1142 54.2177
2 22 188.665 41.7775 41.8489
2 23 120.875 28.7646 28.7501
2 24 51.968 14.7937 14.7846
2 25 3.19504 1.06912 0.921795
2 26 3.00975 0.741744 0.591697
3 0 0.588456 0.251097 0.115429
3 1 30.6543 7.19163 7.03469
3 2 76.8885 18.8058 18.6412
3 3 101.973 22.5155 22.2994
3 4 83.3272 18.4014 18.4058
3 5 60.5 12.7669 12.6045
3 6 52.5204 12.9783 12.9086
3 7 57.9116 16.0253 15.9778
3 8 47.9985 12.3708 12.3153
3 9 50.1925 14.2211 14.1556
3 10 41.9779 11.2093 11.0365
3 11 50.5543 12.4418 12.3985
3 12 44.0327 10.3053 10.1509
3 13 42.6469 10.5379 10.4729
3 14 49.5512 12.6681 12.6165
3 15 53.7049 13.659 13.6179
3 16 49.6764 13.2706 13.2061
3 17 60.867 17.3246 17.2973
3 18 68.0532 18.7142 18.6988
3 19 70.6152 22.1977 22.1798
3 20 83.185 22.8549 22.8691
3 21 119.075 38.2243 38.2556
3 22 137.975 36.8434 36.8971
3 23 131.864 36.2471 36.3127
3 24 65.5346 18.1855 18.1618
3 25 1.44806 0.525118 0.374418
3 26 0.744786 0.445905 0.279693
4 0 2.77189 0.816907 0.667219
4 1 38.9511 9.17929 9.01414
4 2 110.185 23.2497 23.0814
4 3 186.404 43.8457 43.6749
4 4 213.529 45.806 45.8877
4 5 204.95 37.855 37.9113
4 6 216.252 39.6668 39.7331
4 7 217.049 41.7919 41.864
4 8 211.4 40.6687 40.7409
4 9 221.545 42.4786 42.5469
4 10 214.853 40.8709 40.9407
4 11 208.981 39.7562 39.8177
4 12 217.001 44.2071 44.2937
4 13 213.25 41.7742 41.7755
4 14 212.084 42.2535 42.293
4 15 231.168 46.9053 46.9954
4 16 219.812 48.8973 48.9882
4 17 214.082 45.4938 45.5805
4 18 231.157 50.5665 50.6283
4 19 246.134 59.0634 59.1916
4 20 248.563 58.1711 58.2883
4 21 258.137 68.6017 68.744
4 22 224.523 54.6471 54.7522
4 23 184.267 49.8675 49.9733
4 24 76.7433 21.9161 21.9023
4 25 4.6431 1.44638 1.29621
4 26 3.75454 1.01622 0.87139
5 0 0 0.151737 0
5 1 23.068 5.30741 5.15653
5 2 50.851 11.3016 11.1419
5 3 81.2016 14.5631 14.4149
5 4 99.5798 18.9563 18.931
5 5 106.771 20.4109 20.2563
5 6 124.415 22.4756 22.3278
5 7 124.127 23.3991 23.3632
5 8 114.949 21.1337 21.093
5 9 120.886 25.2441 25.2397
5 10 123.135 24.1812 24.1606
5 11 128.719 25.4644 25.4572
5 12 125.392 23.4465 23.4658
5 13 124.64 24.2747 24.2694
5 14 118.907 22.4979 22.4899
5 15 120.93 23.5602 23.5456
5 16 117.711 22.6073 22.5914
5 17 123.012 24.4625 24.4556
5 18 121.966 29.3856 29.4133
5 19 116.118 24.0913 24.0882
5 20 111.164 23.1857 23.207
5 21 108.153 23.7358 23.7293
5 22 102.118 24.013 23.9938
5 23 68.4724 15.1471 15.0894
5 24 40.7593 11.0664 11.0442
5 25 0 0.151737 0
5 26 0 0.151737 0
6 0 2.18344 0.702421 0.551791
6 1 20.9674 4.94674 4.78324
6 2 57.2409 11.279 11.1075
6 3 112.201 26.9948 26.8606
6 4 154.949 32.8425 32.8888
6 5 159.923 28.3963 28.3899
6 6 181.578 30.8059 30.5837
6 7 180.837 32.1032 31.8847
6 8 179.104 32.5451 32.5959
6 9 190.635 35.0345 35.0855
6 10 184.933 32.573 32.6201
6 11 176.219 31.6057 31.645
6 12 185.627 36.69 36.7559
6 13 183.689 34.5965 34.5822
6 14 176.941 33.4446 33.4598
6 15 196.133 38.0942 38.1596
6 16 184.484 39.0921 39.1538
6 17 173.42 34.0635 34.1184
6 18 183.053 36.7615 36.7572
6 19 193.507 41.4693 41.5491
6 20 186.537 40.4831 40.5521
6 21 166.459 37.0082 37.0602
6 22 123.717 26.9905 27.0199
6 23 83.0579 20.839 20.8003
6 24 35.064 9.65507 9.60935
6 25 3.19504 1.06912 0.921795
6 26 3.00975 0.741744 0.591697
7 0 0 0.151737 0
7 1 10.3974 2.51522 2.35273
7 2 26.9064 4.65443 4.47464
7 3 53.4321 9.09833 8.92981
7 4 74.8324 13.5771 13.5241
7 5 91.2975 17.3285 17.1732
7 6 106.568 18.7134 18.5685
7 7 102.427 17.4189 17.3647
7 8 99.2455 16.9759 16.9228
7 9 101.603 18.5689 18.5455
7 10 111.077 21.4733 21.4447
7 11 110.927 21.2509 21.2314
7 12 112.733 20.8411 20.8527
7 13 111.554 21.0044 20.9897
7 14 104.498 18.7254 18.7065
7 15 102.26 18.8046 18.7635
7 16 103.363 19.2455 19.2197
7 17 102.808 18.767 18.6205
7 18 102.016 24.5951 24.5856
7 19 98.1298 19.6771 19.5508
7 20 90.0052 18.0956 18.0742
7 21 80.7568 17.1796 17.1575
7 22 64.948 14.888 14.829
7 23 37.8173 8.02601 7.94978
7 24 16.9041 5.23994 5.17527
7 25 0 0.151737 0
7 26 0 0.151737 0
8 0 0.588456 0.251097 0.115429
8 1 17.9837 4.38719 4.2309
8 2 52.9439 12.1594 11.974
8 3 74.2037 17.0376 16.8143
8 4 58.5798 13.1603 12.9989
8 5 45.0269 9.71013 9.52145
8 6 34.6738 9.24275 9.14937
8 7 36.2118 10.0603 9.97931
8 8 32.2954 8.21035 8.14501
8 9 30.9102 7.53811 7.46142
8 10 29.9196 8.49199 8.32066
8 11 32.7618 8.2485 8.17274
8 12 31.3737 7.70072 7.53777
8 13 29.561 7.2812 7.19331
8 14 35.1427 8.98386 8.83314
8 15 35.0355 8.89181 8.83578
8 16 35.3285 9.90441 9.83441
8 17 40.6627 11.5228 11.4622
8 18 48.1041 13.9014 13.8711
8 19 52.6269 17.6703 17.6425
8 20 62.026 17.7622 17.7363
8 21 91.6781 31.6685 31.6838
8 22 100.806 27.7034 27.7323
8 23 101.209 29.1259 29.173
8 24 41.6793 12.3348 12.2929
8 25 1.44806 0.525118 0.374418
8 26 0.744786 0.445905 0.279693
9 0 0 0.151737 0
9 1 12.6705 2.94981 2.8038
9 2 23.9446 6.82597 6.66724
9 3 27.7695 5.63992 5.48513
9 4 24.7474 5.47709 5.40691
9 5 15.473 3.25275 3.08303
9 6 17.8466 3.91865 3.75928
9 7 21.6998 6.08773 5.99848
9 8 15.7031 4.33781 4.17027
9 9 19.2823 6.86088 6.69421
9 10 12.0583 2.87757 2.71587
9 11 17.7924 4.38728 4.22577
9 12 12.659 2.79005 2.6131
9 13 13.0859 3.44247 3.27964
9 14 14.4085 3.8703 3.78338
9 15 18.6694 4.93105 4.78214
9 16 14.3479 3.46908 3.37171
9 17 20.2043 5.89123 5.83512
9 18 19.9491 4.9079 4.82774
9 19 17.9883 4.6216 4.53733
9 20 21.159 5.28386 5.13281
9 21 27.3965 6.64204 6.57181
9 22 37.1695 9.22832 9.16479
9 23 30.6551 7.21996 7.13966
9 24 23.8553 6.0193 5.86889
9 25 0 0.151737 0
9 26 0 0.151737 0
