0.03 0
1 0 322.327 68.2114 68.3406
1 1 314.056 64.1939 64.3169
1 2 315.735 64.1415 64.271
1 3 307.429 67.1273 67.2664
1 4 282.15 63.1029 63.1893
1 5 295.941 64.015 64.1509
1 6 318.961 73.768 73.926
1 7 292.4 64.4334 64.5258
1 8 292.903 65.9388 66.084
1 9 297.487 67.3067 67.4146
1 10 325.279 72.6059 72.7565
1 11 315.659 67.8884 68.0254
1 12 330.366 70.8272 70.9748
1 13 304.264 63.4474 63.5408
1 14 320.583 66.6598 66.7534
1 15 303.072 63.6736 63.803
1 16 330.302 73.9405 74.1042
1 17 310.207 70.7647 70.9276
1 18 305.988 75.6386 75.7983
1 19 307.234 73.3579 73.5252
1 20 310.252 68.6202 68.7581
1 21 299.633 59.3886 59.4703
1 22 334.489 71.1722 71.3199
1 23 337.094 72.3225 72.4757
1 24 0 0.151737 0
2 0 246.157 49.552 49.5954
2 1 247.401 46.3128 46.3893
2 2 245.696 46.0119 46.0914
2 3 238.036 49.184 49.2794
2 4 216.102 43.0324 43.0636
2 5 221.88 42.5984 42.6777
2 6 246.243 53.3388 53.4434
2 7 231.519 48.61 48.6608
2 8 227.198 49.7191 49.8166
2 9 232.2 49.4056 49.465
2 10 249.126 50.219 50.3118
2 11 248.324 51.5837 51.6805
2 12 254.358 51.7446 51.8437
2 13 239.967 47.2524 47.3031
2 14 251.228 47.4275 47.4697
2 15 240.763 48.295 48.385
2 16 256.135 53.3915 53.5015
2 17 240.322 50.8851 50.9859
2 18 232.938 49.8171 49.9068
2 19 236.563 52.3923 52.4897
2 20 240.52 46.5925 46.6362
2 21 236.341 44.3149 44.3593
2 22 251.763 48.7799 48.8705
2 23 257.978 51.2918 51.3917
2 24 0 0.151737 0
3 0 76.17 18.7412 18.7452
3 1 66.6549 17.9692 17.9276
3 2 70.0382 18.2172 18.1796
3 3 69.3933 18.015 17.987
3 4 66.0476 20.1666 20.1257
3 5 74.0611 21.4613 21.4733
3 6 72.7177 20.5073 20.4826
3 7 60.8812 15.8964 15.865
3 8 65.7051 16.2901 16.2673
3 9 65.2871 18.0062 17.9495
3 10 76.1525 22.4566 22.4447
3 11 67.335 16.3714 16.3449
3 12 76.0085 19.1536 19.1311
3 13 64.2969 16.2664 16.2378
3 14 69.3552 19.3262 19.2837
3 15 62.3091 15.4697 15.418
3 16 74.1678 20.6203 20.6027
3 17 69.8848 19.9615 19.9417
3 18 73.0509 25.8724 25.8915
3 19 70.6716 21.0535 21.0355
3 20 69.7324 22.1008 22.1219
3 21 63.2923 15.1408 15.1109
3 22 82.7263 22.4629 22.4494
3 23 79.1161 21.1003 21.0839
3 24 0 0.151737 0
4 0 155.98 34.3011 34.298
4 1 159.094 32.0766 32.1176
4 2 166.605 34.7966 34.8442
4 3 160.127 36.0566 36.1165
4 4 141.752 31.7841 31.7955
4 5 161.634 36.7791 36.8466
4 6 169.689 40.3025 40.3311
4 7 155.732 35.4506 35.4686
4 8 156.737 35.4763 35.5358
4 9 150.618 33.5463 33.5424
4 10 168.37 39.4867 39.5562
4 11 159.363 35.9469 35.9733
4 12 167.444 36.6786 36.7395
4 13 165.27 37.1252 37.1497
4 14 167.236 34.5571 34.5789
4 15 160.357 37.0051 37.066
4 16 178.418 41.7417 41.8171
4 17 166.043 39.9405 40.0075
4 18 149.376 34.3784 34.4311
4 19 166.97 39.7081 39.787
4 20 167.264 41.4796 41.523
4 21 165.521 35.294 35.3181
4 22 178.258 39.7831 39.8491
4 23 172.245 38.0489 38.071
4 24 0 0.151737 0
5 0 166.346 34.0014 34.0426
5 1 154.962 32.1921 32.1993
5 2 149.13 29.3873 29.4268
5 3 147.302 31.1068 31.1499
5 4 140.398 31.4102 31.3938
5 5 134.307 27.3016 27.3043
5 6 149.272 33.5446 33.5949
5 7 136.668 29.0703 29.0573
5 8 136.165 30.534 30.5481
5 9 146.868 33.8601 33.8722
5 10 156.908 33.1947 33.2003
5 11 156.296 32.0368 32.0521
5 12 162.922 34.2117 34.2353
5 13 138.994 26.4051 26.3912
5 14 153.347 32.189 32.1746
5 15 142.715 26.7623 26.7369
5 16 151.884 32.2911 32.2871
5 17 144.163 30.909 30.9201
5 18 156.613 41.2997 41.3672
5 19 140.264 33.7267 33.7382
5 20 142.988 27.2365 27.2351
5 21 134.113 24.1649 24.1522
5 22 156.231 31.4236 31.4708
5 23 164.849 34.3842 34.4047
5 24 0 0.151737 0
6 0 117.131 24.7633 24.7318
6 1 122.136 22.6685 22.6813
6 2 125.819 23.8465 23.8652
6 3 118.436 24.7549 24.7835
6 4 104.756 19.5987 19.5741
6 5 116.941 24.0673 24.0986
6 6 126.902 27.8613 27.857
6 7 117.254 24.5763 24.5622
6 8 117.63 25.0609 25.0865
6 9 113.648 23.7841 23.6313
6 10 129.668 28.292 28.325
6 11 123.645 27.3337 27.3158
6 12 125.591 25.4209 25.4497
6 13 125.874 26.4595 26.4527
6 14 130.092 24.8455 24.8393
6 15 123.285 27.19 27.2232
6 16 133.029 27.6764 27.712
6 17 126.145 27.9914 28.0244
6 18 113.677 21.8959 21.8778
6 19 123.034 26.7144 26.7404
6 20 123.896 26.141 26.1396
6 21 128.273 26.2762 26.2792
6 22 132.511 28.0967 28.1295
6 23 126.735 25.3028 25.2593
6 24 0 0.151737 0
7 0 129.025 24.8759 24.8636
7 1 125.265 23.7258 23.7081
7 2 119.877 22.211 22.2262
7 3 119.6 24.5045 24.4959
7 4 111.346 23.5273 23.4895
7 5 104.939 18.7215 18.5791
7 6 119.342 25.5555 25.5864
7 7 114.265 24.1211 24.0987
7 8 109.568 24.733 24.7302
7 9 118.551 25.8452 25.8337
7 10 119.458 22.0136 21.9867
7 11 124.679 24.4097 24.3647
7 12 128.767 26.393 26.394
7 13 114.094 20.879 20.8504
7 14 121.136 22.6632 22.6305
7 15 117.478 21.1977 21.1618
7 16 123.105 25.8127 25.7895
7 17 114.177 22.9682 22.9615
7 18 119.261 28.0031 28.029
7 19 113.528 25.8464 25.7493
7 20 116.623 20.5347 20.4966
7 21 108.068 18.2346 18.0801
7 22 119.252 20.7554 20.741
7 23 131.243 26.1297 26.1324
7 24 0 0.151737 0
8 0 38.849 9.71407 9.56613
8 1 36.9584 9.50196 9.43632
8 2 40.7859 11.0315 10.979
8 3 41.6911 11.3792 11.333
8 4 36.9964 12.2841 12.2214
8 5 44.6932 12.7859 12.748
8 6 42.7873 12.5197 12.4741
8 7 38.4778 10.953 10.9064
8 8 39.1075 10.4905 10.4494
8 9 36.97 9.99269 9.91102
8 10 38.7025 11.2973 11.2312
8 11 35.7182 8.70759 8.65748
8 12 41.8536 11.3507 11.2898
8 13 39.396 10.7429 10.697
8 14 37.1438 9.80146 9.73959
8 15 37.0721 9.9083 9.84286
8 16 45.389 14.1424 14.105
8 17 39.8984 12.0444 11.9831
8 18 35.6992 12.5919 12.5533
8 19 43.9358 13.083 13.0466
8 20 43.3682 15.5281 15.3834
8 21 37.248 9.08537 9.03887
8 22 45.7466 11.7625 11.7196
8 23 45.5097 12.8701 12.8116
8 24 0 0.151737 0
9 0 37.321 9.20013 9.17904
9 1 29.6965 8.56472 8.49124
9 2 29.2523 7.26419 7.2006
9 3 27.7022 6.81967 6.65402
9 4 29.0511 7.96984 7.90432
9 5 29.3678 8.7712 8.72525
9 6 29.9304 8.09041 8.00844
9 7 22.4034 5.11935 4.9586
9 8 26.5976 5.96426 5.81797
9 9 28.317 8.11895 8.0385
9 10 37.45 11.2693 11.2136
9 11 31.6168 7.76612 7.68738
9 12 34.1548 7.9758 7.84131
9 13 24.9009 5.6973 5.54079
9 14 32.2114 9.62204 9.54411
9 15 25.237 5.7424 5.57513
9 16 28.7789 6.65502 6.49762
9 17 29.9864 8.00912 7.95862
9 18 37.3517 13.3767 13.3382
9 19 26.7358 8.08951 7.9889
9 20 26.3642 6.81276 6.73842
9 21 26.0443 6.12869 6.07205
9 22 36.9797 10.7918 10.7298
9 23 33.6064 8.33419 8.27233
9 24 0 0.151737 0
