0.03 0
1 0 168.753 43.1942 43.2676
1 1 224.936 46.5955 46.6739
1 2 262.102 56.5017 56.6135
1 3 266.104 54.2848 54.3903
1 4 274.472 58.5226 58.6405
1 5 283.716 56.2964 56.3745
1 6 268.039 50.7471 50.8011
1 7 293.383 58.1622 58.2769
1 8 292.259 58.0464 58.1602
1 9 298.51 66.3598 66.4953
1 10 302.797 63.2925 63.3861
1 11 298.758 62.8044 62.8988
1 12 303.167 63.2956 63.4234
1 13 310.653 64.9758 65.0719
1 14 295.496 61.8798 62.0044
1 15 303.347 62.3471 62.4063
1 16 327.212 70.9571 71.1079
1 17 320.336 66.7119 66.8485
1 18 313.011 67.6032 67.7327
1 19 333.2 78.5077 78.6719
1 20 336.972 74.162 74.3224
1 21 328.417 76.1399 76.3028
1 22 337.983 86.8754 87.0779
1 23 310.12 70.5232 70.6234
1 24 262.938 69.8405 69.9882
1 25 134.208 38.2322 38.2664
1 26 10.3464 2.85292 2.75869
2 0 82.6603 20.3705 20.2445
2 1 142.811 27.4983 27.5241
2 2 184.089 36.9367 36.9967
2 3 207.572 39.6799 39.7466
2 4 222.47 46.2784 46.3635
2 5 232.678 43.3281 43.3729
2 6 224.291 39.0242 39.0469
2 7 244.828 45.5049 45.5804
2 8 246.334 45.3984 45.4793
2 9 246.46 50.8314 50.9261
2 10 256.298 50.2766 50.3347
2 11 247.87 49.1725 49.2307
2 12 250.099 49.094 49.1857
2 13 259.025 50.149 50.2057
2 14 245.332 46.9607 47.0466
2 15 250.539 48.011 48.0325
2 16 271.81 56.9632 57.0797
2 17 254.325 48.5786 48.6682
2 18 260.794 54.8401 54.9371
2 19 273.182 61.547 61.6675
2 20 265.572 54.7253 54.8288
2 21 247.065 50.3011 50.3968
2 22 234.346 51.7547 51.8646
2 23 206.417 42.904 42.9037
2 24 158.243 41.3744 41.4436
2 25 59.5343 17.3633 17.3135
2 26 6.07919 1.52176 1.37568
3 0 86.0923 23.0453 23.0232
3 1 82.1244 19.1677 19.1498
3 2 78.0126 19.6091 19.6168
3 3 58.5314 14.681 14.6437
3 4 52.0015 12.3668 12.277
3 5 51.0375 13.0582 13.0016
3 6 43.7482 11.8101 11.7542
3 7 48.555 12.7474 12.6965
3 8 45.925 12.7352 12.6809
3 9 52.0502 15.6003 15.5692
3 10 46.4987 13.0902 13.0514
3 11 50.8877 13.7021 13.6682
3 12 53.0673 14.2908 14.2377
3 13 51.6286 14.9161 14.8663
3 14 50.1638 14.9712 14.9578
3 15 52.8081 14.5284 14.3738
3 16 55.4021 14.0851 14.0282
3 17 66.0116 18.2089 18.1804
3 18 52.2167 12.8361 12.7956
3 19 60.0178 17.0273 17.0044
3 20 71.4008 19.5126 19.4936
3 21 81.3521 25.9113 25.906
3 22 103.637 35.2125 35.2132
3 23 103.703 27.7183 27.7197
3 24 104.696 28.5104 28.5447
3 25 74.6737 20.9632 20.9529
3 26 4.26722 1.50356 1.38301
4 0 98.0745 27.2376 27.2419
4 1 141.009 30.8252 30.8604
4 2 161.537 38.4606 38.525
4 3 153.675 33.1005 33.1492
4 4 152.309 30.813 30.8137
4 5 158.112 35.0238 35.0467
4 6 145.542 28.6 28.5976
4 7 157.125 33.2497 33.3032
4 8 155.408 30.812 30.8562
4 9 159.685 37.2207 37.2796
4 10 146.695 31.346 31.358
4 11 150.164 32.5352 32.5281
4 12 145.102 30.8115 30.8522
4 13 152.624 31.1301 31.1421
4 14 156.591 35.4075 35.4715
4 15 150.48 30.5711 30.544
4 16 163.851 37.1974 37.2262
4 17 160.579 34.193 34.2529
4 18 144.466 29.4662 29.4744
4 19 168.229 43.1753 43.2537
4 20 161.08 34.3115 34.3621
4 21 165.805 41.4316 41.4635
4 22 167.989 45.8105 45.8642
4 23 168.243 39.7816 39.8195
4 24 142.548 37.8615 37.9231
4 25 65.2648 16.8055 16.7831
4 26 6.76917 2.04445 1.94629
5 0 70.6781 16.1504 16.0257
5 1 83.927 15.8393 15.8135
5 2 100.565 18.085 18.0885
5 3 112.428 21.2597 21.2411
5 4 122.162 27.8316 27.8268
5 5 125.604 21.3583 21.3278
5 6 122.497 22.2369 22.2035
5 7 136.258 24.9941 24.9738
5 8 136.851 27.2824 27.304
5 9 138.825 29.1776 29.2157
5 10 156.102 32.0333 32.0281
5 11 148.594 30.3553 30.3707
5 12 158.065 32.5594 32.5712
5 13 158.029 33.9267 33.9298
5 14 138.905 26.559 26.5329
5 15 152.866 31.863 31.8623
5 16 163.361 33.8366 33.8817
5 17 159.757 32.5814 32.5957
5 18 168.545 38.2404 38.2583
5 19 164.971 35.3973 35.4182
5 20 175.892 39.8902 39.9603
5 21 162.612 34.8302 34.8393
5 22 169.994 41.1268 41.2137
5 23 141.877 30.8064 30.8039
5 24 120.391 32.0458 32.0651
5 25 68.9432 21.4945 21.4833
5 26 3.57724 0.967477 0.812402
6 0 49.163 13.2254 13.0711
6 1 88.85 18.3216 18.3206
6 2 109.206 24.0398 24.0587
6 3 115.332 22.9318 22.7765
6 4 119.04 22.4925 22.4713
6 5 125.5 25.8899 25.8874
6 6 117.474 21.1219 21.0976
6 7 126.711 24.5929 24.6156
6 8 127.403 23.4669 23.2968
6 9 128.867 27.8704 27.9025
6 10 117.538 22.5368 22.5228
6 11 122.186 25.4097 25.3813
6 12 115.101 21.961 21.9759
6 13 127.564 24.7576 24.7508
6 14 126.232 25.3889 25.3827
6 15 121.929 23.5811 23.5433
6 16 134.902 29.0699 29.0754
6 17 123.114 24.2522 24.2777
6 18 118.899 22.7581 22.7467
6 19 136.429 33.491 33.5377
6 20 122.549 23.7189 23.7313
6 21 123.197 26.959 26.9482
6 22 115.655 27.119 27.1241
6 23 109.887 25.3118 25.2868
6 24 83.4156 20.9024 20.911
6 25 28.9677 7.5057 7.33143
6 26 3.67928 1.05784 0.917011
7 0 33.4973 7.32409 7.17338
7 1 53.9612 9.34895 9.20348
7 2 74.8831 12.9787 12.938
7 3 92.2405 17.0301 16.97
7 4 103.43 23.9026 23.8922
7 5 107.178 17.6274 17.4855
7 6 106.817 18.1152 17.9494
7 7 118.118 20.997 20.9648
7 8 118.931 22.1758 22.1824
7 9 117.593 23.0273 23.0236
7 10 138.76 27.8261 27.8119
7 11 125.685 23.853 23.8493
7 12 134.999 27.2088 27.2098
7 13 131.461 25.4768 25.4549
7 14 119.099 21.7014 21.6639
7 15 128.609 24.5114 24.4892
7 16 136.908 27.9794 28.0043
7 17 131.211 24.3999 24.3905
7 18 141.896 32.19 32.1904
7 19 136.753 28.1285 28.1298
7 20 143.022 31.0564 31.0975
7 21 123.869 23.4654 23.4486
7 22 118.691 24.7158 24.7405
7 23 96.5303 17.7984 17.6169
7 24 74.827 20.6714 20.5326
7 25 30.5666 10.0419 9.98211
7 26 2.39991 0.609659 0.458668
8 0 48.9115 14.2167 14.1708
8 1 52.1585 12.5779 12.5398
8 2 52.3311 14.5173 14.4663
8 3 38.3435 10.4497 10.3727
8 4 33.2697 8.4353 8.34242
8 5 32.6124 9.22477 9.15926
8 6 28.0685 7.56707 7.50008
8 7 30.4145 8.76695 8.68757
8 8 28.0054 7.64269 7.55935
8 9 30.8177 9.43997 9.3771
8 10 29.1569 8.88714 8.8352
8 11 27.9789 7.21788 7.14678
8 12 30.0013 8.93621 8.87632
8 13 25.0601 6.46593 6.39133
8 14 30.3584 10.1175 10.0888
8 15 28.5511 7.16906 7.00069
8 16 28.9492 8.22393 8.15077
8 17 37.4655 10.118 9.97518
8 18 25.5672 6.79808 6.72764
8 19 31.7996 9.77379 9.71598
8 20 38.531 10.6769 10.6308
8 21 42.6087 14.5545 14.5153
8 22 52.3337 18.7833 18.7401
8 23 58.3565 14.5665 14.5327
8 24 59.1321 17.0371 17.0122
8 25 36.2971 9.49725 9.45168
8 26 3.08988 1.1516 1.02928
9 0 37.1808 8.99837 8.85235
9 1 29.9658 6.67698 6.61006
9 2 25.6815 5.29496 5.15048
9 3 20.1879 4.42253 4.27102
9 4 18.7319 4.02512 3.93455
9 5 18.4252 3.94409 3.84233
9 6 15.6797 4.35812 4.25415
9 7 18.1405 4.10983 4.00895
9 8 17.9195 5.22236 5.12156
9 9 21.2325 6.26078 6.1921
9 10 17.3418 4.37898 4.21619
9 11 22.9087 6.57686 6.52138
9 12 23.066 5.51888 5.3614
9 13 26.5686 8.55052 8.47495
9 14 19.8053 5.0164 4.86901
9 15 24.2569 7.51597 7.37312
9 16 26.4529 6.05762 5.87743
9 17 28.5461 8.2776 8.2052
9 18 26.6494 6.22959 6.06795
9 19 28.2182 7.37624 7.28843
9 20 32.8698 8.91256 8.86274
9 21 38.7434 11.4683 11.3907
9 22 51.3031 16.5197 16.4731
9 23 45.3468 13.2423 13.1869
9 24 45.5636 11.5747 11.5325
9 25 38.3766 11.5542 11.5012
9 26 1.17734 0.510149 0.353734
