0 0
1 0 5702.77 2321.13 2315.34
1 1 17131.6 6533.8 6484.33
1 2 13840.9 5131.27 5098.89
1 3 10891.8 3981.94 3961.79
1 4 8539.8 3267.51 3255
1 5 6755.25 2780.23 2772.25
1 6 5291.07 2334.81 2329.72
1 7 3988.93 1837.25 1834.15
1 8 2976.37 1386.86 1384.94
1 9 2241.14 1122.94 1121.6
1 10 1651.36 794.665 793.744
1 11 1308.53 755.68 757.506
1 12 938.411 560.114 559.255
1 13 679.458 343.053 342.467
1 14 509.62 292.319 291.62
1 15 387.11 194.305 194.711
1 16 298.406 197.674 196.789
1 17 205.801 94.4622 94.657
1 18 168.691 120.34 120.554
1 19 123.68 76.3755 76.4688
1 20 565.273 249.542 249.099
2 0 5773.65 2421.78 2415.84
2 1 17390 7645.31 7594.25
2 2 19703.9 8948.35 8882.89
2 3 18669.2 8450.36 8391.55
2 4 16245.7 7341.16 7296.53
2 5 13710.2 6265.2 6233.29
2 6 11301.9 5156.79 5134.96
2 7 8889.09 4087.08 4073.41
2 8 6770.83 3216.77 3208.63
2 9 4987.4 2345.99 2341.38
2 10 3732.71 1818.96 1816.14
2 11 2803.3 1318.18 1320.17
2 12 2141.5 1072.88 1071.61
2 13 1630.06 798.242 797.317
2 14 1274.74 669.625 671.195
2 15 972.268 511.713 511.001
2 16 764.905 369.641 370.554
2 17 602.584 279.012 279.72
2 18 481.089 215.532 216.087
2 19 429.429 236.833 237.386
2 20 2791.07 1254.19 1252.48
3 0 11476.4 4753.6 4731.19
3 1 34521.7 14278.6 14078.6
3 2 33544.8 14170.6 13981.8
3 3 29560.9 12500.1 12353.3
3 4 24785.4 10654.8 10551.5
3 5 20465.4 9076.1 9005.53
3 6 16593 7511.23 7464.68
3 7 12878 5935.78 5907.56
3 8 9747.19 4609.95 4593.58
3 9 7228.53 3472.2 3462.98
3 10 5384.07 2615.22 2609.89
3 11 4111.83 2081.02 2077.67
3 12 3079.91 1633.02 1630.87
3 13 2309.52 1141.17 1139.78
3 14 1784.36 963.933 962.815
3 15 1359.38 706.563 705.712
3 16 1063.31 568.102 567.342
3 17 808.385 373.473 374.377
3 18 649.78 335.791 336.642
3 19 553.109 313.099 313.855
3 20 3356.34 1503.87 1501.58
