0.03 0
1 0 96.3641 26.9112 26.858
1 1 137.294 29.921 29.9358
1 2 157.633 37.6823 37.5644
1 3 149.529 31.9726 31.9929
1 4 147.916 29.7281 29.6583
1 5 154.846 34.2795 34.1618
1 6 142.361 27.9654 27.8261
1 7 153.129 32.3192 32.2265
1 8 151.352 29.8969 29.8152
1 9 155.486 36.0936 36.1623
1 10 141.965 30.1513 30.0882
1 11 147.524 31.9985 31.9123
1 12 141.923 30.1748 30.0814
1 13 149.397 30.5432 30.4116
1 14 154.45 34.9626 34.8565
1 15 145.784 29.5594 29.4266
1 16 160.374 36.6063 36.4953
1 17 157.701 33.5378 33.4434
1 18 141.482 28.8142 28.7416
1 19 164.268 42.2786 42.3301
1 20 157.367 33.5328 33.4382
1 21 162.729 40.7159 40.6146
1 22 165.247 45.4141 45.3271
1 23 164.135 38.8602 38.8176
1 24 138.3 36.8092 36.8454
1 25 64.7279 16.6941 16.6287
1 26 6.76917 2.06427 1.94629
2 0 68.5838 15.5902 15.3697
2 1 78.3535 14.4752 14.426
2 2 98.3173 17.5572 17.5501
2 3 108.319 20.2962 20.2384
2 4 116.109 26.3265 26.2478
2 5 119.541 19.9072 19.835
2 6 118.481 21.3945 21.3175
2 7 130.543 23.5737 23.5098
2 8 130.902 25.6449 25.6477
2 9 134.134 28.0711 28.1002
2 10 151.649 30.9538 30.9084
2 11 143.175 28.8785 28.8662
2 12 152.406 31.0962 31.0703
2 13 154.511 33.0852 33.0439
2 14 134.402 25.5191 25.4529
2 15 148.512 30.8994 30.8612
2 16 159.594 32.9719 32.9961
2 17 155.795 31.7023 31.6714
2 18 163.852 37.1636 37.1422
2 19 159.405 34.0406 34.0333
2 20 171.299 38.7244 38.7649
2 21 159.039 34.1094 33.9911
2 22 161.84 39.08 39.1747
2 23 137.964 29.8884 29.8399
2 24 114.833 30.5214 30.4855
2 25 67.0327 21.1115 21.0593
2 26 3.57724 1.00098 0.812402
