0 0
1 0 2.77189 0.816907 0.667219
1 1 62.0191 14.3296 14.1707
1 2 161.036 34.3759 34.2233
1 3 267.199 58.0663 57.9245
1 4 316.958 67.1504 67.2887
1 5 313.646 59.2876 59.4026
1 6 340.667 61.947 62.0609
1 7 344.619 67.3974 67.5318
1 8 330.198 64.1676 64.3039
1 9 348.205 71.3455 71.4916
1 10 341.838 67.4355 67.5713
1 11 339.625 66.3764 66.5099
1 12 348.167 71.3108 71.4644
1 13 341.74 68.4297 68.5149
1 14 336.765 68.3921 68.4879
1 15 354.672 71.8401 71.9865
1 16 352.84 81.2161 81.3996
1 17 352.411 79.6854 79.8561
1 18 364.265 87.0952 87.2864
1 19 365.695 85.3939 85.5845
1 20 372.795 89.7643 89.9751
1 21 373.501 96.9748 97.188
1 22 345.482 90.7314 90.9307
1 23 259.95 69.6212 69.7774
1 24 123.277 36.596 36.6514
1 25 4.6431 1.44638 1.29621
1 26 3.75454 1.01622 0.87139
2 0 2.18344 0.702421 0.551791
2 1 31.3648 7.29211 7.13597
2 2 84.1472 15.7696 15.5821
2 3 165.633 35.9557 35.7905
2 4 231.706 47.5651 47.6479
2 5 253.146 46.7583 46.7981
2 6 288.146 49.3624 49.1522
2 7 284.782 50.2283 50.319
2 8 280.275 50.6521 50.7536
2 9 298.013 57.2303 57.336
2 10 299.86 56.4269 56.5348
2 11 287.145 52.7777 52.8764
2 12 304.135 61.1848 61.3136
2 13 299.093 57.9835 58.0419
2 14 285.289 54.5724 54.6363
2 15 300.967 58.2544 58.3686
2 16 297.389 64.3473 64.4884
2 17 286.176 58.9016 59.0192
2 18 294.287 67.2121 67.3525
2 19 293.155 62.0388 62.1696
2 20 288.091 65.8866 66.0363
2 21 250.658 56.4116 56.5224
2 22 195.958 46.5389 46.6236
2 23 124.643 31.1679 31.16
2 24 51.968 14.7937 14.7846
2 25 3.19504 1.06912 0.921795
2 26 3.00975 0.741744 0.591697
3 0 0.588456 0.251097 0.115429
3 1 30.6543 7.19163 7.03469
3 2 76.8885 18.8058 18.6412
3 3 101.567 22.3506 22.1341
3 4 85.252 19.6327 19.6408
3 5 60.5 12.7669 12.6045
3 6 52.5204 12.9783 12.9086
3 7 59.8365 17.2567 17.2128
3 8 49.9234 13.6021 13.5503
3 9 50.1925 14.2211 14.1556
3 10 41.9779 11.2093 11.0365
3 11 52.4791 13.6732 13.6335
3 12 44.0327 10.3053 10.1509
3 13 42.6469 10.5379 10.4729
3 14 51.4761 13.8994 13.8515
3 15 53.7049 13.659 13.6179
3 16 55.4509 16.9644 16.9111
3 17 66.2349 20.8537 20.837
3 18 69.9781 19.9455 19.9338
3 19 72.54 23.4289 23.4148
3 20 84.7032 23.9212 23.9388
3 21 122.842 40.6265 40.6656
3 22 149.525 44.2321 44.3071
3 23 135.308 38.5446 38.6174
3 24 71.3091 21.8794 21.8668
3 25 1.44806 0.525118 0.374418
3 26 0.744786 0.445905 0.279693
4 0 1.86692 0.54481 0.396302
4 1 33.6795 7.92895 7.75983
4 2 91.3451 19.3302 19.1686
4 3 151.694 32.864 32.6592
4 4 173.525 37.8837 37.9439
4 5 165.114 30.4745 30.4772
4 6 171.8 31.8425 31.8881
4 7 173.808 33.8862 33.932
4 8 163.903 32.4329 32.4779
4 9 171.617 33.1362 33.1797
4 10 168.022 32.1056 32.0781
4 11 162.961 32.6807 32.7276
4 12 174.431 38.9049 38.9784
4 13 161.06 31.1926 31.1737
4 14 161.224 32.4161 32.4288
4 15 183.183 38.3279 38.3952
4 16 179.633 44.2142 44.2969
4 17 174.184 40.0738 40.1367
4 18 186.964 43.6381 43.6853
4 19 198.57 51.556 51.6655
4 20 209.25 52.9364 53.0412
4 21 218.636 63.5624 63.6965
4 22 191.724 50.1491 50.2426
4 23 159.376 44.3709 44.4616
4 24 70.9795 22.7919 22.7808
4 25 4.44638 1.40541 1.25752
4 26 2.77299 0.807186 0.658755
5 0 0.904971 0.423562 0.270917
5 1 28.3395 6.56239 6.41084
5 2 69.6906 15.2123 15.0547
5 3 115.505 25.3989 25.2653
5 4 143.433 29.3391 29.3448
5 5 148.531 29.0814 28.9254
5 6 168.867 30.3441 30.1728
5 7 170.811 33.6146 33.5998
5 8 166.295 31.8434 31.826
5 9 176.588 38.2929 38.3119
5 10 173.816 35.4462 35.4932
5 11 176.664 33.7365 33.7823
5 12 173.736 32.4418 32.486
5 13 180.68 37.3092 37.3412
5 14 175.541 36.0361 36.0591
5 15 171.488 33.5832 33.5913
5 16 173.207 37.0771 37.1027
5 17 178.226 39.6605 39.7194
5 18 177.3 43.5328 43.601
5 19 167.125 33.8618 33.919
5 20 163.545 36.8662 36.9339
5 21 154.865 33.4695 33.4915
5 22 153.758 40.6477 40.6881
5 23 100.575 25.3373 25.3158
5 24 52.2976 13.8825 13.8706
5 25 0.196715 0.160946 0.0386969
5 26 0.98155 0.353955 0.212635
6 0 1.27847 0.426205 0.280874
6 1 18.8869 4.53864 4.37383
6 2 49.1112 9.8297 9.65089
6 3 91.0511 19.8711 19.7318
6 4 126.482 27.4712 27.5024
6 5 128.016 22.5913 22.547
6 6 145.327 25.3195 25.0798
6 7 143.922 25.8642 25.6687
6 8 139.194 26.1842 26.2111
6 9 149.169 27.79 27.821
6 10 143.874 25.0556 25.0076
6 11 135.567 25.0811 25.1066
6 12 149.152 32.8098 32.8663
6 13 137.384 25.461 25.4278
6 14 132.948 25.1789 25.1707
6 15 155.424 31.3698 31.4177
6 16 146.267 33.2502 33.2991
6 17 142.25 30.4832 30.5191
6 18 148.514 32.6115 32.5997
6 19 151.514 34.5056 34.5669
6 20 160.041 39.6766 39.7451
6 21 138.268 33.1107 33.1553
6 22 101.406 23.2023 23.2212
6 23 72.1525 18.8104 18.7732
6 24 30.0836 8.67347 8.61185
6 25 3.19504 1.06912 0.921795
6 26 2.0282 0.528633 0.379062
7 0 0.904971 0.423562 0.270917
7 1 12.4779 2.92714 2.76214
7 2 35.036 6.10662 5.93121
7 3 74.5817 16.2118 16.0587
7 4 105.224 20.1854 20.1455
7 5 125.13 24.4011 24.2511
7 6 142.82 24.2198 24.0724
7 7 140.86 24.6908 24.6503
7 8 141.081 24.5813 24.5425
7 9 148.844 29.5152 29.5149
7 10 155.986 31.4969 31.5272
7 11 151.578 27.7693 27.7698
7 12 154.982 28.4145 28.4473
7 13 161.71 32.5952 32.6142
7 14 152.341 29.4601 29.4657
7 15 145.543 26.9758 26.9508
7 16 151.121 31.1798 31.1893
7 17 143.926 28.526 28.5001
7 18 145.773 34.7096 34.7528
7 19 141.641 27.7433 27.6028
7 20 128.05 26.2953 26.2913
7 21 112.39 23.3726 23.3671
7 22 94.5517 23.4281 23.4024
7 23 52.4902 12.4416 12.3868
7 24 21.8844 6.22979 6.17277
7 25 0 0.151737 0
7 26 0.98155 0.353955 0.212635
8 0 0.588456 0.251097 0.115429
8 1 14.7927 3.54052 3.386
8 2 42.2339 9.68614 9.51771
8 3 60.6432 13.163 12.9274
8 4 47.0432 10.5993 10.4415
8 5 37.098 8.12389 7.93016
8 6 26.4734 6.90489 6.80821
8 7 29.886 8.34982 8.2633
8 8 24.7096 6.33714 6.26679
8 9 22.4483 5.44493 5.35866
8 10 24.148 7.24939 7.07052
8 11 27.394 7.71499 7.62109
8 12 25.2788 6.26407 6.11209
8 13 23.6766 5.83384 5.74596
8 14 28.2759 7.41392 7.25812
8 15 27.7592 7.0586 6.97743
8 16 33.3652 11.0626 10.9978
8 17 31.9346 9.68258 9.61763
8 18 38.4505 11.1245 11.0856
8 19 47.0562 17.1275 17.0986
8 20 49.2089 13.3672 13.2961
8 21 80.3678 30.5295 30.5412
8 22 90.3184 26.9949 27.0215
8 23 87.2232 25.6514 25.6884
8 24 40.8959 14.2064 14.169
8 25 1.25134 0.485723 0.335721
8 26 0.744786 0.445905 0.279693
9 0 0 0.151737 0
9 1 15.8616 3.79619 3.6487
9 2 34.6546 9.29431 9.12348
9 3 40.9234 9.37586 9.20665
9 4 38.2089 9.25847 9.19927
9 5 23.4019 4.84878 4.67432
9 6 26.047 6.26213 6.10043
9 7 29.9505 9.02959 8.94949
9 8 25.2138 7.37304 7.2835
9 9 27.7442 8.89104 8.79696
9 10 17.8299 4.12951 3.966
9 11 25.0851 6.16744 6.01244
9 12 18.7539 4.22322 4.03878
9 13 18.9703 4.87718 4.72699
9 14 23.2002 6.65976 6.59341
9 15 25.9458 6.79206 6.6405
9 16 22.0857 6.00697 5.91335
9 17 34.3004 11.2614 11.2193
9 18 31.5276 8.91724 8.84824
9 19 25.4838 6.38695 6.31624
9 20 35.4944 10.665 10.6426
9 21 42.4743 10.1856 10.1243
9 22 59.2062 17.3086 17.2857
9 23 48.0843 12.9934 12.9289
9 24 30.4132 7.76197 7.69785
9 25 0.196715 0.160946 0.0386969
9 26 0 0.151737 0
