0 0
1 0 678.285 792.764 789.973
1 1 2993.14 2888.21 2884.84
1 2 1774.1 1628.58 1626.36
1 3 617.276 572.499 570.725
1 4 209.637 202.652 202.339
1 5 80.3925 80.3939 79.6372
1 6 24.5793 88.7776 73.3851
1 7 7.82128 18.9958 7.17338
1 8 2.60709 12.0169 2.39113
1 9 4.20054 14.276 3.75477
1 10 1.59345 9.93089 1.36365
1 11 2.02729 10.0754 2.05496
1 12 0.5798 5.41547 0.336168
1 13 1.01365 8.21215 1.02748
1 14 0 9.98265 0
1 15 1.01365 8.21215 1.02748
1 16 0 9.98265 0
1 17 0 9.98265 0
1 18 0 9.98265 0
1 19 0 9.98265 0
1 20 0 9.98265 0
1 21 0 9.98265 0
1 22 0 9.98265 0
1 23 0 9.98265 0
1 24 0 9.98265 0
1 25 0 9.98265 0
1 26 0 9.98265 0
1 27 0 9.98265 0
1 28 0 9.98265 0
1 29 0 9.98265 0
1 30 0 9.98265 0
2 0 209.825 409.15 401.808
2 1 719.676 881.073 878.008
2 2 518.114 637.327 634.284
2 3 202.953 252.068 249.049
2 4 80.7348 87.0581 84.848
2 5 32.8125 40.5881 39.6587
2 6 18.8943 26.6315 25.6131
2 7 13.539 21.614 20.5249
2 8 5.06823 14.4986 5.13739
2 9 4.31976 14.6624 4.01068
2 10 2.02729 10.0754 2.05496
2 11 3.25658 13.3965 10.6053
2 12 0 9.98265 0
2 13 2.02729 10.0754 2.05496
2 14 0 9.98265 0
2 15 0 9.98265 0
2 16 0 9.98265 0
2 17 1.01365 8.21215 1.02748
2 18 0 9.98265 0
2 19 0 9.98265 0
2 20 0 9.98265 0
2 21 0 9.98265 0
2 22 0 9.98265 0
2 23 0 9.98265 0
2 24 0 9.98265 0
2 25 0 9.98265 0
2 26 0 9.98265 0
2 27 0 9.98265 0
2 28 0 9.98265 0
2 29 0 9.98265 0
2 30 0 9.98265 0
