0.03 0
1 0 98.1633 21.0422 21.0128
1 1 241.664 49.3202 49.2271
1 2 354.363 75.4529 75.341
1 3 381.468 79.0417 78.9312
1 4 369.918 74.4659 74.3617
1 5 353.792 76.14 76.2783
1 6 308.883 69.3441 69.2272
1 7 280.981 64.1002 64.066
1 8 217.38 51.5017 51.3817
1 9 187.967 47.9342 48.0016
1 10 144.697 34.3819 34.3651
1 11 124.316 29.7595 29.7156
1 12 101.139 25.823 25.8044
1 13 87.0134 23.3691 23.3099
1 14 83.8688 19.2352 19.134
1 15 85.7307 23.356 23.3297
1 16 74.1346 18.3643 18.2587
1 17 69.9312 17.7752 17.7546
1 18 65.553 16.1198 16.0338
1 19 57.7906 13.5116 13.326
1 20 48.2313 10.8017 10.2704
1 21 45.9404 13.3547 13.1675
1 22 27.309 6.1778 5.87256
1 23 10.7663 2.42985 2.22167
1 24 0 0.177491 0
2 0 51.4324 10.5387 10.2759
2 1 131.566 27.886 27.8768
2 2 190.843 36.1831 36.133
2 3 232.925 46.087 46.0961
2 4 247.875 53.5342 53.5579
2 5 232.524 42.3832 42.4529
2 6 261.322 57.229 57.3366
2 7 228.013 48.4394 48.4449
2 8 214.247 46.0093 46.0196
2 9 190.907 37.4351 37.4823
2 10 195.212 45.4205 45.453
2 11 186 43.8756 43.9092
2 12 149.419 32.1439 32.1399
2 13 132.24 29.0178 28.9743
2 14 121.111 22.2875 22.2449
2 15 129.847 29.7958 29.8299
2 16 102.455 23.2636 23.2375
2 17 92.4347 19.1501 19.0811
2 18 89.0025 17.7949 17.5595
2 19 84.1945 17.1513 17.0465
2 20 68.7559 14.0253 13.9307
2 21 58.4667 12.7951 12.7165
2 22 36.6931 7.62708 7.38752
2 23 16.1135 3.73821 3.53739
2 24 0 0.177491 0
