0 0
1 0 140.663 33.6972 33.7563
1 1 346.642 77.7038 77.8737
1 2 500.786 112.738 112.987
1 3 569.266 127.744 128.01
1 4 581.476 133.441 133.734
1 5 531.068 114.311 114.551
1 6 518.181 118.758 119.023
1 7 471.13 115.092 115.348
1 8 397.732 89.3099 89.5058
1 9 346.509 82.4522 82.6321
1 10 317.368 80.5408 80.7128
1 11 271.168 68.7596 68.8691
1 12 248.193 59.9653 60.0821
1 13 194.272 46.6253 46.6803
1 14 185.6 45.726 45.7826
1 15 185.688 46.8617 46.9165
1 16 163.158 38.1221 38.1848
1 17 152.745 37.6833 37.7158
1 18 137.573 33.8646 33.9204
1 19 124.335 27.4414 27.4435
1 20 130.034 30.7721 30.8156
1 21 103.892 25.9881 25.9845
1 22 83.9542 19.3012 19.3058
1 23 57.2861 13.1091 12.9178
1 24 20.3841 4.5681 4.42088
1 25 0 0.151737 0
2 0 98.5583 22.2095 22.2008
2 1 254.721 50.7143 50.8151
2 2 371.412 73.7986 73.9578
2 3 430.777 86.9626 87.1366
2 4 439.134 93.7402 93.947
2 5 411.599 83.2722 83.4444
2 6 407.149 88.5444 88.7421
2 7 366.87 87.8425 88.0369
2 8 311.298 65.7486 65.8874
2 9 271.041 61.2907 61.4159
2 10 252.263 62.3633 62.4884
2 11 218.081 53.5642 53.6322
2 12 193.914 45.6259 45.703
2 13 150.244 32.5168 32.5105
2 14 143.245 33.7591 33.7848
2 15 138.215 29.7334 29.7382
2 16 121.41 24.5229 24.5464
2 17 114.125 25.6652 25.663
2 18 104.353 23.4918 23.5115
2 19 99.1201 21.5256 21.5089
2 20 93.0061 19.3707 19.3342
2 21 79.9235 19.6573 19.6328
2 22 59.4656 13.1144 13.0905
2 23 40.3481 8.85108 8.66127
2 24 14.6776 3.1168 2.96206
2 25 0 0.151737 0
3 0 42.1047 11.578 11.5555
3 1 91.9204 27.0318 27.0585
3 2 129.374 38.9563 39.0292
3 3 138.489 40.8368 40.8729
3 4 142.341 39.7545 39.7872
3 5 119.469 31.0646 31.1064
3 6 111.033 30.2747 30.281
3 7 104.26 27.3123 27.3115
3 8 86.4346 23.6225 23.6184
3 9 75.4682 21.2233 21.2162
3 10 65.1051 18.2576 18.2244
3 11 53.0872 15.2802 15.2369
3 12 54.2782 14.4358 14.3791
3 13 44.0283 14.1989 14.1698
3 14 42.3553 12.0543 11.9978
3 15 47.4733 17.1968 17.1783
3 16 41.7476 13.7016 13.6384
3 17 38.6202 12.0925 12.0528
3 18 33.2205 10.4496 10.4089
3 19 25.2153 6.08631 5.93456
3 20 37.0282 11.5269 11.4814
3 21 23.9684 6.53793 6.35177
3 22 24.4886 6.31294 6.2153
3 23 16.9379 4.40821 4.25653
3 24 5.70643 1.61535 1.45883
3 25 0 0.151737 0
4 0 91.0026 21.4715 21.4817
4 1 223.847 48.237 48.3347
4 2 324.575 74.6774 74.8418
4 3 365.8 81.5287 81.7032
4 4 355.602 78.2551 78.4224
4 5 332.607 73.3223 73.472
4 6 298.749 68.3883 68.5312
4 7 273.822 67.3678 67.5144
4 8 217.882 51.2253 51.3326
4 9 184.581 47.3394 47.4269
4 10 151.738 39.0225 39.0522
4 11 124.814 32.4768 32.4895
4 12 110.72 29.0765 29.0887
4 13 80.058 19.5626 19.546
4 14 83.5575 23.7983 23.7948
4 15 76.6355 20.3655 20.3494
4 16 72.7221 18.9925 18.9727
4 17 65.9792 15.5772 15.5439
4 18 65.9719 18.6822 18.6834
4 19 57.646 14.4247 14.3883
4 20 54.2903 13.3569 13.3164
4 21 47.9476 14.4481 14.409
4 22 36.6962 8.36617 8.31042
4 23 24.7865 5.88289 5.68107
4 24 7.42865 1.70521 1.56026
4 25 0 0.151737 0
5 0 49.6603 12.4455 12.2745
5 1 122.795 29.537 29.5389
5 2 176.211 38.0869 38.1452
5 3 203.466 46.2852 46.3063
5 4 225.874 55.2058 55.3118
5 5 198.461 41.0124 41.0788
5 6 219.433 50.3874 50.4919
5 7 197.308 47.7492 47.834
5 8 179.851 38.1499 38.1732
5 9 161.928 35.1485 35.2052
5 10 165.629 41.5914 41.6606
5 11 146.355 36.3447 36.3796
5 12 137.473 30.9794 30.9934
5 13 114.214 27.1512 27.1344
5 14 102.042 22.0187 21.9878
5 15 109.053 26.5698 26.5671
5 16 90.4357 19.2063 19.2121
5 17 86.7661 22.1759 22.172
5 18 71.6013 15.4102 15.237
5 19 66.6893 13.2042 13.0551
5 20 75.7439 17.5632 17.4992
5 21 55.9444 11.725 11.5755
5 22 47.258 11.0565 10.9953
5 23 32.4995 7.40035 7.23672
5 24 12.9554 3.00961 2.86062
5 25 0 0.151737 0
6 0 66.3961 14.8034 14.7532
6 1 162.098 32.1706 31.9957
6 2 236.925 45.7946 45.8814
6 3 274.704 55.9508 56.0608
6 4 267.639 56.103 56.2139
6 5 252.582 50.5973 50.687
6 6 236.564 51.7262 51.8257
6 7 210.567 49.4843 49.5397
6 8 173.714 39.2496 39.3242
6 9 144.328 35.6762 35.7313
6 10 113.525 27.4666 27.4625
6 11 96.2218 23.6298 23.6163
6 12 82.0753 21.2517 21.1284
6 13 59.0759 12.5508 12.4963
6 14 61.8042 17.4303 17.4072
6 15 51.2351 10.0856 9.91453
6 16 48.8903 10.5946 10.5524
6 17 46.9351 10.3209 10.1546
6 18 47.581 12.0514 12.0248
6 19 44.9995 11.2997 11.2542
6 20 38.028 9.16092 9.09376
6 21 36.0074 11.291 11.2233
6 22 23.2508 4.95986 4.87772
6 23 15.4644 3.44707 3.25454
6 24 5.2851 1.18369 1.02756
6 25 0 0.151737 0
7 0 32.1621 7.60164 7.44757
7 1 92.6237 18.8436 18.8194
7 2 134.487 28.083 28.0764
7 3 156.074 31.093 31.0758
7 4 171.496 37.6759 37.7332
7 5 159.017 32.7426 32.7574
7 6 170.585 36.8884 36.9165
7 7 156.303 38.4387 38.4972
7 8 137.584 26.5736 26.5632
7 9 126.713 25.6588 25.6846
7 10 138.738 34.9748 35.0259
7 11 121.86 30.0182 30.0159
7 12 111.839 24.5794 24.5745
7 13 91.168 20.0523 20.0142
7 14 81.4404 16.4188 16.3776
7 15 86.9796 19.848 19.8237
7 16 72.5199 14.0037 13.9939
7 17 67.19 15.548 15.5084
7 18 56.7717 11.6331 11.4867
7 19 54.1205 10.4126 10.2548
7 20 54.9781 10.4486 10.2404
7 21 43.9161 8.56877 8.40946
7 22 36.2148 8.30323 8.21274
7 23 24.8837 5.58716 5.40672
7 24 9.39254 2.09212 1.93449
7 25 0 0.151737 0
8 0 24.6065 6.78808 6.72852
8 1 61.7495 16.3421 16.339
8 2 87.6501 28.9272 28.9604
8 3 91.0964 25.6478 25.6425
8 4 87.9628 22.2278 22.2086
8 5 80.0253 22.8156 22.785
8 6 62.185 16.7312 16.7055
8 7 63.2548 18.0013 17.9747
8 8 44.1673 12.0461 12.0084
8 9 40.2533 11.7513 11.6956
8 10 38.2138 11.6418 11.5897
8 11 28.592 8.94432 8.87314
8 12 28.6448 8.03063 7.96027
8 13 20.9822 7.11348 7.04965
8 14 21.7533 6.47208 6.3875
8 15 25.4004 10.4894 10.4349
8 16 23.8318 8.49362 8.42026
8 17 19.0441 5.47795 5.38921
8 18 18.3909 6.72764 6.65865
8 19 12.6465 3.28825 3.13417
8 20 16.2623 4.37938 4.22265
8 21 11.9402 3.36566 3.18572
8 22 13.4454 3.52751 3.43269
8 23 9.32216 2.58373 2.42653
8 24 2.14355 0.672826 0.532698
8 25 0 0.151737 0
9 0 17.4982 5.0038 4.82697
9 1 30.1709 10.8872 10.7195
9 2 41.7236 10.2496 10.0687
9 3 47.3923 15.2813 15.2305
9 4 54.3786 17.6145 17.5786
9 5 39.4438 8.48892 8.32135
9 6 48.8478 13.6134 13.5755
9 7 41.0047 9.48089 9.33675
9 8 42.2673 11.6644 11.61
9 9 35.215 9.57752 9.52056
9 10 26.8913 6.70374 6.63472
9 11 24.4952 6.45347 6.36376
9 12 25.6334 6.49996 6.41882
9 13 23.0461 7.18588 7.1202
9 14 20.602 5.77516 5.6103
9 15 22.0729 6.80809 6.7434
9 16 17.9157 5.31883 5.21817
9 17 19.5761 6.73068 6.6636
9 18 14.8296 3.89534 3.75028
9 19 12.5688 2.9506 2.80039
9 20 20.7658 7.35241 7.2588
9 21 12.0283 3.32431 3.16605
9 22 11.0432 2.93938 2.7826
9 23 7.61577 1.98786 1.83
9 24 3.56288 1.08406 0.92613
9 25 0 0.151737 0
