0 0
1 0 62.3204 20.9691 20.9565
1 1 404.442 104.15 104.38
1 2 1213.32 278.194 278.646
1 3 1564.15 342.279 342.666
1 4 1215.49 261.775 262.168
1 5 854.063 173.208 173.524
1 6 634.988 128.975 129.202
1 7 420.364 78.9866 79.1409
1 8 274.619 56.7413 56.8437
1 9 185.705 37.0288 37.0627
1 10 126.265 30.027 30.042
1 11 81.6696 18.0108 17.8312
1 12 53.988 10.6636 10.4986
1 13 38.0603 7.2466 7.07318
1 14 28.1116 5.6963 5.51864
1 15 20.8145 4.23561 4.05101
1 16 11.6595 3.33686 3.15675
1 17 12.7443 2.80933 2.63026
1 18 7.51485 1.6544 1.49938
1 19 5.04361 1.11626 0.953798
1 20 49.2718 15.3208 15.2726
2 0 46.8125 14.9335 14.9025
2 1 292.186 67.8226 67.9596
2 2 943.632 203.92 204.293
2 3 1227.84 250.898 251.257
2 4 959.883 187.464 187.776
2 5 655.711 118.433 118.656
2 6 489.914 92.7901 92.9419
2 7 328.936 58.0816 58.1564
2 8 211.644 41.8795 41.9478
2 9 145.371 27.0558 26.9195
2 10 95.9537 22.9722 22.8505
2 11 61.2368 11.3766 11.2022
2 12 43.4027 8.51298 8.35655
2 13 28.1643 4.93151 4.74279
2 14 21.2541 3.97093 3.78109
2 15 14.933 2.93358 2.76038
2 16 7.0126 1.21842 1.0429
2 17 8.61982 1.85643 1.68549
2 18 5.23898 1.09835 0.933146
2 19 3.99497 0.944815 0.786021
2 20 29.7465 9.05939 8.88754
3 0 182.373 41.3799 41.4478
3 1 141.584 30.0249 30.0239
3 2 134.93 31.189 31.1869
3 3 125.081 27.1829 27.1819
3 4 122.797 26.4542 26.4476
3 5 125.404 27.8445 27.8696
3 6 136.529 33.0428 33.0882
3 7 121.673 28.3596 28.3697
3 8 122.532 24.2098 24.1873
3 9 135.181 33.55 33.573
3 10 153.91 34.7894 34.7955
3 11 162.22 37.573 37.5808
3 12 176.187 43.0564 43.11
3 13 196.416 44.5291 44.554
3 14 205.374 52.2285 52.3015
3 15 219.867 49.8129 49.881
3 16 249.722 55.5796 55.6563
3 17 274.135 62.1168 62.2395
3 18 322.555 68.7924 68.8912
3 19 382.663 91.9613 92.1725
3 20 462.321 99.7853 99.9975
3 21 515.572 104.144 104.352
3 22 629.911 126.713 126.966
3 23 823.413 167.679 167.996
3 24 1142.25 238.875 239.247
3 25 0 0.151737 0
4 0 132.274 27.9705 27.9635
4 1 108.622 21.4611 21.4348
4 2 106.148 22.9527 22.8983
4 3 96.1973 19.4099 19.3855
4 4 96.6719 18.9348 18.9119
4 5 98.6478 20.6085 20.5856
4 6 102.871 22.1292 22.1445
4 7 96.9122 20.4013 20.3876
4 8 94.6531 16.8861 16.739
4 9 107.708 24.7715 24.7478
4 10 122.038 26.8808 26.8635
4 11 119.973 23.0139 22.9786
4 12 133.246 30.5076 30.5251
4 13 156.263 33.4343 33.4266
4 14 167.415 42.5469 42.5936
4 15 178.683 38.7356 38.7722
4 16 196.343 40.2837 40.3181
4 17 217.203 46.2859 46.3662
4 18 257.318 53.4058 53.4648
4 19 312.959 72.8312 72.9958
4 20 361.292 73.2612 73.4111
4 21 395.869 72.6566 72.7953
4 22 482.972 89.6288 89.7675
4 23 635.435 117.65 117.881
4 24 843.773 154.218 154.48
4 25 0 0.151737 0
5 0 0 0.151737 0
5 1 13.0228 3.41089 3.31196
5 2 350.137 93.7783 93.996
5 3 796.812 183.636 184.009
5 4 946.664 203.197 203.566
5 5 966.282 193.631 193.961
5 6 880.015 177.648 177.968
5 7 732.766 145.187 145.456
5 8 625.549 128.361 128.625
5 9 465.277 96.2199 96.4221
5 10 362.782 87.7853 87.9854
5 11 266.558 59.1691 59.2275
5 12 199.871 48.3301 48.3885
5 13 156.51 35.8333 35.8852
5 14 107.483 23.6994 23.7182
5 15 77.238 17.6347 17.5897
5 16 68.551 16.8691 16.8278
5 17 51.1583 12.0602 11.9023
5 18 38.6086 8.87941 8.81821
5 19 30.4993 7.00212 6.82847
5 20 128.813 38.5937 38.631
6 0 0 0.151737 0
6 1 10.2592 2.74845 2.6411
6 2 275.161 69.1917 69.3407
6 3 622.917 130.602 130.876
6 4 751.625 147.479 147.76
6 5 774.156 142.778 143.039
6 6 704.439 132.902 133.153
6 7 567.532 102.704 102.896
6 8 480.67 91.7267 91.9123
6 9 363.84 71.1094 71.2505
6 10 278.209 65.5637 65.7088
6 11 195.644 40.0405 40.0507
6 12 142.754 31.4184 31.4287
6 13 114.031 24.8813 24.737
6 14 74.3831 14.4243 14.3905
6 15 58.7999 12.9764 12.9082
6 16 49.433 11.666 11.5994
6 17 39.0751 9.08065 8.94102
6 18 24.8779 5.16322 4.98654
6 19 22.6693 4.83576 4.65577
6 20 71.0146 19.5809 19.5619
