0.03 0
1 0 329.403 74.4978 74.6558
1 1 315.048 67.2664 67.4007
1 2 311.312 61.2403 61.3738
1 3 309.49 60.7169 60.8313
1 4 312.966 65.8934 66.0282
1 5 326.7 69.162 69.304
1 6 309.757 59.3477 59.4303
1 7 316.316 71.1074 71.2525
1 8 327.965 71.0484 71.1514
1 9 326.701 69.6049 69.7448
1 10 343.962 71.2333 71.3438
1 11 338.342 73.8592 73.9785
1 12 359.502 81.2099 81.3753
1 13 350.05 72.7552 72.9145
1 14 358.58 73.2663 73.4185
1 15 396.966 87.402 87.5921
1 16 415.967 97.1705 97.3949
1 17 450.652 105.92 106.154
1 18 518.594 127.013 127.296
1 19 755.398 172.722 173.074
1 20 0.1395 0.070656 0.00389205
2 0 248.672 51.1729 51.23
2 1 241.043 48.251 48.3366
2 2 241.169 44.4155 44.5066
2 3 242.213 44.4619 44.4988
2 4 240.85 45.678 45.7515
2 5 251.555 50.3765 50.4714
2 6 236.362 41.749 41.7857
2 7 251.265 52.5273 52.5881
2 8 255.216 53.7961 53.8548
2 9 250.081 46.8334 46.9123
2 10 261.474 48.266 48.3177
2 11 265.272 54.9562 55.0254
2 12 274.603 56.9975 57.0989
2 13 269.196 51.9595 52.0666
2 14 273.68 51.1588 51.256
2 15 307.672 62.1676 62.2959
2 16 324.394 71.151 71.3122
2 17 355.648 78.3778 78.5442
2 18 404.031 91.1822 91.3784
2 19 594.22 126.128 126.383
2 20 0.1395 0.070656 0.00389205
3 0 80.7303 23.4332 23.4258
3 1 74.0051 19.0861 19.0641
3 2 70.1428 16.8933 16.8672
3 3 67.2769 16.3635 16.3324
3 4 72.1167 20.3115 20.2767
3 5 75.1451 18.8495 18.8325
3 6 73.3947 17.6853 17.6447
3 7 65.0511 18.6895 18.6644
3 8 72.7488 17.4493 17.2966
3 9 76.6203 22.8414 22.8325
3 10 82.4878 23.0364 23.0261
3 11 73.0703 18.9757 18.9531
3 12 84.8984 24.2889 24.2764
3 13 80.8538 20.8946 20.8478
3 14 84.9007 22.1878 22.1625
3 15 89.2945 25.277 25.2963
3 16 91.5737 26.0823 26.0827
3 17 95.0036 27.6126 27.6093
3 18 114.563 35.8643 35.9181
3 19 161.178 46.5942 46.6911
3 20 0 0.151737 0
4 0 162.151 40.5036 40.5728
4 1 146.521 32.3773 32.3943
4 2 144.077 28.9986 28.8485
4 3 151.181 31.5666 31.6089
4 4 155.143 34.255 34.2764
4 5 147.569 30.8308 30.6793
4 6 142.91 29.0582 29.0608
4 7 154.871 38.8533 38.921
4 8 168.46 39.9199 39.9525
4 9 167.316 36.6081 36.6327
4 10 174.743 38.5624 38.5965
4 11 175.27 41.808 41.8515
4 12 188.591 44.6513 44.7311
4 13 182.016 38.6564 38.7247
4 14 191.821 40.3373 40.4003
4 15 201.2 43.4154 43.4909
4 16 223.131 51.6588 51.7642
4 17 246.757 60.6019 60.725
4 18 293.966 68.6419 68.7908
4 19 492.3 110.505 110.738
4 20 0.1116 0.0656629 0.00311364
5 0 167.251 34.0719 34.083
5 1 168.527 34.9598 35.0064
5 2 167.235 32.5169 32.5253
5 3 158.309 29.2123 29.2223
5 4 157.823 31.7179 31.7518
5 5 179.132 38.5653 38.6247
5 6 166.847 30.3745 30.3696
5 7 161.445 32.3375 32.3315
5 8 159.505 31.2016 31.1989
5 9 159.386 33.0686 33.1121
5 10 169.218 32.7522 32.7473
5 11 163.073 32.129 32.127
5 12 170.911 36.6361 36.6442
5 13 168.034 34.1893 34.1898
5 14 166.76 33.0173 33.0182
5 15 195.766 44.0234 44.1012
5 16 192.837 45.5378 45.6307
5 17 203.895 45.3801 45.4285
5 18 224.628 58.3934 58.5056
5 19 263.098 62.2039 62.336
5 20 0.0279 0.0439888 0.000778409
6 0 121.043 27.9222 27.9204
6 1 107.054 21.813 21.7987
6 2 104.379 19.1787 18.998
6 3 116.197 22.7335 22.5456
6 4 114.676 22.0323 22.0188
6 5 109.419 21.3846 21.2042
6 6 104.794 19.2198 19.1695
6 7 118.145 26.4529 26.4521
6 8 126.926 29.7624 29.7655
6 9 122.786 23.5613 23.5481
6 10 130.185 25.5279 25.5236
6 11 134.988 30.8844 30.8943
6 12 140.004 30.5788 30.615
6 13 132.586 25.7351 25.7673
6 14 144.163 27.4246 27.4511
6 15 152.299 30.3761 30.4151
6 16 170.273 35.7998 35.8615
6 17 188.371 43.4964 43.5729
6 18 222.955 45.4346 45.5201
6 19 384.754 81.4296 81.5945
6 20 0.1116 0.0656629 0.00311364
7 0 127.63 23.3303 23.3096
7 1 133.989 26.5352 26.5379
7 2 136.791 25.5204 25.5086
7 3 126.016 21.9824 21.9532
7 4 126.174 23.7237 23.7327
7 5 142.137 29.2714 29.2672
7 6 131.568 22.7479 22.6161
7 7 133.12 26.16 26.1361
7 8 128.29 24.1128 24.0893
7 9 127.294 23.3485 23.3642
7 10 131.288 22.8232 22.7941
7 11 130.284 24.156 24.1311
7 12 134.599 26.4927 26.4839
7 13 136.61 26.3162 26.2993
7 14 129.516 23.8311 23.8049
7 15 155.372 31.8983 31.8808
7 16 154.121 35.3917 35.4507
7 17 167.277 34.9412 34.9713
7 18 181.076 45.8055 45.8583
7 19 209.467 44.7141 44.7888
7 20 0.0279 0.0439888 0.000778409
8 0 41.1086 12.6909 12.6524
8 1 39.4672 10.6567 10.5956
8 2 39.6987 10.0057 9.85043
8 3 34.9838 9.13609 9.06334
8 4 40.467 12.3104 12.2576
8 5 38.1501 9.62561 9.4751
8 6 38.1161 9.95435 9.89124
8 7 36.7267 12.5116 12.4689
8 8 41.534 10.3493 10.187
8 9 44.5292 13.1208 13.0846
8 10 44.558 13.131 13.0729
8 11 40.2821 11.0338 10.9572
8 12 48.5868 14.173 14.1161
8 13 49.4301 13.0226 12.9574
8 14 47.6574 13.0016 12.9493
8 15 48.9009 13.1316 13.0758
8 16 52.858 15.9477 15.9026
8 17 58.3859 17.194 17.1521
8 18 71.0109 23.2518 23.2707
8 19 107.546 29.1076 29.1438
8 20 0 0.151737 0
9 0 39.6217 10.8292 10.7734
9 1 34.5379 8.54212 8.46853
9 2 30.444 7.08178 7.01674
9 3 32.2931 7.41896 7.26909
9 4 31.6497 8.12028 8.01915
9 5 36.9951 9.44569 9.35744
9 6 35.2786 7.83234 7.75344
9 7 28.3245 6.34049 6.19546
9 8 31.2148 7.27049 7.10957
9 9 32.091 9.82082 9.74789
9 10 37.9298 10.0107 9.95321
9 11 32.7882 8.05959 7.99591
9 12 36.3116 10.2073 10.1603
9 13 31.4237 7.99737 7.89046
9 14 37.2433 9.36911 9.21327
9 15 40.3936 12.2726 12.2204
9 16 38.7157 10.2743 10.18
9 17 36.6177 10.5077 10.4573
9 18 43.5522 12.6875 12.6473
9 19 53.6312 17.5322 17.5473
9 20 0 0.151737 0
