0 0
1 0 1176.69 277.696 278.162
1 1 1624.32 354.396 354.794
1 2 1434.03 293.411 293.76
1 3 1085.37 215.027 215.365
1 4 730.017 150.451 150.743
1 5 469.57 91.4605 91.6484
1 6 295.935 57.4558 57.5726
1 7 197.012 38.7556 38.7849
1 8 115.427 23.3169 23.1803
1 9 67.913 12.9166 12.845
1 10 50.3394 10.3923 10.2362
1 11 33.1114 7.03404 6.94985
1 12 17.7894 3.91889 3.75772
1 13 10.2599 2.14815 1.97973
1 14 8.89315 2.17046 1.99782
1 15 5.37569 1.2873 1.12393
1 16 12.2546 2.93647 2.78035
2 0 908.974 200.703 201.071
2 1 1249.49 249.375 249.715
2 2 1124.01 214.391 214.708
2 3 839.497 155.469 155.74
2 4 586.318 109.762 109.973
2 5 356.691 65.3834 65.5127
2 6 226.194 41.5354 41.6104
2 7 154.264 28.6338 28.6192
2 8 95.363 18.926 18.7757
2 9 52.7559 9.63654 9.45737
2 10 39.1826 7.82511 7.66915
2 11 25.3974 5.116 4.94007
2 12 15.1788 3.34249 3.17464
2 13 7.58623 1.49485 1.3269
2 14 6.84031 1.63794 1.46774
2 15 3.86932 0.87035 0.710592
2 16 7.90436 1.89392 1.73185
3 0 267.712 76.9169 77.0903
3 1 374.829 104.835 105.079
3 2 310.021 78.8791 79.0521
3 3 245.877 59.5355 59.6246
3 4 143.699 40.7033 40.7702
3 5 112.879 26.1397 26.1356
3 6 69.7413 16.1141 15.9622
3 7 42.7485 10.2113 10.1657
3 8 20.0643 4.57829 4.40459
3 9 15.1571 3.48688 3.38766
3 10 11.1569 2.73028 2.56705
3 11 7.71404 2.11837 2.00978
3 12 2.6106 0.732563 0.583079
3 13 2.67366 0.816739 0.652838
3 14 2.05284 0.683576 0.530087
3 15 1.50637 0.56529 0.413342
3 16 4.35024 1.20178 1.04849
4 0 796.47 178.05 178.402
4 1 1072.66 242.335 242.763
4 2 908.55 198.402 198.77
4 3 687.03 140.032 140.307
4 4 486.082 105.689 105.912
4 5 325.331 65.7292 65.8227
4 6 203.515 40.0867 40.1591
4 7 133.463 25.9324 25.928
4 8 77.7987 15.5552 15.3916
4 9 48.1756 9.08543 8.91473
4 10 34.3647 7.07168 6.92041
4 11 24.5507 5.33139 5.2345
4 12 13.5535 3.03496 2.87085
4 13 7.89184 1.70199 1.53715
4 14 5.91182 1.43312 1.25999
4 15 4.0804 0.968236 0.809533
4 16 7.83082 1.91268 1.7541
5 0 380.216 99.5402 99.7602
5 1 551.655 111.807 112.031
5 2 525.48 94.8063 94.9899
5 3 398.343 74.966 75.0579
5 4 243.934 44.7528 44.8318
5 5 144.239 25.9512 25.8257
5 6 92.4199 17.5422 17.4134
5 7 63.549 12.9091 12.8569
5 8 37.6287 7.93482 7.78873
5 9 19.7374 4.04346 3.93029
5 10 15.9747 3.47948 3.31579
5 11 8.56068 1.88448 1.71535
5 12 4.23594 1.04647 0.886869
5 13 2.36804 0.601059 0.442584
5 14 2.98133 0.886561 0.737833
5 15 1.2953 0.462032 0.314401
5 16 4.42379 1.17335 1.02624
6 0 607.565 125.633 125.887
6 1 802.545 163.719 164.032
6 2 697.741 142.342 142.625
6 3 520.043 98.5931 98.789
6 4 382.915 73.2344 73.3788
6 5 241.071 45.8691 45.9115
6 6 154.088 28.63 28.6068
6 7 104.83 19.3295 19.1894
6 8 62.806 12.2991 12.1252
6 9 36.4757 6.62922 6.45961
6 10 26.0956 5.18569 5.02402
6 11 17.6704 3.59835 3.42349
6 12 11.5196 2.55887 2.38908
6 13 5.4707 1.08822 0.924567
6 14 4.53933 1.12779 0.961346
6 15 2.9142 0.666449 0.511912
6 16 4.71589 1.1259 0.958988
7 0 301.409 75.0264 75.1845
7 1 446.943 85.5158 85.6833
7 2 426.268 71.9481 72.0828
7 3 319.454 56.9035 56.9512
7 4 203.403 36.5625 36.5944
7 5 115.62 19.7372 19.6012
7 6 72.1053 13.1461 13.0036
7 7 49.4339 9.49049 9.42979
7 8 32.557 6.79373 6.65054
7 9 16.2802 3.17204 2.99775
7 10 13.087 2.80501 2.64513
7 11 7.72699 1.68584 1.51659
7 12 3.65921 0.945169 0.785556
7 13 2.11553 0.557495 0.40233
7 14 2.30098 0.655215 0.506391
7 15 0.955118 0.338867 0.19868
7 16 3.18847 0.918238 0.772865
8 0 188.905 52.4078 52.5147
8 1 270.118 78.5551 78.7312
8 2 210.809 56.0328 56.1451
8 3 166.987 41.4758 41.5179
8 4 103.168 32.5149 32.5328
8 5 84.2602 19.9338 19.9112
8 6 49.4267 11.696 11.5523
8 7 28.6334 6.79483 6.73861
8 8 14.9927 3.42532 3.2664
8 9 11.6999 2.62815 2.45512
8 10 8.26912 2.06353 1.89639
8 11 6.88035 1.92432 1.81101
8 12 2.03387 0.62492 0.481766
8 13 2.42115 0.774142 0.612584
8 14 1.37249 0.445651 0.298646
8 15 1.1662 0.449039 0.297621
8 16 3.11493 0.949798 0.795115
9 0 78.8068 24.558 24.5757
9 1 104.711 26.3507 26.3476
9 2 99.2121 22.9311 22.907
9 3 78.8896 18.2232 18.1067
9 4 40.5315 8.26777 8.23735
9 5 28.6192 6.38742 6.22443
9 6 20.3146 4.57806 4.40989
9 7 14.1151 3.58899 3.42711
9 8 5.07163 1.3073 1.13819
9 9 3.4572 1.05872 0.932541
9 10 2.88776 0.819896 0.670655
9 11 0.833685 0.343848 0.198763
9 12 0.576726 0.232831 0.101312
9 13 0.252515 0.15414 0.0402538
9 14 0.680355 0.396031 0.231442
9 15 0.340178 0.287213 0.115721
9 16 1.23531 0.399101 0.253378
