0 0
1 0 655.662 144.498 144.329
1 1 1433.53 288.981 288.553
1 2 1170.51 217.531 217.231
1 3 793.883 147.867 147.691
1 4 522.889 102.633 102.509
1 5 317.158 70.6399 70.5237
1 6 184.948 40.3773 40.2765
1 7 110.585 24.2211 24.2561
1 8 87.1723 22.0606 21.9326
1 9 57.5346 11.6468 11.1253
1 10 53.0002 12.4313 12.3152
1 11 42.8191 9.51164 9.44643
1 12 360.696 88.6647 88.522
2 0 173.947 50.2377 50.0667
2 1 383.443 106.271 106.093
2 2 309.813 85.1007 84.9339
2 3 250.355 69.8278 69.6621
2 4 161.596 44.2453 44.0918
2 5 104.491 25.9676 25.8433
2 6 62.329 17.3935 17.2222
2 7 37.8506 9.2093 9.07034
2 8 27.7648 7.11748 6.67468
2 9 22.6592 7.33106 7.19719
2 10 17.4797 4.9605 4.74982
2 11 13.5777 3.91646 3.48398
2 12 118.427 34.621 34.4493
