0 0
1 0 14.8775 5.16694 5.09321
1 1 113.216 27.1612 27.1916
1 2 451.372 106.012 106.244
1 3 618.544 134.345 134.624
1 4 508.595 99.728 99.9246
1 5 362.417 66.8245 66.9537
1 6 265.697 51.2704 51.3369
1 7 176.198 31.031 31.0208
1 8 113.958 21.9207 21.9305
1 9 84.1848 16.2003 16.0455
1 10 53.3703 9.83393 9.68461
1 11 33.1438 6.20523 6.00356
1 12 23.254 4.7142 4.56628
1 13 14.0997 2.33612 2.15127
1 14 10.1302 2.01946 1.83015
1 15 7.2091 1.36772 1.19468
1 16 2.35738 0.443007 0.29931
1 17 5.10718 1.28043 1.11782
1 18 2.89875 0.648069 0.490305
1 19 1.61228 0.437327 0.289726
1 20 16.1353 6.12328 5.93608
2 0 31.935 9.87111 9.80934
2 1 178.97 40.7387 40.768
2 2 492.26 97.8551 98.0486
2 3 609.297 116.414 116.633
2 4 451.287 87.6771 87.8512
2 5 293.294 51.6716 51.7028
2 6 224.217 41.5663 41.605
2 7 152.738 27.257 27.1356
2 8 97.6866 20.0343 20.0173
2 9 61.1867 11.0171 10.874
2 10 42.5834 13.3127 13.1658
2 11 28.093 5.33949 5.19867
2 12 20.1487 3.96152 3.79027
2 13 14.0646 2.75483 2.59152
2 14 11.1239 2.11961 1.95095
2 15 7.72391 1.73044 1.5657
2 16 4.65522 0.915916 0.743588
2 17 3.51264 0.724016 0.567664
2 18 2.34022 0.596085 0.442841
2 19 2.38268 0.644655 0.496295
2 20 13.6111 3.11439 2.95146
