0 0
1 0 482.652 110.2 110.056
1 1 858.89 183.924 183.707
1 2 736.254 140.643 140.479
1 3 512.481 95.4404 95.3265
1 4 344.255 67.2483 67.1518
1 5 219.667 45.1878 45.0951
1 6 130.63 27.4043 27.3139
1 7 75.6422 15.5483 15.5579
1 8 65.8485 17.6055 17.464
1 9 41.1487 8.24615 7.71515
1 10 37.4509 9.06315 8.93624
1 11 27.9422 6.16117 6.08532
1 12 225.74 56.8108 56.6759
2 0 173.01 34.3562 34.2725
2 1 574.637 104.969 104.846
2 2 434.254 76.8465 76.7519
2 3 281.402 52.4296 52.3642
2 4 178.634 35.3217 35.3574
2 5 97.491 25.484 25.4286
2 6 54.3179 13.0892 12.9626
2 7 34.9432 8.80558 8.69816
2 8 21.3238 4.83717 4.46862
2 9 16.3859 3.78011 3.41019
2 10 15.5493 3.74899 3.37897
2 11 14.8769 3.69326 3.36111
2 12 134.957 31.8437 31.8461
3 0 137.45 39.9502 39.7793
3 1 258.016 73.7429 73.5688
3 2 213.015 61.9905 61.8142
3 3 175.937 51.6463 51.4698
3 4 114.647 31.9869 31.8304
3 5 79.7183 21.0078 20.8696
3 6 38.4913 9.66951 9.47401
3 7 28.7133 6.92607 6.77986
3 8 19.9613 5.325 4.87866
3 9 16.7605 5.91441 5.77527
3 10 10.5822 3.1252 2.69453
3 11 10.3554 3.12808 2.69637
3 12 88.5986 26.5106 26.3325
4 0 36.4973 10.3902 10.2874
4 1 125.427 32.5193 32.5238
4 2 96.798 23.6042 23.1197
4 3 74.4181 18.2306 18.1923
4 4 46.9483 12.3906 12.2614
4 5 24.7729 5.38014 4.97367
4 6 23.8377 7.95307 7.74815
4 7 9.1373 2.64647 2.29047
4 8 7.80352 2.16368 1.79603
4 9 5.89875 1.78709 1.42192
4 10 6.89749 2.27442 2.05529
4 11 3.22235 1.10409 0.787608
4 12 29.8282 8.22644 8.11682
