0.03 0
1 0 2.61528 0.106735 0.0906244
1 1 7.75437 0.29629 0.297093
1 2 12.034 0.444712 0.441971
1 3 13.8857 0.641491 0.641663
1 4 14.9963 0.706571 0.708471
1 5 13.8345 0.552126 0.548924
1 6 15.6204 0.754271 0.75639
1 7 13.7925 0.551991 0.551492
1 8 14.0017 0.64383 0.643193
1 9 12.5822 0.544098 0.545612
1 10 11.1143 0.518159 0.518469
1 11 11.526 0.636244 0.6359
1 12 9.07962 0.418509 0.418011
1 13 7.26078 0.337097 0.335143
1 14 7.26155 0.283537 0.282225
1 15 7.67915 0.374257 0.371922
1 16 6.55833 0.378304 0.37717
1 17 4.95226 0.205072 0.203924
1 18 5.57686 0.227784 0.207018
1 19 5.245 0.209444 0.20883
1 20 3.59362 0.147981 0.145827
1 21 3.47943 0.145064 0.143035
1 22 2.59007 0.116922 0.0962791
1 23 0.722094 0.0372147 0.0261756
1 24 0 0.00728674 0
2 0 1.82923 0.0847074 0.082555
2 1 6.61178 0.311274 0.312049
2 2 8.71304 0.386318 0.386143
2 3 11.6681 0.510388 0.506577
2 4 13.6284 0.679544 0.679009
2 5 13.0549 0.508673 0.505624
2 6 13.7547 0.595387 0.591634
2 7 13.8642 0.616876 0.615297
2 8 13.4179 0.568366 0.567507
2 9 11.8295 0.532643 0.528607
2 10 11.4918 0.482891 0.482094
2 11 11.1802 0.500143 0.498201
2 12 10.8556 0.515762 0.516293
2 13 9.64859 0.447265 0.443018
2 14 8.97491 0.428626 0.429736
2 15 8.73613 0.368405 0.366729
2 16 6.94934 0.291221 0.28984
2 17 6.90816 0.285142 0.283416
2 18 6.49126 0.273102 0.270463
2 19 6.00399 0.253624 0.251801
2 20 5.20606 0.249543 0.247832
2 21 3.60127 0.180422 0.179706
2 22 2.68496 0.125741 0.124332
2 23 0.652025 0.0392005 0.0368966
2 24 0 0.00728674 0
3 0 0.813703 0.0606252 0.0585632
3 1 3.19315 0.140841 0.110561
3 2 10.8754 0.558536 0.55764
3 3 17.7494 0.895893 0.898335
3 4 23.5122 1.0612 1.06094
3 5 24.8736 1.13719 1.13715
3 6 23.8792 1.12506 1.12499
3 7 17.7293 0.780079 0.778991
3 8 13.8108 0.571935 0.572401
3 9 11.7025 0.476319 0.475597
3 10 10.4722 0.447311 0.445213
3 11 8.78817 0.357861 0.356359
3 12 7.24392 0.287293 0.285711
3 13 6.04091 0.264901 0.263243
3 14 4.87771 0.205489 0.182836
3 15 3.28209 0.133719 0.132341
3 16 3.2031 0.132473 0.130633
3 17 2.47938 0.109577 0.0927009
3 18 2.47683 0.105552 0.104082
3 19 1.59914 0.0733505 0.0609101
3 20 1.16032 0.070386 0.0683181
3 21 0.795195 0.0400802 0.0294469
3 22 0.748423 0.0351397 0.0248289
3 23 0.939566 0.047381 0.0363559
3 24 5.50989 0.20835 0.207218
4 0 30.6477 1.55223 1.54694
4 1 47.3896 2.17804 2.17339
4 2 42.6895 1.86671 1.8687
4 3 32.098 1.39908 1.40188
4 4 20.6716 0.880583 0.876883
4 5 12.0084 0.473907 0.475212
4 6 8.30647 0.324502 0.324468
4 7 5.45196 0.214262 0.197379
4 8 3.35979 0.134489 0.132859
4 9 1.90643 0.0855013 0.083037
4 10 1.29447 0.0608947 0.0478718
4 11 0.626616 0.0354188 0.0223461
4 12 0.541319 0.0288083 0.0194496
4 13 0.220541 0.0152079 0.00755079
4 14 0.111491 0.00814643 0.00237631
4 15 0.0678138 0.00768375 0.0019949
4 16 0.364271 0.0206135 0.013026
