0 0
1 0 32.9512 2.28681 2.27703
1 1 55.3651 3.5606 3.55178
1 2 47.5134 3.03742 3.02885
1 3 33.6734 1.88981 1.88332
1 4 23.0176 1.3659 1.3588
1 5 16.0009 1.05115 1.04259
1 6 7.11373 0.400694 0.394522
1 7 5.36924 0.377568 0.374846
1 8 5.05887 0.404945 0.392869
1 9 2.55903 0.206609 0.140572
1 10 2.42198 0.184729 0.181346
1 11 2.2677 0.149426 0.149738
1 12 1.58445 0.1738 0.17114
1 13 1.11685 0.107867 0.0611074
1 14 0.774374 0.0835257 0.0421901
1 15 11.6215 0.934711 0.922079
2 0 23.4379 1.46025 1.45245
2 1 64.9014 4.17063 4.16162
2 2 51.2794 3.13241 3.12447
2 3 32.3475 1.95256 1.94511
2 4 22.7699 1.53343 1.53513
2 5 12.5834 0.79879 0.798295
2 6 7.64483 0.625285 0.612427
2 7 4.66492 0.316007 0.314014
2 8 3.21196 0.228132 0.177516
2 9 2.23611 0.173567 0.123908
2 10 2.49332 0.201169 0.147945
2 11 1.96497 0.153975 0.108687
2 12 1.46815 0.127716 0.0796858
2 13 1.04545 0.0901039 0.0879457
2 14 0.962406 0.0946104 0.0488925
2 15 10.8016 0.709045 0.711
