0 0
1 0 388.559 92.6517 92.5125
1 1 1377.08 297.004 296.592
1 2 879.717 193.435 193.208
1 3 500.522 112.895 112.75
1 4 257.176 60.4613 60.3398
1 5 150.984 35.6145 35.4999
1 6 87.8176 22.1681 22.1975
1 7 50.0861 13.4372 13.3629
1 8 34.246 8.35709 8.08772
1 9 19.6744 4.78162 4.66017
1 10 15.6034 4.11257 3.96134
1 11 13.8816 4.16067 3.95627
1 12 8.61698 2.26139 2.07035
1 13 8.28987 4.18926 3.97646
1 14 4.48678 1.14788 0.955731
1 15 3.49566 1.13311 0.941619
1 16 3.95396 1.13917 0.954551
1 17 2.28711 0.766239 0.585738
1 18 1.89169 0.566641 0.388271
1 19 0.926829 0.337943 0.178808
1 20 11.7065 3.42895 3.21245
2 0 234.486 44.6347 44.6461
2 1 1004.49 195.122 194.877
2 2 794.546 154.483 154.745
2 3 540.63 114.396 114.614
2 4 315.577 70.6567 70.732
2 5 200.233 49.3354 49.3506
2 6 119.275 32.2126 32.2001
2 7 68.095 17.2953 17.216
2 8 53.9446 14.9496 14.8626
2 9 25.4657 5.87347 5.72989
2 10 16.1155 3.68697 3.47073
2 11 11.7427 2.872 2.67202
2 12 11.8899 4.18165 4.05033
2 13 8.5339 2.26621 2.06077
2 14 5.70079 1.65094 1.4915
2 15 2.87188 0.684891 0.503682
2 16 1.45258 0.391827 0.218397
2 17 3.15098 0.980009 0.793698
2 18 2.10562 0.719237 0.544008
2 19 1.61884 0.473325 0.286351
2 20 21.669 7.77222 7.65928
