0.03 0
1 0 297.18 67.3231 67.4205
1 1 302.153 76.8584 77.0277
1 2 296.242 65.5957 65.7355
1 3 262.185 55.2257 55.2892
1 4 257.119 59.6937 59.8164
1 5 261.178 64.7876 64.879
1 6 259.103 62.1422 62.2697
1 7 240.036 54.9337 55.0376
1 8 250.467 58.3254 58.4431
1 9 254.036 58.6234 58.7381
1 10 259.843 56.2804 56.3926
1 11 270.574 60.4809 60.6075
1 12 274.11 61.6297 61.7122
1 13 278.481 60.9085 61.0358
1 14 286.571 72.9524 73.1205
1 15 268.208 59.5977 59.7197
1 16 272.819 70.2075 70.3628
1 17 257.421 60.1534 60.2794
1 18 272.971 74.2458 74.4127
1 19 250.946 59.7119 59.8296
1 20 271.387 65.7211 65.8602
1 21 268.109 59.576 59.7092
1 22 292.671 70.121 70.2736
1 23 293.488 65.5546 65.6903
1 24 281.806 63.4224 63.5106
1 25 0 0.151737 0
2 0 222.805 46.8514 46.897
2 1 237.23 60.4806 60.61
2 2 229.625 49.4562 49.5553
2 3 202.204 39.3325 39.3529
2 4 200.101 42.0751 42.1498
2 5 199.26 46.5247 46.5669
2 6 192.129 40.9265 40.9967
2 7 182.106 35.496 35.546
2 8 197.345 44.2652 44.3449
2 9 193.105 41.2404 41.3072
2 10 205.828 43.7419 43.8209
2 11 204.384 42.2392 42.3172
2 12 213.48 45.7055 45.7445
2 13 209.596 43.3529 43.4338
2 14 211.999 47.6457 47.468
2 15 205.266 42.7566 42.8331
2 16 208.301 50.4109 50.5034
2 17 193.592 41.4583 41.5348
2 18 200.115 50.3236 50.42
2 19 195.581 41.3577 41.4249
2 20 207.23 48.2438 48.3357
2 21 204.898 42.3618 42.4495
2 22 225.111 49.8376 49.931
2 23 226.311 48.5316 48.578
2 24 217.348 46.1811 46.2301
2 25 0 0.151737 0
3 0 74.3747 20.5575 20.5235
3 1 64.9223 16.4218 16.4178
3 2 66.6168 16.3191 16.1802
3 3 59.9811 15.989 15.9363
3 4 57.0174 17.6957 17.6666
3 5 61.9179 18.3374 18.3121
3 6 66.9745 21.3011 21.273
3 7 57.9299 19.5412 19.4916
3 8 53.1217 14.2956 14.0982
3 9 60.9311 17.4354 17.4309
3 10 54.0151 12.6356 12.5717
3 11 66.19 18.3105 18.2903
3 12 60.6307 15.9973 15.9676
3 13 68.8851 17.63 17.6019
3 14 74.5717 25.6492 25.6526
3 15 62.9424 16.9131 16.8865
3 16 64.5175 19.8919 19.8594
3 17 63.829 18.7699 18.7446
3 18 72.8569 24.0006 23.9927
3 19 55.3649 18.4492 18.4047
3 20 64.1574 17.5474 17.5245
3 21 63.2109 17.2875 17.2597
3 22 67.5595 20.3575 20.3426
3 23 67.1776 17.1426 17.1123
3 24 64.4574 17.3084 17.2805
3 25 0 0.151737 0
4 0 150.028 33.2389 33.2571
4 1 155.547 35.5075 35.5714
4 2 165.373 37.5438 37.6136
4 3 145.974 31.6754 31.686
4 4 145.972 33.9121 33.9554
4 5 145.422 36.5795 36.5978
4 6 145.553 35.4941 35.5169
4 7 131.381 31.0017 31.0144
4 8 142.203 34.1803 34.2001
4 9 139.92 33.0655 33.1127
4 10 139.334 31.3356 31.375
4 11 147.025 32.7692 32.8219
4 12 142.075 32.3677 32.3554
4 13 141.312 30.5678 30.5711
4 14 154.106 45.6194 45.709
4 15 148.282 33.7099 33.72
4 16 151.941 38.4275 38.4455
4 17 145.373 34.432 34.4832
4 18 156.84 42.4598 42.5048
4 19 150.653 37.1414 37.171
4 20 160.229 41.5799 41.6538
4 21 150.698 33.8077 33.867
4 22 164.014 40.7589 40.8242
4 23 165.117 38.3736 38.4014
4 24 145.089 31.8068 31.8186
4 25 0 0.151737 0
5 0 147.152 34.1632 34.1634
5 1 146.606 41.4235 41.4563
5 2 130.87 28.0936 28.1219
5 3 116.211 23.62 23.6033
5 4 111.147 25.8615 25.861
5 5 115.756 28.3038 28.2812
5 6 113.551 26.7272 26.7529
5 7 108.656 24.0049 24.0232
5 8 108.265 24.2187 24.243
5 9 114.116 25.6 25.6255
5 10 120.509 25.0463 25.0176
5 11 123.548 27.8 27.7855
5 12 132.035 29.3488 29.3568
5 13 137.168 30.4591 30.4646
5 14 132.465 27.4097 27.4116
5 15 119.926 25.9786 25.9997
5 16 120.878 31.9124 31.9173
5 17 112.047 25.8027 25.7962
5 18 116.132 31.891 31.9079
5 19 100.293 22.6702 22.6586
5 20 111.159 24.2174 24.2064
5 21 117.411 25.8422 25.8421
5 22 128.656 29.4126 29.4494
5 23 128.372 27.2605 27.2888
5 24 136.717 31.6792 31.692
5 25 0 0.151737 0
6 0 110.081 23.38 23.3676
6 1 119.322 26.852 26.8914
6 2 126 27.729 27.7709
6 3 108.639 21.3286 21.3088
6 4 109.554 23.0063 23.0221
6 5 109.371 26.2564 26.2445
6 6 108.173 23.343 23.33
6 7 98.8203 19.0687 18.9069
6 8 111.112 26.1557 26.1522
6 9 104.374 22.744 22.7611
6 10 109.232 24.2664 24.2855
6 11 105.849 20.6551 20.6725
6 12 108.645 23.1189 23.0837
6 13 103.503 21.0516 21.027
6 14 113.904 29.2508 29.1202
6 15 112.7 24.4385 24.421
6 16 113.302 26.2103 26.1958
6 17 107.231 23.6158 23.6358
6 18 112.173 28.2207 28.2252
6 19 117.155 25.736 25.7323
6 20 119.675 30.3548 30.3964
6 21 114.039 24.0665 24.088
6 22 122.663 27.8488 27.8742
6 23 124.81 27.9473 27.9504
6 24 105.568 21.0749 21.0377
6 25 0 0.151737 0
7 0 112.725 23.5586 23.5295
7 1 117.909 33.7253 33.7186
7 2 103.625 21.7748 21.7844
7 3 93.5646 18.0713 18.0442
7 4 90.5472 19.1475 19.1277
7 5 89.8898 20.3651 20.3224
7 6 83.9559 17.6648 17.6667
7 7 83.2861 16.64 16.6391
7 8 86.2336 18.2112 18.1927
7 9 88.7312 18.5855 18.5461
7 10 96.5965 19.5802 19.5354
7 11 98.5346 21.6772 21.6447
7 12 104.835 22.6725 22.6608
7 13 106.093 22.4249 22.4069
7 14 98.0948 18.5014 18.3477
7 15 92.5655 18.5659 18.4122
7 16 94.9989 24.3256 24.3076
7 17 86.3604 17.9292 17.899
7 18 87.9417 22.2062 22.1948
7 19 78.426 15.7251 15.6926
7 20 87.5553 17.968 17.9393
7 21 90.8598 18.4014 18.3615
7 22 102.448 22.0455 22.0568
7 23 101.5 20.7781 20.6276
7 24 111.781 25.1955 25.1924
7 25 0 0.151737 0
8 0 39.9474 9.95187 9.88952
8 1 36.2254 8.73415 8.67997
8 2 39.3728 9.99727 9.84269
8 3 37.3349 10.4388 10.3772
8 4 36.4175 10.9818 10.9333
8 5 36.0514 10.3987 10.3534
8 6 37.3797 12.2419 12.1868
8 7 32.5604 12.1721 12.1075
8 8 31.0907 8.24664 8.04788
8 9 35.5464 10.3986 10.3515
8 10 30.1022 7.17971 7.08943
8 11 41.1762 12.2076 12.1494
8 12 33.4304 9.36018 9.27169
8 13 37.8093 9.59561 9.54419
8 14 40.2016 16.6306 16.5887
8 15 35.5815 9.34849 9.29905
8 16 38.6382 12.3044 12.2497
8 17 38.1421 10.8942 10.8474
8 18 44.6668 14.3363 14.2796
8 19 33.4977 11.5049 11.4387
8 20 40.5539 11.2981 11.2574
8 21 36.6593 9.84959 9.77902
8 22 41.3509 12.9875 12.9501
8 23 40.3062 10.5189 10.451
8 24 39.5213 10.8289 10.781
8 25 0 0.151737 0
9 0 34.4273 10.7242 10.6339
9 1 28.6969 7.8238 7.73779
9 2 27.244 6.48231 6.3375
9 3 22.6462 5.71364 5.55908
9 4 20.5998 6.81468 6.73333
9 5 25.8666 8.02969 7.95875
9 6 29.5947 9.1635 9.08616
9 7 25.3696 7.46886 7.38405
9 8 22.031 6.20797 6.05029
9 9 25.3847 7.21893 7.07939
9 10 23.9129 5.64772 5.48224
9 11 25.0138 6.29534 6.14088
9 12 27.2003 6.77108 6.69596
9 13 31.0758 8.14021 8.05772
9 14 34.37 9.12446 9.06387
9 15 27.3609 7.63981 7.58749
9 16 25.8793 7.75166 7.60977
9 17 25.6869 7.96589 7.89726
9 18 28.1901 9.75664 9.71313
9 19 21.8672 7.04647 6.96601
9 20 23.6035 6.42158 6.2671
9 21 26.5517 7.54784 7.48064
9 22 26.2086 7.54844 7.39254
9 23 26.8714 6.71451 6.66122
9 24 24.9361 6.6547 6.49954
9 25 0 0.151737 0
