0.03 0
1 0 152.414 33.537 33.4524
1 1 156.65 31.6259 31.5405
1 2 160.983 33.4714 33.497
1 3 155.536 35.0268 34.9218
1 4 140.288 31.4744 31.4106
1 5 157.289 35.758 35.6509
1 6 165.338 39.4361 39.3314
1 7 152.552 34.7531 34.6977
1 8 153.221 34.5862 34.6506
1 9 148.369 33.0869 33.0033
1 10 164.157 38.5909 38.6315
1 11 155.899 35.1033 35.0491
1 12 165.732 36.456 36.3549
1 13 161.844 36.4044 36.3798
1 14 161.379 33.0983 33.0386
1 15 158.106 36.6375 36.5263
1 16 173.095 40.5442 40.4299
1 17 161.111 38.656 38.697
1 18 146.932 33.964 33.854
1 19 162.24 38.6346 38.5172
1 20 164.482 40.8677 40.8309
1 21 162.492 34.6826 34.6269
1 22 174.059 38.691 38.7318
1 23 166.831 36.6812 36.5684
1 24 0 0.177491 0
2 0 162.098 32.9253 32.9649
2 1 150.519 31.1235 31.0836
2 2 141.22 27.3516 27.3862
2 3 141.73 29.7264 29.763
2 4 136.881 30.5751 30.5086
2 5 130.107 26.2165 26.1863
2 6 143.213 31.9926 32.0139
2 7 131.985 27.7964 27.7465
2 8 131.765 29.4111 29.3901
2 9 142.278 32.7003 32.6781
2 10 149.968 31.5788 31.5458
2 11 151.719 30.6874 30.6647
2 12 157.31 32.703 32.6934
2 13 132.692 24.8794 24.8125
2 14 147.191 30.6318 30.5651
2 15 137.043 25.5142 25.4293
2 16 147.863 31.4634 31.3991
2 17 140.061 29.9453 29.9201
2 18 151.826 40.0889 40.1344
2 19 137.372 33.1592 33.1214
2 20 138.199 26.0322 26.0016
2 21 129.521 23.0264 22.9574
2 22 150.847 30.2792 30.3172
2 23 160.188 33.4963 33.4403
2 24 0 0.177491 0
